Not a valid list position.
Could not find element with Id 'katalon.composer.objectrepository.handledmenuitem.spyweb'
Could not find element with Id 'com.kms.katalon.composer.integration.analytics.handledtoolitem.katalonTestOps'
Could not find element with Id 'com.kms.katalon.composer.mobile.dynamicmenucontribution.ios'
Could not find element with Id 'com.kms.katalon.composer.mobile.dynamicmenucontribution.ios'
Warning: NLS unused message: Key in: com.kms.katalon.composer.project.constants.composerProjectMessages
Warning: NLS unused message: Key in: com.kms.katalon.composer.testcase.constants.composerTestcaseMessages
Warning: NLS missing message: BTN_ADDTESTSUITE in: com.kms.katalon.composer.testcase.constants.composerTestcaseMessages
Warning: NLS unused message: DIA_LBL_SELECT_TEST_DATA in: com.kms.katalon.composer.testsuite.constants.composerTestsuiteMessages
Warning: NLS unused message: HAND_WARN_TS_REQUIRES_PLUGIN_DYNAMIC_EXECUTION_TO_OPEN in: com.kms.katalon.composer.testsuite.constants.composerTestsuiteMessages
Warning: NLS unused message: DIA_INFO_KSE_COMBINE_MULTI_DATASOURCE in: com.kms.katalon.composer.testsuite.constants.composerTestsuiteMessages
Warning: NLS missing message: DIA_SHELL_DATA_ITERATION in: com.kms.katalon.composer.testsuite.constants.composerTestsuiteMessages
Warning: NLS missing message: DIA_LBL_TO_ROW in: com.kms.katalon.composer.testsuite.constants.composerTestsuiteMessages
Warning: NLS missing message: DIA_MSG_START_ROW_BIGGER_THAN_END_ROW in: com.kms.katalon.composer.testsuite.constants.composerTestsuiteMessages
Warning: NLS missing message: EDI_TITLE_TEST_CASE_BROWSER in: com.kms.katalon.composer.testsuite.constants.composerTestsuiteMessages
Warning: NLS missing message: DIA_MSG_CHOOSE_DATA_COLUMN in: com.kms.katalon.composer.testsuite.constants.composerTestsuiteMessages
Warning: NLS missing message: DIA_TABLE_EMPTY_COLUMN in: com.kms.katalon.composer.testsuite.constants.composerTestsuiteMessages
Warning: NLS missing message: DIA_WARN_MSG_EMPTY_COLUMN_NAME in: com.kms.katalon.composer.testsuite.constants.composerTestsuiteMessages
Warning: NLS missing message: PA_LBL_TOOLTIP_RETRY_IMMEDIATELY in: com.kms.katalon.composer.testsuite.constants.composerTestsuiteMessages
Warning: NLS unused message: Key in: com.kms.katalon.composer.objectrepository.constant.composerObjectRepositoryMessages
WebView Server has been started on port 62977
Warning: NLS missing message: PA_URL_SUPPORT_PORTAL in: com.kms.katalon.constants.messages
Warning: NLS missing message: URL_KATALON_SURVEY in: com.kms.katalon.constants.messages
Warning: NLS missing message: OFFLINE_ACTIVATION in: com.kms.katalon.constants.messages
Warning: NLS missing message: ENTERPRISE_TRIAL_LICENSE in: com.kms.katalon.constants.messages
Warning: NLS missing message: ActivationDialogV2_LBL_ENTERPRISE_LICENSE in: com.kms.katalon.constants.messages
Warning: NLS missing message: DIALOG_TITLE_FIRST_TIME_USE_SURVEY in: com.kms.katalon.constants.messages
Warning: NLS missing message: BTN_YES_CONTINUE_USE in: com.kms.katalon.constants.messages
Warning: NLS missing message: BTN_NO_QUIT_USING in: com.kms.katalon.constants.messages
Warning: NLS missing message: BTN_SEND in: com.kms.katalon.constants.messages
Warning: NLS missing message: MSG_QUESTION_WILL_CONTINUE_TO_USE in: com.kms.katalon.constants.messages
Warning: NLS missing message: MSG_QUIT_USING_KATALON_REASON in: com.kms.katalon.constants.messages
Warning: NLS missing message: MSG_QUIT_USING_KATALON_REASON_PLACEHOLDER in: com.kms.katalon.constants.messages
Start checking and mark activated for GUI mode
Start getting machine ID on Windows
Start appending additional signatures
hardwareSerialNumber 
osDependentUsername hp
End appending additional signatures 62532fe0-f0e6-4bc7-8c3c-88d703e001eb__hp
End getting machine ID on Windows 3e88d5dd9cc3224adb59187d5ff6c5de
End checking and mark activated for GUI mode
Your current licensed session is valid until: January 03, 2023 13:55
Start check license task
Warning: NLS unused message: LBL_DEFAULT_LOCATOR_SELECTION_AREA in: com.katalon.plugin.smart_xpath.constant.SmartXpathMessages

Mon Jan 02 13:56:02 IST 2023
Azure: Enterprise license for this feature is requested

Warning: NLS unused message: DIA_LBL_LIST_OF_COL_NAMES in: com.kms.katalon.composer.components.impl.constants.composerComponentsImplMessages
Warning: NLS unused message: DIA_LBL_SELECT_A_COL in: com.kms.katalon.composer.components.impl.constants.composerComponentsImplMessages
Latest plugins responses: []
Katalon version: 8.5.5
Plugin info URL: https://store.katalon.com/api/products/ks?appVersion=8.5.5&appType=KSE&licenseType=FREE

Mon Jan 02 14:11:47 IST 2023
Azure: Enterprise license for this feature is requested


Mon Jan 02 14:11:58 IST 2023
Azure: Enterprise license for this feature is requested


Mon Jan 02 14:12:08 IST 2023
Azure: Enterprise license for this feature is requested


Mon Jan 02 14:12:25 IST 2023
Azure: Enterprise license for this feature is requested


Mon Jan 02 15:12:56 IST 2023
Azure: Enterprise license for this feature is requested


Mon Jan 02 15:12:57 IST 2023
Azure: Enterprise license for this feature is requested


Mon Jan 02 15:25:41 IST 2023
Azure: Enterprise license for this feature is requested


Mon Jan 02 15:55:41 IST 2023
Azure: Enterprise license for this feature is requested


Mon Jan 02 16:49:38 IST 2023
Azure: Enterprise license for this feature is requested


Mon Jan 02 16:55:41 IST 2023
Azure: Enterprise license for this feature is requested


Mon Jan 02 17:36:06 IST 2023
Azure: Enterprise license for this feature is requested


Mon Jan 02 17:55:41 IST 2023
Azure: Enterprise license for this feature is requested


Mon Jan 02 18:25:41 IST 2023
Azure: Enterprise license for this feature is requested


Mon Jan 02 18:55:41 IST 2023
Azure: Enterprise license for this feature is requested


Tue Jan 03 10:34:08 IST 2023
Azure: Enterprise license for this feature is requested


Tue Jan 03 10:34:08 IST 2023
Azure: Enterprise license for this feature is requested


Tue Jan 03 10:34:08 IST 2023
Azure: Enterprise license for this feature is requested


Tue Jan 03 10:34:08 IST 2023
Azure: Enterprise license for this feature is requested


Tue Jan 03 10:34:08 IST 2023
Azure: Enterprise license for this feature is requested


Tue Jan 03 10:34:08 IST 2023
Azure: Enterprise license for this feature is requested


Tue Jan 03 10:34:08 IST 2023
Azure: Enterprise license for this feature is requested


Tue Jan 03 10:34:08 IST 2023
Azure: Enterprise license for this feature is requested


Tue Jan 03 10:34:08 IST 2023
Azure: Enterprise license for this feature is requested


Tue Jan 03 10:34:08 IST 2023
Azure: Enterprise license for this feature is requested


Tue Jan 03 10:34:08 IST 2023
Azure: Enterprise license for this feature is requested


Tue Jan 03 10:34:08 IST 2023
Azure: Enterprise license for this feature is requested


Tue Jan 03 10:34:08 IST 2023
Azure: Enterprise license for this feature is requested


Tue Jan 03 10:34:08 IST 2023
Azure: Enterprise license for this feature is requested


Tue Jan 03 10:34:08 IST 2023
Azure: Enterprise license for this feature is requested


Tue Jan 03 10:34:09 IST 2023
Azure: Enterprise license for this feature is requested


Tue Jan 03 10:34:09 IST 2023
Azure: Enterprise license for this feature is requested


Tue Jan 03 10:34:09 IST 2023
Azure: Enterprise license for this feature is requested


Tue Jan 03 10:34:09 IST 2023
Azure: Enterprise license for this feature is requested


Tue Jan 03 10:34:09 IST 2023
Azure: Enterprise license for this feature is requested


Tue Jan 03 10:34:09 IST 2023
Azure: Enterprise license for this feature is requested


Tue Jan 03 10:34:09 IST 2023
Azure: Enterprise license for this feature is requested


Tue Jan 03 10:34:09 IST 2023
Azure: Enterprise license for this feature is requested


Tue Jan 03 10:34:09 IST 2023
Azure: Enterprise license for this feature is requested


Tue Jan 03 10:34:09 IST 2023
Azure: Enterprise license for this feature is requested


Tue Jan 03 10:34:09 IST 2023
Azure: Enterprise license for this feature is requested


Tue Jan 03 10:34:09 IST 2023
Azure: Enterprise license for this feature is requested


Tue Jan 03 10:34:09 IST 2023
Azure: Enterprise license for this feature is requested


Tue Jan 03 10:34:09 IST 2023
Azure: Enterprise license for this feature is requested


Tue Jan 03 10:34:09 IST 2023
Azure: Enterprise license for this feature is requested


Tue Jan 03 10:34:09 IST 2023
Azure: Enterprise license for this feature is requested


Tue Jan 03 11:15:07 IST 2023
Azure: Enterprise license for this feature is requested


Tue Jan 03 11:26:44 IST 2023
Azure: Enterprise license for this feature is requested


Tue Jan 03 11:55:41 IST 2023
Azure: Enterprise license for this feature is requested


Tue Jan 03 12:25:41 IST 2023
Azure: Enterprise license for this feature is requested


Tue Jan 03 12:55:41 IST 2023
Azure: Enterprise license for this feature is requested


Tue Jan 03 13:25:41 IST 2023
Azure: Enterprise license for this feature is requested


Tue Jan 03 13:55:41 IST 2023
Azure: Enterprise license for this feature is requested


Tue Jan 03 15:22:40 IST 2023
Azure: Enterprise license for this feature is requested


Tue Jan 03 15:22:40 IST 2023
Azure: Enterprise license for this feature is requested


Tue Jan 03 15:25:41 IST 2023
Azure: Enterprise license for this feature is requested


Tue Jan 03 15:45:38 IST 2023
Azure: Enterprise license for this feature is requested


Tue Jan 03 15:45:38 IST 2023
Azure: Enterprise license for this feature is requested


Tue Jan 03 15:45:38 IST 2023
Azure: Enterprise license for this feature is requested


Tue Jan 03 15:45:38 IST 2023
Azure: Enterprise license for this feature is requested


Tue Jan 03 15:45:42 IST 2023
Azure: Enterprise license for this feature is requested


Tue Jan 03 15:45:42 IST 2023
Azure: Enterprise license for this feature is requested


Tue Jan 03 15:45:42 IST 2023
Azure: Enterprise license for this feature is requested


Tue Jan 03 15:45:42 IST 2023
Azure: Enterprise license for this feature is requested


Tue Jan 03 15:55:41 IST 2023
Azure: Enterprise license for this feature is requested


Tue Jan 03 16:25:41 IST 2023
Azure: Enterprise license for this feature is requested


Tue Jan 03 16:55:41 IST 2023
Azure: Enterprise license for this feature is requested


Tue Jan 03 17:25:41 IST 2023
Azure: Enterprise license for this feature is requested


Tue Jan 03 17:55:41 IST 2023
Azure: Enterprise license for this feature is requested


Tue Jan 03 18:26:31 IST 2023
Azure: Enterprise license for this feature is requested


Wed Jan 04 10:11:54 IST 2023
Azure: Enterprise license for this feature is requested


Wed Jan 04 10:11:54 IST 2023
Azure: Enterprise license for this feature is requested


Wed Jan 04 10:11:54 IST 2023
Azure: Enterprise license for this feature is requested


Wed Jan 04 10:11:54 IST 2023
Azure: Enterprise license for this feature is requested


Wed Jan 04 10:11:54 IST 2023
Azure: Enterprise license for this feature is requested


Wed Jan 04 10:11:54 IST 2023
Azure: Enterprise license for this feature is requested


Wed Jan 04 10:11:54 IST 2023
Azure: Enterprise license for this feature is requested


Wed Jan 04 10:11:54 IST 2023
Azure: Enterprise license for this feature is requested


Wed Jan 04 10:11:54 IST 2023
Azure: Enterprise license for this feature is requested


Wed Jan 04 10:11:54 IST 2023
Azure: Enterprise license for this feature is requested


Wed Jan 04 10:11:54 IST 2023
Azure: Enterprise license for this feature is requested


Wed Jan 04 10:11:54 IST 2023
Azure: Enterprise license for this feature is requested


Wed Jan 04 10:11:54 IST 2023
Azure: Enterprise license for this feature is requested


Wed Jan 04 10:11:54 IST 2023
Azure: Enterprise license for this feature is requested


Wed Jan 04 10:11:54 IST 2023
Azure: Enterprise license for this feature is requested


Wed Jan 04 10:11:55 IST 2023
Azure: Enterprise license for this feature is requested


Wed Jan 04 10:11:55 IST 2023
Azure: Enterprise license for this feature is requested


Wed Jan 04 10:11:55 IST 2023
Azure: Enterprise license for this feature is requested


Wed Jan 04 10:11:55 IST 2023
Azure: Enterprise license for this feature is requested


Wed Jan 04 10:11:55 IST 2023
Azure: Enterprise license for this feature is requested


Wed Jan 04 10:11:55 IST 2023
Azure: Enterprise license for this feature is requested


Wed Jan 04 10:11:55 IST 2023
Azure: Enterprise license for this feature is requested


Wed Jan 04 10:11:55 IST 2023
Azure: Enterprise license for this feature is requested


Wed Jan 04 10:11:55 IST 2023
Azure: Enterprise license for this feature is requested


Wed Jan 04 10:11:55 IST 2023
Azure: Enterprise license for this feature is requested


Wed Jan 04 10:11:55 IST 2023
Azure: Enterprise license for this feature is requested


Wed Jan 04 10:11:55 IST 2023
Azure: Enterprise license for this feature is requested


Wed Jan 04 10:11:55 IST 2023
Azure: Enterprise license for this feature is requested


Wed Jan 04 10:11:55 IST 2023
Azure: Enterprise license for this feature is requested


Wed Jan 04 10:11:55 IST 2023
Azure: Enterprise license for this feature is requested


Wed Jan 04 10:11:56 IST 2023
Azure: Enterprise license for this feature is requested


Wed Jan 04 10:28:50 IST 2023
Azure: Enterprise license for this feature is requested


Wed Jan 04 11:16:17 IST 2023
Azure: Enterprise license for this feature is requested


Wed Jan 04 11:25:41 IST 2023
Azure: Enterprise license for this feature is requested


Wed Jan 04 12:47:40 IST 2023
Azure: Enterprise license for this feature is requested


Wed Jan 04 12:47:40 IST 2023
Azure: Enterprise license for this feature is requested


Wed Jan 04 12:55:41 IST 2023
Azure: Enterprise license for this feature is requested


Wed Jan 04 13:25:41 IST 2023
Azure: Enterprise license for this feature is requested


Wed Jan 04 13:55:41 IST 2023
Azure: Enterprise license for this feature is requested


Wed Jan 04 14:25:41 IST 2023
Azure: Enterprise license for this feature is requested


Wed Jan 04 14:55:41 IST 2023
Azure: Enterprise license for this feature is requested


Wed Jan 04 15:25:41 IST 2023
Azure: Enterprise license for this feature is requested


Wed Jan 04 15:55:41 IST 2023
Azure: Enterprise license for this feature is requested

CodeSelectRequestor: Could not proceed due to null declaring type for org.codehaus.groovy.ast.expr.ConstantExpression@21221e86[Object Repository/SC001_TC001OR/CreateProductPage/Create_Product_SaveButton]
CodeSelectRequestor: Could not proceed due to null declaring type for org.codehaus.groovy.ast.expr.ConstantExpression@5db7c800[TestProduct007]
CodeSelectRequestor: Could not proceed due to null declaring type for org.codehaus.groovy.ast.expr.ConstantExpression@5db7c800[TestProduct007]

Wed Jan 04 16:25:41 IST 2023
Azure: Enterprise license for this feature is requested


Wed Jan 04 16:55:41 IST 2023
Azure: Enterprise license for this feature is requested


Wed Jan 04 17:25:41 IST 2023
Azure: Enterprise license for this feature is requested


Wed Jan 04 17:55:41 IST 2023
Azure: Enterprise license for this feature is requested


Wed Jan 04 18:25:41 IST 2023
Azure: Enterprise license for this feature is requested


Wed Jan 04 18:55:41 IST 2023
Azure: Enterprise license for this feature is requested

Expired License.
Expired License.

Thu Jan 05 11:15:07 IST 2023
Azure: Enterprise license for this feature is requested


Thu Jan 05 11:15:07 IST 2023
Azure: Enterprise license for this feature is requested


Thu Jan 05 11:15:07 IST 2023
Azure: Enterprise license for this feature is requested


Thu Jan 05 11:15:07 IST 2023
Azure: Enterprise license for this feature is requested


Thu Jan 05 11:15:07 IST 2023
Azure: Enterprise license for this feature is requested


Thu Jan 05 11:15:07 IST 2023
Azure: Enterprise license for this feature is requested


Thu Jan 05 11:15:07 IST 2023
Azure: Enterprise license for this feature is requested


Thu Jan 05 11:15:07 IST 2023
Azure: Enterprise license for this feature is requested


Thu Jan 05 11:15:07 IST 2023
Azure: Enterprise license for this feature is requested


Thu Jan 05 11:15:07 IST 2023
Azure: Enterprise license for this feature is requested


Thu Jan 05 11:15:07 IST 2023
Azure: Enterprise license for this feature is requested


Thu Jan 05 11:15:07 IST 2023
Azure: Enterprise license for this feature is requested


Thu Jan 05 11:15:08 IST 2023
Azure: Enterprise license for this feature is requested


Thu Jan 05 11:15:08 IST 2023
Azure: Enterprise license for this feature is requested


Thu Jan 05 11:15:08 IST 2023
Azure: Enterprise license for this feature is requested


Thu Jan 05 11:15:08 IST 2023
Azure: Enterprise license for this feature is requested


Thu Jan 05 11:15:08 IST 2023
Azure: Enterprise license for this feature is requested


Thu Jan 05 11:15:08 IST 2023
Azure: Enterprise license for this feature is requested


Thu Jan 05 11:15:08 IST 2023
Azure: Enterprise license for this feature is requested


Thu Jan 05 11:15:08 IST 2023
Azure: Enterprise license for this feature is requested


Thu Jan 05 11:15:08 IST 2023
Azure: Enterprise license for this feature is requested


Thu Jan 05 11:15:08 IST 2023
Azure: Enterprise license for this feature is requested


Thu Jan 05 11:15:08 IST 2023
Azure: Enterprise license for this feature is requested


Thu Jan 05 11:15:08 IST 2023
Azure: Enterprise license for this feature is requested


Thu Jan 05 11:15:08 IST 2023
Azure: Enterprise license for this feature is requested


Thu Jan 05 11:15:08 IST 2023
Azure: Enterprise license for this feature is requested


Thu Jan 05 11:15:08 IST 2023
Azure: Enterprise license for this feature is requested


Thu Jan 05 11:15:08 IST 2023
Azure: Enterprise license for this feature is requested


Thu Jan 05 11:15:08 IST 2023
Azure: Enterprise license for this feature is requested


Thu Jan 05 11:15:08 IST 2023
Azure: Enterprise license for this feature is requested


Thu Jan 05 11:15:08 IST 2023
Azure: Enterprise license for this feature is requested


Thu Jan 05 11:15:08 IST 2023
Azure: Enterprise license for this feature is requested


Thu Jan 05 11:25:45 IST 2023
Azure: Enterprise license for this feature is requested


Thu Jan 05 12:03:08 IST 2023
Azure: Enterprise license for this feature is requested


Thu Jan 05 12:25:45 IST 2023
Azure: Enterprise license for this feature is requested


Thu Jan 05 12:55:45 IST 2023
Azure: Enterprise license for this feature is requested


Thu Jan 05 13:30:52 IST 2023
Azure: Enterprise license for this feature is requested


Thu Jan 05 13:55:45 IST 2023
Azure: Enterprise license for this feature is requested


Thu Jan 05 13:56:39 IST 2023
java.lang.NumberFormatException: null
	at java.lang.Integer.parseInt(Integer.java:542)
	at java.lang.Integer.parseInt(Integer.java:615)
	at com.kms.katalon.application.utils.EntityTrackingHelper$1.run(EntityTrackingHelper.java:23)
	at java.util.concurrent.Executors$RunnableAdapter.call(Executors.java:511)
	at java.util.concurrent.FutureTask.run(FutureTask.java:266)
	at java.util.concurrent.ThreadPoolExecutor.runWorker(ThreadPoolExecutor.java:1149)
	at java.util.concurrent.ThreadPoolExecutor$Worker.run(ThreadPoolExecutor.java:624)
	at java.lang.Thread.run(Thread.java:748)



Thu Jan 05 13:56:43 IST 2023
Azure: Enterprise license for this feature is requested


Thu Jan 05 13:56:43 IST 2023
Azure: Enterprise license for this feature is requested


Thu Jan 05 13:56:44 IST 2023
Azure: Enterprise license for this feature is requested


Thu Jan 05 13:56:44 IST 2023
Azure: Enterprise license for this feature is requested


Thu Jan 05 13:56:44 IST 2023
Azure: Enterprise license for this feature is requested

CodeSelectRequestor: Could not proceed due to null declaring type for org.codehaus.groovy.ast.expr.ConstantExpression@2d2f099b[Object Repository/CommonObjects/Password]
Warning: NLS unused message: PREF_LBL_ACTIVE_BROWSER_PORT_DO_NOT_SHOW_WARNING_DIALOG in: com.kms.katalon.objectspy.constants.objectspyMessages
CodeSelectRequestor: Could not proceed due to null declaring type for org.codehaus.groovy.ast.expr.ArgumentListExpression@55764e19[]
CodeSelectRequestor: Could not proceed due to null declaring type for org.codehaus.groovy.ast.expr.ArgumentListExpression@55764e19[]
Jan 05, 2023 1:59:03 PM org.openqa.selenium.remote.DesiredCapabilities chrome
INFO: Using `new ChromeOptions()` is preferred to `DesiredCapabilities.chrome()`
Jan 05, 2023 1:59:06 PM org.openqa.selenium.remote.ProtocolHandshake createSession
INFO: Detected dialect: W3C
CodeSelectRequestor: Could not proceed due to null declaring type for org.codehaus.groovy.ast.expr.ArgumentListExpression@55764e19[]
CodeSelectRequestor: Could not proceed due to null declaring type for org.codehaus.groovy.ast.expr.ArgumentListExpression@55764e19[]

Thu Jan 05 14:25:46 IST 2023
Azure: Enterprise license for this feature is requested


Thu Jan 05 14:55:45 IST 2023
Azure: Enterprise license for this feature is requested


Thu Jan 05 15:25:45 IST 2023
Azure: Enterprise license for this feature is requested


Thu Jan 05 15:55:45 IST 2023
Azure: Enterprise license for this feature is requested

CodeSelectRequestor: Could not proceed due to null declaring type for org.codehaus.groovy.ast.expr.ConstantExpression@6c97c2b2[Object Repository/SC001_TC007Brand_OR/Page_Brand  QueueBuster - Powerful Mobile POS for all kinds of businesses/Brand_module]
CodeSelectRequestor: Could not proceed due to null declaring type for org.codehaus.groovy.ast.expr.ConstantExpression@15e73010[Object Repository/SC001_TC007OR/Page_Brand  QueueBuster - Powerful Mobile POS for all kinds of businesses/Brand_module]
CodeSelectRequestor: Could not proceed due to null declaring type for org.codehaus.groovy.ast.expr.ConstantExpression@5c26dc71[Object Repository/SC001_TC007OR/Page_Brand  QueueBuster - Powerful Mobile POS for all kinds of businesses/Brand_module]
CodeSelectRequestor: Could not proceed due to null declaring type for org.codehaus.groovy.ast.expr.ConstantExpression@7eaaa8ce[Object Repository/CommonObjects/Link_Master Data]
Exception in thread "Thread-322" java.lang.NullPointerException
	at org.eclipse.jface.text.source.AnnotationModel.getAnnotationIterator(AnnotationModel.java:744)
	at org.eclipse.jface.text.source.AnnotationModel.getAnnotationIterator(AnnotationModel.java:668)
	at org.eclipse.jface.text.source.AnnotationModel.getAnnotationIterator(AnnotationModel.java:744)
	at org.eclipse.jface.text.source.AnnotationModel.getAnnotationIterator(AnnotationModel.java:668)
	at org.eclipse.jface.text.source.projection.ProjectionSummary.removeSummaries(ProjectionSummary.java:175)
	at org.eclipse.jface.text.source.projection.ProjectionSummary.internalUpdateSummaries(ProjectionSummary.java:154)
	at org.eclipse.jface.text.source.projection.ProjectionSummary.access$3(ProjectionSummary.java:149)
	at org.eclipse.jface.text.source.projection.ProjectionSummary$Summarizer.run(ProjectionSummary.java:74)
CodeSelectRequestor: Could not proceed due to null declaring type for org.codehaus.groovy.ast.expr.ConstantExpression@278750aa[TestBrand007]
CodeSelectRequestor: Could not proceed due to null declaring type for org.codehaus.groovy.ast.expr.PropertyExpression@47cd3076[object: org.codehaus.groovy.ast.expr.ClassExpression@77a6325a[type: com.kms.katalon.core.webui.keyword.WebUiBuiltInKeywords] property: org.codehaus.groovy.ast.expr.ConstantExpression@43c5420e[WebUI]]
CodeSelectRequestor: Could not proceed due to null declaring type for org.codehaus.groovy.ast.expr.ArgumentListExpression@2a42d1b3[org.codehaus.groovy.ast.expr.StaticMethodCallExpression@24853a8b[com.kms.katalon.core.testobject.ObjectRepository#findTestObject arguments: org.codehaus.groovy.ast.expr.ArgumentListExpression@20babac3[org.codehaus.groovy.ast.expr.ConstantExpression@65b830b0[Object Repository/SC001_TC007OR/input_brandnamefield]]], org.codehaus.groovy.ast.expr.ConstantExpression@59cbbafd[TestBrand007]]
CodeSelectRequestor: Could not proceed due to null declaring type for org.codehaus.groovy.ast.expr.ArgumentListExpression@43947733[]
CodeSelectRequestor: Could not proceed due to null declaring type for org.codehaus.groovy.ast.expr.ArgumentListExpression@43947733[]
CodeSelectRequestor: Could not proceed due to null declaring type for org.codehaus.groovy.ast.expr.PropertyExpression@60eb89fa[object: org.codehaus.groovy.ast.expr.ClassExpression@6a3f4f24[type: com.kms.katalon.core.webui.keyword.WebUiBuiltInKeywords] property: org.codehaus.groovy.ast.expr.ConstantExpression@738beede[WebUI]]
CodeSelectRequestor: Could not proceed due to null declaring type for org.codehaus.groovy.ast.expr.PropertyExpression@5e4d5807[object: org.codehaus.groovy.ast.expr.ClassExpression@54ca9694[type: com.kms.katalon.core.webui.keyword.WebUiBuiltInKeywords] property: org.codehaus.groovy.ast.expr.ConstantExpression@1e291189[WebUI]]
CodeSelectRequestor: Could not proceed due to null declaring type for org.codehaus.groovy.ast.expr.ArgumentListExpression@749e8c57[]
CodeSelectRequestor: Could not proceed due to null declaring type for org.codehaus.groovy.ast.expr.ArgumentListExpression@749e8c57[]
CodeSelectRequestor: Could not proceed due to null declaring type for org.codehaus.groovy.ast.expr.ConstantExpression@f1c19f[Object Repository/SC001_TC007OR/button_SaveBrand]
CodeSelectRequestor: Could not proceed due to null declaring type for org.codehaus.groovy.ast.expr.ArgumentListExpression@51b82857[]
CodeSelectRequestor: Could not proceed due to null declaring type for org.codehaus.groovy.ast.expr.ArgumentListExpression@51b82857[]
Warning: NLS unused message: DIA_TITLE_INSTALL_INSTRUCTIONS in: com.kms.katalon.composer.mobile.constants.composerMobileMessages
Launcher status after execution process completed: Running

Thu Jan 05 16:25:45 IST 2023
Azure: Enterprise license for this feature is requested

CodeSelectRequestor: Could not proceed due to null declaring type for org.codehaus.groovy.ast.expr.ConstantExpression@47b24a09[Object Repository/SC001_TC007OR/button_SaveBrand]
CodeSelectRequestor: Could not proceed due to null declaring type for org.codehaus.groovy.ast.expr.ConstantExpression@47b24a09[Object Repository/SC001_TC007OR/button_SaveBrand]
CodeSelectRequestor: Could not proceed due to null declaring type for org.codehaus.groovy.ast.expr.ConstantExpression@ef303bb[Object Repository/SC001_TC007OR/input_brandnamefield]
CodeSelectRequestor: Could not proceed due to null declaring type for org.codehaus.groovy.ast.expr.ConstantExpression@1e2fa5b1[ Right page ]
CodeSelectRequestor: Could not proceed due to null declaring type for org.codehaus.groovy.ast.expr.ConstantExpression@4fcdf203[ Right page ]
CodeSelectRequestor: Could not proceed due to null declaring type for org.codehaus.groovy.ast.expr.ConstantExpression@4b7749fc[https://queuebuster.co/manage/setup/products.php]
CodeSelectRequestor: Could not proceed due to null declaring type for org.codehaus.groovy.ast.expr.ConstantExpression@4b7749fc[https://queuebuster.co/manage/setup/products.php]
CodeSelectRequestor: Could not proceed due to null declaring type for org.codehaus.groovy.ast.expr.ConstantExpression@4b7749fc[https://queuebuster.co/manage/setup/products.php]
CodeSelectRequestor: Could not proceed due to null declaring type for org.codehaus.groovy.ast.expr.ConstantExpression@2bc63746[]
CodeSelectRequestor: Could not proceed due to null declaring type for org.codehaus.groovy.ast.expr.ConstantExpression@5880822d[https://queuebuster.co/manage/setup/brand.php]
CodeSelectRequestor: Could not proceed due to null declaring type for org.codehaus.groovy.ast.expr.ConstantExpression@5880822d[https://queuebuster.co/manage/setup/brand.php]
CodeSelectRequestor: Could not proceed due to null declaring type for org.codehaus.groovy.ast.expr.ConstantExpression@424d39b2[ Right page ]
CodeSelectRequestor: Could not proceed due to null declaring type for org.codehaus.groovy.ast.expr.ConstantExpression@424d39b2[ Right page ]
CodeSelectRequestor: Could not proceed due to null declaring type for org.codehaus.groovy.ast.expr.ConstantExpression@424d39b2[ Right page ]
CodeSelectRequestor: Could not proceed due to null declaring type for org.codehaus.groovy.ast.expr.ConstantExpression@424d39b2[ Right page ]
CodeSelectRequestor: Could not proceed due to null declaring type for org.codehaus.groovy.ast.expr.ConstantExpression@424d39b2[ Right page ]
CodeSelectRequestor: Could not proceed due to null declaring type for org.codehaus.groovy.ast.expr.ConstantExpression@424d39b2[ Right page ]
CodeSelectRequestor: Could not proceed due to null declaring type for org.codehaus.groovy.ast.expr.ConstantExpression@7fd86d81[  page ]
CodeSelectRequestor: Could not proceed due to null declaring type for org.codehaus.groovy.ast.expr.ConstantExpression@7fd86d81[  page ]
CodeSelectRequestor: Could not proceed due to null declaring type for org.codehaus.groovy.ast.expr.ConstantExpression@6a07c321[ Sucess page ]
CodeSelectRequestor: Could not proceed due to null declaring type for org.codehaus.groovy.ast.expr.ConstantExpression@6a07c321[ Sucess page ]
CodeSelectRequestor: Could not proceed due to null declaring type for org.codehaus.groovy.ast.expr.ConstantExpression@7e786192[ Sucessfully landed on page ]
CodeSelectRequestor: Could not proceed due to null declaring type for org.codehaus.groovy.ast.expr.ConstantExpression@7e786192[ Sucessfully landed on page ]
CodeSelectRequestor: Could not proceed due to null declaring type for org.codehaus.groovy.ast.expr.ConstantExpression@58a7443b[ Sucessfully landed on brand page ]
CodeSelectRequestor: Could not proceed due to null declaring type for org.codehaus.groovy.ast.expr.ConstantExpression@58a7443b[ Sucessfully landed on brand page ]
CodeSelectRequestor: Could not proceed due to null declaring type for org.codehaus.groovy.ast.expr.ConstantExpression@58a7443b[ Sucessfully landed on brand page ]
CodeSelectRequestor: Could not proceed due to null declaring type for org.codehaus.groovy.ast.expr.ConstantExpression@58a7443b[ Sucessfully landed on brand page ]
CodeSelectRequestor: Could not proceed due to null declaring type for org.codehaus.groovy.ast.expr.ConstantExpression@74c7d60[ Sucessfully landed on Brand page ]
CodeSelectRequestor: Could not proceed due to null declaring type for org.codehaus.groovy.ast.expr.ConstantExpression@74c7d60[ Sucessfully landed on Brand page ]
CodeSelectRequestor: Could not proceed due to null declaring type for org.codehaus.groovy.ast.expr.ConstantExpression@6cbf69d6[ Wrong page ]
CodeSelectRequestor: Could not proceed due to null declaring type for org.codehaus.groovy.ast.expr.ConstantExpression@6cbf69d6[ Wrong page ]
CodeSelectRequestor: Could not proceed due to null declaring type for org.codehaus.groovy.ast.expr.ConstantExpression@62da55d6[ Wrong pa ]
CodeSelectRequestor: Could not proceed due to null declaring type for org.codehaus.groovy.ast.expr.ConstantExpression@62da55d6[ Wrong pa ]
CodeSelectRequestor: Could not proceed due to null declaring type for org.codehaus.groovy.ast.expr.ConstantExpression@773e283f[ Wrong ]
CodeSelectRequestor: Could not proceed due to null declaring type for org.codehaus.groovy.ast.expr.ConstantExpression@773e283f[ Wrong ]
CodeSelectRequestor: Could not proceed due to null declaring type for org.codehaus.groovy.ast.expr.ConstantExpression@346e9aab[  ]
CodeSelectRequestor: Could not proceed due to null declaring type for org.codehaus.groovy.ast.expr.ConstantExpression@346e9aab[  ]
CodeSelectRequestor: Could not proceed due to null declaring type for org.codehaus.groovy.ast.expr.ConstantExpression@11c91458[ Failed T ]
CodeSelectRequestor: Could not proceed due to null declaring type for org.codehaus.groovy.ast.expr.ConstantExpression@11c91458[ Failed T ]
CodeSelectRequestor: Could not proceed due to null declaring type for org.codehaus.groovy.ast.expr.ConstantExpression@11c91458[ Failed T ]
CodeSelectRequestor: Could not proceed due to null declaring type for org.codehaus.groovy.ast.expr.ConstantExpression@11c91458[ Failed T ]
CodeSelectRequestor: Could not proceed due to null declaring type for org.codehaus.groovy.ast.expr.ConstantExpression@35b2ef45[ Failed To Land  ]
CodeSelectRequestor: Could not proceed due to null declaring type for org.codehaus.groovy.ast.expr.ConstantExpression@35b2ef45[ Failed To Land  ]
CodeSelectRequestor: Could not proceed due to null declaring type for org.codehaus.groovy.ast.expr.ConstantExpression@1d5ab290[ Failed To Land On B ]
CodeSelectRequestor: Could not proceed due to null declaring type for org.codehaus.groovy.ast.expr.ConstantExpression@1d5ab290[ Failed To Land On B ]
CodeSelectRequestor: Could not proceed due to null declaring type for org.codehaus.groovy.ast.expr.ConstantExpression@1d5ab290[ Failed To Land On B ]
CodeSelectRequestor: Could not proceed due to null declaring type for org.codehaus.groovy.ast.expr.ConstantExpression@1d5ab290[ Failed To Land On B ]
CodeSelectRequestor: Could not proceed due to null declaring type for org.codehaus.groovy.ast.expr.ConstantExpression@65c1e4a6[ Failed To Land On Brand  ]
CodeSelectRequestor: Could not proceed due to null declaring type for org.codehaus.groovy.ast.expr.ConstantExpression@65c1e4a6[ Failed To Land On Brand  ]
CodeSelectRequestor: Could not proceed due to null declaring type for org.codehaus.groovy.ast.expr.ConstantExpression@35358d12[ Failed To Land On Brand Page ]
CodeSelectRequestor: Could not proceed due to null declaring type for org.codehaus.groovy.ast.expr.ConstantExpression@35358d12[ Failed To Land On Brand Page ]
CodeSelectRequestor: Could not proceed due to null declaring type for org.codehaus.groovy.ast.expr.ArgumentListExpression@64f733e3[]
CodeSelectRequestor: Could not proceed due to null declaring type for org.codehaus.groovy.ast.expr.ArgumentListExpression@64f733e3[]
CodeSelectRequestor: Could not proceed due to null declaring type for org.codehaus.groovy.ast.expr.ConstantExpression@376794e9[ Failed To Land On Brand Page ]
CodeSelectRequestor: Could not proceed due to null declaring type for org.codehaus.groovy.ast.expr.ConstantExpression@7b7ab530[https://queuebuster.co/manage/setup/brand.php]
CodeSelectRequestor: Could not proceed due to null declaring type for org.codehaus.groovy.ast.expr.ConstantExpression@7b7ab530[https://queuebuster.co/manage/setup/brand.php]

Thu Jan 05 16:31:02 IST 2023
Azure: Enterprise license for this feature is requested


Thu Jan 05 16:31:02 IST 2023
Azure: Enterprise license for this feature is requested


Thu Jan 05 16:31:02 IST 2023
Azure: Enterprise license for this feature is requested


Thu Jan 05 16:31:02 IST 2023
Azure: Enterprise license for this feature is requested


Thu Jan 05 16:31:02 IST 2023
Azure: Enterprise license for this feature is requested

CodeSelectRequestor: Could not proceed due to null declaring type for org.codehaus.groovy.ast.expr.BinaryExpression@4f4b181e[org.codehaus.groovy.ast.expr.VariableExpression@418cff87[variable: Productpageurl]("==" at 26:20:  "==" )org.codehaus.groovy.ast.expr.ConstantExpression@45b3736e[https://queuebuster.co/manage/setup/products.php]]
CodeSelectRequestor: Could not proceed due to null declaring type for org.codehaus.groovy.ast.expr.ConstantExpression@45b3736e[https://queuebuster.co/manage/setup/products.php]
CodeSelectRequestor: Could not proceed due to null declaring type for org.codehaus.groovy.ast.expr.ConstantExpression@629734f1[https://queuebuster.co/manage/setup/brand.php]
CodeSelectRequestor: Could not proceed due to null declaring type for org.codehaus.groovy.ast.expr.ArgumentListExpression@28f360d4[]

Thu Jan 05 16:55:45 IST 2023
Azure: Enterprise license for this feature is requested

CodeSelectRequestor: Could not proceed due to null declaring type for org.codehaus.groovy.ast.expr.ConstantExpression@4540cfe9[Object Repository/SC001_TC007OR/button_SaveBrand]
CodeSelectRequestor: Could not proceed due to null declaring type for org.codehaus.groovy.ast.expr.ArgumentListExpression@684dad9[]
CodeSelectRequestor: Could not proceed due to null declaring type for org.codehaus.groovy.ast.expr.ArgumentListExpression@684dad9[]
CodeSelectRequestor: Could not proceed due to null declaring type for org.codehaus.groovy.ast.expr.ConstantExpression@617f06fd[]
CodeSelectRequestor: Could not proceed due to null declaring type for org.codehaus.groovy.ast.expr.ConstantExpression@617f06fd[]
CodeSelectRequestor: Could not proceed due to null declaring type for org.codehaus.groovy.ast.expr.ConstantExpression@7811ca01[Test]
CodeSelectRequestor: Could not proceed due to null declaring type for org.codehaus.groovy.ast.expr.ConstantExpression@7811ca01[Test]
CodeSelectRequestor: Could not proceed due to null declaring type for org.codehaus.groovy.ast.expr.ConstantExpression@638482db[TestBr]
CodeSelectRequestor: Could not proceed due to null declaring type for org.codehaus.groovy.ast.expr.ConstantExpression@638482db[TestBr]
CodeSelectRequestor: Could not proceed due to null declaring type for org.codehaus.groovy.ast.expr.ConstantExpression@e3774cc[TestBrand]
CodeSelectRequestor: Could not proceed due to null declaring type for org.codehaus.groovy.ast.expr.ConstantExpression@e3774cc[TestBrand]
CodeSelectRequestor: Could not proceed due to null declaring type for org.codehaus.groovy.ast.expr.ConstantExpression@8780883[TestBrand007]
CodeSelectRequestor: Could not proceed due to null declaring type for org.codehaus.groovy.ast.expr.ArgumentListExpression@6558fe7b[org.codehaus.groovy.ast.expr.ConstantExpression@4ccb92e[TestBrand007]]
CodeSelectRequestor: Could not proceed due to null declaring type for org.codehaus.groovy.ast.expr.ConstantExpression@47db6586[Object Repository/SC001_TC007OR/input_brandnamefield]

Thu Jan 05 17:25:45 IST 2023
Azure: Enterprise license for this feature is requested

CodeSelectRequestor: Could not proceed due to null declaring type for org.codehaus.groovy.ast.expr.ArgumentListExpression@305104c4[]
CodeSelectRequestor: Could not proceed due to null declaring type for org.codehaus.groovy.ast.expr.ArgumentListExpression@305104c4[]
CodeSelectRequestor: Could not proceed due to null declaring type for org.codehaus.groovy.ast.expr.ConstantExpression@58399057[]
CodeSelectRequestor: Could not proceed due to null declaring type for org.codehaus.groovy.ast.expr.ConstantExpression@58399057[]
CodeSelectRequestor: Could not proceed due to null declaring type for org.codehaus.groovy.ast.expr.ConstantExpression@3c5322ff[B]
CodeSelectRequestor: Could not proceed due to null declaring type for org.codehaus.groovy.ast.expr.ConstantExpression@3c5322ff[B]
CodeSelectRequestor: Could not proceed due to null declaring type for org.codehaus.groovy.ast.expr.ConstantExpression@3f6cd8d[Brand ]
CodeSelectRequestor: Could not proceed due to null declaring type for org.codehaus.groovy.ast.expr.ConstantExpression@3f6cd8d[Brand ]
CodeSelectRequestor: Could not proceed due to null declaring type for org.codehaus.groovy.ast.expr.ConstantExpression@3f6cd8d[Brand ]
CodeSelectRequestor: Could not proceed due to null declaring type for org.codehaus.groovy.ast.expr.ConstantExpression@3f6cd8d[Brand ]
CodeSelectRequestor: Could not proceed due to null declaring type for org.codehaus.groovy.ast.expr.ConstantExpression@b81bc86[Crated Brand ]
CodeSelectRequestor: Could not proceed due to null declaring type for org.codehaus.groovy.ast.expr.ConstantExpression@2249c6a7[Created Brand ]
CodeSelectRequestor: Could not proceed due to null declaring type for org.codehaus.groovy.ast.expr.ConstantExpression@2249c6a7[Created Brand ]
CodeSelectRequestor: Could not proceed due to null declaring type for org.codehaus.groovy.ast.expr.ConstantExpression@2249c6a7[Created Brand ]
CodeSelectRequestor: Could not proceed due to null declaring type for org.codehaus.groovy.ast.expr.ConstantExpression@2249c6a7[Created Brand ]
CodeSelectRequestor: Could not proceed due to null declaring type for org.codehaus.groovy.ast.expr.ConstantExpression@73004e27[Created Brand not  ]
CodeSelectRequestor: Could not proceed due to null declaring type for org.codehaus.groovy.ast.expr.ConstantExpression@73004e27[Created Brand not  ]
CodeSelectRequestor: Could not proceed due to null declaring type for org.codehaus.groovy.ast.expr.ConstantExpression@318f6b21[Created Brand not found ]
CodeSelectRequestor: Could not proceed due to null declaring type for org.codehaus.groovy.ast.expr.ConstantExpression@318f6b21[Created Brand not found ]
CodeSelectRequestor: Could not proceed due to null declaring type for org.codehaus.groovy.ast.expr.ConstantExpression@318f6b21[Created Brand not found ]
CodeSelectRequestor: Could not proceed due to null declaring type for org.codehaus.groovy.ast.expr.ConstantExpression@318f6b21[Created Brand not found ]
CodeSelectRequestor: Could not proceed due to null declaring type for org.codehaus.groovy.ast.expr.ConstantExpression@2943456a[Created Brand not found]
CodeSelectRequestor: Could not proceed due to null declaring type for org.codehaus.groovy.ast.expr.ConstantExpression@2943456a[Created Brand not found]
CodeSelectRequestor: Could not proceed due to null declaring type for org.codehaus.groovy.ast.expr.ConstantExpression@6db13519[TestBrand007]
CodeSelectRequestor: Could not proceed due to null declaring type for org.codehaus.groovy.ast.expr.PropertyExpression@2b0d22c6[object: org.codehaus.groovy.ast.expr.ClassExpression@239dd1e1[type: com.kms.katalon.core.webui.keyword.WebUiBuiltInKeywords] property: org.codehaus.groovy.ast.expr.ConstantExpression@131adca3[WebUI]]
CodeSelectRequestor: Could not proceed due to null declaring type for org.codehaus.groovy.ast.expr.ArgumentListExpression@54c77d4a[]
CodeSelectRequestor: Could not proceed due to null declaring type for org.codehaus.groovy.ast.expr.ArgumentListExpression@54c77d4a[]

Thu Jan 05 17:55:45 IST 2023
Azure: Enterprise license for this feature is requested


Thu Jan 05 18:25:45 IST 2023
Azure: Enterprise license for this feature is requested


Thu Jan 05 18:55:45 IST 2023
Azure: Enterprise license for this feature is requested


Fri Jan 06 10:58:23 IST 2023
Azure: Enterprise license for this feature is requested


Fri Jan 06 10:58:23 IST 2023
Azure: Enterprise license for this feature is requested


Fri Jan 06 10:58:23 IST 2023
Azure: Enterprise license for this feature is requested


Fri Jan 06 10:58:23 IST 2023
Azure: Enterprise license for this feature is requested


Fri Jan 06 10:58:23 IST 2023
Azure: Enterprise license for this feature is requested


Fri Jan 06 10:58:23 IST 2023
Azure: Enterprise license for this feature is requested


Fri Jan 06 10:58:23 IST 2023
Azure: Enterprise license for this feature is requested


Fri Jan 06 10:58:23 IST 2023
Azure: Enterprise license for this feature is requested


Fri Jan 06 10:58:23 IST 2023
Azure: Enterprise license for this feature is requested


Fri Jan 06 10:58:23 IST 2023
Azure: Enterprise license for this feature is requested


Fri Jan 06 10:58:23 IST 2023
Azure: Enterprise license for this feature is requested


Fri Jan 06 10:58:23 IST 2023
Azure: Enterprise license for this feature is requested


Fri Jan 06 10:58:23 IST 2023
Azure: Enterprise license for this feature is requested


Fri Jan 06 10:58:23 IST 2023
Azure: Enterprise license for this feature is requested


Fri Jan 06 10:58:23 IST 2023
Azure: Enterprise license for this feature is requested


Fri Jan 06 10:58:23 IST 2023
Azure: Enterprise license for this feature is requested


Fri Jan 06 10:58:23 IST 2023
Azure: Enterprise license for this feature is requested


Fri Jan 06 10:58:23 IST 2023
Azure: Enterprise license for this feature is requested


Fri Jan 06 10:58:23 IST 2023
Azure: Enterprise license for this feature is requested


Fri Jan 06 10:58:23 IST 2023
Azure: Enterprise license for this feature is requested


Fri Jan 06 10:58:23 IST 2023
Azure: Enterprise license for this feature is requested


Fri Jan 06 10:58:23 IST 2023
Azure: Enterprise license for this feature is requested


Fri Jan 06 10:58:23 IST 2023
Azure: Enterprise license for this feature is requested


Fri Jan 06 10:58:23 IST 2023
Azure: Enterprise license for this feature is requested


Fri Jan 06 10:58:23 IST 2023
Azure: Enterprise license for this feature is requested


Fri Jan 06 10:58:23 IST 2023
Azure: Enterprise license for this feature is requested


Fri Jan 06 10:58:23 IST 2023
Azure: Enterprise license for this feature is requested


Fri Jan 06 10:58:24 IST 2023
Azure: Enterprise license for this feature is requested


Fri Jan 06 10:58:24 IST 2023
Azure: Enterprise license for this feature is requested


Fri Jan 06 10:58:24 IST 2023
Azure: Enterprise license for this feature is requested


Fri Jan 06 10:58:24 IST 2023
Azure: Enterprise license for this feature is requested


Fri Jan 06 10:58:24 IST 2023
Azure: Enterprise license for this feature is requested


Fri Jan 06 11:26:57 IST 2023
Azure: Enterprise license for this feature is requested

CodeSelectRequestor: Could not proceed due to null declaring type for org.codehaus.groovy.ast.expr.ConstantExpression@3b9a2331[Object Repository/SC001_TC007OR/Select_AssignBrandToProducts]
CodeSelectRequestor: Could not proceed due to null declaring type for org.codehaus.groovy.ast.expr.ArgumentListExpression@1f9e7b89[]
CodeSelectRequestor: Could not proceed due to null declaring type for org.codehaus.groovy.ast.expr.ArgumentListExpression@1f9e7b89[]
CodeSelectRequestor: Could not proceed due to null declaring type for org.codehaus.groovy.ast.expr.ArgumentListExpression@2bc6072[]
CodeSelectRequestor: Could not proceed due to null declaring type for org.codehaus.groovy.ast.expr.ArgumentListExpression@2bc6072[]
CodeSelectRequestor: Could not proceed due to null declaring type for org.codehaus.groovy.ast.expr.ArgumentListExpression@3c94ebb1[]
CodeSelectRequestor: Could not proceed due to null declaring type for org.codehaus.groovy.ast.expr.ArgumentListExpression@3c94ebb1[]
CodeSelectRequestor: Could not proceed due to null declaring type for org.codehaus.groovy.ast.expr.ArgumentListExpression@3c94ebb1[]
CodeSelectRequestor: Could not proceed due to null declaring type for org.codehaus.groovy.ast.expr.ArgumentListExpression@3c94ebb1[]
CodeSelectRequestor: Could not proceed due to null declaring type for org.codehaus.groovy.ast.expr.ArgumentListExpression@66d548f0[]
CodeSelectRequestor: Could not proceed due to null declaring type for org.codehaus.groovy.ast.expr.ArgumentListExpression@66d548f0[]
CodeSelectRequestor: Could not proceed due to null declaring type for org.codehaus.groovy.ast.expr.ConstantExpression@46443275[Te]
CodeSelectRequestor: Could not proceed due to null declaring type for org.codehaus.groovy.ast.expr.ConstantExpression@46443275[Te]
CodeSelectRequestor: Could not proceed due to null declaring type for org.codehaus.groovy.ast.expr.ConstantExpression@46443275[Te]
CodeSelectRequestor: Could not proceed due to null declaring type for org.codehaus.groovy.ast.expr.ConstantExpression@2b412f7f[Test]
CodeSelectRequestor: Could not proceed due to null declaring type for org.codehaus.groovy.ast.expr.ConstantExpression@2adc7ee6[Test]
CodeSelectRequestor: Could not proceed due to null declaring type for org.codehaus.groovy.ast.expr.ConstantExpression@6a078b9d[Testdata]
CodeSelectRequestor: Could not proceed due to null declaring type for org.codehaus.groovy.ast.expr.ConstantExpression@6a078b9d[Testdata]
CodeSelectRequestor: Could not proceed due to null declaring type for org.codehaus.groovy.ast.expr.ArgumentListExpression@35a049b4[]
CodeSelectRequestor: Could not proceed due to null declaring type for org.codehaus.groovy.ast.expr.ArgumentListExpression@35a049b4[]
CodeSelectRequestor: Could not proceed due to null declaring type for org.codehaus.groovy.ast.expr.ConstantExpression@203f475e[]
CodeSelectRequestor: Could not proceed due to null declaring type for org.codehaus.groovy.ast.expr.ConstantExpression@203f475e[]
CodeSelectRequestor: Could not proceed due to null declaring type for org.codehaus.groovy.ast.expr.ConstantExpression@6094077f[BRAND]
CodeSelectRequestor: Could not proceed due to null declaring type for org.codehaus.groovy.ast.expr.ConstantExpression@6094077f[BRAND]
CodeSelectRequestor: Could not proceed due to null declaring type for org.codehaus.groovy.ast.expr.ConstantExpression@68c0f604[BRANDNAME]
CodeSelectRequestor: Could not proceed due to null declaring type for org.codehaus.groovy.ast.expr.ConstantExpression@68c0f604[BRANDNAME]
CodeSelectRequestor: Could not proceed due to null declaring type for org.codehaus.groovy.ast.expr.ConstantExpression@68c0f604[BRANDNAME]
CodeSelectRequestor: Could not proceed due to null declaring type for org.codehaus.groovy.ast.expr.ConstantExpression@68c0f604[BRANDNAME]
CodeSelectRequestor: Could not proceed due to null declaring type for org.codehaus.groovy.ast.expr.ConstantExpression@68c0f604[BRANDNAME]
CodeSelectRequestor: Could not proceed due to null declaring type for org.codehaus.groovy.ast.expr.ConstantExpression@68c0f604[BRANDNAME]
CodeSelectRequestor: Could not proceed due to null declaring type for org.codehaus.groovy.ast.expr.ConstantExpression@68c0f604[BRANDNAME]
CodeSelectRequestor: Could not proceed due to null declaring type for org.codehaus.groovy.ast.expr.ArgumentListExpression@7e4db1de[org.codehaus.groovy.ast.expr.ConstantExpression@44cae5e7[BRANDNAME]]
CodeSelectRequestor: Could not proceed due to null declaring type for org.codehaus.groovy.ast.expr.ConstantExpression@10a2add1[Object Repository/SC001_TC007OR/input_brandnamefield]
Warning: NLS unused message: PREF_WARN_KSE_SQL_SERVER in: com.kms.katalon.composer.testdata.constants.composerTestdataMessages
Warning: NLS unused message: PREF_WARN_KSE_ORACLE_SQL in: com.kms.katalon.composer.testdata.constants.composerTestdataMessages

Fri Jan 06 11:49:19 IST 2023
Azure: Enterprise license for this feature is requested


Fri Jan 06 11:49:19 IST 2023
Azure: Enterprise license for this feature is requested


Fri Jan 06 11:49:19 IST 2023
Azure: Enterprise license for this feature is requested


Fri Jan 06 11:49:19 IST 2023
Azure: Enterprise license for this feature is requested

CodeSelectRequestor: Could not proceed due to null declaring type for org.codehaus.groovy.ast.expr.ConstantExpression@3f6a5408[Object Repository/SC001_TC007OR/input_brandnamefield]
CodeSelectRequestor: Could not proceed due to null declaring type for org.codehaus.groovy.ast.expr.ConstantExpression@d86fb6d[Brand Created Successfully]
CodeSelectRequestor: Could not proceed due to null declaring type for org.codehaus.groovy.ast.expr.ConstantExpression@d86fb6d[Brand Created Successfully]

Fri Jan 06 11:56:26 IST 2023
Azure: Enterprise license for this feature is requested


Fri Jan 06 12:08:47 IST 2023
Azure: Enterprise license for this feature is requested


Fri Jan 06 12:08:47 IST 2023
Azure: Enterprise license for this feature is requested


Fri Jan 06 12:08:47 IST 2023
Azure: Enterprise license for this feature is requested


Fri Jan 06 12:08:47 IST 2023
Azure: Enterprise license for this feature is requested

Launcher status after execution process completed: Running
CodeSelectRequestor: Could not proceed due to null declaring type for org.codehaus.groovy.ast.expr.ConstantExpression@3554389e[Object Repository/SC001_TC007OR/button_SaveBrand]

Fri Jan 06 12:30:44 IST 2023
Azure: Enterprise license for this feature is requested


Fri Jan 06 13:04:01 IST 2023
Azure: Enterprise license for this feature is requested

Expired License.
Expired License.

Tue Jan 10 10:22:16 IST 2023
com.kms.katalon.integration.analytics.exceptions.AnalyticsApiExeception: java.net.UnknownHostException: admin.katalon.com
	at com.kms.katalon.integration.analytics.exceptions.AnalyticsApiExeception.wrap(AnalyticsApiExeception.java:23)
	at com.kms.katalon.integration.analytics.providers.AnalyticsApiProvider.requestToken(AnalyticsApiProvider.java:158)
	at com.kms.katalon.integration.analytics.providers.TestOpsFeatureActivatorImpl.connect(TestOpsFeatureActivatorImpl.java:45)
	at com.kms.katalon.application.utils.ActivationInfoCollector.getLicenseFromTestOps(ActivationInfoCollector.java:588)
	at com.kms.katalon.application.utils.ActivationInfoCollector.activate(ActivationInfoCollector.java:453)
	at com.kms.katalon.application.utils.ActivationInfoCollector.checkAndMarkActivatedForGUIMode(ActivationInfoCollector.java:148)
	at com.kms.katalon.core.application.ApplicationStaupHandler.lambda$2(ApplicationStaupHandler.java:93)
	at com.kms.katalon.application.utils.ActivationInfoCollector.lambda$1(ActivationInfoCollector.java:966)
	at java.util.concurrent.Executors$RunnableAdapter.call(Executors.java:511)
	at java.util.concurrent.FutureTask.runAndReset(FutureTask.java:308)
	at java.util.concurrent.ScheduledThreadPoolExecutor$ScheduledFutureTask.access$301(ScheduledThreadPoolExecutor.java:180)
	at java.util.concurrent.ScheduledThreadPoolExecutor$ScheduledFutureTask.run(ScheduledThreadPoolExecutor.java:294)
	at java.util.concurrent.ThreadPoolExecutor.runWorker(ThreadPoolExecutor.java:1149)
	at java.util.concurrent.ThreadPoolExecutor$Worker.run(ThreadPoolExecutor.java:624)
	at java.lang.Thread.run(Thread.java:748)
Caused by: java.net.UnknownHostException: admin.katalon.com
	at java.net.Inet6AddressImpl.lookupAllHostAddr(Native Method)
	at java.net.InetAddress$2.lookupAllHostAddr(InetAddress.java:929)
	at java.net.InetAddress.getAddressesFromNameService(InetAddress.java:1324)
	at java.net.InetAddress.getAllByName0(InetAddress.java:1277)
	at java.net.InetAddress.getAllByName(InetAddress.java:1193)
	at java.net.InetAddress.getAllByName(InetAddress.java:1127)
	at org.apache.http.impl.conn.SystemDefaultDnsResolver.resolve(SystemDefaultDnsResolver.java:45)
	at org.apache.http.impl.conn.DefaultHttpClientConnectionOperator.connect(DefaultHttpClientConnectionOperator.java:111)
	at org.apache.http.impl.conn.PoolingHttpClientConnectionManager.connect(PoolingHttpClientConnectionManager.java:353)
	at org.apache.http.impl.execchain.MainClientExec.establishRoute(MainClientExec.java:380)
	at org.apache.http.impl.execchain.MainClientExec.execute(MainClientExec.java:236)
	at org.apache.http.impl.execchain.ProtocolExec.execute(ProtocolExec.java:184)
	at org.apache.http.impl.execchain.RetryExec.execute(RetryExec.java:88)
	at org.apache.http.impl.execchain.RedirectExec.execute(RedirectExec.java:110)
	at org.apache.http.impl.client.InternalHttpClient.doExecute(InternalHttpClient.java:184)
	at org.apache.http.impl.client.CloseableHttpClient.execute(CloseableHttpClient.java:82)
	at org.apache.http.impl.client.CloseableHttpClient.execute(CloseableHttpClient.java:107)
	at org.apache.http.impl.client.CloseableHttpClient.execute(CloseableHttpClient.java:55)
	at com.kms.katalon.integration.analytics.providers.AnalyticsApiProvider.executeRequest(AnalyticsApiProvider.java:681)
	at com.kms.katalon.integration.analytics.providers.AnalyticsApiProvider.executeRequest(AnalyticsApiProvider.java:716)
	at com.kms.katalon.integration.analytics.providers.AnalyticsApiProvider.requestToken(AnalyticsApiProvider.java:156)
	... 13 more



Tue Jan 10 10:22:16 IST 2023
Activation collection is failed
com.kms.katalon.integration.analytics.exceptions.AnalyticsApiExeception: java.net.UnknownHostException: admin.katalon.com
	at com.kms.katalon.integration.analytics.exceptions.AnalyticsApiExeception.wrap(AnalyticsApiExeception.java:23)
	at com.kms.katalon.integration.analytics.providers.AnalyticsApiProvider.requestToken(AnalyticsApiProvider.java:158)
	at com.kms.katalon.integration.analytics.providers.TestOpsFeatureActivatorImpl.connect(TestOpsFeatureActivatorImpl.java:45)
	at com.kms.katalon.application.utils.ActivationInfoCollector.getLicenseFromTestOps(ActivationInfoCollector.java:588)
	at com.kms.katalon.application.utils.ActivationInfoCollector.activate(ActivationInfoCollector.java:453)
	at com.kms.katalon.application.utils.ActivationInfoCollector.checkAndMarkActivatedForGUIMode(ActivationInfoCollector.java:148)
	at com.kms.katalon.core.application.ApplicationStaupHandler.lambda$2(ApplicationStaupHandler.java:93)
	at com.kms.katalon.application.utils.ActivationInfoCollector.lambda$1(ActivationInfoCollector.java:966)
	at java.util.concurrent.Executors$RunnableAdapter.call(Executors.java:511)
	at java.util.concurrent.FutureTask.runAndReset(FutureTask.java:308)
	at java.util.concurrent.ScheduledThreadPoolExecutor$ScheduledFutureTask.access$301(ScheduledThreadPoolExecutor.java:180)
	at java.util.concurrent.ScheduledThreadPoolExecutor$ScheduledFutureTask.run(ScheduledThreadPoolExecutor.java:294)
	at java.util.concurrent.ThreadPoolExecutor.runWorker(ThreadPoolExecutor.java:1149)
	at java.util.concurrent.ThreadPoolExecutor$Worker.run(ThreadPoolExecutor.java:624)
	at java.lang.Thread.run(Thread.java:748)
Caused by: java.net.UnknownHostException: admin.katalon.com
	at java.net.Inet6AddressImpl.lookupAllHostAddr(Native Method)
	at java.net.InetAddress$2.lookupAllHostAddr(InetAddress.java:929)
	at java.net.InetAddress.getAddressesFromNameService(InetAddress.java:1324)
	at java.net.InetAddress.getAllByName0(InetAddress.java:1277)
	at java.net.InetAddress.getAllByName(InetAddress.java:1193)
	at java.net.InetAddress.getAllByName(InetAddress.java:1127)
	at org.apache.http.impl.conn.SystemDefaultDnsResolver.resolve(SystemDefaultDnsResolver.java:45)
	at org.apache.http.impl.conn.DefaultHttpClientConnectionOperator.connect(DefaultHttpClientConnectionOperator.java:111)
	at org.apache.http.impl.conn.PoolingHttpClientConnectionManager.connect(PoolingHttpClientConnectionManager.java:353)
	at org.apache.http.impl.execchain.MainClientExec.establishRoute(MainClientExec.java:380)
	at org.apache.http.impl.execchain.MainClientExec.execute(MainClientExec.java:236)
	at org.apache.http.impl.execchain.ProtocolExec.execute(ProtocolExec.java:184)
	at org.apache.http.impl.execchain.RetryExec.execute(RetryExec.java:88)
	at org.apache.http.impl.execchain.RedirectExec.execute(RedirectExec.java:110)
	at org.apache.http.impl.client.InternalHttpClient.doExecute(InternalHttpClient.java:184)
	at org.apache.http.impl.client.CloseableHttpClient.execute(CloseableHttpClient.java:82)
	at org.apache.http.impl.client.CloseableHttpClient.execute(CloseableHttpClient.java:107)
	at org.apache.http.impl.client.CloseableHttpClient.execute(CloseableHttpClient.java:55)
	at com.kms.katalon.integration.analytics.providers.AnalyticsApiProvider.executeRequest(AnalyticsApiProvider.java:681)
	at com.kms.katalon.integration.analytics.providers.AnalyticsApiProvider.executeRequest(AnalyticsApiProvider.java:716)
	at com.kms.katalon.integration.analytics.providers.AnalyticsApiProvider.requestToken(AnalyticsApiProvider.java:156)
	... 13 more



Tue Jan 10 10:35:54 IST 2023
Azure: Enterprise license for this feature is requested


Tue Jan 10 10:35:54 IST 2023
Azure: Enterprise license for this feature is requested


Tue Jan 10 10:35:54 IST 2023
Azure: Enterprise license for this feature is requested


Tue Jan 10 10:35:54 IST 2023
Azure: Enterprise license for this feature is requested


Tue Jan 10 10:35:54 IST 2023
Azure: Enterprise license for this feature is requested


Tue Jan 10 10:35:54 IST 2023
Azure: Enterprise license for this feature is requested


Tue Jan 10 10:35:54 IST 2023
Azure: Enterprise license for this feature is requested


Tue Jan 10 10:35:54 IST 2023
Azure: Enterprise license for this feature is requested


Tue Jan 10 10:35:54 IST 2023
Azure: Enterprise license for this feature is requested


Tue Jan 10 10:35:54 IST 2023
Azure: Enterprise license for this feature is requested


Tue Jan 10 10:35:54 IST 2023
Azure: Enterprise license for this feature is requested


Tue Jan 10 10:35:54 IST 2023
Azure: Enterprise license for this feature is requested


Tue Jan 10 10:35:54 IST 2023
Azure: Enterprise license for this feature is requested


Tue Jan 10 10:35:55 IST 2023
Azure: Enterprise license for this feature is requested


Tue Jan 10 10:35:55 IST 2023
Azure: Enterprise license for this feature is requested


Tue Jan 10 10:35:55 IST 2023
Azure: Enterprise license for this feature is requested


Tue Jan 10 10:35:55 IST 2023
Azure: Enterprise license for this feature is requested


Tue Jan 10 10:35:55 IST 2023
Azure: Enterprise license for this feature is requested


Tue Jan 10 10:35:55 IST 2023
Azure: Enterprise license for this feature is requested


Tue Jan 10 10:35:55 IST 2023
Azure: Enterprise license for this feature is requested


Tue Jan 10 10:35:55 IST 2023
Azure: Enterprise license for this feature is requested


Tue Jan 10 10:35:55 IST 2023
Azure: Enterprise license for this feature is requested


Tue Jan 10 10:35:55 IST 2023
Azure: Enterprise license for this feature is requested


Tue Jan 10 10:35:55 IST 2023
Azure: Enterprise license for this feature is requested


Tue Jan 10 10:35:55 IST 2023
Azure: Enterprise license for this feature is requested


Tue Jan 10 10:35:55 IST 2023
Azure: Enterprise license for this feature is requested


Tue Jan 10 10:35:55 IST 2023
Azure: Enterprise license for this feature is requested


Tue Jan 10 10:35:55 IST 2023
Azure: Enterprise license for this feature is requested


Tue Jan 10 10:35:55 IST 2023
Azure: Enterprise license for this feature is requested


Tue Jan 10 10:35:55 IST 2023
Azure: Enterprise license for this feature is requested


Tue Jan 10 10:35:55 IST 2023
Azure: Enterprise license for this feature is requested


Tue Jan 10 10:35:55 IST 2023
Azure: Enterprise license for this feature is requested


Tue Jan 10 10:35:55 IST 2023
Azure: Enterprise license for this feature is requested


Tue Jan 10 10:35:55 IST 2023
Azure: Enterprise license for this feature is requested


Tue Jan 10 10:35:55 IST 2023
Azure: Enterprise license for this feature is requested


Tue Jan 10 10:35:55 IST 2023
Azure: Enterprise license for this feature is requested


Tue Jan 10 10:35:55 IST 2023
Azure: Enterprise license for this feature is requested


Tue Jan 10 10:35:55 IST 2023
Azure: Enterprise license for this feature is requested


Tue Jan 10 10:35:55 IST 2023
Azure: Enterprise license for this feature is requested


Tue Jan 10 10:35:55 IST 2023
Azure: Enterprise license for this feature is requested


Tue Jan 10 10:35:56 IST 2023
Azure: Enterprise license for this feature is requested


Tue Jan 10 10:35:56 IST 2023
Azure: Enterprise license for this feature is requested


Tue Jan 10 10:35:56 IST 2023
Azure: Enterprise license for this feature is requested


Tue Jan 10 10:35:56 IST 2023
Azure: Enterprise license for this feature is requested


Tue Jan 10 10:35:56 IST 2023
Azure: Enterprise license for this feature is requested


Tue Jan 10 10:35:56 IST 2023
Azure: Enterprise license for this feature is requested


Tue Jan 10 10:35:56 IST 2023
Azure: Enterprise license for this feature is requested


Tue Jan 10 10:35:56 IST 2023
Azure: Enterprise license for this feature is requested


Tue Jan 10 10:35:56 IST 2023
Azure: Enterprise license for this feature is requested


Tue Jan 10 10:35:56 IST 2023
Azure: Enterprise license for this feature is requested


Tue Jan 10 10:35:56 IST 2023
Azure: Enterprise license for this feature is requested


Tue Jan 10 10:35:56 IST 2023
Azure: Enterprise license for this feature is requested


Tue Jan 10 10:35:56 IST 2023
Azure: Enterprise license for this feature is requested


Tue Jan 10 10:35:56 IST 2023
Azure: Enterprise license for this feature is requested


Tue Jan 10 10:35:56 IST 2023
Azure: Enterprise license for this feature is requested


Tue Jan 10 10:35:56 IST 2023
Azure: Enterprise license for this feature is requested


Tue Jan 10 10:35:56 IST 2023
Azure: Enterprise license for this feature is requested


Tue Jan 10 10:35:56 IST 2023
Azure: Enterprise license for this feature is requested


Tue Jan 10 10:35:56 IST 2023
Azure: Enterprise license for this feature is requested


Tue Jan 10 10:35:56 IST 2023
Azure: Enterprise license for this feature is requested


Tue Jan 10 10:35:56 IST 2023
Azure: Enterprise license for this feature is requested


Tue Jan 10 10:35:56 IST 2023
Azure: Enterprise license for this feature is requested


Tue Jan 10 10:35:57 IST 2023
Azure: Enterprise license for this feature is requested


Tue Jan 10 10:35:57 IST 2023
Azure: Enterprise license for this feature is requested


Tue Jan 10 10:35:57 IST 2023
Azure: Enterprise license for this feature is requested


Tue Jan 10 10:35:57 IST 2023
Azure: Enterprise license for this feature is requested


Tue Jan 10 10:35:57 IST 2023
Azure: Enterprise license for this feature is requested


Tue Jan 10 10:35:57 IST 2023
Azure: Enterprise license for this feature is requested


Tue Jan 10 10:35:57 IST 2023
Azure: Enterprise license for this feature is requested


Tue Jan 10 10:35:57 IST 2023
Azure: Enterprise license for this feature is requested


Tue Jan 10 10:35:57 IST 2023
Azure: Enterprise license for this feature is requested


Tue Jan 10 10:35:57 IST 2023
Azure: Enterprise license for this feature is requested


Tue Jan 10 10:35:57 IST 2023
Azure: Enterprise license for this feature is requested


Tue Jan 10 10:35:57 IST 2023
Azure: Enterprise license for this feature is requested


Tue Jan 10 10:35:57 IST 2023
Azure: Enterprise license for this feature is requested


Tue Jan 10 10:35:57 IST 2023
Azure: Enterprise license for this feature is requested


Tue Jan 10 10:35:57 IST 2023
Azure: Enterprise license for this feature is requested


Tue Jan 10 10:35:57 IST 2023
Azure: Enterprise license for this feature is requested


Tue Jan 10 10:35:57 IST 2023
Azure: Enterprise license for this feature is requested


Tue Jan 10 10:35:57 IST 2023
Azure: Enterprise license for this feature is requested


Tue Jan 10 10:35:57 IST 2023
Azure: Enterprise license for this feature is requested


Tue Jan 10 10:35:57 IST 2023
Azure: Enterprise license for this feature is requested


Tue Jan 10 10:35:57 IST 2023
Azure: Enterprise license for this feature is requested


Tue Jan 10 10:35:57 IST 2023
Azure: Enterprise license for this feature is requested


Tue Jan 10 10:35:57 IST 2023
Azure: Enterprise license for this feature is requested


Tue Jan 10 10:35:57 IST 2023
Azure: Enterprise license for this feature is requested


Tue Jan 10 10:35:57 IST 2023
Azure: Enterprise license for this feature is requested


Tue Jan 10 10:35:57 IST 2023
Azure: Enterprise license for this feature is requested


Tue Jan 10 10:35:57 IST 2023
Azure: Enterprise license for this feature is requested


Tue Jan 10 10:35:57 IST 2023
Azure: Enterprise license for this feature is requested


Tue Jan 10 10:35:58 IST 2023
Azure: Enterprise license for this feature is requested


Tue Jan 10 10:35:58 IST 2023
Azure: Enterprise license for this feature is requested


Tue Jan 10 10:35:58 IST 2023
Azure: Enterprise license for this feature is requested


Tue Jan 10 10:35:58 IST 2023
Azure: Enterprise license for this feature is requested


Tue Jan 10 10:35:58 IST 2023
Azure: Enterprise license for this feature is requested


Tue Jan 10 10:35:58 IST 2023
Azure: Enterprise license for this feature is requested


Tue Jan 10 10:35:58 IST 2023
Azure: Enterprise license for this feature is requested


Tue Jan 10 10:35:58 IST 2023
Azure: Enterprise license for this feature is requested


Tue Jan 10 10:35:58 IST 2023
Azure: Enterprise license for this feature is requested


Tue Jan 10 10:35:58 IST 2023
Azure: Enterprise license for this feature is requested


Tue Jan 10 10:35:58 IST 2023
Azure: Enterprise license for this feature is requested


Tue Jan 10 10:35:58 IST 2023
Azure: Enterprise license for this feature is requested


Tue Jan 10 10:35:58 IST 2023
Azure: Enterprise license for this feature is requested


Tue Jan 10 10:35:58 IST 2023
Azure: Enterprise license for this feature is requested


Tue Jan 10 10:35:58 IST 2023
Azure: Enterprise license for this feature is requested


Tue Jan 10 10:35:58 IST 2023
Azure: Enterprise license for this feature is requested


Tue Jan 10 10:35:58 IST 2023
Azure: Enterprise license for this feature is requested


Tue Jan 10 10:35:58 IST 2023
Azure: Enterprise license for this feature is requested


Tue Jan 10 10:35:58 IST 2023
Azure: Enterprise license for this feature is requested


Tue Jan 10 10:35:58 IST 2023
Azure: Enterprise license for this feature is requested


Tue Jan 10 10:35:58 IST 2023
Azure: Enterprise license for this feature is requested


Tue Jan 10 10:35:58 IST 2023
Azure: Enterprise license for this feature is requested


Tue Jan 10 10:35:58 IST 2023
Azure: Enterprise license for this feature is requested


Tue Jan 10 10:35:58 IST 2023
Azure: Enterprise license for this feature is requested


Tue Jan 10 10:35:58 IST 2023
Azure: Enterprise license for this feature is requested


Tue Jan 10 10:35:59 IST 2023
Azure: Enterprise license for this feature is requested


Tue Jan 10 10:35:59 IST 2023
Azure: Enterprise license for this feature is requested


Tue Jan 10 10:35:59 IST 2023
Azure: Enterprise license for this feature is requested


Tue Jan 10 10:35:59 IST 2023
Azure: Enterprise license for this feature is requested


Tue Jan 10 10:35:59 IST 2023
Azure: Enterprise license for this feature is requested


Tue Jan 10 10:35:59 IST 2023
Azure: Enterprise license for this feature is requested


Tue Jan 10 10:35:59 IST 2023
Azure: Enterprise license for this feature is requested


Tue Jan 10 10:35:59 IST 2023
Azure: Enterprise license for this feature is requested


Tue Jan 10 10:35:59 IST 2023
Azure: Enterprise license for this feature is requested


Tue Jan 10 10:35:59 IST 2023
Azure: Enterprise license for this feature is requested


Tue Jan 10 10:35:59 IST 2023
Azure: Enterprise license for this feature is requested


Tue Jan 10 10:35:59 IST 2023
Azure: Enterprise license for this feature is requested


Tue Jan 10 10:35:59 IST 2023
Azure: Enterprise license for this feature is requested


Tue Jan 10 10:35:59 IST 2023
Azure: Enterprise license for this feature is requested


Tue Jan 10 10:35:59 IST 2023
Azure: Enterprise license for this feature is requested


Tue Jan 10 10:35:59 IST 2023
Azure: Enterprise license for this feature is requested


Tue Jan 10 10:35:59 IST 2023
Azure: Enterprise license for this feature is requested


Tue Jan 10 10:35:59 IST 2023
Azure: Enterprise license for this feature is requested


Tue Jan 10 10:35:59 IST 2023
Azure: Enterprise license for this feature is requested


Tue Jan 10 10:35:59 IST 2023
Azure: Enterprise license for this feature is requested


Tue Jan 10 10:35:59 IST 2023
Azure: Enterprise license for this feature is requested


Tue Jan 10 10:35:59 IST 2023
Azure: Enterprise license for this feature is requested


Tue Jan 10 10:35:59 IST 2023
Azure: Enterprise license for this feature is requested


Tue Jan 10 10:35:59 IST 2023
Azure: Enterprise license for this feature is requested


Tue Jan 10 10:35:59 IST 2023
Azure: Enterprise license for this feature is requested


Tue Jan 10 10:35:59 IST 2023
Azure: Enterprise license for this feature is requested


Tue Jan 10 10:35:59 IST 2023
Azure: Enterprise license for this feature is requested


Tue Jan 10 10:35:59 IST 2023
Azure: Enterprise license for this feature is requested


Tue Jan 10 10:35:59 IST 2023
Azure: Enterprise license for this feature is requested


Tue Jan 10 10:35:59 IST 2023
Azure: Enterprise license for this feature is requested


Tue Jan 10 10:35:59 IST 2023
Azure: Enterprise license for this feature is requested


Tue Jan 10 10:36:00 IST 2023
Azure: Enterprise license for this feature is requested


Tue Jan 10 10:36:00 IST 2023
Azure: Enterprise license for this feature is requested


Tue Jan 10 10:36:00 IST 2023
Azure: Enterprise license for this feature is requested


Tue Jan 10 10:36:00 IST 2023
Azure: Enterprise license for this feature is requested


Tue Jan 10 10:36:00 IST 2023
Azure: Enterprise license for this feature is requested


Tue Jan 10 10:36:00 IST 2023
Azure: Enterprise license for this feature is requested


Tue Jan 10 10:36:00 IST 2023
Azure: Enterprise license for this feature is requested


Tue Jan 10 10:36:00 IST 2023
Azure: Enterprise license for this feature is requested


Tue Jan 10 10:36:00 IST 2023
Azure: Enterprise license for this feature is requested


Tue Jan 10 10:36:00 IST 2023
Azure: Enterprise license for this feature is requested


Tue Jan 10 10:36:00 IST 2023
Azure: Enterprise license for this feature is requested


Tue Jan 10 10:36:00 IST 2023
Azure: Enterprise license for this feature is requested


Tue Jan 10 10:36:00 IST 2023
Azure: Enterprise license for this feature is requested


Tue Jan 10 10:36:00 IST 2023
Azure: Enterprise license for this feature is requested


Tue Jan 10 10:36:00 IST 2023
Azure: Enterprise license for this feature is requested


Tue Jan 10 10:36:00 IST 2023
Azure: Enterprise license for this feature is requested


Tue Jan 10 10:36:00 IST 2023
Azure: Enterprise license for this feature is requested


Tue Jan 10 10:36:00 IST 2023
Azure: Enterprise license for this feature is requested


Tue Jan 10 10:36:00 IST 2023
Azure: Enterprise license for this feature is requested


Tue Jan 10 10:36:00 IST 2023
Azure: Enterprise license for this feature is requested


Tue Jan 10 10:36:00 IST 2023
Azure: Enterprise license for this feature is requested


Tue Jan 10 10:36:00 IST 2023
Azure: Enterprise license for this feature is requested


Tue Jan 10 10:36:00 IST 2023
Azure: Enterprise license for this feature is requested


Tue Jan 10 10:36:00 IST 2023
Azure: Enterprise license for this feature is requested


Tue Jan 10 10:36:00 IST 2023
Azure: Enterprise license for this feature is requested


Tue Jan 10 10:36:00 IST 2023
Azure: Enterprise license for this feature is requested


Tue Jan 10 10:36:00 IST 2023
Azure: Enterprise license for this feature is requested


Tue Jan 10 10:36:00 IST 2023
Azure: Enterprise license for this feature is requested


Tue Jan 10 10:36:00 IST 2023
Azure: Enterprise license for this feature is requested


Tue Jan 10 10:36:00 IST 2023
Azure: Enterprise license for this feature is requested


Tue Jan 10 10:36:00 IST 2023
Azure: Enterprise license for this feature is requested


Tue Jan 10 10:36:00 IST 2023
Azure: Enterprise license for this feature is requested


Tue Jan 10 10:36:00 IST 2023
Azure: Enterprise license for this feature is requested


Tue Jan 10 10:36:00 IST 2023
Azure: Enterprise license for this feature is requested


Tue Jan 10 10:36:00 IST 2023
Azure: Enterprise license for this feature is requested


Tue Jan 10 10:36:00 IST 2023
Azure: Enterprise license for this feature is requested


Tue Jan 10 10:36:00 IST 2023
Azure: Enterprise license for this feature is requested


Tue Jan 10 10:36:00 IST 2023
Azure: Enterprise license for this feature is requested


Tue Jan 10 10:36:00 IST 2023
Azure: Enterprise license for this feature is requested


Tue Jan 10 10:36:00 IST 2023
Azure: Enterprise license for this feature is requested


Tue Jan 10 10:36:00 IST 2023
Azure: Enterprise license for this feature is requested


Tue Jan 10 10:55:40 IST 2023
Azure: Enterprise license for this feature is requested

Expired License.
Expired License.
All launchers terminated
Start clean up session
End check license task
End clean up session
Start release license task
License released
End release license task
Start checking and mark activated for GUI mode
End checking and mark activated for GUI mode
Your current licensed session is valid until: January 11, 2023 11:09
Activating credentials...
Katalon TestOps: Unexpected response, URL: https://admin.katalon.com/oauth/token, Status: 400, Response: {"error":"invalid_grant","error_description":"Authentication failed."}

Tue Jan 10 15:17:04 IST 2023
com.kms.katalon.integration.analytics.exceptions.AnalyticsApiExeception: {"error":"invalid_grant","error_description":"Authentication failed."}
	at com.kms.katalon.integration.analytics.providers.AnalyticsApiProvider.executeRequest(AnalyticsApiProvider.java:704)
	at com.kms.katalon.integration.analytics.providers.AnalyticsApiProvider.executeRequest(AnalyticsApiProvider.java:716)
	at com.kms.katalon.integration.analytics.providers.AnalyticsApiProvider.requestToken(AnalyticsApiProvider.java:156)
	at com.kms.katalon.integration.analytics.providers.TestOpsFeatureActivatorImpl.connect(TestOpsFeatureActivatorImpl.java:45)
	at com.kms.katalon.application.utils.ActivationInfoCollector.getLicenseFromTestOps(ActivationInfoCollector.java:588)
	at com.kms.katalon.application.utils.ActivationInfoCollector.activate(ActivationInfoCollector.java:453)
	at com.kms.katalon.application.utils.ActivationInfoCollector.activate(ActivationInfoCollector.java:406)
	at com.kms.katalon.activation.dialog.ActivationDialogV2$9.lambda$0(ActivationDialogV2.java:302)
	at java.util.concurrent.Executors$RunnableAdapter.call(Executors.java:511)
	at java.util.concurrent.FutureTask.run(FutureTask.java:266)
	at java.util.concurrent.ThreadPoolExecutor.runWorker(ThreadPoolExecutor.java:1149)
	at java.util.concurrent.ThreadPoolExecutor$Worker.run(ThreadPoolExecutor.java:624)
	at java.lang.Thread.run(Thread.java:748)



Tue Jan 10 15:17:04 IST 2023
Activation collection is failed
com.kms.katalon.integration.analytics.exceptions.AnalyticsApiExeception: {"error":"invalid_grant","error_description":"Authentication failed."}
	at com.kms.katalon.integration.analytics.providers.AnalyticsApiProvider.executeRequest(AnalyticsApiProvider.java:704)
	at com.kms.katalon.integration.analytics.providers.AnalyticsApiProvider.executeRequest(AnalyticsApiProvider.java:716)
	at com.kms.katalon.integration.analytics.providers.AnalyticsApiProvider.requestToken(AnalyticsApiProvider.java:156)
	at com.kms.katalon.integration.analytics.providers.TestOpsFeatureActivatorImpl.connect(TestOpsFeatureActivatorImpl.java:45)
	at com.kms.katalon.application.utils.ActivationInfoCollector.getLicenseFromTestOps(ActivationInfoCollector.java:588)
	at com.kms.katalon.application.utils.ActivationInfoCollector.activate(ActivationInfoCollector.java:453)
	at com.kms.katalon.application.utils.ActivationInfoCollector.activate(ActivationInfoCollector.java:406)
	at com.kms.katalon.activation.dialog.ActivationDialogV2$9.lambda$0(ActivationDialogV2.java:302)
	at java.util.concurrent.Executors$RunnableAdapter.call(Executors.java:511)
	at java.util.concurrent.FutureTask.run(FutureTask.java:266)
	at java.util.concurrent.ThreadPoolExecutor.runWorker(ThreadPoolExecutor.java:1149)
	at java.util.concurrent.ThreadPoolExecutor$Worker.run(ThreadPoolExecutor.java:624)
	at java.lang.Thread.run(Thread.java:748)


Failed to activate user credentials. Error message: Authentication failed.
Activating credentials...
Katalon TestOps: Unexpected response, URL: https://admin.katalon.com/oauth/token, Status: 400, Response: {"error":"invalid_grant","error_description":"Authentication failed."}

Tue Jan 10 15:17:12 IST 2023
com.kms.katalon.integration.analytics.exceptions.AnalyticsApiExeception: {"error":"invalid_grant","error_description":"Authentication failed."}
	at com.kms.katalon.integration.analytics.providers.AnalyticsApiProvider.executeRequest(AnalyticsApiProvider.java:704)
	at com.kms.katalon.integration.analytics.providers.AnalyticsApiProvider.executeRequest(AnalyticsApiProvider.java:716)
	at com.kms.katalon.integration.analytics.providers.AnalyticsApiProvider.requestToken(AnalyticsApiProvider.java:156)
	at com.kms.katalon.integration.analytics.providers.TestOpsFeatureActivatorImpl.connect(TestOpsFeatureActivatorImpl.java:45)
	at com.kms.katalon.application.utils.ActivationInfoCollector.getLicenseFromTestOps(ActivationInfoCollector.java:588)
	at com.kms.katalon.application.utils.ActivationInfoCollector.activate(ActivationInfoCollector.java:453)
	at com.kms.katalon.application.utils.ActivationInfoCollector.activate(ActivationInfoCollector.java:406)
	at com.kms.katalon.activation.dialog.ActivationDialogV2$9.lambda$0(ActivationDialogV2.java:302)
	at java.util.concurrent.Executors$RunnableAdapter.call(Executors.java:511)
	at java.util.concurrent.FutureTask.run(FutureTask.java:266)
	at java.util.concurrent.ThreadPoolExecutor.runWorker(ThreadPoolExecutor.java:1149)
	at java.util.concurrent.ThreadPoolExecutor$Worker.run(ThreadPoolExecutor.java:624)
	at java.lang.Thread.run(Thread.java:748)



Tue Jan 10 15:17:12 IST 2023
Activation collection is failed
com.kms.katalon.integration.analytics.exceptions.AnalyticsApiExeception: {"error":"invalid_grant","error_description":"Authentication failed."}
	at com.kms.katalon.integration.analytics.providers.AnalyticsApiProvider.executeRequest(AnalyticsApiProvider.java:704)
	at com.kms.katalon.integration.analytics.providers.AnalyticsApiProvider.executeRequest(AnalyticsApiProvider.java:716)
	at com.kms.katalon.integration.analytics.providers.AnalyticsApiProvider.requestToken(AnalyticsApiProvider.java:156)
	at com.kms.katalon.integration.analytics.providers.TestOpsFeatureActivatorImpl.connect(TestOpsFeatureActivatorImpl.java:45)
	at com.kms.katalon.application.utils.ActivationInfoCollector.getLicenseFromTestOps(ActivationInfoCollector.java:588)
	at com.kms.katalon.application.utils.ActivationInfoCollector.activate(ActivationInfoCollector.java:453)
	at com.kms.katalon.application.utils.ActivationInfoCollector.activate(ActivationInfoCollector.java:406)
	at com.kms.katalon.activation.dialog.ActivationDialogV2$9.lambda$0(ActivationDialogV2.java:302)
	at java.util.concurrent.Executors$RunnableAdapter.call(Executors.java:511)
	at java.util.concurrent.FutureTask.run(FutureTask.java:266)
	at java.util.concurrent.ThreadPoolExecutor.runWorker(ThreadPoolExecutor.java:1149)
	at java.util.concurrent.ThreadPoolExecutor$Worker.run(ThreadPoolExecutor.java:624)
	at java.lang.Thread.run(Thread.java:748)


Failed to activate user credentials. Error message: Authentication failed.
Activating credentials...
Katalon TestOps: Unexpected response, URL: https://admin.katalon.com/oauth/token, Status: 400, Response: {"error":"invalid_grant","error_description":"Authentication failed."}

Tue Jan 10 15:17:33 IST 2023
com.kms.katalon.integration.analytics.exceptions.AnalyticsApiExeception: {"error":"invalid_grant","error_description":"Authentication failed."}
	at com.kms.katalon.integration.analytics.providers.AnalyticsApiProvider.executeRequest(AnalyticsApiProvider.java:704)
	at com.kms.katalon.integration.analytics.providers.AnalyticsApiProvider.executeRequest(AnalyticsApiProvider.java:716)
	at com.kms.katalon.integration.analytics.providers.AnalyticsApiProvider.requestToken(AnalyticsApiProvider.java:156)
	at com.kms.katalon.integration.analytics.providers.TestOpsFeatureActivatorImpl.connect(TestOpsFeatureActivatorImpl.java:45)
	at com.kms.katalon.application.utils.ActivationInfoCollector.getLicenseFromTestOps(ActivationInfoCollector.java:588)
	at com.kms.katalon.application.utils.ActivationInfoCollector.activate(ActivationInfoCollector.java:453)
	at com.kms.katalon.application.utils.ActivationInfoCollector.activate(ActivationInfoCollector.java:406)
	at com.kms.katalon.activation.dialog.ActivationDialogV2$9.lambda$0(ActivationDialogV2.java:302)
	at java.util.concurrent.Executors$RunnableAdapter.call(Executors.java:511)
	at java.util.concurrent.FutureTask.run(FutureTask.java:266)
	at java.util.concurrent.ThreadPoolExecutor.runWorker(ThreadPoolExecutor.java:1149)
	at java.util.concurrent.ThreadPoolExecutor$Worker.run(ThreadPoolExecutor.java:624)
	at java.lang.Thread.run(Thread.java:748)



Tue Jan 10 15:17:33 IST 2023
Activation collection is failed
com.kms.katalon.integration.analytics.exceptions.AnalyticsApiExeception: {"error":"invalid_grant","error_description":"Authentication failed."}
	at com.kms.katalon.integration.analytics.providers.AnalyticsApiProvider.executeRequest(AnalyticsApiProvider.java:704)
	at com.kms.katalon.integration.analytics.providers.AnalyticsApiProvider.executeRequest(AnalyticsApiProvider.java:716)
	at com.kms.katalon.integration.analytics.providers.AnalyticsApiProvider.requestToken(AnalyticsApiProvider.java:156)
	at com.kms.katalon.integration.analytics.providers.TestOpsFeatureActivatorImpl.connect(TestOpsFeatureActivatorImpl.java:45)
	at com.kms.katalon.application.utils.ActivationInfoCollector.getLicenseFromTestOps(ActivationInfoCollector.java:588)
	at com.kms.katalon.application.utils.ActivationInfoCollector.activate(ActivationInfoCollector.java:453)
	at com.kms.katalon.application.utils.ActivationInfoCollector.activate(ActivationInfoCollector.java:406)
	at com.kms.katalon.activation.dialog.ActivationDialogV2$9.lambda$0(ActivationDialogV2.java:302)
	at java.util.concurrent.Executors$RunnableAdapter.call(Executors.java:511)
	at java.util.concurrent.FutureTask.run(FutureTask.java:266)
	at java.util.concurrent.ThreadPoolExecutor.runWorker(ThreadPoolExecutor.java:1149)
	at java.util.concurrent.ThreadPoolExecutor$Worker.run(ThreadPoolExecutor.java:624)
	at java.lang.Thread.run(Thread.java:748)


Failed to activate user credentials. Error message: Authentication failed.
Activating credentials...
Fetching organizations...
Retrievinng token using credentials...
Fetching organizations using token...
3 organization(s) fetched
Start check license task

Tue Jan 10 15:18:11 IST 2023
Azure: Enterprise license for this feature is requested

Latest plugins responses: []
Katalon version: 8.5.5
Plugin info URL: https://store.katalon.com/api/products/ks?appVersion=8.5.5&appType=KSE&licenseType=FREE

Tue Jan 10 15:18:21 IST 2023
Azure: Enterprise license for this feature is requested


Tue Jan 10 15:18:25 IST 2023
Azure: Enterprise license for this feature is requested


Tue Jan 10 15:18:28 IST 2023
Azure: Enterprise license for this feature is requested


Tue Jan 10 15:18:31 IST 2023
Azure: Enterprise license for this feature is requested


Tue Jan 10 15:18:34 IST 2023
Azure: Enterprise license for this feature is requested


Tue Jan 10 15:25:40 IST 2023
Azure: Enterprise license for this feature is requested


Tue Jan 10 15:56:34 IST 2023
Azure: Enterprise license for this feature is requested


Tue Jan 10 17:52:14 IST 2023
Azure: Enterprise license for this feature is requested


Tue Jan 10 17:52:14 IST 2023
Azure: Enterprise license for this feature is requested


Tue Jan 10 17:52:14 IST 2023
Azure: Enterprise license for this feature is requested


Tue Jan 10 17:55:40 IST 2023
Azure: Enterprise license for this feature is requested


Tue Jan 10 18:37:41 IST 2023
Azure: Enterprise license for this feature is requested


Tue Jan 10 18:59:05 IST 2023
Azure: Enterprise license for this feature is requested


Wed Jan 11 10:12:47 IST 2023
Azure: Enterprise license for this feature is requested


Wed Jan 11 10:12:47 IST 2023
Azure: Enterprise license for this feature is requested


Wed Jan 11 10:12:47 IST 2023
Azure: Enterprise license for this feature is requested


Wed Jan 11 10:12:47 IST 2023
Azure: Enterprise license for this feature is requested


Wed Jan 11 10:12:47 IST 2023
Azure: Enterprise license for this feature is requested


Wed Jan 11 10:12:47 IST 2023
Azure: Enterprise license for this feature is requested


Wed Jan 11 10:12:47 IST 2023
Azure: Enterprise license for this feature is requested


Wed Jan 11 10:12:47 IST 2023
Azure: Enterprise license for this feature is requested


Wed Jan 11 10:12:47 IST 2023
Azure: Enterprise license for this feature is requested


Wed Jan 11 10:12:47 IST 2023
Azure: Enterprise license for this feature is requested


Wed Jan 11 10:12:47 IST 2023
Azure: Enterprise license for this feature is requested


Wed Jan 11 10:12:47 IST 2023
Azure: Enterprise license for this feature is requested


Wed Jan 11 10:12:47 IST 2023
Azure: Enterprise license for this feature is requested


Wed Jan 11 10:12:47 IST 2023
Azure: Enterprise license for this feature is requested


Wed Jan 11 10:12:47 IST 2023
Azure: Enterprise license for this feature is requested


Wed Jan 11 10:12:47 IST 2023
Azure: Enterprise license for this feature is requested


Wed Jan 11 10:12:47 IST 2023
Azure: Enterprise license for this feature is requested


Wed Jan 11 10:12:47 IST 2023
Azure: Enterprise license for this feature is requested


Wed Jan 11 10:12:47 IST 2023
Azure: Enterprise license for this feature is requested


Wed Jan 11 10:12:47 IST 2023
Azure: Enterprise license for this feature is requested


Wed Jan 11 10:12:47 IST 2023
Azure: Enterprise license for this feature is requested


Wed Jan 11 10:12:47 IST 2023
Azure: Enterprise license for this feature is requested


Wed Jan 11 10:12:47 IST 2023
Azure: Enterprise license for this feature is requested


Wed Jan 11 10:12:47 IST 2023
Azure: Enterprise license for this feature is requested


Wed Jan 11 10:12:47 IST 2023
Azure: Enterprise license for this feature is requested


Wed Jan 11 10:12:47 IST 2023
Azure: Enterprise license for this feature is requested


Wed Jan 11 10:12:47 IST 2023
Azure: Enterprise license for this feature is requested


Wed Jan 11 10:12:47 IST 2023
Azure: Enterprise license for this feature is requested


Wed Jan 11 10:12:47 IST 2023
Azure: Enterprise license for this feature is requested


Wed Jan 11 10:12:47 IST 2023
Azure: Enterprise license for this feature is requested


Wed Jan 11 10:26:12 IST 2023
Azure: Enterprise license for this feature is requested


Wed Jan 11 11:02:55 IST 2023
Azure: Enterprise license for this feature is requested


Wed Jan 11 11:27:32 IST 2023
Azure: Enterprise license for this feature is requested


Wed Jan 11 12:01:27 IST 2023
Azure: Enterprise license for this feature is requested


Wed Jan 11 12:25:42 IST 2023
Azure: Enterprise license for this feature is requested


Wed Jan 11 12:55:42 IST 2023
Azure: Enterprise license for this feature is requested


Wed Jan 11 13:25:42 IST 2023
Azure: Enterprise license for this feature is requested


Wed Jan 11 13:55:42 IST 2023
Azure: Enterprise license for this feature is requested


Wed Jan 11 14:25:42 IST 2023
Azure: Enterprise license for this feature is requested


Wed Jan 11 14:55:42 IST 2023
Azure: Enterprise license for this feature is requested


Wed Jan 11 15:25:42 IST 2023
Azure: Enterprise license for this feature is requested

CodeSelectRequestor: Could not proceed due to null declaring type for org.codehaus.groovy.ast.expr.ConstantExpression@732a3e5e[Object Repository/SC001_TC002OR/Page_Products/Product_Descr_ForEditProduct]

Wed Jan 11 15:55:42 IST 2023
Azure: Enterprise license for this feature is requested


Wed Jan 11 16:25:42 IST 2023
Azure: Enterprise license for this feature is requested


Wed Jan 11 17:24:58 IST 2023
Azure: Enterprise license for this feature is requested


Wed Jan 11 17:25:00 IST 2023
java.lang.NumberFormatException: null
	at java.lang.Integer.parseInt(Integer.java:542)
	at java.lang.Integer.parseInt(Integer.java:615)
	at com.kms.katalon.application.utils.EntityTrackingHelper$1.run(EntityTrackingHelper.java:23)
	at java.util.concurrent.Executors$RunnableAdapter.call(Executors.java:511)
	at java.util.concurrent.FutureTask.run(FutureTask.java:266)
	at java.util.concurrent.ThreadPoolExecutor.runWorker(ThreadPoolExecutor.java:1149)
	at java.util.concurrent.ThreadPoolExecutor$Worker.run(ThreadPoolExecutor.java:624)
	at java.lang.Thread.run(Thread.java:748)



Wed Jan 11 17:25:03 IST 2023
Azure: Enterprise license for this feature is requested


Wed Jan 11 17:25:04 IST 2023
Azure: Enterprise license for this feature is requested


Wed Jan 11 17:25:04 IST 2023
Azure: Enterprise license for this feature is requested


Wed Jan 11 17:25:04 IST 2023
Azure: Enterprise license for this feature is requested


Wed Jan 11 17:25:04 IST 2023
Azure: Enterprise license for this feature is requested


Wed Jan 11 17:25:04 IST 2023
Azure: Enterprise license for this feature is requested


Wed Jan 11 17:25:42 IST 2023
Azure: Enterprise license for this feature is requested


Wed Jan 11 17:25:59 IST 2023
Azure: Enterprise license for this feature is requested


Wed Jan 11 17:26:29 IST 2023
Azure: Enterprise license for this feature is requested


Wed Jan 11 17:26:29 IST 2023
Azure: Enterprise license for this feature is requested


Wed Jan 11 17:26:29 IST 2023
Azure: Enterprise license for this feature is requested


Wed Jan 11 17:26:29 IST 2023
Azure: Enterprise license for this feature is requested


Wed Jan 11 17:26:29 IST 2023
Azure: Enterprise license for this feature is requested


Wed Jan 11 17:26:30 IST 2023
Azure: Enterprise license for this feature is requested


Wed Jan 11 17:26:37 IST 2023
Azure: Enterprise license for this feature is requested


Wed Jan 11 17:27:19 IST 2023
Azure: Enterprise license for this feature is requested


Wed Jan 11 17:27:19 IST 2023
Azure: Enterprise license for this feature is requested


Wed Jan 11 17:27:19 IST 2023
Azure: Enterprise license for this feature is requested


Wed Jan 11 17:27:19 IST 2023
Azure: Enterprise license for this feature is requested


Wed Jan 11 17:27:19 IST 2023
Azure: Enterprise license for this feature is requested


Wed Jan 11 17:27:19 IST 2023
Azure: Enterprise license for this feature is requested


Wed Jan 11 17:27:19 IST 2023
Azure: Enterprise license for this feature is requested

All launchers terminated

Wed Jan 11 17:27:30 IST 2023
Azure: Enterprise license for this feature is requested

Latest plugins responses: []
Katalon version: 8.5.5
Plugin info URL: https://store.katalon.com/api/products/ks?appVersion=8.5.5&appType=KSE&licenseType=FREE

Wed Jan 11 17:27:40 IST 2023
Azure: Enterprise license for this feature is requested


Wed Jan 11 17:28:03 IST 2023
Azure: Enterprise license for this feature is requested


Wed Jan 11 17:29:06 IST 2023
Azure: Enterprise license for this feature is requested


Wed Jan 11 17:29:13 IST 2023
Azure: Enterprise license for this feature is requested


Wed Jan 11 17:29:32 IST 2023
Azure: Enterprise license for this feature is requested

All launchers terminated
Start clean up session
End check license task
End clean up session
Start release license task
License released
End release license task
