Not a valid list position.
Could not find element with Id 'katalon.composer.objectrepository.handledmenuitem.spyweb'
Could not find element with Id 'com.kms.katalon.composer.integration.analytics.handledtoolitem.katalonTestOps'
Could not find element with Id 'com.kms.katalon.composer.mobile.dynamicmenucontribution.ios'
Could not find element with Id 'com.kms.katalon.composer.mobile.dynamicmenucontribution.ios'
Warning: NLS unused message: Key in: com.kms.katalon.composer.project.constants.composerProjectMessages
Warning: NLS unused message: Key in: com.kms.katalon.composer.testcase.constants.composerTestcaseMessages
Warning: NLS missing message: BTN_ADDTESTSUITE in: com.kms.katalon.composer.testcase.constants.composerTestcaseMessages
Warning: NLS unused message: DIA_LBL_SELECT_TEST_DATA in: com.kms.katalon.composer.testsuite.constants.composerTestsuiteMessages
Warning: NLS unused message: HAND_WARN_TS_REQUIRES_PLUGIN_DYNAMIC_EXECUTION_TO_OPEN in: com.kms.katalon.composer.testsuite.constants.composerTestsuiteMessages
Warning: NLS unused message: DIA_INFO_KSE_COMBINE_MULTI_DATASOURCE in: com.kms.katalon.composer.testsuite.constants.composerTestsuiteMessages
Warning: NLS missing message: DIA_SHELL_DATA_ITERATION in: com.kms.katalon.composer.testsuite.constants.composerTestsuiteMessages
Warning: NLS missing message: DIA_LBL_TO_ROW in: com.kms.katalon.composer.testsuite.constants.composerTestsuiteMessages
Warning: NLS missing message: DIA_MSG_START_ROW_BIGGER_THAN_END_ROW in: com.kms.katalon.composer.testsuite.constants.composerTestsuiteMessages
Warning: NLS missing message: EDI_TITLE_TEST_CASE_BROWSER in: com.kms.katalon.composer.testsuite.constants.composerTestsuiteMessages
Warning: NLS missing message: DIA_MSG_CHOOSE_DATA_COLUMN in: com.kms.katalon.composer.testsuite.constants.composerTestsuiteMessages
Warning: NLS missing message: DIA_TABLE_EMPTY_COLUMN in: com.kms.katalon.composer.testsuite.constants.composerTestsuiteMessages
Warning: NLS missing message: DIA_WARN_MSG_EMPTY_COLUMN_NAME in: com.kms.katalon.composer.testsuite.constants.composerTestsuiteMessages
Warning: NLS missing message: PA_LBL_TOOLTIP_RETRY_IMMEDIATELY in: com.kms.katalon.composer.testsuite.constants.composerTestsuiteMessages
Warning: NLS unused message: Key in: com.kms.katalon.composer.objectrepository.constant.composerObjectRepositoryMessages
WebView Server has been started on port 61290
Warning: NLS missing message: PA_URL_SUPPORT_PORTAL in: com.kms.katalon.constants.messages
Warning: NLS missing message: URL_KATALON_SURVEY in: com.kms.katalon.constants.messages
Warning: NLS missing message: OFFLINE_ACTIVATION in: com.kms.katalon.constants.messages
Warning: NLS missing message: ENTERPRISE_TRIAL_LICENSE in: com.kms.katalon.constants.messages
Warning: NLS missing message: ActivationDialogV2_LBL_ENTERPRISE_LICENSE in: com.kms.katalon.constants.messages
Warning: NLS missing message: DIALOG_TITLE_FIRST_TIME_USE_SURVEY in: com.kms.katalon.constants.messages
Warning: NLS missing message: BTN_YES_CONTINUE_USE in: com.kms.katalon.constants.messages
Warning: NLS missing message: BTN_NO_QUIT_USING in: com.kms.katalon.constants.messages
Warning: NLS missing message: BTN_SEND in: com.kms.katalon.constants.messages
Warning: NLS missing message: MSG_QUESTION_WILL_CONTINUE_TO_USE in: com.kms.katalon.constants.messages
Warning: NLS missing message: MSG_QUIT_USING_KATALON_REASON in: com.kms.katalon.constants.messages
Warning: NLS missing message: MSG_QUIT_USING_KATALON_REASON_PLACEHOLDER in: com.kms.katalon.constants.messages
Start checking and mark activated for GUI mode
Start getting machine ID on Windows
Start appending additional signatures
hardwareSerialNumber 
osDependentUsername hp
End appending additional signatures 62532fe0-f0e6-4bc7-8c3c-88d703e001eb__hp
End getting machine ID on Windows 3e88d5dd9cc3224adb59187d5ff6c5de
End checking and mark activated for GUI mode
Your current licensed session is valid until: December 31, 2022 12:19
Start check license task
Warning: NLS unused message: LBL_DEFAULT_LOCATOR_SELECTION_AREA in: com.katalon.plugin.smart_xpath.constant.SmartXpathMessages

Fri Dec 30 12:19:55 IST 2022
Azure: Enterprise license for this feature is requested

Warning: NLS unused message: DIA_LBL_LIST_OF_COL_NAMES in: com.kms.katalon.composer.components.impl.constants.composerComponentsImplMessages
Warning: NLS unused message: DIA_LBL_SELECT_A_COL in: com.kms.katalon.composer.components.impl.constants.composerComponentsImplMessages
Latest plugins responses: []
Katalon version: 8.5.5
Plugin info URL: https://store.katalon.com/api/products/ks?appVersion=8.5.5&appType=KSE&licenseType=FREE

Fri Dec 30 12:20:12 IST 2022
Azure: Enterprise license for this feature is requested


Fri Dec 30 12:20:17 IST 2022
Azure: Enterprise license for this feature is requested


Fri Dec 30 12:20:21 IST 2022
Azure: Enterprise license for this feature is requested

CodeSelectRequestor: Could not proceed due to null declaring type for org.codehaus.groovy.ast.expr.ConstantExpression@78d76098[https://queuebuster.co/manage/setup/products.php]

Fri Dec 30 12:49:55 IST 2022
Azure: Enterprise license for this feature is requested

CodeSelectRequestor: Could not proceed due to null declaring type for org.codehaus.groovy.ast.expr.ConstantExpression@3f20ac0[Object Repository/SC001_TC002OR/Page_Products/Product_Descr_ForEditProduct]

Fri Dec 30 13:19:39 IST 2022
Azure: Enterprise license for this feature is requested

Expired License.
Expired License.

Mon Jan 02 10:20:35 IST 2023
com.kms.katalon.integration.analytics.exceptions.AnalyticsApiExeception: java.net.UnknownHostException: admin.katalon.com
	at com.kms.katalon.integration.analytics.exceptions.AnalyticsApiExeception.wrap(AnalyticsApiExeception.java:23)
	at com.kms.katalon.integration.analytics.providers.AnalyticsApiProvider.requestToken(AnalyticsApiProvider.java:158)
	at com.kms.katalon.integration.analytics.providers.TestOpsFeatureActivatorImpl.connect(TestOpsFeatureActivatorImpl.java:45)
	at com.kms.katalon.application.utils.ActivationInfoCollector.getLicenseFromTestOps(ActivationInfoCollector.java:588)
	at com.kms.katalon.application.utils.ActivationInfoCollector.activate(ActivationInfoCollector.java:453)
	at com.kms.katalon.application.utils.ActivationInfoCollector.checkAndMarkActivatedForGUIMode(ActivationInfoCollector.java:148)
	at com.kms.katalon.core.application.ApplicationStaupHandler.lambda$2(ApplicationStaupHandler.java:93)
	at com.kms.katalon.application.utils.ActivationInfoCollector.lambda$1(ActivationInfoCollector.java:966)
	at java.util.concurrent.Executors$RunnableAdapter.call(Executors.java:511)
	at java.util.concurrent.FutureTask.runAndReset(FutureTask.java:308)
	at java.util.concurrent.ScheduledThreadPoolExecutor$ScheduledFutureTask.access$301(ScheduledThreadPoolExecutor.java:180)
	at java.util.concurrent.ScheduledThreadPoolExecutor$ScheduledFutureTask.run(ScheduledThreadPoolExecutor.java:294)
	at java.util.concurrent.ThreadPoolExecutor.runWorker(ThreadPoolExecutor.java:1149)
	at java.util.concurrent.ThreadPoolExecutor$Worker.run(ThreadPoolExecutor.java:624)
	at java.lang.Thread.run(Thread.java:748)
Caused by: java.net.UnknownHostException: admin.katalon.com
	at java.net.Inet6AddressImpl.lookupAllHostAddr(Native Method)
	at java.net.InetAddress$2.lookupAllHostAddr(InetAddress.java:929)
	at java.net.InetAddress.getAddressesFromNameService(InetAddress.java:1324)
	at java.net.InetAddress.getAllByName0(InetAddress.java:1277)
	at java.net.InetAddress.getAllByName(InetAddress.java:1193)
	at java.net.InetAddress.getAllByName(InetAddress.java:1127)
	at org.apache.http.impl.conn.SystemDefaultDnsResolver.resolve(SystemDefaultDnsResolver.java:45)
	at org.apache.http.impl.conn.DefaultHttpClientConnectionOperator.connect(DefaultHttpClientConnectionOperator.java:111)
	at org.apache.http.impl.conn.PoolingHttpClientConnectionManager.connect(PoolingHttpClientConnectionManager.java:353)
	at org.apache.http.impl.execchain.MainClientExec.establishRoute(MainClientExec.java:380)
	at org.apache.http.impl.execchain.MainClientExec.execute(MainClientExec.java:236)
	at org.apache.http.impl.execchain.ProtocolExec.execute(ProtocolExec.java:184)
	at org.apache.http.impl.execchain.RetryExec.execute(RetryExec.java:88)
	at org.apache.http.impl.execchain.RedirectExec.execute(RedirectExec.java:110)
	at org.apache.http.impl.client.InternalHttpClient.doExecute(InternalHttpClient.java:184)
	at org.apache.http.impl.client.CloseableHttpClient.execute(CloseableHttpClient.java:82)
	at org.apache.http.impl.client.CloseableHttpClient.execute(CloseableHttpClient.java:107)
	at org.apache.http.impl.client.CloseableHttpClient.execute(CloseableHttpClient.java:55)
	at com.kms.katalon.integration.analytics.providers.AnalyticsApiProvider.executeRequest(AnalyticsApiProvider.java:681)
	at com.kms.katalon.integration.analytics.providers.AnalyticsApiProvider.executeRequest(AnalyticsApiProvider.java:716)
	at com.kms.katalon.integration.analytics.providers.AnalyticsApiProvider.requestToken(AnalyticsApiProvider.java:156)
	... 13 more



Mon Jan 02 10:20:35 IST 2023
Activation collection is failed
com.kms.katalon.integration.analytics.exceptions.AnalyticsApiExeception: java.net.UnknownHostException: admin.katalon.com
	at com.kms.katalon.integration.analytics.exceptions.AnalyticsApiExeception.wrap(AnalyticsApiExeception.java:23)
	at com.kms.katalon.integration.analytics.providers.AnalyticsApiProvider.requestToken(AnalyticsApiProvider.java:158)
	at com.kms.katalon.integration.analytics.providers.TestOpsFeatureActivatorImpl.connect(TestOpsFeatureActivatorImpl.java:45)
	at com.kms.katalon.application.utils.ActivationInfoCollector.getLicenseFromTestOps(ActivationInfoCollector.java:588)
	at com.kms.katalon.application.utils.ActivationInfoCollector.activate(ActivationInfoCollector.java:453)
	at com.kms.katalon.application.utils.ActivationInfoCollector.checkAndMarkActivatedForGUIMode(ActivationInfoCollector.java:148)
	at com.kms.katalon.core.application.ApplicationStaupHandler.lambda$2(ApplicationStaupHandler.java:93)
	at com.kms.katalon.application.utils.ActivationInfoCollector.lambda$1(ActivationInfoCollector.java:966)
	at java.util.concurrent.Executors$RunnableAdapter.call(Executors.java:511)
	at java.util.concurrent.FutureTask.runAndReset(FutureTask.java:308)
	at java.util.concurrent.ScheduledThreadPoolExecutor$ScheduledFutureTask.access$301(ScheduledThreadPoolExecutor.java:180)
	at java.util.concurrent.ScheduledThreadPoolExecutor$ScheduledFutureTask.run(ScheduledThreadPoolExecutor.java:294)
	at java.util.concurrent.ThreadPoolExecutor.runWorker(ThreadPoolExecutor.java:1149)
	at java.util.concurrent.ThreadPoolExecutor$Worker.run(ThreadPoolExecutor.java:624)
	at java.lang.Thread.run(Thread.java:748)
Caused by: java.net.UnknownHostException: admin.katalon.com
	at java.net.Inet6AddressImpl.lookupAllHostAddr(Native Method)
	at java.net.InetAddress$2.lookupAllHostAddr(InetAddress.java:929)
	at java.net.InetAddress.getAddressesFromNameService(InetAddress.java:1324)
	at java.net.InetAddress.getAllByName0(InetAddress.java:1277)
	at java.net.InetAddress.getAllByName(InetAddress.java:1193)
	at java.net.InetAddress.getAllByName(InetAddress.java:1127)
	at org.apache.http.impl.conn.SystemDefaultDnsResolver.resolve(SystemDefaultDnsResolver.java:45)
	at org.apache.http.impl.conn.DefaultHttpClientConnectionOperator.connect(DefaultHttpClientConnectionOperator.java:111)
	at org.apache.http.impl.conn.PoolingHttpClientConnectionManager.connect(PoolingHttpClientConnectionManager.java:353)
	at org.apache.http.impl.execchain.MainClientExec.establishRoute(MainClientExec.java:380)
	at org.apache.http.impl.execchain.MainClientExec.execute(MainClientExec.java:236)
	at org.apache.http.impl.execchain.ProtocolExec.execute(ProtocolExec.java:184)
	at org.apache.http.impl.execchain.RetryExec.execute(RetryExec.java:88)
	at org.apache.http.impl.execchain.RedirectExec.execute(RedirectExec.java:110)
	at org.apache.http.impl.client.InternalHttpClient.doExecute(InternalHttpClient.java:184)
	at org.apache.http.impl.client.CloseableHttpClient.execute(CloseableHttpClient.java:82)
	at org.apache.http.impl.client.CloseableHttpClient.execute(CloseableHttpClient.java:107)
	at org.apache.http.impl.client.CloseableHttpClient.execute(CloseableHttpClient.java:55)
	at com.kms.katalon.integration.analytics.providers.AnalyticsApiProvider.executeRequest(AnalyticsApiProvider.java:681)
	at com.kms.katalon.integration.analytics.providers.AnalyticsApiProvider.executeRequest(AnalyticsApiProvider.java:716)
	at com.kms.katalon.integration.analytics.providers.AnalyticsApiProvider.requestToken(AnalyticsApiProvider.java:156)
	... 13 more


Expired License.
Expired License.

Mon Jan 02 10:23:40 IST 2023
Azure: Enterprise license for this feature is requested


Mon Jan 02 10:23:40 IST 2023
Azure: Enterprise license for this feature is requested


Mon Jan 02 10:23:40 IST 2023
Azure: Enterprise license for this feature is requested


Mon Jan 02 10:23:40 IST 2023
Azure: Enterprise license for this feature is requested


Mon Jan 02 10:23:40 IST 2023
Azure: Enterprise license for this feature is requested


Mon Jan 02 10:23:40 IST 2023
Azure: Enterprise license for this feature is requested


Mon Jan 02 10:23:40 IST 2023
Azure: Enterprise license for this feature is requested


Mon Jan 02 10:23:40 IST 2023
Azure: Enterprise license for this feature is requested


Mon Jan 02 10:23:40 IST 2023
Azure: Enterprise license for this feature is requested


Mon Jan 02 10:23:40 IST 2023
Azure: Enterprise license for this feature is requested


Mon Jan 02 10:23:40 IST 2023
Azure: Enterprise license for this feature is requested


Mon Jan 02 10:23:40 IST 2023
Azure: Enterprise license for this feature is requested


Mon Jan 02 10:23:40 IST 2023
Azure: Enterprise license for this feature is requested


Mon Jan 02 10:23:40 IST 2023
Azure: Enterprise license for this feature is requested


Mon Jan 02 10:23:40 IST 2023
Azure: Enterprise license for this feature is requested


Mon Jan 02 10:23:41 IST 2023
Azure: Enterprise license for this feature is requested


Mon Jan 02 10:23:41 IST 2023
Azure: Enterprise license for this feature is requested


Mon Jan 02 10:23:41 IST 2023
Azure: Enterprise license for this feature is requested


Mon Jan 02 10:23:41 IST 2023
Azure: Enterprise license for this feature is requested


Mon Jan 02 10:23:41 IST 2023
Azure: Enterprise license for this feature is requested


Mon Jan 02 10:23:41 IST 2023
Azure: Enterprise license for this feature is requested


Mon Jan 02 10:23:41 IST 2023
Azure: Enterprise license for this feature is requested


Mon Jan 02 10:23:41 IST 2023
Azure: Enterprise license for this feature is requested


Mon Jan 02 10:23:41 IST 2023
Azure: Enterprise license for this feature is requested


Mon Jan 02 10:23:41 IST 2023
Azure: Enterprise license for this feature is requested


Mon Jan 02 10:23:41 IST 2023
Azure: Enterprise license for this feature is requested


Mon Jan 02 10:23:41 IST 2023
Azure: Enterprise license for this feature is requested


Mon Jan 02 10:23:41 IST 2023
Azure: Enterprise license for this feature is requested


Mon Jan 02 10:23:41 IST 2023
Azure: Enterprise license for this feature is requested


Mon Jan 02 10:23:41 IST 2023
Azure: Enterprise license for this feature is requested


Mon Jan 02 10:23:41 IST 2023
Azure: Enterprise license for this feature is requested


Mon Jan 02 10:23:41 IST 2023
Azure: Enterprise license for this feature is requested


Mon Jan 02 10:23:41 IST 2023
Azure: Enterprise license for this feature is requested


Mon Jan 02 10:23:41 IST 2023
Azure: Enterprise license for this feature is requested


Mon Jan 02 10:23:41 IST 2023
Azure: Enterprise license for this feature is requested


Mon Jan 02 10:23:41 IST 2023
Azure: Enterprise license for this feature is requested


Mon Jan 02 10:23:41 IST 2023
Azure: Enterprise license for this feature is requested


Mon Jan 02 10:23:41 IST 2023
Azure: Enterprise license for this feature is requested


Mon Jan 02 10:23:41 IST 2023
Azure: Enterprise license for this feature is requested


Mon Jan 02 10:23:41 IST 2023
Azure: Enterprise license for this feature is requested


Mon Jan 02 10:23:41 IST 2023
Azure: Enterprise license for this feature is requested


Mon Jan 02 10:23:41 IST 2023
Azure: Enterprise license for this feature is requested


Mon Jan 02 10:23:41 IST 2023
Azure: Enterprise license for this feature is requested


Mon Jan 02 10:23:41 IST 2023
Azure: Enterprise license for this feature is requested


Mon Jan 02 10:23:41 IST 2023
Azure: Enterprise license for this feature is requested


Mon Jan 02 10:23:41 IST 2023
Azure: Enterprise license for this feature is requested


Mon Jan 02 10:23:41 IST 2023
Azure: Enterprise license for this feature is requested


Mon Jan 02 10:23:41 IST 2023
Azure: Enterprise license for this feature is requested


Mon Jan 02 10:23:41 IST 2023
Azure: Enterprise license for this feature is requested


Mon Jan 02 10:23:41 IST 2023
Azure: Enterprise license for this feature is requested


Mon Jan 02 10:23:41 IST 2023
Azure: Enterprise license for this feature is requested


Mon Jan 02 10:23:41 IST 2023
Azure: Enterprise license for this feature is requested


Mon Jan 02 10:23:42 IST 2023
Azure: Enterprise license for this feature is requested


Mon Jan 02 10:23:42 IST 2023
Azure: Enterprise license for this feature is requested


Mon Jan 02 10:23:42 IST 2023
Azure: Enterprise license for this feature is requested


Mon Jan 02 10:23:42 IST 2023
Azure: Enterprise license for this feature is requested


Mon Jan 02 10:23:42 IST 2023
Azure: Enterprise license for this feature is requested


Mon Jan 02 10:23:42 IST 2023
Azure: Enterprise license for this feature is requested


Mon Jan 02 10:23:42 IST 2023
Azure: Enterprise license for this feature is requested


Mon Jan 02 10:23:42 IST 2023
Azure: Enterprise license for this feature is requested


Mon Jan 02 10:23:42 IST 2023
Azure: Enterprise license for this feature is requested


Mon Jan 02 10:23:42 IST 2023
Azure: Enterprise license for this feature is requested


Mon Jan 02 10:23:42 IST 2023
Azure: Enterprise license for this feature is requested


Mon Jan 02 10:23:42 IST 2023
Azure: Enterprise license for this feature is requested


Mon Jan 02 10:23:42 IST 2023
Azure: Enterprise license for this feature is requested


Mon Jan 02 10:23:42 IST 2023
Azure: Enterprise license for this feature is requested


Mon Jan 02 10:23:42 IST 2023
Azure: Enterprise license for this feature is requested


Mon Jan 02 10:23:42 IST 2023
Azure: Enterprise license for this feature is requested


Mon Jan 02 10:23:42 IST 2023
Azure: Enterprise license for this feature is requested


Mon Jan 02 10:23:42 IST 2023
Azure: Enterprise license for this feature is requested


Mon Jan 02 10:23:42 IST 2023
Azure: Enterprise license for this feature is requested


Mon Jan 02 10:23:42 IST 2023
Azure: Enterprise license for this feature is requested


Mon Jan 02 10:23:42 IST 2023
Azure: Enterprise license for this feature is requested


Mon Jan 02 10:23:42 IST 2023
Azure: Enterprise license for this feature is requested


Mon Jan 02 10:23:42 IST 2023
Azure: Enterprise license for this feature is requested


Mon Jan 02 10:23:42 IST 2023
Azure: Enterprise license for this feature is requested


Mon Jan 02 10:23:42 IST 2023
Azure: Enterprise license for this feature is requested


Mon Jan 02 10:23:42 IST 2023
Azure: Enterprise license for this feature is requested


Mon Jan 02 10:23:42 IST 2023
Azure: Enterprise license for this feature is requested


Mon Jan 02 10:23:42 IST 2023
Azure: Enterprise license for this feature is requested


Mon Jan 02 10:23:42 IST 2023
Azure: Enterprise license for this feature is requested


Mon Jan 02 10:23:42 IST 2023
Azure: Enterprise license for this feature is requested


Mon Jan 02 10:23:42 IST 2023
Azure: Enterprise license for this feature is requested


Mon Jan 02 10:23:42 IST 2023
Azure: Enterprise license for this feature is requested


Mon Jan 02 10:23:42 IST 2023
Azure: Enterprise license for this feature is requested


Mon Jan 02 10:23:42 IST 2023
Azure: Enterprise license for this feature is requested


Mon Jan 02 10:23:42 IST 2023
Azure: Enterprise license for this feature is requested


Mon Jan 02 10:23:42 IST 2023
Azure: Enterprise license for this feature is requested


Mon Jan 02 10:23:42 IST 2023
Azure: Enterprise license for this feature is requested


Mon Jan 02 10:23:42 IST 2023
Azure: Enterprise license for this feature is requested


Mon Jan 02 10:23:42 IST 2023
Azure: Enterprise license for this feature is requested


Mon Jan 02 10:23:42 IST 2023
Azure: Enterprise license for this feature is requested


Mon Jan 02 10:23:43 IST 2023
Azure: Enterprise license for this feature is requested


Mon Jan 02 10:23:43 IST 2023
Azure: Enterprise license for this feature is requested


Mon Jan 02 10:23:43 IST 2023
Azure: Enterprise license for this feature is requested


Mon Jan 02 10:23:43 IST 2023
Azure: Enterprise license for this feature is requested


Mon Jan 02 10:23:43 IST 2023
Azure: Enterprise license for this feature is requested


Mon Jan 02 10:23:43 IST 2023
Azure: Enterprise license for this feature is requested


Mon Jan 02 10:23:43 IST 2023
Azure: Enterprise license for this feature is requested


Mon Jan 02 10:23:43 IST 2023
Azure: Enterprise license for this feature is requested


Mon Jan 02 10:23:43 IST 2023
Azure: Enterprise license for this feature is requested


Mon Jan 02 10:23:43 IST 2023
Azure: Enterprise license for this feature is requested


Mon Jan 02 10:23:43 IST 2023
Azure: Enterprise license for this feature is requested


Mon Jan 02 10:23:43 IST 2023
Azure: Enterprise license for this feature is requested


Mon Jan 02 10:23:43 IST 2023
Azure: Enterprise license for this feature is requested


Mon Jan 02 10:23:43 IST 2023
Azure: Enterprise license for this feature is requested


Mon Jan 02 10:23:43 IST 2023
Azure: Enterprise license for this feature is requested


Mon Jan 02 10:23:43 IST 2023
Azure: Enterprise license for this feature is requested


Mon Jan 02 10:23:43 IST 2023
Azure: Enterprise license for this feature is requested


Mon Jan 02 10:23:43 IST 2023
Azure: Enterprise license for this feature is requested


Mon Jan 02 10:23:43 IST 2023
Azure: Enterprise license for this feature is requested


Mon Jan 02 10:23:43 IST 2023
Azure: Enterprise license for this feature is requested


Mon Jan 02 10:23:43 IST 2023
Azure: Enterprise license for this feature is requested


Mon Jan 02 10:23:43 IST 2023
Azure: Enterprise license for this feature is requested


Mon Jan 02 10:23:43 IST 2023
Azure: Enterprise license for this feature is requested


Mon Jan 02 10:23:43 IST 2023
Azure: Enterprise license for this feature is requested


Mon Jan 02 10:23:43 IST 2023
Azure: Enterprise license for this feature is requested


Mon Jan 02 10:23:43 IST 2023
Azure: Enterprise license for this feature is requested


Mon Jan 02 10:23:43 IST 2023
Azure: Enterprise license for this feature is requested


Mon Jan 02 10:23:43 IST 2023
Azure: Enterprise license for this feature is requested


Mon Jan 02 10:23:43 IST 2023
Azure: Enterprise license for this feature is requested


Mon Jan 02 10:23:43 IST 2023
Azure: Enterprise license for this feature is requested


Mon Jan 02 10:23:43 IST 2023
Azure: Enterprise license for this feature is requested


Mon Jan 02 10:23:43 IST 2023
Azure: Enterprise license for this feature is requested


Mon Jan 02 10:23:43 IST 2023
Azure: Enterprise license for this feature is requested


Mon Jan 02 10:23:43 IST 2023
Azure: Enterprise license for this feature is requested


Mon Jan 02 10:23:43 IST 2023
Azure: Enterprise license for this feature is requested


Mon Jan 02 10:23:43 IST 2023
Azure: Enterprise license for this feature is requested


Mon Jan 02 10:23:43 IST 2023
Azure: Enterprise license for this feature is requested


Mon Jan 02 10:23:43 IST 2023
Azure: Enterprise license for this feature is requested


Mon Jan 02 10:23:43 IST 2023
Azure: Enterprise license for this feature is requested


Mon Jan 02 10:23:43 IST 2023
Azure: Enterprise license for this feature is requested


Mon Jan 02 10:23:43 IST 2023
Azure: Enterprise license for this feature is requested


Mon Jan 02 10:23:43 IST 2023
Azure: Enterprise license for this feature is requested


Mon Jan 02 10:23:44 IST 2023
Azure: Enterprise license for this feature is requested


Mon Jan 02 10:23:44 IST 2023
Azure: Enterprise license for this feature is requested


Mon Jan 02 10:23:44 IST 2023
Azure: Enterprise license for this feature is requested


Mon Jan 02 10:23:44 IST 2023
Azure: Enterprise license for this feature is requested

All launchers terminated
Start clean up session
End check license task
End clean up session
Start release license task
License released
End release license task
Start checking and mark activated for GUI mode
End checking and mark activated for GUI mode
Your current licensed session is valid until: January 03, 2023 10:21
All launchers terminated
Start clean up session
End check license task
End clean up session
Start release license task
End release license task
