Not a valid list position.
Could not find element with Id 'katalon.composer.objectrepository.handledmenuitem.spyweb'
Could not find element with Id 'com.kms.katalon.composer.integration.analytics.handledtoolitem.katalonTestOps'
Could not find element with Id 'com.kms.katalon.composer.mobile.dynamicmenucontribution.ios'
Could not find element with Id 'com.kms.katalon.composer.mobile.dynamicmenucontribution.ios'
Warning: NLS unused message: Key in: com.kms.katalon.composer.project.constants.composerProjectMessages
Warning: NLS unused message: Key in: com.kms.katalon.composer.testcase.constants.composerTestcaseMessages
Warning: NLS missing message: BTN_ADDTESTSUITE in: com.kms.katalon.composer.testcase.constants.composerTestcaseMessages
Warning: NLS unused message: DIA_LBL_SELECT_TEST_DATA in: com.kms.katalon.composer.testsuite.constants.composerTestsuiteMessages
Warning: NLS unused message: HAND_WARN_TS_REQUIRES_PLUGIN_DYNAMIC_EXECUTION_TO_OPEN in: com.kms.katalon.composer.testsuite.constants.composerTestsuiteMessages
Warning: NLS unused message: DIA_INFO_KSE_COMBINE_MULTI_DATASOURCE in: com.kms.katalon.composer.testsuite.constants.composerTestsuiteMessages
Warning: NLS missing message: DIA_SHELL_DATA_ITERATION in: com.kms.katalon.composer.testsuite.constants.composerTestsuiteMessages
Warning: NLS missing message: DIA_LBL_TO_ROW in: com.kms.katalon.composer.testsuite.constants.composerTestsuiteMessages
Warning: NLS missing message: DIA_MSG_START_ROW_BIGGER_THAN_END_ROW in: com.kms.katalon.composer.testsuite.constants.composerTestsuiteMessages
Warning: NLS missing message: EDI_TITLE_TEST_CASE_BROWSER in: com.kms.katalon.composer.testsuite.constants.composerTestsuiteMessages
Warning: NLS missing message: DIA_MSG_CHOOSE_DATA_COLUMN in: com.kms.katalon.composer.testsuite.constants.composerTestsuiteMessages
Warning: NLS missing message: DIA_TABLE_EMPTY_COLUMN in: com.kms.katalon.composer.testsuite.constants.composerTestsuiteMessages
Warning: NLS missing message: DIA_WARN_MSG_EMPTY_COLUMN_NAME in: com.kms.katalon.composer.testsuite.constants.composerTestsuiteMessages
Warning: NLS missing message: PA_LBL_TOOLTIP_RETRY_IMMEDIATELY in: com.kms.katalon.composer.testsuite.constants.composerTestsuiteMessages
Warning: NLS unused message: Key in: com.kms.katalon.composer.objectrepository.constant.composerObjectRepositoryMessages
WebView Server has been started on port 49943
Warning: NLS missing message: PA_URL_SUPPORT_PORTAL in: com.kms.katalon.constants.messages
Warning: NLS missing message: URL_KATALON_SURVEY in: com.kms.katalon.constants.messages
Warning: NLS missing message: OFFLINE_ACTIVATION in: com.kms.katalon.constants.messages
Warning: NLS missing message: ENTERPRISE_TRIAL_LICENSE in: com.kms.katalon.constants.messages
Warning: NLS missing message: ActivationDialogV2_LBL_ENTERPRISE_LICENSE in: com.kms.katalon.constants.messages
Warning: NLS missing message: DIALOG_TITLE_FIRST_TIME_USE_SURVEY in: com.kms.katalon.constants.messages
Warning: NLS missing message: BTN_YES_CONTINUE_USE in: com.kms.katalon.constants.messages
Warning: NLS missing message: BTN_NO_QUIT_USING in: com.kms.katalon.constants.messages
Warning: NLS missing message: BTN_SEND in: com.kms.katalon.constants.messages
Warning: NLS missing message: MSG_QUESTION_WILL_CONTINUE_TO_USE in: com.kms.katalon.constants.messages
Warning: NLS missing message: MSG_QUIT_USING_KATALON_REASON in: com.kms.katalon.constants.messages
Warning: NLS missing message: MSG_QUIT_USING_KATALON_REASON_PLACEHOLDER in: com.kms.katalon.constants.messages
Start checking and mark activated for GUI mode
Start getting machine ID on Windows
Start appending additional signatures
hardwareSerialNumber 
osDependentUsername hp
End appending additional signatures 62532fe0-f0e6-4bc7-8c3c-88d703e001eb__hp
End getting machine ID on Windows 3e88d5dd9cc3224adb59187d5ff6c5de
End checking and mark activated for GUI mode
Your current licensed session is valid until: January 12, 2023 18:02
Start check license task
Warning: NLS unused message: LBL_DEFAULT_LOCATOR_SELECTION_AREA in: com.katalon.plugin.smart_xpath.constant.SmartXpathMessages

Wed Jan 11 18:02:22 IST 2023
Azure: Enterprise license for this feature is requested

Warning: NLS unused message: DIA_LBL_LIST_OF_COL_NAMES in: com.kms.katalon.composer.components.impl.constants.composerComponentsImplMessages
Warning: NLS unused message: DIA_LBL_SELECT_A_COL in: com.kms.katalon.composer.components.impl.constants.composerComponentsImplMessages
Latest plugins responses: []
Katalon version: 8.5.5
Plugin info URL: https://store.katalon.com/api/products/ks?appVersion=8.5.5&appType=KSE&licenseType=FREE

Wed Jan 11 18:02:38 IST 2023
Azure: Enterprise license for this feature is requested


Wed Jan 11 18:02:41 IST 2023
Azure: Enterprise license for this feature is requested


Wed Jan 11 18:02:45 IST 2023
Azure: Enterprise license for this feature is requested


Wed Jan 11 18:02:49 IST 2023
Azure: Enterprise license for this feature is requested

CodeSelectRequestor: Could not proceed due to null declaring type for org.codehaus.groovy.ast.expr.ConstantExpression@2282b769[Object Repository/CommonObjects/Link_Category]

Wed Jan 11 18:10:34 IST 2023
Azure: Enterprise license for this feature is requested


Wed Jan 11 18:11:42 IST 2023
Azure: Enterprise license for this feature is requested


Wed Jan 11 18:11:42 IST 2023
Azure: Enterprise license for this feature is requested


Wed Jan 11 18:11:42 IST 2023
Azure: Enterprise license for this feature is requested


Wed Jan 11 18:11:42 IST 2023
Azure: Enterprise license for this feature is requested


Wed Jan 11 18:11:47 IST 2023
Azure: Enterprise license for this feature is requested


Wed Jan 11 18:11:47 IST 2023
Azure: Enterprise license for this feature is requested


Wed Jan 11 18:11:47 IST 2023
Azure: Enterprise license for this feature is requested


Wed Jan 11 18:11:47 IST 2023
Azure: Enterprise license for this feature is requested


Wed Jan 11 18:12:04 IST 2023
Azure: Enterprise license for this feature is requested

Launcher status after execution process completed: Running
Warning: NLS unused message: PREF_LBL_ACTIVE_BROWSER_PORT_DO_NOT_SHOW_WARNING_DIALOG in: com.kms.katalon.objectspy.constants.objectspyMessages

Wed Jan 11 18:17:34 IST 2023
Azure: Enterprise license for this feature is requested


Wed Jan 11 18:17:34 IST 2023
Azure: Enterprise license for this feature is requested


Wed Jan 11 18:17:34 IST 2023
Azure: Enterprise license for this feature is requested


Wed Jan 11 18:17:34 IST 2023
Azure: Enterprise license for this feature is requested


Wed Jan 11 18:17:34 IST 2023
Azure: Enterprise license for this feature is requested


Wed Jan 11 18:17:34 IST 2023
Azure: Enterprise license for this feature is requested

Launcher status after execution process completed: Running
CodeSelectRequestor: Could not proceed due to null declaring type for org.codehaus.groovy.ast.expr.ArgumentListExpression@35c53083[]
CodeSelectRequestor: Could not proceed due to null declaring type for org.codehaus.groovy.ast.expr.ArgumentListExpression@6651efc5[]

Wed Jan 11 18:23:31 IST 2023
Azure: Enterprise license for this feature is requested


Wed Jan 11 18:23:31 IST 2023
Azure: Enterprise license for this feature is requested


Wed Jan 11 18:23:31 IST 2023
Azure: Enterprise license for this feature is requested


Wed Jan 11 18:23:31 IST 2023
Azure: Enterprise license for this feature is requested


Wed Jan 11 18:23:31 IST 2023
Azure: Enterprise license for this feature is requested


Wed Jan 11 18:23:31 IST 2023
Azure: Enterprise license for this feature is requested

Launcher status after execution process completed: Running
CodeSelectRequestor: Could not proceed due to null declaring type for org.codehaus.groovy.ast.expr.ArgumentListExpression@7f2c0f6a[]
CodeSelectRequestor: Could not proceed due to null declaring type for org.codehaus.groovy.ast.expr.ArgumentListExpression@7f2c0f6a[]
Jan 11, 2023 6:26:34 PM org.openqa.selenium.remote.DesiredCapabilities chrome
INFO: Using `new ChromeOptions()` is preferred to `DesiredCapabilities.chrome()`
Jan 11, 2023 6:26:37 PM org.openqa.selenium.remote.ProtocolHandshake createSession
INFO: Detected dialect: W3C

Wed Jan 11 18:32:22 IST 2023
Azure: Enterprise license for this feature is requested

