Not a valid list position.
Could not find element with Id 'katalon.composer.objectrepository.handledmenuitem.spyweb'
Could not find element with Id 'com.kms.katalon.composer.integration.analytics.handledtoolitem.katalonTestOps'
Could not find element with Id 'com.kms.katalon.composer.mobile.dynamicmenucontribution.ios'
Could not find element with Id 'com.kms.katalon.composer.mobile.dynamicmenucontribution.ios'
Warning: NLS unused message: Key in: com.kms.katalon.composer.project.constants.composerProjectMessages
Warning: NLS unused message: Key in: com.kms.katalon.composer.testcase.constants.composerTestcaseMessages
Warning: NLS missing message: BTN_ADDTESTSUITE in: com.kms.katalon.composer.testcase.constants.composerTestcaseMessages
Warning: NLS unused message: DIA_LBL_SELECT_TEST_DATA in: com.kms.katalon.composer.testsuite.constants.composerTestsuiteMessages
Warning: NLS unused message: HAND_WARN_TS_REQUIRES_PLUGIN_DYNAMIC_EXECUTION_TO_OPEN in: com.kms.katalon.composer.testsuite.constants.composerTestsuiteMessages
Warning: NLS unused message: DIA_INFO_KSE_COMBINE_MULTI_DATASOURCE in: com.kms.katalon.composer.testsuite.constants.composerTestsuiteMessages
Warning: NLS missing message: DIA_SHELL_DATA_ITERATION in: com.kms.katalon.composer.testsuite.constants.composerTestsuiteMessages
Warning: NLS missing message: DIA_LBL_TO_ROW in: com.kms.katalon.composer.testsuite.constants.composerTestsuiteMessages
Warning: NLS missing message: DIA_MSG_START_ROW_BIGGER_THAN_END_ROW in: com.kms.katalon.composer.testsuite.constants.composerTestsuiteMessages
Warning: NLS missing message: EDI_TITLE_TEST_CASE_BROWSER in: com.kms.katalon.composer.testsuite.constants.composerTestsuiteMessages
Warning: NLS missing message: DIA_MSG_CHOOSE_DATA_COLUMN in: com.kms.katalon.composer.testsuite.constants.composerTestsuiteMessages
Warning: NLS missing message: DIA_TABLE_EMPTY_COLUMN in: com.kms.katalon.composer.testsuite.constants.composerTestsuiteMessages
Warning: NLS missing message: DIA_WARN_MSG_EMPTY_COLUMN_NAME in: com.kms.katalon.composer.testsuite.constants.composerTestsuiteMessages
Warning: NLS missing message: PA_LBL_TOOLTIP_RETRY_IMMEDIATELY in: com.kms.katalon.composer.testsuite.constants.composerTestsuiteMessages
Warning: NLS unused message: Key in: com.kms.katalon.composer.objectrepository.constant.composerObjectRepositoryMessages
WebView Server has been started on port 60657
Warning: NLS missing message: PA_URL_SUPPORT_PORTAL in: com.kms.katalon.constants.messages
Warning: NLS missing message: URL_KATALON_SURVEY in: com.kms.katalon.constants.messages
Warning: NLS missing message: OFFLINE_ACTIVATION in: com.kms.katalon.constants.messages
Warning: NLS missing message: ENTERPRISE_TRIAL_LICENSE in: com.kms.katalon.constants.messages
Warning: NLS missing message: ActivationDialogV2_LBL_ENTERPRISE_LICENSE in: com.kms.katalon.constants.messages
Warning: NLS missing message: DIALOG_TITLE_FIRST_TIME_USE_SURVEY in: com.kms.katalon.constants.messages
Warning: NLS missing message: BTN_YES_CONTINUE_USE in: com.kms.katalon.constants.messages
Warning: NLS missing message: BTN_NO_QUIT_USING in: com.kms.katalon.constants.messages
Warning: NLS missing message: BTN_SEND in: com.kms.katalon.constants.messages
Warning: NLS missing message: MSG_QUESTION_WILL_CONTINUE_TO_USE in: com.kms.katalon.constants.messages
Warning: NLS missing message: MSG_QUIT_USING_KATALON_REASON in: com.kms.katalon.constants.messages
Warning: NLS missing message: MSG_QUIT_USING_KATALON_REASON_PLACEHOLDER in: com.kms.katalon.constants.messages
Start checking and mark activated for GUI mode
End checking and mark activated for GUI mode
Your current licensed session is valid until: null
Start getting machine ID on Windows
Start appending additional signatures
hardwareSerialNumber 
osDependentUsername hp
End appending additional signatures 62532fe0-f0e6-4bc7-8c3c-88d703e001eb__hp
End getting machine ID on Windows 3e88d5dd9cc3224adb59187d5ff6c5de
Activating credentials...
Katalon TestOps: Unexpected response, URL: https://admin.katalon.com/oauth/token, Status: 400, Response: {"error":"invalid_grant","error_description":"Authentication failed."}

Mon Jan 23 15:51:40 IST 2023
com.kms.katalon.integration.analytics.exceptions.AnalyticsApiExeception: {"error":"invalid_grant","error_description":"Authentication failed."}
	at com.kms.katalon.integration.analytics.providers.AnalyticsApiProvider.executeRequest(AnalyticsApiProvider.java:704)
	at com.kms.katalon.integration.analytics.providers.AnalyticsApiProvider.executeRequest(AnalyticsApiProvider.java:716)
	at com.kms.katalon.integration.analytics.providers.AnalyticsApiProvider.requestToken(AnalyticsApiProvider.java:156)
	at com.kms.katalon.integration.analytics.providers.TestOpsFeatureActivatorImpl.connect(TestOpsFeatureActivatorImpl.java:45)
	at com.kms.katalon.application.utils.ActivationInfoCollector.getLicenseFromTestOps(ActivationInfoCollector.java:588)
	at com.kms.katalon.application.utils.ActivationInfoCollector.activate(ActivationInfoCollector.java:453)
	at com.kms.katalon.application.utils.ActivationInfoCollector.activate(ActivationInfoCollector.java:406)
	at com.kms.katalon.activation.dialog.ActivationDialogV2$9.lambda$0(ActivationDialogV2.java:302)
	at java.util.concurrent.Executors$RunnableAdapter.call(Executors.java:511)
	at java.util.concurrent.FutureTask.run(FutureTask.java:266)
	at java.util.concurrent.ThreadPoolExecutor.runWorker(ThreadPoolExecutor.java:1149)
	at java.util.concurrent.ThreadPoolExecutor$Worker.run(ThreadPoolExecutor.java:624)
	at java.lang.Thread.run(Thread.java:748)



Mon Jan 23 15:51:40 IST 2023
Activation collection is failed
com.kms.katalon.integration.analytics.exceptions.AnalyticsApiExeception: {"error":"invalid_grant","error_description":"Authentication failed."}
	at com.kms.katalon.integration.analytics.providers.AnalyticsApiProvider.executeRequest(AnalyticsApiProvider.java:704)
	at com.kms.katalon.integration.analytics.providers.AnalyticsApiProvider.executeRequest(AnalyticsApiProvider.java:716)
	at com.kms.katalon.integration.analytics.providers.AnalyticsApiProvider.requestToken(AnalyticsApiProvider.java:156)
	at com.kms.katalon.integration.analytics.providers.TestOpsFeatureActivatorImpl.connect(TestOpsFeatureActivatorImpl.java:45)
	at com.kms.katalon.application.utils.ActivationInfoCollector.getLicenseFromTestOps(ActivationInfoCollector.java:588)
	at com.kms.katalon.application.utils.ActivationInfoCollector.activate(ActivationInfoCollector.java:453)
	at com.kms.katalon.application.utils.ActivationInfoCollector.activate(ActivationInfoCollector.java:406)
	at com.kms.katalon.activation.dialog.ActivationDialogV2$9.lambda$0(ActivationDialogV2.java:302)
	at java.util.concurrent.Executors$RunnableAdapter.call(Executors.java:511)
	at java.util.concurrent.FutureTask.run(FutureTask.java:266)
	at java.util.concurrent.ThreadPoolExecutor.runWorker(ThreadPoolExecutor.java:1149)
	at java.util.concurrent.ThreadPoolExecutor$Worker.run(ThreadPoolExecutor.java:624)
	at java.lang.Thread.run(Thread.java:748)


Failed to activate user credentials. Error message: Authentication failed.
Activating credentials...
Katalon TestOps: Unexpected response, URL: https://admin.katalon.com/oauth/token, Status: 400, Response: {"error":"invalid_grant","error_description":"Authentication failed."}

Mon Jan 23 15:51:49 IST 2023
com.kms.katalon.integration.analytics.exceptions.AnalyticsApiExeception: {"error":"invalid_grant","error_description":"Authentication failed."}
	at com.kms.katalon.integration.analytics.providers.AnalyticsApiProvider.executeRequest(AnalyticsApiProvider.java:704)
	at com.kms.katalon.integration.analytics.providers.AnalyticsApiProvider.executeRequest(AnalyticsApiProvider.java:716)
	at com.kms.katalon.integration.analytics.providers.AnalyticsApiProvider.requestToken(AnalyticsApiProvider.java:156)
	at com.kms.katalon.integration.analytics.providers.TestOpsFeatureActivatorImpl.connect(TestOpsFeatureActivatorImpl.java:45)
	at com.kms.katalon.application.utils.ActivationInfoCollector.getLicenseFromTestOps(ActivationInfoCollector.java:588)
	at com.kms.katalon.application.utils.ActivationInfoCollector.activate(ActivationInfoCollector.java:453)
	at com.kms.katalon.application.utils.ActivationInfoCollector.activate(ActivationInfoCollector.java:406)
	at com.kms.katalon.activation.dialog.ActivationDialogV2$9.lambda$0(ActivationDialogV2.java:302)
	at java.util.concurrent.Executors$RunnableAdapter.call(Executors.java:511)
	at java.util.concurrent.FutureTask.run(FutureTask.java:266)
	at java.util.concurrent.ThreadPoolExecutor.runWorker(ThreadPoolExecutor.java:1149)
	at java.util.concurrent.ThreadPoolExecutor$Worker.run(ThreadPoolExecutor.java:624)
	at java.lang.Thread.run(Thread.java:748)



Mon Jan 23 15:51:49 IST 2023
Activation collection is failed
com.kms.katalon.integration.analytics.exceptions.AnalyticsApiExeception: {"error":"invalid_grant","error_description":"Authentication failed."}
	at com.kms.katalon.integration.analytics.providers.AnalyticsApiProvider.executeRequest(AnalyticsApiProvider.java:704)
	at com.kms.katalon.integration.analytics.providers.AnalyticsApiProvider.executeRequest(AnalyticsApiProvider.java:716)
	at com.kms.katalon.integration.analytics.providers.AnalyticsApiProvider.requestToken(AnalyticsApiProvider.java:156)
	at com.kms.katalon.integration.analytics.providers.TestOpsFeatureActivatorImpl.connect(TestOpsFeatureActivatorImpl.java:45)
	at com.kms.katalon.application.utils.ActivationInfoCollector.getLicenseFromTestOps(ActivationInfoCollector.java:588)
	at com.kms.katalon.application.utils.ActivationInfoCollector.activate(ActivationInfoCollector.java:453)
	at com.kms.katalon.application.utils.ActivationInfoCollector.activate(ActivationInfoCollector.java:406)
	at com.kms.katalon.activation.dialog.ActivationDialogV2$9.lambda$0(ActivationDialogV2.java:302)
	at java.util.concurrent.Executors$RunnableAdapter.call(Executors.java:511)
	at java.util.concurrent.FutureTask.run(FutureTask.java:266)
	at java.util.concurrent.ThreadPoolExecutor.runWorker(ThreadPoolExecutor.java:1149)
	at java.util.concurrent.ThreadPoolExecutor$Worker.run(ThreadPoolExecutor.java:624)
	at java.lang.Thread.run(Thread.java:748)


Failed to activate user credentials. Error message: Authentication failed.
Activating credentials...
Fetching organizations...
Retrievinng token using credentials...
Fetching organizations using token...
3 organization(s) fetched
Start check license task
Warning: NLS unused message: LBL_DEFAULT_LOCATOR_SELECTION_AREA in: com.katalon.plugin.smart_xpath.constant.SmartXpathMessages

Mon Jan 23 15:52:36 IST 2023
Azure: Enterprise license for this feature is requested

Warning: NLS unused message: DIA_LBL_LIST_OF_COL_NAMES in: com.kms.katalon.composer.components.impl.constants.composerComponentsImplMessages
Warning: NLS unused message: DIA_LBL_SELECT_A_COL in: com.kms.katalon.composer.components.impl.constants.composerComponentsImplMessages
Latest plugins responses: []
Katalon version: 8.5.5
Plugin info URL: https://store.katalon.com/api/products/ks?appVersion=8.5.5&appType=KSE&licenseType=FREE

Mon Jan 23 15:52:57 IST 2023
Azure: Enterprise license for this feature is requested


Mon Jan 23 15:53:16 IST 2023
Azure: Enterprise license for this feature is requested


Mon Jan 23 15:53:37 IST 2023
Azure: Enterprise license for this feature is requested


Mon Jan 23 15:53:47 IST 2023
Azure: Enterprise license for this feature is requested


Mon Jan 23 16:21:16 IST 2023
Azure: Enterprise license for this feature is requested


Mon Jan 23 16:51:16 IST 2023
Azure: Enterprise license for this feature is requested


Mon Jan 23 17:21:16 IST 2023
Azure: Enterprise license for this feature is requested


Mon Jan 23 17:51:16 IST 2023
Azure: Enterprise license for this feature is requested


Mon Jan 23 18:21:16 IST 2023
Azure: Enterprise license for this feature is requested

CodeSelectRequestor: Could not proceed due to null declaring type for org.codehaus.groovy.ast.expr.ConstantExpression@2e49daeb[Successfully Landed On Category page]

Mon Jan 23 18:51:16 IST 2023
Azure: Enterprise license for this feature is requested


Tue Jan 24 10:24:32 IST 2023
Azure: Enterprise license for this feature is requested


Tue Jan 24 10:24:33 IST 2023
Azure: Enterprise license for this feature is requested


Tue Jan 24 10:24:33 IST 2023
Azure: Enterprise license for this feature is requested


Tue Jan 24 10:24:33 IST 2023
Azure: Enterprise license for this feature is requested


Tue Jan 24 10:24:33 IST 2023
Azure: Enterprise license for this feature is requested


Tue Jan 24 10:24:33 IST 2023
Azure: Enterprise license for this feature is requested


Tue Jan 24 10:24:33 IST 2023
Azure: Enterprise license for this feature is requested


Tue Jan 24 10:24:33 IST 2023
Azure: Enterprise license for this feature is requested


Tue Jan 24 10:24:33 IST 2023
Azure: Enterprise license for this feature is requested


Tue Jan 24 10:24:33 IST 2023
Azure: Enterprise license for this feature is requested


Tue Jan 24 10:24:33 IST 2023
Azure: Enterprise license for this feature is requested


Tue Jan 24 10:24:33 IST 2023
Azure: Enterprise license for this feature is requested


Tue Jan 24 10:24:33 IST 2023
Azure: Enterprise license for this feature is requested


Tue Jan 24 10:24:33 IST 2023
Azure: Enterprise license for this feature is requested


Tue Jan 24 10:24:33 IST 2023
Azure: Enterprise license for this feature is requested


Tue Jan 24 10:24:33 IST 2023
Azure: Enterprise license for this feature is requested


Tue Jan 24 10:24:33 IST 2023
Azure: Enterprise license for this feature is requested


Tue Jan 24 10:24:33 IST 2023
Azure: Enterprise license for this feature is requested


Tue Jan 24 10:24:33 IST 2023
Azure: Enterprise license for this feature is requested


Tue Jan 24 10:24:33 IST 2023
Azure: Enterprise license for this feature is requested


Tue Jan 24 10:24:33 IST 2023
Azure: Enterprise license for this feature is requested


Tue Jan 24 10:24:33 IST 2023
Azure: Enterprise license for this feature is requested


Tue Jan 24 10:24:33 IST 2023
Azure: Enterprise license for this feature is requested


Tue Jan 24 10:24:33 IST 2023
Azure: Enterprise license for this feature is requested


Tue Jan 24 10:24:33 IST 2023
Azure: Enterprise license for this feature is requested


Tue Jan 24 10:24:33 IST 2023
Azure: Enterprise license for this feature is requested


Tue Jan 24 10:24:33 IST 2023
Azure: Enterprise license for this feature is requested


Tue Jan 24 10:24:33 IST 2023
Azure: Enterprise license for this feature is requested


Tue Jan 24 10:24:33 IST 2023
Azure: Enterprise license for this feature is requested


Tue Jan 24 10:24:33 IST 2023
Azure: Enterprise license for this feature is requested


Tue Jan 24 10:24:33 IST 2023
Azure: Enterprise license for this feature is requested


Tue Jan 24 11:14:43 IST 2023
Azure: Enterprise license for this feature is requested


Tue Jan 24 11:21:28 IST 2023
Azure: Enterprise license for this feature is requested


Tue Jan 24 11:56:18 IST 2023
Azure: Enterprise license for this feature is requested


Tue Jan 24 12:21:16 IST 2023
Azure: Enterprise license for this feature is requested


Tue Jan 24 12:57:21 IST 2023
Azure: Enterprise license for this feature is requested


Tue Jan 24 13:23:23 IST 2023
Azure: Enterprise license for this feature is requested


Tue Jan 24 14:56:39 IST 2023
Azure: Enterprise license for this feature is requested


Tue Jan 24 14:56:39 IST 2023
Azure: Enterprise license for this feature is requested


Tue Jan 24 14:56:39 IST 2023
Azure: Enterprise license for this feature is requested


Tue Jan 24 15:21:16 IST 2023
Azure: Enterprise license for this feature is requested


Tue Jan 24 15:53:48 IST 2023
Azure: Enterprise license for this feature is requested


Tue Jan 24 16:27:11 IST 2023
Azure: Enterprise license for this feature is requested


Tue Jan 24 16:51:16 IST 2023
Azure: Enterprise license for this feature is requested


Tue Jan 24 17:21:16 IST 2023
Azure: Enterprise license for this feature is requested


Tue Jan 24 17:51:16 IST 2023
Azure: Enterprise license for this feature is requested


Tue Jan 24 18:21:16 IST 2023
Azure: Enterprise license for this feature is requested


Tue Jan 24 18:51:16 IST 2023
Azure: Enterprise license for this feature is requested

Expired License.
Expired License.

Mon Jan 30 10:18:04 IST 2023
com.kms.katalon.integration.analytics.exceptions.AnalyticsApiExeception: java.net.UnknownHostException: admin.katalon.com
	at com.kms.katalon.integration.analytics.exceptions.AnalyticsApiExeception.wrap(AnalyticsApiExeception.java:23)
	at com.kms.katalon.integration.analytics.providers.AnalyticsApiProvider.requestToken(AnalyticsApiProvider.java:158)
	at com.kms.katalon.integration.analytics.providers.TestOpsFeatureActivatorImpl.connect(TestOpsFeatureActivatorImpl.java:45)
	at com.kms.katalon.application.utils.ActivationInfoCollector.getLicenseFromTestOps(ActivationInfoCollector.java:588)
	at com.kms.katalon.application.utils.ActivationInfoCollector.activate(ActivationInfoCollector.java:453)
	at com.kms.katalon.application.utils.ActivationInfoCollector.checkAndMarkActivatedForGUIMode(ActivationInfoCollector.java:148)
	at com.kms.katalon.core.application.ApplicationStaupHandler.lambda$2(ApplicationStaupHandler.java:93)
	at com.kms.katalon.application.utils.ActivationInfoCollector.lambda$1(ActivationInfoCollector.java:966)
	at java.util.concurrent.Executors$RunnableAdapter.call(Executors.java:511)
	at java.util.concurrent.FutureTask.runAndReset(FutureTask.java:308)
	at java.util.concurrent.ScheduledThreadPoolExecutor$ScheduledFutureTask.access$301(ScheduledThreadPoolExecutor.java:180)
	at java.util.concurrent.ScheduledThreadPoolExecutor$ScheduledFutureTask.run(ScheduledThreadPoolExecutor.java:294)
	at java.util.concurrent.ThreadPoolExecutor.runWorker(ThreadPoolExecutor.java:1149)
	at java.util.concurrent.ThreadPoolExecutor$Worker.run(ThreadPoolExecutor.java:624)
	at java.lang.Thread.run(Thread.java:748)
Caused by: java.net.UnknownHostException: admin.katalon.com
	at java.net.Inet6AddressImpl.lookupAllHostAddr(Native Method)
	at java.net.InetAddress$2.lookupAllHostAddr(InetAddress.java:929)
	at java.net.InetAddress.getAddressesFromNameService(InetAddress.java:1324)
	at java.net.InetAddress.getAllByName0(InetAddress.java:1277)
	at java.net.InetAddress.getAllByName(InetAddress.java:1193)
	at java.net.InetAddress.getAllByName(InetAddress.java:1127)
	at org.apache.http.impl.conn.SystemDefaultDnsResolver.resolve(SystemDefaultDnsResolver.java:45)
	at org.apache.http.impl.conn.DefaultHttpClientConnectionOperator.connect(DefaultHttpClientConnectionOperator.java:111)
	at org.apache.http.impl.conn.PoolingHttpClientConnectionManager.connect(PoolingHttpClientConnectionManager.java:353)
	at org.apache.http.impl.execchain.MainClientExec.establishRoute(MainClientExec.java:380)
	at org.apache.http.impl.execchain.MainClientExec.execute(MainClientExec.java:236)
	at org.apache.http.impl.execchain.ProtocolExec.execute(ProtocolExec.java:184)
	at org.apache.http.impl.execchain.RetryExec.execute(RetryExec.java:88)
	at org.apache.http.impl.execchain.RedirectExec.execute(RedirectExec.java:110)
	at org.apache.http.impl.client.InternalHttpClient.doExecute(InternalHttpClient.java:184)
	at org.apache.http.impl.client.CloseableHttpClient.execute(CloseableHttpClient.java:82)
	at org.apache.http.impl.client.CloseableHttpClient.execute(CloseableHttpClient.java:107)
	at org.apache.http.impl.client.CloseableHttpClient.execute(CloseableHttpClient.java:55)
	at com.kms.katalon.integration.analytics.providers.AnalyticsApiProvider.executeRequest(AnalyticsApiProvider.java:681)
	at com.kms.katalon.integration.analytics.providers.AnalyticsApiProvider.executeRequest(AnalyticsApiProvider.java:716)
	at com.kms.katalon.integration.analytics.providers.AnalyticsApiProvider.requestToken(AnalyticsApiProvider.java:156)
	... 13 more



Mon Jan 30 10:18:04 IST 2023
Activation collection is failed
com.kms.katalon.integration.analytics.exceptions.AnalyticsApiExeception: java.net.UnknownHostException: admin.katalon.com
	at com.kms.katalon.integration.analytics.exceptions.AnalyticsApiExeception.wrap(AnalyticsApiExeception.java:23)
	at com.kms.katalon.integration.analytics.providers.AnalyticsApiProvider.requestToken(AnalyticsApiProvider.java:158)
	at com.kms.katalon.integration.analytics.providers.TestOpsFeatureActivatorImpl.connect(TestOpsFeatureActivatorImpl.java:45)
	at com.kms.katalon.application.utils.ActivationInfoCollector.getLicenseFromTestOps(ActivationInfoCollector.java:588)
	at com.kms.katalon.application.utils.ActivationInfoCollector.activate(ActivationInfoCollector.java:453)
	at com.kms.katalon.application.utils.ActivationInfoCollector.checkAndMarkActivatedForGUIMode(ActivationInfoCollector.java:148)
	at com.kms.katalon.core.application.ApplicationStaupHandler.lambda$2(ApplicationStaupHandler.java:93)
	at com.kms.katalon.application.utils.ActivationInfoCollector.lambda$1(ActivationInfoCollector.java:966)
	at java.util.concurrent.Executors$RunnableAdapter.call(Executors.java:511)
	at java.util.concurrent.FutureTask.runAndReset(FutureTask.java:308)
	at java.util.concurrent.ScheduledThreadPoolExecutor$ScheduledFutureTask.access$301(ScheduledThreadPoolExecutor.java:180)
	at java.util.concurrent.ScheduledThreadPoolExecutor$ScheduledFutureTask.run(ScheduledThreadPoolExecutor.java:294)
	at java.util.concurrent.ThreadPoolExecutor.runWorker(ThreadPoolExecutor.java:1149)
	at java.util.concurrent.ThreadPoolExecutor$Worker.run(ThreadPoolExecutor.java:624)
	at java.lang.Thread.run(Thread.java:748)
Caused by: java.net.UnknownHostException: admin.katalon.com
	at java.net.Inet6AddressImpl.lookupAllHostAddr(Native Method)
	at java.net.InetAddress$2.lookupAllHostAddr(InetAddress.java:929)
	at java.net.InetAddress.getAddressesFromNameService(InetAddress.java:1324)
	at java.net.InetAddress.getAllByName0(InetAddress.java:1277)
	at java.net.InetAddress.getAllByName(InetAddress.java:1193)
	at java.net.InetAddress.getAllByName(InetAddress.java:1127)
	at org.apache.http.impl.conn.SystemDefaultDnsResolver.resolve(SystemDefaultDnsResolver.java:45)
	at org.apache.http.impl.conn.DefaultHttpClientConnectionOperator.connect(DefaultHttpClientConnectionOperator.java:111)
	at org.apache.http.impl.conn.PoolingHttpClientConnectionManager.connect(PoolingHttpClientConnectionManager.java:353)
	at org.apache.http.impl.execchain.MainClientExec.establishRoute(MainClientExec.java:380)
	at org.apache.http.impl.execchain.MainClientExec.execute(MainClientExec.java:236)
	at org.apache.http.impl.execchain.ProtocolExec.execute(ProtocolExec.java:184)
	at org.apache.http.impl.execchain.RetryExec.execute(RetryExec.java:88)
	at org.apache.http.impl.execchain.RedirectExec.execute(RedirectExec.java:110)
	at org.apache.http.impl.client.InternalHttpClient.doExecute(InternalHttpClient.java:184)
	at org.apache.http.impl.client.CloseableHttpClient.execute(CloseableHttpClient.java:82)
	at org.apache.http.impl.client.CloseableHttpClient.execute(CloseableHttpClient.java:107)
	at org.apache.http.impl.client.CloseableHttpClient.execute(CloseableHttpClient.java:55)
	at com.kms.katalon.integration.analytics.providers.AnalyticsApiProvider.executeRequest(AnalyticsApiProvider.java:681)
	at com.kms.katalon.integration.analytics.providers.AnalyticsApiProvider.executeRequest(AnalyticsApiProvider.java:716)
	at com.kms.katalon.integration.analytics.providers.AnalyticsApiProvider.requestToken(AnalyticsApiProvider.java:156)
	... 13 more



Mon Jan 30 10:51:51 IST 2023
Azure: Enterprise license for this feature is requested


Mon Jan 30 10:51:51 IST 2023
Azure: Enterprise license for this feature is requested


Mon Jan 30 10:51:51 IST 2023
Azure: Enterprise license for this feature is requested


Mon Jan 30 10:51:51 IST 2023
Azure: Enterprise license for this feature is requested


Mon Jan 30 10:51:51 IST 2023
Azure: Enterprise license for this feature is requested


Mon Jan 30 10:51:52 IST 2023
Azure: Enterprise license for this feature is requested


Mon Jan 30 10:51:52 IST 2023
Azure: Enterprise license for this feature is requested


Mon Jan 30 10:51:52 IST 2023
Azure: Enterprise license for this feature is requested


Mon Jan 30 10:51:52 IST 2023
Azure: Enterprise license for this feature is requested


Mon Jan 30 10:51:52 IST 2023
Azure: Enterprise license for this feature is requested


Mon Jan 30 10:51:52 IST 2023
Azure: Enterprise license for this feature is requested


Mon Jan 30 10:51:52 IST 2023
Azure: Enterprise license for this feature is requested


Mon Jan 30 10:51:52 IST 2023
Azure: Enterprise license for this feature is requested


Mon Jan 30 10:51:52 IST 2023
Azure: Enterprise license for this feature is requested


Mon Jan 30 10:51:52 IST 2023
Azure: Enterprise license for this feature is requested


Mon Jan 30 10:51:52 IST 2023
Azure: Enterprise license for this feature is requested


Mon Jan 30 10:51:52 IST 2023
Azure: Enterprise license for this feature is requested


Mon Jan 30 10:51:52 IST 2023
Azure: Enterprise license for this feature is requested


Mon Jan 30 10:51:52 IST 2023
Azure: Enterprise license for this feature is requested


Mon Jan 30 10:51:52 IST 2023
Azure: Enterprise license for this feature is requested


Mon Jan 30 10:51:52 IST 2023
Azure: Enterprise license for this feature is requested


Mon Jan 30 10:51:52 IST 2023
Azure: Enterprise license for this feature is requested


Mon Jan 30 10:51:52 IST 2023
Azure: Enterprise license for this feature is requested


Mon Jan 30 10:51:52 IST 2023
Azure: Enterprise license for this feature is requested


Mon Jan 30 10:51:52 IST 2023
Azure: Enterprise license for this feature is requested


Mon Jan 30 10:51:52 IST 2023
Azure: Enterprise license for this feature is requested


Mon Jan 30 10:51:52 IST 2023
Azure: Enterprise license for this feature is requested


Mon Jan 30 10:51:52 IST 2023
Azure: Enterprise license for this feature is requested


Mon Jan 30 10:51:52 IST 2023
Azure: Enterprise license for this feature is requested


Mon Jan 30 10:51:52 IST 2023
Azure: Enterprise license for this feature is requested


Mon Jan 30 10:51:52 IST 2023
Azure: Enterprise license for this feature is requested


Mon Jan 30 10:51:52 IST 2023
Azure: Enterprise license for this feature is requested


Mon Jan 30 10:51:52 IST 2023
Azure: Enterprise license for this feature is requested


Mon Jan 30 10:51:52 IST 2023
Azure: Enterprise license for this feature is requested


Mon Jan 30 10:51:52 IST 2023
Azure: Enterprise license for this feature is requested


Mon Jan 30 10:51:52 IST 2023
Azure: Enterprise license for this feature is requested


Mon Jan 30 10:51:52 IST 2023
Azure: Enterprise license for this feature is requested


Mon Jan 30 10:51:52 IST 2023
Azure: Enterprise license for this feature is requested


Mon Jan 30 10:51:52 IST 2023
Azure: Enterprise license for this feature is requested


Mon Jan 30 10:51:52 IST 2023
Azure: Enterprise license for this feature is requested


Mon Jan 30 10:51:52 IST 2023
Azure: Enterprise license for this feature is requested


Mon Jan 30 10:51:52 IST 2023
Azure: Enterprise license for this feature is requested


Mon Jan 30 10:51:52 IST 2023
Azure: Enterprise license for this feature is requested


Mon Jan 30 10:51:52 IST 2023
Azure: Enterprise license for this feature is requested


Mon Jan 30 10:51:53 IST 2023
Azure: Enterprise license for this feature is requested


Mon Jan 30 10:51:53 IST 2023
Azure: Enterprise license for this feature is requested


Mon Jan 30 10:51:53 IST 2023
Azure: Enterprise license for this feature is requested


Mon Jan 30 10:51:53 IST 2023
Azure: Enterprise license for this feature is requested


Mon Jan 30 10:51:53 IST 2023
Azure: Enterprise license for this feature is requested


Mon Jan 30 10:51:53 IST 2023
Azure: Enterprise license for this feature is requested


Mon Jan 30 10:51:53 IST 2023
Azure: Enterprise license for this feature is requested


Mon Jan 30 10:51:53 IST 2023
Azure: Enterprise license for this feature is requested


Mon Jan 30 10:51:53 IST 2023
Azure: Enterprise license for this feature is requested


Mon Jan 30 10:51:53 IST 2023
Azure: Enterprise license for this feature is requested


Mon Jan 30 10:51:53 IST 2023
Azure: Enterprise license for this feature is requested


Mon Jan 30 10:51:53 IST 2023
Azure: Enterprise license for this feature is requested


Mon Jan 30 10:51:53 IST 2023
Azure: Enterprise license for this feature is requested


Mon Jan 30 10:51:53 IST 2023
Azure: Enterprise license for this feature is requested


Mon Jan 30 10:51:53 IST 2023
Azure: Enterprise license for this feature is requested


Mon Jan 30 10:51:53 IST 2023
Azure: Enterprise license for this feature is requested


Mon Jan 30 10:51:53 IST 2023
Azure: Enterprise license for this feature is requested


Mon Jan 30 10:51:53 IST 2023
Azure: Enterprise license for this feature is requested


Mon Jan 30 10:51:53 IST 2023
Azure: Enterprise license for this feature is requested


Mon Jan 30 10:51:53 IST 2023
Azure: Enterprise license for this feature is requested


Mon Jan 30 10:51:53 IST 2023
Azure: Enterprise license for this feature is requested


Mon Jan 30 10:51:53 IST 2023
Azure: Enterprise license for this feature is requested


Mon Jan 30 10:51:53 IST 2023
Azure: Enterprise license for this feature is requested


Mon Jan 30 10:51:53 IST 2023
Azure: Enterprise license for this feature is requested


Mon Jan 30 10:51:53 IST 2023
Azure: Enterprise license for this feature is requested


Mon Jan 30 10:51:53 IST 2023
Azure: Enterprise license for this feature is requested


Mon Jan 30 10:51:53 IST 2023
Azure: Enterprise license for this feature is requested


Mon Jan 30 10:51:53 IST 2023
Azure: Enterprise license for this feature is requested


Mon Jan 30 10:51:53 IST 2023
Azure: Enterprise license for this feature is requested


Mon Jan 30 10:51:53 IST 2023
Azure: Enterprise license for this feature is requested


Mon Jan 30 10:51:53 IST 2023
Azure: Enterprise license for this feature is requested


Mon Jan 30 10:51:53 IST 2023
Azure: Enterprise license for this feature is requested


Mon Jan 30 10:51:53 IST 2023
Azure: Enterprise license for this feature is requested


Mon Jan 30 10:51:53 IST 2023
Azure: Enterprise license for this feature is requested


Mon Jan 30 10:51:53 IST 2023
Azure: Enterprise license for this feature is requested


Mon Jan 30 10:51:53 IST 2023
Azure: Enterprise license for this feature is requested


Mon Jan 30 10:51:54 IST 2023
Azure: Enterprise license for this feature is requested


Mon Jan 30 10:51:54 IST 2023
Azure: Enterprise license for this feature is requested


Mon Jan 30 10:51:54 IST 2023
Azure: Enterprise license for this feature is requested


Mon Jan 30 10:51:54 IST 2023
Azure: Enterprise license for this feature is requested


Mon Jan 30 10:51:54 IST 2023
Azure: Enterprise license for this feature is requested


Mon Jan 30 10:51:54 IST 2023
Azure: Enterprise license for this feature is requested


Mon Jan 30 10:51:54 IST 2023
Azure: Enterprise license for this feature is requested


Mon Jan 30 10:51:54 IST 2023
Azure: Enterprise license for this feature is requested


Mon Jan 30 10:51:54 IST 2023
Azure: Enterprise license for this feature is requested


Mon Jan 30 10:51:54 IST 2023
Azure: Enterprise license for this feature is requested


Mon Jan 30 10:51:54 IST 2023
Azure: Enterprise license for this feature is requested


Mon Jan 30 10:51:54 IST 2023
Azure: Enterprise license for this feature is requested


Mon Jan 30 10:51:54 IST 2023
Azure: Enterprise license for this feature is requested


Mon Jan 30 10:51:54 IST 2023
Azure: Enterprise license for this feature is requested


Mon Jan 30 10:51:54 IST 2023
Azure: Enterprise license for this feature is requested


Mon Jan 30 10:51:54 IST 2023
Azure: Enterprise license for this feature is requested


Mon Jan 30 10:51:54 IST 2023
Azure: Enterprise license for this feature is requested


Mon Jan 30 10:51:54 IST 2023
Azure: Enterprise license for this feature is requested


Mon Jan 30 10:51:54 IST 2023
Azure: Enterprise license for this feature is requested


Mon Jan 30 10:51:54 IST 2023
Azure: Enterprise license for this feature is requested


Mon Jan 30 10:51:54 IST 2023
Azure: Enterprise license for this feature is requested


Mon Jan 30 10:51:54 IST 2023
Azure: Enterprise license for this feature is requested


Mon Jan 30 10:51:54 IST 2023
Azure: Enterprise license for this feature is requested


Mon Jan 30 10:51:54 IST 2023
Azure: Enterprise license for this feature is requested


Mon Jan 30 10:51:54 IST 2023
Azure: Enterprise license for this feature is requested


Mon Jan 30 10:51:54 IST 2023
Azure: Enterprise license for this feature is requested


Mon Jan 30 10:51:54 IST 2023
Azure: Enterprise license for this feature is requested


Mon Jan 30 10:51:54 IST 2023
Azure: Enterprise license for this feature is requested


Mon Jan 30 10:51:54 IST 2023
Azure: Enterprise license for this feature is requested


Mon Jan 30 10:51:54 IST 2023
Azure: Enterprise license for this feature is requested


Mon Jan 30 10:51:54 IST 2023
Azure: Enterprise license for this feature is requested


Mon Jan 30 10:51:54 IST 2023
Azure: Enterprise license for this feature is requested


Mon Jan 30 10:51:54 IST 2023
Azure: Enterprise license for this feature is requested


Mon Jan 30 10:51:54 IST 2023
Azure: Enterprise license for this feature is requested


Mon Jan 30 10:51:55 IST 2023
Azure: Enterprise license for this feature is requested


Mon Jan 30 10:51:55 IST 2023
Azure: Enterprise license for this feature is requested


Mon Jan 30 10:51:55 IST 2023
Azure: Enterprise license for this feature is requested


Mon Jan 30 10:51:55 IST 2023
Azure: Enterprise license for this feature is requested


Mon Jan 30 10:51:55 IST 2023
Azure: Enterprise license for this feature is requested


Mon Jan 30 10:51:55 IST 2023
Azure: Enterprise license for this feature is requested


Mon Jan 30 10:51:55 IST 2023
Azure: Enterprise license for this feature is requested


Mon Jan 30 10:51:55 IST 2023
Azure: Enterprise license for this feature is requested


Mon Jan 30 10:51:55 IST 2023
Azure: Enterprise license for this feature is requested


Mon Jan 30 10:51:55 IST 2023
Azure: Enterprise license for this feature is requested


Mon Jan 30 10:51:55 IST 2023
Azure: Enterprise license for this feature is requested


Mon Jan 30 10:51:55 IST 2023
Azure: Enterprise license for this feature is requested


Mon Jan 30 10:51:55 IST 2023
Azure: Enterprise license for this feature is requested


Mon Jan 30 10:51:55 IST 2023
Azure: Enterprise license for this feature is requested


Mon Jan 30 10:51:55 IST 2023
Azure: Enterprise license for this feature is requested


Mon Jan 30 10:51:55 IST 2023
Azure: Enterprise license for this feature is requested


Mon Jan 30 10:51:55 IST 2023
Azure: Enterprise license for this feature is requested


Mon Jan 30 10:51:55 IST 2023
Azure: Enterprise license for this feature is requested


Mon Jan 30 10:51:55 IST 2023
Azure: Enterprise license for this feature is requested


Mon Jan 30 10:51:55 IST 2023
Azure: Enterprise license for this feature is requested


Mon Jan 30 10:51:55 IST 2023
Azure: Enterprise license for this feature is requested


Mon Jan 30 10:51:55 IST 2023
Azure: Enterprise license for this feature is requested


Mon Jan 30 10:51:55 IST 2023
Azure: Enterprise license for this feature is requested


Mon Jan 30 10:51:55 IST 2023
Azure: Enterprise license for this feature is requested


Mon Jan 30 10:51:55 IST 2023
Azure: Enterprise license for this feature is requested


Mon Jan 30 10:51:55 IST 2023
Azure: Enterprise license for this feature is requested


Mon Jan 30 10:51:55 IST 2023
Azure: Enterprise license for this feature is requested


Mon Jan 30 10:51:55 IST 2023
Azure: Enterprise license for this feature is requested


Mon Jan 30 10:51:55 IST 2023
Azure: Enterprise license for this feature is requested


Mon Jan 30 10:51:55 IST 2023
Azure: Enterprise license for this feature is requested


Mon Jan 30 10:51:55 IST 2023
Azure: Enterprise license for this feature is requested


Mon Jan 30 10:51:55 IST 2023
Azure: Enterprise license for this feature is requested


Mon Jan 30 10:51:55 IST 2023
Azure: Enterprise license for this feature is requested


Mon Jan 30 10:51:55 IST 2023
Azure: Enterprise license for this feature is requested


Mon Jan 30 10:51:55 IST 2023
Azure: Enterprise license for this feature is requested


Mon Jan 30 10:51:56 IST 2023
Azure: Enterprise license for this feature is requested


Mon Jan 30 10:51:56 IST 2023
Azure: Enterprise license for this feature is requested


Mon Jan 30 10:51:56 IST 2023
Azure: Enterprise license for this feature is requested


Mon Jan 30 10:51:56 IST 2023
Azure: Enterprise license for this feature is requested


Mon Jan 30 10:51:56 IST 2023
Azure: Enterprise license for this feature is requested


Mon Jan 30 10:51:56 IST 2023
Azure: Enterprise license for this feature is requested


Mon Jan 30 10:51:56 IST 2023
Azure: Enterprise license for this feature is requested


Mon Jan 30 10:51:56 IST 2023
Azure: Enterprise license for this feature is requested


Mon Jan 30 10:51:56 IST 2023
Azure: Enterprise license for this feature is requested


Mon Jan 30 10:51:56 IST 2023
Azure: Enterprise license for this feature is requested


Mon Jan 30 10:51:56 IST 2023
Azure: Enterprise license for this feature is requested


Mon Jan 30 10:51:56 IST 2023
Azure: Enterprise license for this feature is requested


Mon Jan 30 10:51:56 IST 2023
Azure: Enterprise license for this feature is requested


Mon Jan 30 10:51:56 IST 2023
Azure: Enterprise license for this feature is requested


Mon Jan 30 10:51:56 IST 2023
Azure: Enterprise license for this feature is requested


Mon Jan 30 10:51:56 IST 2023
Azure: Enterprise license for this feature is requested


Mon Jan 30 10:51:56 IST 2023
Azure: Enterprise license for this feature is requested


Mon Jan 30 10:51:56 IST 2023
Azure: Enterprise license for this feature is requested


Mon Jan 30 10:51:56 IST 2023
Azure: Enterprise license for this feature is requested


Mon Jan 30 10:51:56 IST 2023
Azure: Enterprise license for this feature is requested


Mon Jan 30 10:51:56 IST 2023
Azure: Enterprise license for this feature is requested


Mon Jan 30 10:51:56 IST 2023
Azure: Enterprise license for this feature is requested


Mon Jan 30 10:51:56 IST 2023
Azure: Enterprise license for this feature is requested


Mon Jan 30 10:51:56 IST 2023
Azure: Enterprise license for this feature is requested


Mon Jan 30 10:51:56 IST 2023
Azure: Enterprise license for this feature is requested


Mon Jan 30 10:51:56 IST 2023
Azure: Enterprise license for this feature is requested


Mon Jan 30 10:51:56 IST 2023
Azure: Enterprise license for this feature is requested


Mon Jan 30 10:51:56 IST 2023
Azure: Enterprise license for this feature is requested


Mon Jan 30 10:51:56 IST 2023
Azure: Enterprise license for this feature is requested


Mon Jan 30 10:51:56 IST 2023
Azure: Enterprise license for this feature is requested


Mon Jan 30 10:51:56 IST 2023
Azure: Enterprise license for this feature is requested


Mon Jan 30 10:51:56 IST 2023
Azure: Enterprise license for this feature is requested


Mon Jan 30 10:51:56 IST 2023
Azure: Enterprise license for this feature is requested


Mon Jan 30 10:51:56 IST 2023
Azure: Enterprise license for this feature is requested


Mon Jan 30 10:51:56 IST 2023
Azure: Enterprise license for this feature is requested


Mon Jan 30 10:51:56 IST 2023
Azure: Enterprise license for this feature is requested


Mon Jan 30 10:51:57 IST 2023
Azure: Enterprise license for this feature is requested


Mon Jan 30 10:51:57 IST 2023
Azure: Enterprise license for this feature is requested


Mon Jan 30 10:51:57 IST 2023
Azure: Enterprise license for this feature is requested


Mon Jan 30 10:51:57 IST 2023
Azure: Enterprise license for this feature is requested


Mon Jan 30 10:51:57 IST 2023
Azure: Enterprise license for this feature is requested


Mon Jan 30 10:51:57 IST 2023
Azure: Enterprise license for this feature is requested


Mon Jan 30 10:51:57 IST 2023
Azure: Enterprise license for this feature is requested


Mon Jan 30 10:51:57 IST 2023
Azure: Enterprise license for this feature is requested


Mon Jan 30 10:51:57 IST 2023
Azure: Enterprise license for this feature is requested


Mon Jan 30 10:51:57 IST 2023
Azure: Enterprise license for this feature is requested


Mon Jan 30 10:51:57 IST 2023
Azure: Enterprise license for this feature is requested


Mon Jan 30 10:51:57 IST 2023
Azure: Enterprise license for this feature is requested


Mon Jan 30 10:51:57 IST 2023
Azure: Enterprise license for this feature is requested


Mon Jan 30 10:51:57 IST 2023
Azure: Enterprise license for this feature is requested


Mon Jan 30 10:51:57 IST 2023
Azure: Enterprise license for this feature is requested


Mon Jan 30 10:51:57 IST 2023
Azure: Enterprise license for this feature is requested


Mon Jan 30 10:51:57 IST 2023
Azure: Enterprise license for this feature is requested


Mon Jan 30 10:51:57 IST 2023
Azure: Enterprise license for this feature is requested


Mon Jan 30 10:51:57 IST 2023
Azure: Enterprise license for this feature is requested


Mon Jan 30 10:51:57 IST 2023
Azure: Enterprise license for this feature is requested


Mon Jan 30 10:51:57 IST 2023
Azure: Enterprise license for this feature is requested


Mon Jan 30 10:51:57 IST 2023
Azure: Enterprise license for this feature is requested


Mon Jan 30 10:51:57 IST 2023
Azure: Enterprise license for this feature is requested


Mon Jan 30 10:51:57 IST 2023
Azure: Enterprise license for this feature is requested


Mon Jan 30 10:51:57 IST 2023
Azure: Enterprise license for this feature is requested


Mon Jan 30 10:51:57 IST 2023
Azure: Enterprise license for this feature is requested


Mon Jan 30 10:51:57 IST 2023
Azure: Enterprise license for this feature is requested


Mon Jan 30 10:51:57 IST 2023
Azure: Enterprise license for this feature is requested


Mon Jan 30 10:51:57 IST 2023
Azure: Enterprise license for this feature is requested


Mon Jan 30 10:51:57 IST 2023
Azure: Enterprise license for this feature is requested


Mon Jan 30 10:51:57 IST 2023
Azure: Enterprise license for this feature is requested


Mon Jan 30 10:51:57 IST 2023
Azure: Enterprise license for this feature is requested


Mon Jan 30 10:51:57 IST 2023
Azure: Enterprise license for this feature is requested


Mon Jan 30 10:51:57 IST 2023
Azure: Enterprise license for this feature is requested


Mon Jan 30 10:51:57 IST 2023
Azure: Enterprise license for this feature is requested


Mon Jan 30 10:51:57 IST 2023
Azure: Enterprise license for this feature is requested


Mon Jan 30 10:51:57 IST 2023
Azure: Enterprise license for this feature is requested


Mon Jan 30 10:51:58 IST 2023
Azure: Enterprise license for this feature is requested


Mon Jan 30 10:51:58 IST 2023
Azure: Enterprise license for this feature is requested


Mon Jan 30 10:51:58 IST 2023
Azure: Enterprise license for this feature is requested


Mon Jan 30 10:51:58 IST 2023
Azure: Enterprise license for this feature is requested


Mon Jan 30 10:51:58 IST 2023
Azure: Enterprise license for this feature is requested


Mon Jan 30 10:51:58 IST 2023
Azure: Enterprise license for this feature is requested


Mon Jan 30 10:51:58 IST 2023
Azure: Enterprise license for this feature is requested


Mon Jan 30 10:51:58 IST 2023
Azure: Enterprise license for this feature is requested


Mon Jan 30 10:51:58 IST 2023
Azure: Enterprise license for this feature is requested


Mon Jan 30 10:51:58 IST 2023
Azure: Enterprise license for this feature is requested


Mon Jan 30 10:51:58 IST 2023
Azure: Enterprise license for this feature is requested


Mon Jan 30 10:51:58 IST 2023
Azure: Enterprise license for this feature is requested


Mon Jan 30 10:51:58 IST 2023
Azure: Enterprise license for this feature is requested


Mon Jan 30 10:51:58 IST 2023
Azure: Enterprise license for this feature is requested


Mon Jan 30 10:51:58 IST 2023
Azure: Enterprise license for this feature is requested


Mon Jan 30 10:51:58 IST 2023
Azure: Enterprise license for this feature is requested


Mon Jan 30 10:51:58 IST 2023
Azure: Enterprise license for this feature is requested


Mon Jan 30 10:51:58 IST 2023
Azure: Enterprise license for this feature is requested


Mon Jan 30 10:51:58 IST 2023
Azure: Enterprise license for this feature is requested


Mon Jan 30 10:51:58 IST 2023
Azure: Enterprise license for this feature is requested


Mon Jan 30 10:51:58 IST 2023
Azure: Enterprise license for this feature is requested


Mon Jan 30 10:51:58 IST 2023
Azure: Enterprise license for this feature is requested


Mon Jan 30 10:51:58 IST 2023
Azure: Enterprise license for this feature is requested


Mon Jan 30 10:51:58 IST 2023
Azure: Enterprise license for this feature is requested


Mon Jan 30 10:51:58 IST 2023
Azure: Enterprise license for this feature is requested


Mon Jan 30 10:51:58 IST 2023
Azure: Enterprise license for this feature is requested


Mon Jan 30 10:51:58 IST 2023
Azure: Enterprise license for this feature is requested


Mon Jan 30 10:51:58 IST 2023
Azure: Enterprise license for this feature is requested


Mon Jan 30 10:51:58 IST 2023
Azure: Enterprise license for this feature is requested


Mon Jan 30 10:51:58 IST 2023
Azure: Enterprise license for this feature is requested


Mon Jan 30 10:51:58 IST 2023
Azure: Enterprise license for this feature is requested


Mon Jan 30 10:51:58 IST 2023
Azure: Enterprise license for this feature is requested


Mon Jan 30 10:51:58 IST 2023
Azure: Enterprise license for this feature is requested


Mon Jan 30 10:51:58 IST 2023
Azure: Enterprise license for this feature is requested


Mon Jan 30 10:51:58 IST 2023
Azure: Enterprise license for this feature is requested


Mon Jan 30 10:51:58 IST 2023
Azure: Enterprise license for this feature is requested


Mon Jan 30 10:51:58 IST 2023
Azure: Enterprise license for this feature is requested


Mon Jan 30 10:51:58 IST 2023
Azure: Enterprise license for this feature is requested


Mon Jan 30 10:51:58 IST 2023
Azure: Enterprise license for this feature is requested


Mon Jan 30 10:51:58 IST 2023
Azure: Enterprise license for this feature is requested


Mon Jan 30 10:51:58 IST 2023
Azure: Enterprise license for this feature is requested


Mon Jan 30 10:51:58 IST 2023
Azure: Enterprise license for this feature is requested


Mon Jan 30 10:51:58 IST 2023
Azure: Enterprise license for this feature is requested


Mon Jan 30 10:51:58 IST 2023
Azure: Enterprise license for this feature is requested


Mon Jan 30 10:51:58 IST 2023
Azure: Enterprise license for this feature is requested


Mon Jan 30 10:51:58 IST 2023
Azure: Enterprise license for this feature is requested


Mon Jan 30 10:51:58 IST 2023
Azure: Enterprise license for this feature is requested


Mon Jan 30 10:51:58 IST 2023
Azure: Enterprise license for this feature is requested


Mon Jan 30 10:51:58 IST 2023
Azure: Enterprise license for this feature is requested


Mon Jan 30 10:51:58 IST 2023
Azure: Enterprise license for this feature is requested


Mon Jan 30 12:01:16 IST 2023
Azure: Enterprise license for this feature is requested


Mon Jan 30 12:01:17 IST 2023
Azure: Enterprise license for this feature is requested


Mon Jan 30 12:41:25 IST 2023
Azure: Enterprise license for this feature is requested

Expired License.
Expired License.
All launchers terminated
Start clean up session
End check license task
End clean up session
Start release license task
License released
End release license task
Start checking and mark activated for GUI mode
End checking and mark activated for GUI mode
Your current licensed session is valid until: January 31, 2023 12:46
All launchers terminated
Start clean up session
End check license task
End clean up session
Start release license task
End release license task
