Not a valid list position.
Could not find element with Id 'katalon.composer.objectrepository.handledmenuitem.spyweb'
Could not find element with Id 'com.kms.katalon.composer.integration.analytics.handledtoolitem.katalonTestOps'
Could not find element with Id 'com.kms.katalon.composer.mobile.dynamicmenucontribution.ios'
Could not find element with Id 'com.kms.katalon.composer.mobile.dynamicmenucontribution.ios'
Warning: NLS unused message: Key in: com.kms.katalon.composer.project.constants.composerProjectMessages
Warning: NLS unused message: Key in: com.kms.katalon.composer.testcase.constants.composerTestcaseMessages
Warning: NLS missing message: BTN_ADDTESTSUITE in: com.kms.katalon.composer.testcase.constants.composerTestcaseMessages
Warning: NLS unused message: DIA_LBL_SELECT_TEST_DATA in: com.kms.katalon.composer.testsuite.constants.composerTestsuiteMessages
Warning: NLS unused message: HAND_WARN_TS_REQUIRES_PLUGIN_DYNAMIC_EXECUTION_TO_OPEN in: com.kms.katalon.composer.testsuite.constants.composerTestsuiteMessages
Warning: NLS unused message: DIA_INFO_KSE_COMBINE_MULTI_DATASOURCE in: com.kms.katalon.composer.testsuite.constants.composerTestsuiteMessages
Warning: NLS missing message: DIA_SHELL_DATA_ITERATION in: com.kms.katalon.composer.testsuite.constants.composerTestsuiteMessages
Warning: NLS missing message: DIA_LBL_TO_ROW in: com.kms.katalon.composer.testsuite.constants.composerTestsuiteMessages
Warning: NLS missing message: DIA_MSG_START_ROW_BIGGER_THAN_END_ROW in: com.kms.katalon.composer.testsuite.constants.composerTestsuiteMessages
Warning: NLS missing message: EDI_TITLE_TEST_CASE_BROWSER in: com.kms.katalon.composer.testsuite.constants.composerTestsuiteMessages
Warning: NLS missing message: DIA_MSG_CHOOSE_DATA_COLUMN in: com.kms.katalon.composer.testsuite.constants.composerTestsuiteMessages
Warning: NLS missing message: DIA_TABLE_EMPTY_COLUMN in: com.kms.katalon.composer.testsuite.constants.composerTestsuiteMessages
Warning: NLS missing message: DIA_WARN_MSG_EMPTY_COLUMN_NAME in: com.kms.katalon.composer.testsuite.constants.composerTestsuiteMessages
Warning: NLS missing message: PA_LBL_TOOLTIP_RETRY_IMMEDIATELY in: com.kms.katalon.composer.testsuite.constants.composerTestsuiteMessages
Warning: NLS unused message: Key in: com.kms.katalon.composer.objectrepository.constant.composerObjectRepositoryMessages
WebView Server has been started on port 50011
Warning: NLS missing message: PA_URL_SUPPORT_PORTAL in: com.kms.katalon.constants.messages
Warning: NLS missing message: URL_KATALON_SURVEY in: com.kms.katalon.constants.messages
Warning: NLS missing message: OFFLINE_ACTIVATION in: com.kms.katalon.constants.messages
Warning: NLS missing message: ENTERPRISE_TRIAL_LICENSE in: com.kms.katalon.constants.messages
Warning: NLS missing message: ActivationDialogV2_LBL_ENTERPRISE_LICENSE in: com.kms.katalon.constants.messages
Warning: NLS missing message: DIALOG_TITLE_FIRST_TIME_USE_SURVEY in: com.kms.katalon.constants.messages
Warning: NLS missing message: BTN_YES_CONTINUE_USE in: com.kms.katalon.constants.messages
Warning: NLS missing message: BTN_NO_QUIT_USING in: com.kms.katalon.constants.messages
Warning: NLS missing message: BTN_SEND in: com.kms.katalon.constants.messages
Warning: NLS missing message: MSG_QUESTION_WILL_CONTINUE_TO_USE in: com.kms.katalon.constants.messages
Warning: NLS missing message: MSG_QUIT_USING_KATALON_REASON in: com.kms.katalon.constants.messages
Warning: NLS missing message: MSG_QUIT_USING_KATALON_REASON_PLACEHOLDER in: com.kms.katalon.constants.messages
Start checking and mark activated for GUI mode
Start getting machine ID on Windows
Start appending additional signatures
hardwareSerialNumber 
osDependentUsername hp
End appending additional signatures 62532fe0-f0e6-4bc7-8c3c-88d703e001eb__hp
End getting machine ID on Windows 3e88d5dd9cc3224adb59187d5ff6c5de
End checking and mark activated for GUI mode
Your current licensed session is valid until: February 24, 2023 17:11
Start check license task

Thu Feb 23 17:11:09 IST 2023
Azure: Enterprise license for this feature is requested

Warning: NLS unused message: DIA_LBL_LIST_OF_COL_NAMES in: com.kms.katalon.composer.components.impl.constants.composerComponentsImplMessages
Warning: NLS unused message: DIA_LBL_SELECT_A_COL in: com.kms.katalon.composer.components.impl.constants.composerComponentsImplMessages
Warning: NLS unused message: LBL_DEFAULT_LOCATOR_SELECTION_AREA in: com.katalon.plugin.smart_xpath.constant.SmartXpathMessages
Latest plugins responses: []
Katalon version: 8.5.5
Plugin info URL: https://store.katalon.com/api/products/ks?appVersion=8.5.5&appType=KSE&licenseType=FREE

Thu Feb 23 17:11:18 IST 2023
Azure: Enterprise license for this feature is requested

Warning: NLS unused message: PREF_WARN_KSE_SQL_SERVER in: com.kms.katalon.composer.testdata.constants.composerTestdataMessages
Warning: NLS unused message: PREF_WARN_KSE_ORACLE_SQL in: com.kms.katalon.composer.testdata.constants.composerTestdataMessages
Warning: NLS unused message: PREF_LBL_ACTIVE_BROWSER_PORT_DO_NOT_SHOW_WARNING_DIALOG in: com.kms.katalon.objectspy.constants.objectspyMessages

Thu Feb 23 17:11:21 IST 2023
Azure: Enterprise license for this feature is requested


Thu Feb 23 17:11:23 IST 2023
Azure: Enterprise license for this feature is requested


Thu Feb 23 17:11:25 IST 2023
Azure: Enterprise license for this feature is requested


Thu Feb 23 17:13:07 IST 2023
Azure: Enterprise license for this feature is requested

Launcher status after execution process completed: Running
Launcher status after execution process completed: Running
Feb 23, 2023 5:22:56 PM org.openqa.selenium.remote.DesiredCapabilities chrome
INFO: Using `new ChromeOptions()` is preferred to `DesiredCapabilities.chrome()`
Feb 23, 2023 5:22:58 PM org.openqa.selenium.remote.ProtocolHandshake createSession
INFO: Detected dialect: W3C
CodeSelectRequestor: Could not proceed due to null declaring type for org.codehaus.groovy.ast.expr.ConstantExpression@295f1267[Object Repository/SC001_TC009OR/button_SaveCOmbopage]
CodeSelectRequestor: Could not proceed due to null declaring type for org.codehaus.groovy.ast.expr.ConstantExpression@295f1267[Object Repository/SC001_TC009OR/button_SaveCOmbopage]
CodeSelectRequestor: Could not proceed due to null declaring type for org.codehaus.groovy.ast.expr.ArgumentListExpression@c79eecb[]
CodeSelectRequestor: Could not proceed due to null declaring type for org.codehaus.groovy.ast.expr.ConstantExpression@3452d160[    ]
CodeSelectRequestor: Could not proceed due to null declaring type for org.codehaus.groovy.ast.expr.ConstantExpression@5d86e1c4[    ]
CodeSelectRequestor: Could not proceed due to null declaring type for org.codehaus.groovy.ast.expr.ConstantExpression@382f32f6[  findTestObject(]
CodeSelectRequestor: Could not proceed due to null declaring type for org.codehaus.groovy.ast.expr.ConstantExpression@20572e0[  findTestObject(]
CodeSelectRequestor: Could not proceed due to null declaring type for org.codehaus.groovy.ast.expr.ConstantExpression@20572e0[  findTestObject(]
Launcher status after execution process completed: Running
Launcher status after execution process completed: Running

Thu Feb 23 17:41:02 IST 2023
Azure: Enterprise license for this feature is requested

CodeSelectRequestor: Could not proceed due to null declaring type for org.codehaus.groovy.ast.expr.ArgumentListExpression@361cafd2[]
CodeSelectRequestor: Could not proceed due to null declaring type for org.codehaus.groovy.ast.expr.ConstantExpression@384664c1[300]
CodeSelectRequestor: Could not proceed due to null declaring type for org.codehaus.groovy.ast.expr.ConstantExpression@2d6298c3[Object Repository/SC001_TC010OR/Dropdown_Category]
Launcher status after execution process completed: Running

Thu Feb 23 17:48:41 IST 2023
Azure: Enterprise license for this feature is requested


Thu Feb 23 17:48:41 IST 2023
Azure: Enterprise license for this feature is requested


Thu Feb 23 17:48:43 IST 2023
Azure: Enterprise license for this feature is requested


Thu Feb 23 17:48:43 IST 2023
Azure: Enterprise license for this feature is requested

Launcher status after execution process completed: Running
CodeSelectRequestor: Could not proceed due to null declaring type for org.codehaus.groovy.ast.expr.ConstantExpression@be3fe85[Object Repository/SC001_TC010OR/Dropdown_Category]
CodeSelectRequestor: Could not proceed due to null declaring type for org.codehaus.groovy.ast.expr.ArgumentListExpression@7607016f[org.codehaus.groovy.ast.expr.StaticMethodCallExpression@50bd5da8[com.kms.katalon.core.testobject.ObjectRepository#findTestObject arguments: org.codehaus.groovy.ast.expr.ArgumentListExpression@7b40a7a[org.codehaus.groovy.ast.expr.ConstantExpression@5e54ea7[Object Repository/SC001_TC010OR/input_MembershipName]]]]
CodeSelectRequestor: Could not proceed due to null declaring type for org.codehaus.groovy.ast.expr.ArgumentListExpression@7607016f[org.codehaus.groovy.ast.expr.StaticMethodCallExpression@50bd5da8[com.kms.katalon.core.testobject.ObjectRepository#findTestObject arguments: org.codehaus.groovy.ast.expr.ArgumentListExpression@7b40a7a[org.codehaus.groovy.ast.expr.ConstantExpression@5e54ea7[Object Repository/SC001_TC010OR/input_MembershipName]]]]
CodeSelectRequestor: Could not proceed due to null declaring type for org.codehaus.groovy.ast.expr.ConstantExpression@4e515777[]
CodeSelectRequestor: Could not proceed due to null declaring type for org.codehaus.groovy.ast.expr.ConstantExpression@4e515777[]
CodeSelectRequestor: Could not proceed due to null declaring type for org.codehaus.groovy.ast.expr.ConstantExpression@19b60432[TEST]
CodeSelectRequestor: Could not proceed due to null declaring type for org.codehaus.groovy.ast.expr.ConstantExpression@a4d1811[TESTMEMBERSHIP]
CodeSelectRequestor: Could not proceed due to null declaring type for org.codehaus.groovy.ast.expr.ConstantExpression@a4d1811[TESTMEMBERSHIP]
CodeSelectRequestor: Could not proceed due to null declaring type for org.codehaus.groovy.ast.expr.ConstantExpression@13e9d21a[TESTMEMBERSHIP007]

Thu Feb 23 17:52:27 IST 2023
Azure: Enterprise license for this feature is requested


Thu Feb 23 17:52:27 IST 2023
Azure: Enterprise license for this feature is requested

Launcher status after execution process completed: Running
CodeSelectRequestor: Could not proceed due to null declaring type for org.codehaus.groovy.ast.expr.ConstantExpression@42d60313[Object Repository/SC001_TC010OR/input_ProductSearch]

Thu Feb 23 18:31:19 IST 2023
Azure: Enterprise license for this feature is requested


Thu Feb 23 18:44:47 IST 2023
Azure: Enterprise license for this feature is requested


Thu Feb 23 19:11:02 IST 2023
Azure: Enterprise license for this feature is requested


Fri Feb 24 10:07:27 IST 2023
Azure: Enterprise license for this feature is requested


Fri Feb 24 10:07:27 IST 2023
Azure: Enterprise license for this feature is requested


Fri Feb 24 10:07:27 IST 2023
Azure: Enterprise license for this feature is requested


Fri Feb 24 10:07:27 IST 2023
Azure: Enterprise license for this feature is requested


Fri Feb 24 10:07:27 IST 2023
Azure: Enterprise license for this feature is requested


Fri Feb 24 10:07:27 IST 2023
Azure: Enterprise license for this feature is requested


Fri Feb 24 10:07:27 IST 2023
Azure: Enterprise license for this feature is requested


Fri Feb 24 10:07:27 IST 2023
Azure: Enterprise license for this feature is requested


Fri Feb 24 10:07:27 IST 2023
Azure: Enterprise license for this feature is requested


Fri Feb 24 10:07:27 IST 2023
Azure: Enterprise license for this feature is requested


Fri Feb 24 10:07:27 IST 2023
Azure: Enterprise license for this feature is requested


Fri Feb 24 10:07:27 IST 2023
Azure: Enterprise license for this feature is requested


Fri Feb 24 10:07:27 IST 2023
Azure: Enterprise license for this feature is requested


Fri Feb 24 10:07:27 IST 2023
Azure: Enterprise license for this feature is requested


Fri Feb 24 10:07:27 IST 2023
Azure: Enterprise license for this feature is requested


Fri Feb 24 10:07:27 IST 2023
Azure: Enterprise license for this feature is requested


Fri Feb 24 10:07:27 IST 2023
Azure: Enterprise license for this feature is requested


Fri Feb 24 10:07:28 IST 2023
Azure: Enterprise license for this feature is requested


Fri Feb 24 10:07:28 IST 2023
Azure: Enterprise license for this feature is requested


Fri Feb 24 10:07:28 IST 2023
Azure: Enterprise license for this feature is requested


Fri Feb 24 10:07:28 IST 2023
Azure: Enterprise license for this feature is requested


Fri Feb 24 10:07:28 IST 2023
Azure: Enterprise license for this feature is requested


Fri Feb 24 10:07:28 IST 2023
Azure: Enterprise license for this feature is requested


Fri Feb 24 10:07:28 IST 2023
Azure: Enterprise license for this feature is requested


Fri Feb 24 10:07:28 IST 2023
Azure: Enterprise license for this feature is requested


Fri Feb 24 10:07:28 IST 2023
Azure: Enterprise license for this feature is requested


Fri Feb 24 10:07:28 IST 2023
Azure: Enterprise license for this feature is requested


Fri Feb 24 10:07:28 IST 2023
Azure: Enterprise license for this feature is requested


Fri Feb 24 10:07:28 IST 2023
Azure: Enterprise license for this feature is requested


Fri Feb 24 10:11:02 IST 2023
Azure: Enterprise license for this feature is requested


Fri Feb 24 10:48:14 IST 2023
Azure: Enterprise license for this feature is requested


Fri Feb 24 11:18:58 IST 2023
Azure: Enterprise license for this feature is requested


Fri Feb 24 11:45:17 IST 2023
Azure: Enterprise license for this feature is requested


Fri Feb 24 12:11:02 IST 2023
Azure: Enterprise license for this feature is requested


Fri Feb 24 12:41:02 IST 2023
Azure: Enterprise license for this feature is requested

Launcher status after execution process completed: Running
CodeSelectRequestor: Could not proceed due to null declaring type for org.codehaus.groovy.ast.expr.ConstantExpression@1bcf5e96[TP1]
CodeSelectRequestor: Could not proceed due to null declaring type for org.codehaus.groovy.ast.expr.ConstantExpression@400b5410[]
CodeSelectRequestor: Could not proceed due to null declaring type for org.codehaus.groovy.ast.expr.ConstantExpression@47a25ebe[N]
CodeSelectRequestor: Could not proceed due to null declaring type for org.codehaus.groovy.ast.expr.ConstantExpression@4a192607[NP]
CodeSelectRequestor: Could not proceed due to null declaring type for org.codehaus.groovy.ast.expr.ConstantExpression@512286b2[NPRO]
CodeSelectRequestor: Could not proceed due to null declaring type for org.codehaus.groovy.ast.expr.ConstantExpression@512286b2[NPRO]
CodeSelectRequestor: Could not proceed due to null declaring type for org.codehaus.groovy.ast.expr.ConstantExpression@512286b2[NPRO]
CodeSelectRequestor: Could not proceed due to null declaring type for org.codehaus.groovy.ast.expr.ConstantExpression@11a0e52e[NPRO1]
CodeSelectRequestor: Could not proceed due to null declaring type for org.codehaus.groovy.ast.expr.ConstantExpression@11a0e52e[NPRO1]
Launcher status after execution process completed: Running
CodeSelectRequestor: Could not proceed due to null declaring type for org.codehaus.groovy.ast.expr.ConstantExpression@64541150[TESTMEMBERSHIP008]
CodeSelectRequestor: Could not proceed due to null declaring type for org.codehaus.groovy.ast.expr.ConstantExpression@5f72e96e[TESTMEMBERSHIP008]
CodeSelectRequestor: Could not proceed due to null declaring type for org.codehaus.groovy.ast.expr.ConstantExpression@106f5077[TESTMEMBERSHIP00]
CodeSelectRequestor: Could not proceed due to null declaring type for org.codehaus.groovy.ast.expr.ConstantExpression@5a0ae342[TESTMEMBERSHIP007]
CodeSelectRequestor: Could not proceed due to null declaring type for org.codehaus.groovy.ast.expr.ConstantExpression@7413e77[TESTMEMBERSHIP008]
CodeSelectRequestor: Could not proceed due to null declaring type for org.codehaus.groovy.ast.expr.ConstantExpression@7413e77[TESTMEMBERSHIP008]
CodeSelectRequestor: Could not proceed due to null declaring type for org.codehaus.groovy.ast.expr.ConstantExpression@1f32a01[TESTMEMBERSHIP007]
CodeSelectRequestor: Could not proceed due to null declaring type for org.codehaus.groovy.ast.expr.ConstantExpression@1f32a01[TESTMEMBERSHIP007]
CodeSelectRequestor: Could not proceed due to null declaring type for org.codehaus.groovy.ast.expr.ConstantExpression@79238e3f[TESTMEMBERSHIP007]
CodeSelectRequestor: Could not proceed due to null declaring type for org.codehaus.groovy.ast.expr.ConstantExpression@1ca21bd[TESTMEMBERSHIP007]
CodeSelectRequestor: Could not proceed due to null declaring type for org.codehaus.groovy.ast.expr.ConstantExpression@1ca21bd[TESTMEMBERSHIP007]
CodeSelectRequestor: Could not proceed due to null declaring type for org.codehaus.groovy.ast.expr.ConstantExpression@1ca21bd[TESTMEMBERSHIP007]
CodeSelectRequestor: Could not proceed due to null declaring type for org.codehaus.groovy.ast.expr.ConstantExpression@1ca21bd[TESTMEMBERSHIP007]

Fri Feb 24 13:11:02 IST 2023
Azure: Enterprise license for this feature is requested


Fri Feb 24 13:41:02 IST 2023
Azure: Enterprise license for this feature is requested

CodeSelectRequestor: Could not proceed due to null declaring type for org.codehaus.groovy.ast.expr.ConstantExpression@1ca21bd[TESTMEMBERSHIP007]
CodeSelectRequestor: Could not proceed due to null declaring type for org.codehaus.groovy.ast.expr.ConstantExpression@1ca21bd[TESTMEMBERSHIP007]
CodeSelectRequestor: Could not proceed due to null declaring type for org.codehaus.groovy.ast.expr.ConstantExpression@1ca21bd[TESTMEMBERSHIP007]
Expired License.
Expired License.

Mon Feb 27 10:38:37 IST 2023
Azure: Enterprise license for this feature is requested


Mon Feb 27 10:38:37 IST 2023
Azure: Enterprise license for this feature is requested


Mon Feb 27 10:38:37 IST 2023
Azure: Enterprise license for this feature is requested


Mon Feb 27 10:38:37 IST 2023
Azure: Enterprise license for this feature is requested


Mon Feb 27 10:38:37 IST 2023
Azure: Enterprise license for this feature is requested


Mon Feb 27 10:38:37 IST 2023
Azure: Enterprise license for this feature is requested


Mon Feb 27 10:38:37 IST 2023
Azure: Enterprise license for this feature is requested


Mon Feb 27 10:38:37 IST 2023
Azure: Enterprise license for this feature is requested


Mon Feb 27 10:38:37 IST 2023
Azure: Enterprise license for this feature is requested


Mon Feb 27 10:38:37 IST 2023
Azure: Enterprise license for this feature is requested


Mon Feb 27 10:38:37 IST 2023
Azure: Enterprise license for this feature is requested


Mon Feb 27 10:38:38 IST 2023
Azure: Enterprise license for this feature is requested


Mon Feb 27 10:38:38 IST 2023
Azure: Enterprise license for this feature is requested


Mon Feb 27 10:38:38 IST 2023
Azure: Enterprise license for this feature is requested


Mon Feb 27 10:38:38 IST 2023
Azure: Enterprise license for this feature is requested


Mon Feb 27 10:38:38 IST 2023
Azure: Enterprise license for this feature is requested


Mon Feb 27 10:38:38 IST 2023
Azure: Enterprise license for this feature is requested


Mon Feb 27 10:38:38 IST 2023
Azure: Enterprise license for this feature is requested


Mon Feb 27 10:38:38 IST 2023
Azure: Enterprise license for this feature is requested


Mon Feb 27 10:38:38 IST 2023
Azure: Enterprise license for this feature is requested


Mon Feb 27 10:38:38 IST 2023
Azure: Enterprise license for this feature is requested


Mon Feb 27 10:38:38 IST 2023
Azure: Enterprise license for this feature is requested


Mon Feb 27 10:38:39 IST 2023
Azure: Enterprise license for this feature is requested


Mon Feb 27 10:38:39 IST 2023
Azure: Enterprise license for this feature is requested


Mon Feb 27 10:38:39 IST 2023
Azure: Enterprise license for this feature is requested


Mon Feb 27 10:38:39 IST 2023
Azure: Enterprise license for this feature is requested


Mon Feb 27 10:38:39 IST 2023
Azure: Enterprise license for this feature is requested


Mon Feb 27 10:38:39 IST 2023
Azure: Enterprise license for this feature is requested


Mon Feb 27 10:38:39 IST 2023
Azure: Enterprise license for this feature is requested


Mon Feb 27 10:38:39 IST 2023
Azure: Enterprise license for this feature is requested


Mon Feb 27 10:38:39 IST 2023
Azure: Enterprise license for this feature is requested


Mon Feb 27 10:38:39 IST 2023
Azure: Enterprise license for this feature is requested


Mon Feb 27 10:38:39 IST 2023
Azure: Enterprise license for this feature is requested


Mon Feb 27 10:38:40 IST 2023
Azure: Enterprise license for this feature is requested


Mon Feb 27 10:38:40 IST 2023
Azure: Enterprise license for this feature is requested


Mon Feb 27 10:38:40 IST 2023
Azure: Enterprise license for this feature is requested


Mon Feb 27 10:38:40 IST 2023
Azure: Enterprise license for this feature is requested


Mon Feb 27 10:38:40 IST 2023
Azure: Enterprise license for this feature is requested


Mon Feb 27 10:38:40 IST 2023
Azure: Enterprise license for this feature is requested


Mon Feb 27 10:38:40 IST 2023
Azure: Enterprise license for this feature is requested


Mon Feb 27 10:38:40 IST 2023
Azure: Enterprise license for this feature is requested


Mon Feb 27 10:38:40 IST 2023
Azure: Enterprise license for this feature is requested


Mon Feb 27 10:38:40 IST 2023
Azure: Enterprise license for this feature is requested


Mon Feb 27 10:38:41 IST 2023
Azure: Enterprise license for this feature is requested


Mon Feb 27 10:38:41 IST 2023
Azure: Enterprise license for this feature is requested


Mon Feb 27 10:38:41 IST 2023
Azure: Enterprise license for this feature is requested


Mon Feb 27 10:38:41 IST 2023
Azure: Enterprise license for this feature is requested


Mon Feb 27 10:38:41 IST 2023
Azure: Enterprise license for this feature is requested


Mon Feb 27 10:38:41 IST 2023
Azure: Enterprise license for this feature is requested


Mon Feb 27 10:38:41 IST 2023
Azure: Enterprise license for this feature is requested


Mon Feb 27 10:38:41 IST 2023
Azure: Enterprise license for this feature is requested


Mon Feb 27 10:38:41 IST 2023
Azure: Enterprise license for this feature is requested


Mon Feb 27 10:38:41 IST 2023
Azure: Enterprise license for this feature is requested


Mon Feb 27 10:38:42 IST 2023
Azure: Enterprise license for this feature is requested


Mon Feb 27 10:38:42 IST 2023
Azure: Enterprise license for this feature is requested


Mon Feb 27 10:38:42 IST 2023
Azure: Enterprise license for this feature is requested


Mon Feb 27 10:38:42 IST 2023
Azure: Enterprise license for this feature is requested


Mon Feb 27 10:38:42 IST 2023
Azure: Enterprise license for this feature is requested


Mon Feb 27 10:38:42 IST 2023
Azure: Enterprise license for this feature is requested


Mon Feb 27 10:38:42 IST 2023
Azure: Enterprise license for this feature is requested


Mon Feb 27 10:38:42 IST 2023
Azure: Enterprise license for this feature is requested


Mon Feb 27 10:38:42 IST 2023
Azure: Enterprise license for this feature is requested


Mon Feb 27 10:38:42 IST 2023
Azure: Enterprise license for this feature is requested


Mon Feb 27 10:38:43 IST 2023
Azure: Enterprise license for this feature is requested


Mon Feb 27 10:38:43 IST 2023
Azure: Enterprise license for this feature is requested


Mon Feb 27 10:38:43 IST 2023
Azure: Enterprise license for this feature is requested


Mon Feb 27 10:38:43 IST 2023
Azure: Enterprise license for this feature is requested


Mon Feb 27 10:38:43 IST 2023
Azure: Enterprise license for this feature is requested


Mon Feb 27 10:38:43 IST 2023
Azure: Enterprise license for this feature is requested


Mon Feb 27 10:38:43 IST 2023
Azure: Enterprise license for this feature is requested


Mon Feb 27 10:38:43 IST 2023
Azure: Enterprise license for this feature is requested


Mon Feb 27 10:38:43 IST 2023
Azure: Enterprise license for this feature is requested


Mon Feb 27 10:38:43 IST 2023
Azure: Enterprise license for this feature is requested


Mon Feb 27 10:38:44 IST 2023
Azure: Enterprise license for this feature is requested


Mon Feb 27 10:38:44 IST 2023
Azure: Enterprise license for this feature is requested


Mon Feb 27 10:38:44 IST 2023
Azure: Enterprise license for this feature is requested


Mon Feb 27 10:38:44 IST 2023
Azure: Enterprise license for this feature is requested


Mon Feb 27 10:38:44 IST 2023
Azure: Enterprise license for this feature is requested


Mon Feb 27 10:38:44 IST 2023
Azure: Enterprise license for this feature is requested


Mon Feb 27 10:38:44 IST 2023
Azure: Enterprise license for this feature is requested


Mon Feb 27 10:38:44 IST 2023
Azure: Enterprise license for this feature is requested


Mon Feb 27 10:38:44 IST 2023
Azure: Enterprise license for this feature is requested


Mon Feb 27 10:38:44 IST 2023
Azure: Enterprise license for this feature is requested


Mon Feb 27 10:38:44 IST 2023
Azure: Enterprise license for this feature is requested


Mon Feb 27 10:38:45 IST 2023
Azure: Enterprise license for this feature is requested


Mon Feb 27 10:38:45 IST 2023
Azure: Enterprise license for this feature is requested


Mon Feb 27 10:38:45 IST 2023
Azure: Enterprise license for this feature is requested


Mon Feb 27 10:38:45 IST 2023
Azure: Enterprise license for this feature is requested


Mon Feb 27 10:38:45 IST 2023
Azure: Enterprise license for this feature is requested


Mon Feb 27 10:38:45 IST 2023
Azure: Enterprise license for this feature is requested


Mon Feb 27 10:38:45 IST 2023
Azure: Enterprise license for this feature is requested


Mon Feb 27 10:38:45 IST 2023
Azure: Enterprise license for this feature is requested


Mon Feb 27 10:38:45 IST 2023
Azure: Enterprise license for this feature is requested


Mon Feb 27 10:38:45 IST 2023
Azure: Enterprise license for this feature is requested


Mon Feb 27 10:38:45 IST 2023
Azure: Enterprise license for this feature is requested


Mon Feb 27 10:38:45 IST 2023
Azure: Enterprise license for this feature is requested


Mon Feb 27 10:38:45 IST 2023
Azure: Enterprise license for this feature is requested


Mon Feb 27 10:38:46 IST 2023
Azure: Enterprise license for this feature is requested


Mon Feb 27 10:38:46 IST 2023
Azure: Enterprise license for this feature is requested


Mon Feb 27 10:38:46 IST 2023
Azure: Enterprise license for this feature is requested


Mon Feb 27 10:38:46 IST 2023
Azure: Enterprise license for this feature is requested


Mon Feb 27 10:38:46 IST 2023
Azure: Enterprise license for this feature is requested


Mon Feb 27 10:38:46 IST 2023
Azure: Enterprise license for this feature is requested


Mon Feb 27 10:38:46 IST 2023
Azure: Enterprise license for this feature is requested


Mon Feb 27 10:38:46 IST 2023
Azure: Enterprise license for this feature is requested


Mon Feb 27 10:38:46 IST 2023
Azure: Enterprise license for this feature is requested


Mon Feb 27 10:38:46 IST 2023
Azure: Enterprise license for this feature is requested


Mon Feb 27 10:38:46 IST 2023
Azure: Enterprise license for this feature is requested


Mon Feb 27 10:38:47 IST 2023
Azure: Enterprise license for this feature is requested


Mon Feb 27 10:38:47 IST 2023
Azure: Enterprise license for this feature is requested


Mon Feb 27 10:38:47 IST 2023
Azure: Enterprise license for this feature is requested


Mon Feb 27 10:38:47 IST 2023
Azure: Enterprise license for this feature is requested


Mon Feb 27 10:38:47 IST 2023
Azure: Enterprise license for this feature is requested


Mon Feb 27 10:38:47 IST 2023
Azure: Enterprise license for this feature is requested


Mon Feb 27 10:38:47 IST 2023
Azure: Enterprise license for this feature is requested


Mon Feb 27 10:38:47 IST 2023
Azure: Enterprise license for this feature is requested


Mon Feb 27 10:38:47 IST 2023
Azure: Enterprise license for this feature is requested


Mon Feb 27 10:38:48 IST 2023
Azure: Enterprise license for this feature is requested


Mon Feb 27 10:38:48 IST 2023
Azure: Enterprise license for this feature is requested


Mon Feb 27 10:38:48 IST 2023
Azure: Enterprise license for this feature is requested


Mon Feb 27 10:38:48 IST 2023
Azure: Enterprise license for this feature is requested


Mon Feb 27 10:38:48 IST 2023
Azure: Enterprise license for this feature is requested


Mon Feb 27 10:38:48 IST 2023
Azure: Enterprise license for this feature is requested


Mon Feb 27 10:38:48 IST 2023
Azure: Enterprise license for this feature is requested


Mon Feb 27 10:38:48 IST 2023
Azure: Enterprise license for this feature is requested


Mon Feb 27 10:38:48 IST 2023
Azure: Enterprise license for this feature is requested


Mon Feb 27 10:38:49 IST 2023
Azure: Enterprise license for this feature is requested


Mon Feb 27 10:38:49 IST 2023
Azure: Enterprise license for this feature is requested


Mon Feb 27 10:38:49 IST 2023
Azure: Enterprise license for this feature is requested


Mon Feb 27 10:38:49 IST 2023
Azure: Enterprise license for this feature is requested


Mon Feb 27 10:38:49 IST 2023
Azure: Enterprise license for this feature is requested


Mon Feb 27 10:38:49 IST 2023
Azure: Enterprise license for this feature is requested


Mon Feb 27 10:38:49 IST 2023
Azure: Enterprise license for this feature is requested


Mon Feb 27 10:38:49 IST 2023
Azure: Enterprise license for this feature is requested


Mon Feb 27 10:38:49 IST 2023
Azure: Enterprise license for this feature is requested


Mon Feb 27 10:38:49 IST 2023
Azure: Enterprise license for this feature is requested


Mon Feb 27 10:38:49 IST 2023
Azure: Enterprise license for this feature is requested


Mon Feb 27 10:40:54 IST 2023
Azure: Enterprise license for this feature is requested


Mon Feb 27 11:14:32 IST 2023
Azure: Enterprise license for this feature is requested


Mon Feb 27 11:40:54 IST 2023
Azure: Enterprise license for this feature is requested


Mon Feb 27 12:11:44 IST 2023
Azure: Enterprise license for this feature is requested

CodeSelectRequestor: Could not proceed due to null declaring type for org.codehaus.groovy.ast.expr.ConstantExpression@1ca21bd[TESTMEMBERSHIP007]
CodeSelectRequestor: Could not proceed due to null declaring type for org.codehaus.groovy.ast.expr.ConstantExpression@1ca21bd[TESTMEMBERSHIP007]

Mon Feb 27 12:44:50 IST 2023
Azure: Enterprise license for this feature is requested


Mon Feb 27 13:10:54 IST 2023
Azure: Enterprise license for this feature is requested


Mon Feb 27 13:40:54 IST 2023
Azure: Enterprise license for this feature is requested


Mon Feb 27 14:53:00 IST 2023
Azure: Enterprise license for this feature is requested


Mon Feb 27 14:53:00 IST 2023
Azure: Enterprise license for this feature is requested


Mon Feb 27 15:10:54 IST 2023
Azure: Enterprise license for this feature is requested


Mon Feb 27 15:40:54 IST 2023
Azure: Enterprise license for this feature is requested


Mon Feb 27 16:12:06 IST 2023
Azure: Enterprise license for this feature is requested


Mon Feb 27 16:42:13 IST 2023
Azure: Enterprise license for this feature is requested


Mon Feb 27 17:10:54 IST 2023
Azure: Enterprise license for this feature is requested


Mon Feb 27 17:40:54 IST 2023
Azure: Enterprise license for this feature is requested


Mon Feb 27 18:10:54 IST 2023
Azure: Enterprise license for this feature is requested


Mon Feb 27 18:51:32 IST 2023
Azure: Enterprise license for this feature is requested


Tue Feb 28 10:10:10 IST 2023
Azure: Enterprise license for this feature is requested


Tue Feb 28 10:10:10 IST 2023
Azure: Enterprise license for this feature is requested


Tue Feb 28 10:10:11 IST 2023
Azure: Enterprise license for this feature is requested


Tue Feb 28 10:10:11 IST 2023
Azure: Enterprise license for this feature is requested


Tue Feb 28 10:10:11 IST 2023
Azure: Enterprise license for this feature is requested


Tue Feb 28 10:10:11 IST 2023
Azure: Enterprise license for this feature is requested


Tue Feb 28 10:10:11 IST 2023
Azure: Enterprise license for this feature is requested


Tue Feb 28 10:10:11 IST 2023
Azure: Enterprise license for this feature is requested


Tue Feb 28 10:10:11 IST 2023
Azure: Enterprise license for this feature is requested


Tue Feb 28 10:10:11 IST 2023
Azure: Enterprise license for this feature is requested


Tue Feb 28 10:10:11 IST 2023
Azure: Enterprise license for this feature is requested


Tue Feb 28 10:10:11 IST 2023
Azure: Enterprise license for this feature is requested


Tue Feb 28 10:10:11 IST 2023
Azure: Enterprise license for this feature is requested


Tue Feb 28 10:10:11 IST 2023
Azure: Enterprise license for this feature is requested


Tue Feb 28 10:10:11 IST 2023
Azure: Enterprise license for this feature is requested


Tue Feb 28 10:10:11 IST 2023
Azure: Enterprise license for this feature is requested


Tue Feb 28 10:10:12 IST 2023
Azure: Enterprise license for this feature is requested


Tue Feb 28 10:10:12 IST 2023
Azure: Enterprise license for this feature is requested


Tue Feb 28 10:10:12 IST 2023
Azure: Enterprise license for this feature is requested


Tue Feb 28 10:10:12 IST 2023
Azure: Enterprise license for this feature is requested


Tue Feb 28 10:10:12 IST 2023
Azure: Enterprise license for this feature is requested


Tue Feb 28 10:10:12 IST 2023
Azure: Enterprise license for this feature is requested


Tue Feb 28 10:10:12 IST 2023
Azure: Enterprise license for this feature is requested


Tue Feb 28 10:10:12 IST 2023
Azure: Enterprise license for this feature is requested


Tue Feb 28 10:10:12 IST 2023
Azure: Enterprise license for this feature is requested


Tue Feb 28 10:10:12 IST 2023
Azure: Enterprise license for this feature is requested


Tue Feb 28 10:10:12 IST 2023
Azure: Enterprise license for this feature is requested


Tue Feb 28 10:10:12 IST 2023
Azure: Enterprise license for this feature is requested


Tue Feb 28 10:10:12 IST 2023
Azure: Enterprise license for this feature is requested


Tue Feb 28 10:10:13 IST 2023
Azure: Enterprise license for this feature is requested


Tue Feb 28 10:10:56 IST 2023
Azure: Enterprise license for this feature is requested


Tue Feb 28 10:43:17 IST 2023
Azure: Enterprise license for this feature is requested


Tue Feb 28 11:21:27 IST 2023
Azure: Enterprise license for this feature is requested


Tue Feb 28 11:40:56 IST 2023
Azure: Enterprise license for this feature is requested


Tue Feb 28 12:10:56 IST 2023
Azure: Enterprise license for this feature is requested


Tue Feb 28 12:40:56 IST 2023
Azure: Enterprise license for this feature is requested


Tue Feb 28 13:10:56 IST 2023
Azure: Enterprise license for this feature is requested


Tue Feb 28 13:40:56 IST 2023
Azure: Enterprise license for this feature is requested


Tue Feb 28 14:10:56 IST 2023
Azure: Enterprise license for this feature is requested


Tue Feb 28 15:29:24 IST 2023
Azure: Enterprise license for this feature is requested


Tue Feb 28 15:29:24 IST 2023
Azure: Enterprise license for this feature is requested


Tue Feb 28 15:40:56 IST 2023
Azure: Enterprise license for this feature is requested


Tue Feb 28 16:10:56 IST 2023
Azure: Enterprise license for this feature is requested


Tue Feb 28 16:40:56 IST 2023
Azure: Enterprise license for this feature is requested


Tue Feb 28 17:10:56 IST 2023
Azure: Enterprise license for this feature is requested


Tue Feb 28 17:48:08 IST 2023
Azure: Enterprise license for this feature is requested


Tue Feb 28 18:12:08 IST 2023
Azure: Enterprise license for this feature is requested


Tue Feb 28 18:44:37 IST 2023
Azure: Enterprise license for this feature is requested


Tue Feb 28 19:10:56 IST 2023
Azure: Enterprise license for this feature is requested

Expired License.
Expired License.

Wed Mar 01 10:49:55 IST 2023
Azure: Enterprise license for this feature is requested


Wed Mar 01 10:49:55 IST 2023
Azure: Enterprise license for this feature is requested


Wed Mar 01 10:49:55 IST 2023
Azure: Enterprise license for this feature is requested


Wed Mar 01 10:49:55 IST 2023
Azure: Enterprise license for this feature is requested


Wed Mar 01 10:49:55 IST 2023
Azure: Enterprise license for this feature is requested


Wed Mar 01 10:49:55 IST 2023
Azure: Enterprise license for this feature is requested


Wed Mar 01 10:49:55 IST 2023
Azure: Enterprise license for this feature is requested


Wed Mar 01 10:49:56 IST 2023
Azure: Enterprise license for this feature is requested


Wed Mar 01 10:49:56 IST 2023
Azure: Enterprise license for this feature is requested


Wed Mar 01 10:49:56 IST 2023
Azure: Enterprise license for this feature is requested


Wed Mar 01 10:49:56 IST 2023
Azure: Enterprise license for this feature is requested


Wed Mar 01 10:49:56 IST 2023
Azure: Enterprise license for this feature is requested


Wed Mar 01 10:49:56 IST 2023
Azure: Enterprise license for this feature is requested


Wed Mar 01 10:49:56 IST 2023
Azure: Enterprise license for this feature is requested


Wed Mar 01 10:49:56 IST 2023
Azure: Enterprise license for this feature is requested


Wed Mar 01 10:49:56 IST 2023
Azure: Enterprise license for this feature is requested


Wed Mar 01 10:49:56 IST 2023
Azure: Enterprise license for this feature is requested


Wed Mar 01 10:49:56 IST 2023
Azure: Enterprise license for this feature is requested


Wed Mar 01 10:49:56 IST 2023
Azure: Enterprise license for this feature is requested


Wed Mar 01 10:49:56 IST 2023
Azure: Enterprise license for this feature is requested


Wed Mar 01 10:49:56 IST 2023
Azure: Enterprise license for this feature is requested


Wed Mar 01 10:49:56 IST 2023
Azure: Enterprise license for this feature is requested


Wed Mar 01 10:49:56 IST 2023
Azure: Enterprise license for this feature is requested


Wed Mar 01 10:49:56 IST 2023
Azure: Enterprise license for this feature is requested


Wed Mar 01 10:49:56 IST 2023
Azure: Enterprise license for this feature is requested


Wed Mar 01 10:49:56 IST 2023
Azure: Enterprise license for this feature is requested


Wed Mar 01 10:49:56 IST 2023
Azure: Enterprise license for this feature is requested


Wed Mar 01 10:49:56 IST 2023
Azure: Enterprise license for this feature is requested


Wed Mar 01 10:49:57 IST 2023
Azure: Enterprise license for this feature is requested


Wed Mar 01 10:49:57 IST 2023
Azure: Enterprise license for this feature is requested


Wed Mar 01 10:49:57 IST 2023
Azure: Enterprise license for this feature is requested


Wed Mar 01 11:13:14 IST 2023
Azure: Enterprise license for this feature is requested


Wed Mar 01 11:49:23 IST 2023
Azure: Enterprise license for this feature is requested


Wed Mar 01 13:34:32 IST 2023
Azure: Enterprise license for this feature is requested


Wed Mar 01 13:34:32 IST 2023
Azure: Enterprise license for this feature is requested


Wed Mar 01 13:34:32 IST 2023
Azure: Enterprise license for this feature is requested


Wed Mar 01 13:40:56 IST 2023
Azure: Enterprise license for this feature is requested


Wed Mar 01 14:10:56 IST 2023
Azure: Enterprise license for this feature is requested


Wed Mar 01 15:16:30 IST 2023
Azure: Enterprise license for this feature is requested


Wed Mar 01 15:16:30 IST 2023
Azure: Enterprise license for this feature is requested


Wed Mar 01 15:40:56 IST 2023
Azure: Enterprise license for this feature is requested


Wed Mar 01 16:12:28 IST 2023
Azure: Enterprise license for this feature is requested


Wed Mar 01 16:41:57 IST 2023
Azure: Enterprise license for this feature is requested


Wed Mar 01 17:20:10 IST 2023
Azure: Enterprise license for this feature is requested


Wed Mar 01 17:40:56 IST 2023
Azure: Enterprise license for this feature is requested


Wed Mar 01 18:11:59 IST 2023
Azure: Enterprise license for this feature is requested


Wed Mar 01 18:40:56 IST 2023
Azure: Enterprise license for this feature is requested


Thu Mar 02 10:39:25 IST 2023
Azure: Enterprise license for this feature is requested


Thu Mar 02 10:39:25 IST 2023
Azure: Enterprise license for this feature is requested


Thu Mar 02 10:39:25 IST 2023
Azure: Enterprise license for this feature is requested


Thu Mar 02 10:39:25 IST 2023
Azure: Enterprise license for this feature is requested


Thu Mar 02 10:39:26 IST 2023
Azure: Enterprise license for this feature is requested


Thu Mar 02 10:39:26 IST 2023
Azure: Enterprise license for this feature is requested


Thu Mar 02 10:39:26 IST 2023
Azure: Enterprise license for this feature is requested


Thu Mar 02 10:39:26 IST 2023
Azure: Enterprise license for this feature is requested


Thu Mar 02 10:39:26 IST 2023
Azure: Enterprise license for this feature is requested


Thu Mar 02 10:39:26 IST 2023
Azure: Enterprise license for this feature is requested


Thu Mar 02 10:39:26 IST 2023
Azure: Enterprise license for this feature is requested


Thu Mar 02 10:39:26 IST 2023
Azure: Enterprise license for this feature is requested


Thu Mar 02 10:39:26 IST 2023
Azure: Enterprise license for this feature is requested


Thu Mar 02 10:39:27 IST 2023
Azure: Enterprise license for this feature is requested


Thu Mar 02 10:39:27 IST 2023
Azure: Enterprise license for this feature is requested


Thu Mar 02 10:39:27 IST 2023
Azure: Enterprise license for this feature is requested


Thu Mar 02 10:39:27 IST 2023
Azure: Enterprise license for this feature is requested


Thu Mar 02 10:39:27 IST 2023
Azure: Enterprise license for this feature is requested


Thu Mar 02 10:39:27 IST 2023
Azure: Enterprise license for this feature is requested


Thu Mar 02 10:39:27 IST 2023
Azure: Enterprise license for this feature is requested


Thu Mar 02 10:39:27 IST 2023
Azure: Enterprise license for this feature is requested


Thu Mar 02 10:39:27 IST 2023
Azure: Enterprise license for this feature is requested


Thu Mar 02 10:39:28 IST 2023
Azure: Enterprise license for this feature is requested


Thu Mar 02 10:39:28 IST 2023
Azure: Enterprise license for this feature is requested


Thu Mar 02 10:39:28 IST 2023
Azure: Enterprise license for this feature is requested


Thu Mar 02 10:39:28 IST 2023
Azure: Enterprise license for this feature is requested


Thu Mar 02 10:39:28 IST 2023
Azure: Enterprise license for this feature is requested


Thu Mar 02 10:39:28 IST 2023
Azure: Enterprise license for this feature is requested


Thu Mar 02 10:39:28 IST 2023
Azure: Enterprise license for this feature is requested


Thu Mar 02 10:39:28 IST 2023
Azure: Enterprise license for this feature is requested


Thu Mar 02 10:39:28 IST 2023
Azure: Enterprise license for this feature is requested


Thu Mar 02 10:41:00 IST 2023
Azure: Enterprise license for this feature is requested


Thu Mar 02 11:16:00 IST 2023
Azure: Enterprise license for this feature is requested


Thu Mar 02 11:41:00 IST 2023
Azure: Enterprise license for this feature is requested

CodeSelectRequestor: Could not proceed due to null declaring type for org.codehaus.groovy.ast.expr.ConstantExpression@1ca21bd[TESTMEMBERSHIP007]
CodeSelectRequestor: Could not proceed due to null declaring type for org.codehaus.groovy.ast.expr.ConstantExpression@1ca21bd[TESTMEMBERSHIP007]
All launchers terminated
Start clean up session
End check license task
End clean up session
Start release license task
License released
End release license task
