Not a valid list position.
Could not find element with Id 'katalon.composer.objectrepository.handledmenuitem.spyweb'
Could not find element with Id 'com.kms.katalon.composer.integration.analytics.handledtoolitem.katalonTestOps'
Could not find element with Id 'com.kms.katalon.composer.mobile.dynamicmenucontribution.ios'
Could not find element with Id 'com.kms.katalon.composer.mobile.dynamicmenucontribution.ios'
Warning: NLS unused message: Key in: com.kms.katalon.composer.project.constants.composerProjectMessages
Warning: NLS unused message: Key in: com.kms.katalon.composer.testcase.constants.composerTestcaseMessages
Warning: NLS missing message: BTN_ADDTESTSUITE in: com.kms.katalon.composer.testcase.constants.composerTestcaseMessages
Warning: NLS unused message: DIA_LBL_SELECT_TEST_DATA in: com.kms.katalon.composer.testsuite.constants.composerTestsuiteMessages
Warning: NLS unused message: HAND_WARN_TS_REQUIRES_PLUGIN_DYNAMIC_EXECUTION_TO_OPEN in: com.kms.katalon.composer.testsuite.constants.composerTestsuiteMessages
Warning: NLS unused message: DIA_INFO_KSE_COMBINE_MULTI_DATASOURCE in: com.kms.katalon.composer.testsuite.constants.composerTestsuiteMessages
Warning: NLS missing message: DIA_SHELL_DATA_ITERATION in: com.kms.katalon.composer.testsuite.constants.composerTestsuiteMessages
Warning: NLS missing message: DIA_LBL_TO_ROW in: com.kms.katalon.composer.testsuite.constants.composerTestsuiteMessages
Warning: NLS missing message: DIA_MSG_START_ROW_BIGGER_THAN_END_ROW in: com.kms.katalon.composer.testsuite.constants.composerTestsuiteMessages
Warning: NLS missing message: EDI_TITLE_TEST_CASE_BROWSER in: com.kms.katalon.composer.testsuite.constants.composerTestsuiteMessages
Warning: NLS missing message: DIA_MSG_CHOOSE_DATA_COLUMN in: com.kms.katalon.composer.testsuite.constants.composerTestsuiteMessages
Warning: NLS missing message: DIA_TABLE_EMPTY_COLUMN in: com.kms.katalon.composer.testsuite.constants.composerTestsuiteMessages
Warning: NLS missing message: DIA_WARN_MSG_EMPTY_COLUMN_NAME in: com.kms.katalon.composer.testsuite.constants.composerTestsuiteMessages
Warning: NLS missing message: PA_LBL_TOOLTIP_RETRY_IMMEDIATELY in: com.kms.katalon.composer.testsuite.constants.composerTestsuiteMessages
Warning: NLS unused message: Key in: com.kms.katalon.composer.objectrepository.constant.composerObjectRepositoryMessages
WebView Server has been started on port 51146
Warning: NLS missing message: PA_URL_SUPPORT_PORTAL in: com.kms.katalon.constants.messages
Warning: NLS missing message: URL_KATALON_SURVEY in: com.kms.katalon.constants.messages
Warning: NLS missing message: OFFLINE_ACTIVATION in: com.kms.katalon.constants.messages
Warning: NLS missing message: ENTERPRISE_TRIAL_LICENSE in: com.kms.katalon.constants.messages
Warning: NLS missing message: ActivationDialogV2_LBL_ENTERPRISE_LICENSE in: com.kms.katalon.constants.messages
Warning: NLS missing message: DIALOG_TITLE_FIRST_TIME_USE_SURVEY in: com.kms.katalon.constants.messages
Warning: NLS missing message: BTN_YES_CONTINUE_USE in: com.kms.katalon.constants.messages
Warning: NLS missing message: BTN_NO_QUIT_USING in: com.kms.katalon.constants.messages
Warning: NLS missing message: BTN_SEND in: com.kms.katalon.constants.messages
Warning: NLS missing message: MSG_QUESTION_WILL_CONTINUE_TO_USE in: com.kms.katalon.constants.messages
Warning: NLS missing message: MSG_QUIT_USING_KATALON_REASON in: com.kms.katalon.constants.messages
Warning: NLS missing message: MSG_QUIT_USING_KATALON_REASON_PLACEHOLDER in: com.kms.katalon.constants.messages
Start checking and mark activated for GUI mode
Start getting machine ID on Windows
Start appending additional signatures
hardwareSerialNumber 
osDependentUsername hp
End appending additional signatures 62532fe0-f0e6-4bc7-8c3c-88d703e001eb__hp
End getting machine ID on Windows 3e88d5dd9cc3224adb59187d5ff6c5de
End checking and mark activated for GUI mode
Your current licensed session is valid until: March 03, 2023 12:55
Start check license task

Thu Mar 02 12:55:38 IST 2023
Azure: Enterprise license for this feature is requested

Warning: NLS unused message: DIA_LBL_LIST_OF_COL_NAMES in: com.kms.katalon.composer.components.impl.constants.composerComponentsImplMessages
Warning: NLS unused message: DIA_LBL_SELECT_A_COL in: com.kms.katalon.composer.components.impl.constants.composerComponentsImplMessages
Warning: NLS unused message: LBL_DEFAULT_LOCATOR_SELECTION_AREA in: com.katalon.plugin.smart_xpath.constant.SmartXpathMessages
Latest plugins responses: []
Katalon version: 8.5.5
Plugin info URL: https://store.katalon.com/api/products/ks?appVersion=8.5.5&appType=KSE&licenseType=FREE

Thu Mar 02 12:55:44 IST 2023
Azure: Enterprise license for this feature is requested

Warning: NLS unused message: PREF_WARN_KSE_SQL_SERVER in: com.kms.katalon.composer.testdata.constants.composerTestdataMessages
Warning: NLS unused message: PREF_WARN_KSE_ORACLE_SQL in: com.kms.katalon.composer.testdata.constants.composerTestdataMessages

Thu Mar 02 12:55:47 IST 2023
Azure: Enterprise license for this feature is requested

Warning: NLS unused message: PREF_LBL_ACTIVE_BROWSER_PORT_DO_NOT_SHOW_WARNING_DIALOG in: com.kms.katalon.objectspy.constants.objectspyMessages
CodeSelectRequestor: Could not proceed due to null declaring type for org.codehaus.groovy.ast.expr.ConstantExpression@7c67018e[TC-QBDashboard/LoginCase_Common]
CodeSelectRequestor: Could not proceed due to null declaring type for org.codehaus.groovy.ast.expr.BinaryExpression@4338aeba[org.codehaus.groovy.ast.expr.VariableExpression@4dff58ad[variable: Combopageurl type: java.lang.String -> java.lang.String]("==" at 29:18:  "==" )org.codehaus.groovy.ast.expr.ConstantExpression@49c0c5ca[https://queuebuster.co/manage/setup/combo.php]]

Thu Mar 02 13:25:25 IST 2023
Azure: Enterprise license for this feature is requested


Thu Mar 02 13:55:25 IST 2023
Azure: Enterprise license for this feature is requested


Thu Mar 02 15:11:06 IST 2023
Azure: Enterprise license for this feature is requested


Thu Mar 02 15:11:06 IST 2023
Azure: Enterprise license for this feature is requested


Thu Mar 02 15:25:25 IST 2023
Azure: Enterprise license for this feature is requested


Thu Mar 02 15:55:25 IST 2023
Azure: Enterprise license for this feature is requested


Thu Mar 02 16:25:25 IST 2023
Azure: Enterprise license for this feature is requested


Thu Mar 02 16:55:25 IST 2023
Azure: Enterprise license for this feature is requested


Thu Mar 02 18:17:06 IST 2023
Azure: Enterprise license for this feature is requested


Thu Mar 02 18:17:06 IST 2023
Azure: Enterprise license for this feature is requested


Thu Mar 02 18:25:25 IST 2023
Azure: Enterprise license for this feature is requested


Thu Mar 02 19:00:44 IST 2023
Azure: Enterprise license for this feature is requested


Fri Mar 03 04:14:06 IST 2023
Azure: Enterprise license for this feature is requested


Fri Mar 03 04:14:06 IST 2023
Azure: Enterprise license for this feature is requested


Fri Mar 03 04:14:06 IST 2023
Azure: Enterprise license for this feature is requested


Fri Mar 03 04:14:06 IST 2023
Azure: Enterprise license for this feature is requested


Fri Mar 03 04:14:06 IST 2023
Azure: Enterprise license for this feature is requested


Fri Mar 03 04:14:07 IST 2023
Azure: Enterprise license for this feature is requested


Fri Mar 03 04:14:07 IST 2023
Azure: Enterprise license for this feature is requested


Fri Mar 03 04:14:07 IST 2023
Azure: Enterprise license for this feature is requested


Fri Mar 03 04:14:07 IST 2023
Azure: Enterprise license for this feature is requested


Fri Mar 03 04:14:07 IST 2023
Azure: Enterprise license for this feature is requested


Fri Mar 03 04:14:07 IST 2023
Azure: Enterprise license for this feature is requested


Fri Mar 03 04:14:07 IST 2023
Azure: Enterprise license for this feature is requested


Fri Mar 03 04:14:07 IST 2023
Azure: Enterprise license for this feature is requested


Fri Mar 03 04:14:07 IST 2023
Azure: Enterprise license for this feature is requested


Fri Mar 03 04:14:07 IST 2023
Azure: Enterprise license for this feature is requested


Fri Mar 03 04:14:07 IST 2023
Azure: Enterprise license for this feature is requested


Fri Mar 03 04:14:08 IST 2023
Azure: Enterprise license for this feature is requested


Fri Mar 03 04:14:08 IST 2023
Azure: Enterprise license for this feature is requested


Fri Mar 03 04:25:25 IST 2023
Azure: Enterprise license for this feature is requested


Fri Mar 03 09:45:21 IST 2023
Azure: Enterprise license for this feature is requested


Fri Mar 03 09:45:21 IST 2023
Azure: Enterprise license for this feature is requested


Fri Mar 03 09:45:21 IST 2023
Azure: Enterprise license for this feature is requested


Fri Mar 03 09:45:22 IST 2023
Azure: Enterprise license for this feature is requested


Fri Mar 03 09:45:22 IST 2023
Azure: Enterprise license for this feature is requested


Fri Mar 03 09:45:22 IST 2023
Azure: Enterprise license for this feature is requested


Fri Mar 03 09:45:22 IST 2023
Azure: Enterprise license for this feature is requested


Fri Mar 03 09:45:22 IST 2023
Azure: Enterprise license for this feature is requested


Fri Mar 03 09:45:22 IST 2023
Azure: Enterprise license for this feature is requested


Fri Mar 03 09:45:22 IST 2023
Azure: Enterprise license for this feature is requested


Fri Mar 03 09:55:25 IST 2023
Azure: Enterprise license for this feature is requested


Fri Mar 03 10:25:25 IST 2023
Azure: Enterprise license for this feature is requested

Expired License.
Expired License.
All launchers terminated
Start clean up session
End check license task
End clean up session
Start release license task
License released
End release license task
