Not a valid list position.
Could not find element with Id 'katalon.composer.objectrepository.handledmenuitem.spyweb'
Could not find element with Id 'com.kms.katalon.composer.integration.analytics.handledtoolitem.katalonTestOps'
Could not find element with Id 'com.kms.katalon.composer.mobile.dynamicmenucontribution.ios'
Could not find element with Id 'com.kms.katalon.composer.mobile.dynamicmenucontribution.ios'
Warning: NLS unused message: Key in: com.kms.katalon.composer.project.constants.composerProjectMessages
Warning: NLS unused message: Key in: com.kms.katalon.composer.testcase.constants.composerTestcaseMessages
Warning: NLS missing message: BTN_ADDTESTSUITE in: com.kms.katalon.composer.testcase.constants.composerTestcaseMessages
Warning: NLS unused message: DIA_LBL_SELECT_TEST_DATA in: com.kms.katalon.composer.testsuite.constants.composerTestsuiteMessages
Warning: NLS unused message: HAND_WARN_TS_REQUIRES_PLUGIN_DYNAMIC_EXECUTION_TO_OPEN in: com.kms.katalon.composer.testsuite.constants.composerTestsuiteMessages
Warning: NLS unused message: DIA_INFO_KSE_COMBINE_MULTI_DATASOURCE in: com.kms.katalon.composer.testsuite.constants.composerTestsuiteMessages
Warning: NLS missing message: DIA_SHELL_DATA_ITERATION in: com.kms.katalon.composer.testsuite.constants.composerTestsuiteMessages
Warning: NLS missing message: DIA_LBL_TO_ROW in: com.kms.katalon.composer.testsuite.constants.composerTestsuiteMessages
Warning: NLS missing message: DIA_MSG_START_ROW_BIGGER_THAN_END_ROW in: com.kms.katalon.composer.testsuite.constants.composerTestsuiteMessages
Warning: NLS missing message: EDI_TITLE_TEST_CASE_BROWSER in: com.kms.katalon.composer.testsuite.constants.composerTestsuiteMessages
Warning: NLS missing message: DIA_MSG_CHOOSE_DATA_COLUMN in: com.kms.katalon.composer.testsuite.constants.composerTestsuiteMessages
Warning: NLS missing message: DIA_TABLE_EMPTY_COLUMN in: com.kms.katalon.composer.testsuite.constants.composerTestsuiteMessages
Warning: NLS missing message: DIA_WARN_MSG_EMPTY_COLUMN_NAME in: com.kms.katalon.composer.testsuite.constants.composerTestsuiteMessages
Warning: NLS missing message: PA_LBL_TOOLTIP_RETRY_IMMEDIATELY in: com.kms.katalon.composer.testsuite.constants.composerTestsuiteMessages
Warning: NLS unused message: Key in: com.kms.katalon.composer.objectrepository.constant.composerObjectRepositoryMessages
WebView Server has been started on port 57564
Warning: NLS missing message: PA_URL_SUPPORT_PORTAL in: com.kms.katalon.constants.messages
Warning: NLS missing message: URL_KATALON_SURVEY in: com.kms.katalon.constants.messages
Warning: NLS missing message: OFFLINE_ACTIVATION in: com.kms.katalon.constants.messages
Warning: NLS missing message: ENTERPRISE_TRIAL_LICENSE in: com.kms.katalon.constants.messages
Warning: NLS missing message: ActivationDialogV2_LBL_ENTERPRISE_LICENSE in: com.kms.katalon.constants.messages
Warning: NLS missing message: DIALOG_TITLE_FIRST_TIME_USE_SURVEY in: com.kms.katalon.constants.messages
Warning: NLS missing message: BTN_YES_CONTINUE_USE in: com.kms.katalon.constants.messages
Warning: NLS missing message: BTN_NO_QUIT_USING in: com.kms.katalon.constants.messages
Warning: NLS missing message: BTN_SEND in: com.kms.katalon.constants.messages
Warning: NLS missing message: MSG_QUESTION_WILL_CONTINUE_TO_USE in: com.kms.katalon.constants.messages
Warning: NLS missing message: MSG_QUIT_USING_KATALON_REASON in: com.kms.katalon.constants.messages
Warning: NLS missing message: MSG_QUIT_USING_KATALON_REASON_PLACEHOLDER in: com.kms.katalon.constants.messages
Start checking and mark activated for GUI mode
Start getting machine ID on Windows
Start appending additional signatures
hardwareSerialNumber 
osDependentUsername hp
End appending additional signatures 62532fe0-f0e6-4bc7-8c3c-88d703e001eb__hp
End getting machine ID on Windows 3e88d5dd9cc3224adb59187d5ff6c5de
Expired License.
End checking and mark activated for GUI mode
Your current licensed session is valid until: March 07, 2023 12:54
Start check license task
Warning: NLS unused message: LBL_DEFAULT_LOCATOR_SELECTION_AREA in: com.katalon.plugin.smart_xpath.constant.SmartXpathMessages

Mon Mar 06 12:55:07 IST 2023
Azure: Enterprise license for this feature is requested

Warning: NLS unused message: DIA_LBL_LIST_OF_COL_NAMES in: com.kms.katalon.composer.components.impl.constants.composerComponentsImplMessages
Warning: NLS unused message: DIA_LBL_SELECT_A_COL in: com.kms.katalon.composer.components.impl.constants.composerComponentsImplMessages
Latest plugins responses: []
Katalon version: 8.5.5
Plugin info URL: https://store.katalon.com/api/products/ks?appVersion=8.5.5&appType=KSE&licenseType=FREE
Warning: NLS unused message: PREF_WARN_KSE_SQL_SERVER in: com.kms.katalon.composer.testdata.constants.composerTestdataMessages
Warning: NLS unused message: PREF_WARN_KSE_ORACLE_SQL in: com.kms.katalon.composer.testdata.constants.composerTestdataMessages

Mon Mar 06 12:55:27 IST 2023
Azure: Enterprise license for this feature is requested


Mon Mar 06 13:26:32 IST 2023
Azure: Enterprise license for this feature is requested


Mon Mar 06 13:54:41 IST 2023
Azure: Enterprise license for this feature is requested


Mon Mar 06 15:15:16 IST 2023
Azure: Enterprise license for this feature is requested


Mon Mar 06 15:15:16 IST 2023
Azure: Enterprise license for this feature is requested


Mon Mar 06 15:24:41 IST 2023
Azure: Enterprise license for this feature is requested


Mon Mar 06 15:54:41 IST 2023
Azure: Enterprise license for this feature is requested


Mon Mar 06 16:36:59 IST 2023
Azure: Enterprise license for this feature is requested


Mon Mar 06 16:54:41 IST 2023
Azure: Enterprise license for this feature is requested


Mon Mar 06 17:24:41 IST 2023
Azure: Enterprise license for this feature is requested


Mon Mar 06 17:54:41 IST 2023
Azure: Enterprise license for this feature is requested


Tue Mar 07 10:08:11 IST 2023
Azure: Enterprise license for this feature is requested


Tue Mar 07 10:08:12 IST 2023
Azure: Enterprise license for this feature is requested


Tue Mar 07 10:08:12 IST 2023
Azure: Enterprise license for this feature is requested


Tue Mar 07 10:08:12 IST 2023
Azure: Enterprise license for this feature is requested


Tue Mar 07 10:08:12 IST 2023
Azure: Enterprise license for this feature is requested


Tue Mar 07 10:08:12 IST 2023
Azure: Enterprise license for this feature is requested


Tue Mar 07 10:08:12 IST 2023
Azure: Enterprise license for this feature is requested


Tue Mar 07 10:08:12 IST 2023
Azure: Enterprise license for this feature is requested


Tue Mar 07 10:08:12 IST 2023
Azure: Enterprise license for this feature is requested


Tue Mar 07 10:08:12 IST 2023
Azure: Enterprise license for this feature is requested


Tue Mar 07 10:08:12 IST 2023
Azure: Enterprise license for this feature is requested


Tue Mar 07 10:08:12 IST 2023
Azure: Enterprise license for this feature is requested


Tue Mar 07 10:08:12 IST 2023
Azure: Enterprise license for this feature is requested


Tue Mar 07 10:08:12 IST 2023
Azure: Enterprise license for this feature is requested


Tue Mar 07 10:08:13 IST 2023
Azure: Enterprise license for this feature is requested


Tue Mar 07 10:08:13 IST 2023
Azure: Enterprise license for this feature is requested


Tue Mar 07 10:08:13 IST 2023
Azure: Enterprise license for this feature is requested


Tue Mar 07 10:08:13 IST 2023
Azure: Enterprise license for this feature is requested


Tue Mar 07 10:08:13 IST 2023
Azure: Enterprise license for this feature is requested


Tue Mar 07 10:08:13 IST 2023
Azure: Enterprise license for this feature is requested


Tue Mar 07 10:08:13 IST 2023
Azure: Enterprise license for this feature is requested


Tue Mar 07 10:08:13 IST 2023
Azure: Enterprise license for this feature is requested


Tue Mar 07 10:08:13 IST 2023
Azure: Enterprise license for this feature is requested


Tue Mar 07 10:08:13 IST 2023
Azure: Enterprise license for this feature is requested


Tue Mar 07 10:08:14 IST 2023
Azure: Enterprise license for this feature is requested


Tue Mar 07 10:08:14 IST 2023
Azure: Enterprise license for this feature is requested


Tue Mar 07 10:08:14 IST 2023
Azure: Enterprise license for this feature is requested


Tue Mar 07 10:08:14 IST 2023
Azure: Enterprise license for this feature is requested


Tue Mar 07 10:08:14 IST 2023
Azure: Enterprise license for this feature is requested


Tue Mar 07 10:08:14 IST 2023
Azure: Enterprise license for this feature is requested


Tue Mar 07 10:08:14 IST 2023
Azure: Enterprise license for this feature is requested


Tue Mar 07 10:08:14 IST 2023
Azure: Enterprise license for this feature is requested


Tue Mar 07 10:26:10 IST 2023
Azure: Enterprise license for this feature is requested


Tue Mar 07 11:21:13 IST 2023
Azure: Enterprise license for this feature is requested


Tue Mar 07 11:24:41 IST 2023
Azure: Enterprise license for this feature is requested


Tue Mar 07 11:58:16 IST 2023
Azure: Enterprise license for this feature is requested


Tue Mar 07 12:24:41 IST 2023
Azure: Enterprise license for this feature is requested


Tue Mar 07 13:01:00 IST 2023
Azure: Enterprise license for this feature is requested


Tue Mar 07 13:44:09 IST 2023
Azure: Enterprise license for this feature is requested


Tue Mar 07 13:54:41 IST 2023
Azure: Enterprise license for this feature is requested

Expired License.
Expired License.

Thu Mar 09 10:12:59 IST 2023
Azure: Enterprise license for this feature is requested


Thu Mar 09 10:12:59 IST 2023
Azure: Enterprise license for this feature is requested


Thu Mar 09 10:12:59 IST 2023
Azure: Enterprise license for this feature is requested


Thu Mar 09 10:12:59 IST 2023
Azure: Enterprise license for this feature is requested


Thu Mar 09 10:13:00 IST 2023
Azure: Enterprise license for this feature is requested


Thu Mar 09 10:13:00 IST 2023
Azure: Enterprise license for this feature is requested


Thu Mar 09 10:13:00 IST 2023
Azure: Enterprise license for this feature is requested


Thu Mar 09 10:13:00 IST 2023
Azure: Enterprise license for this feature is requested


Thu Mar 09 10:13:00 IST 2023
Azure: Enterprise license for this feature is requested


Thu Mar 09 10:13:00 IST 2023
Azure: Enterprise license for this feature is requested


Thu Mar 09 10:13:00 IST 2023
Azure: Enterprise license for this feature is requested


Thu Mar 09 10:13:00 IST 2023
Azure: Enterprise license for this feature is requested


Thu Mar 09 10:13:00 IST 2023
Azure: Enterprise license for this feature is requested


Thu Mar 09 10:13:00 IST 2023
Azure: Enterprise license for this feature is requested


Thu Mar 09 10:13:00 IST 2023
Azure: Enterprise license for this feature is requested


Thu Mar 09 10:13:00 IST 2023
Azure: Enterprise license for this feature is requested


Thu Mar 09 10:13:00 IST 2023
Azure: Enterprise license for this feature is requested


Thu Mar 09 10:13:00 IST 2023
Azure: Enterprise license for this feature is requested


Thu Mar 09 10:13:00 IST 2023
Azure: Enterprise license for this feature is requested


Thu Mar 09 10:13:00 IST 2023
Azure: Enterprise license for this feature is requested


Thu Mar 09 10:13:00 IST 2023
Azure: Enterprise license for this feature is requested


Thu Mar 09 10:13:00 IST 2023
Azure: Enterprise license for this feature is requested


Thu Mar 09 10:13:00 IST 2023
Azure: Enterprise license for this feature is requested


Thu Mar 09 10:13:00 IST 2023
Azure: Enterprise license for this feature is requested


Thu Mar 09 10:13:00 IST 2023
Azure: Enterprise license for this feature is requested


Thu Mar 09 10:13:00 IST 2023
Azure: Enterprise license for this feature is requested


Thu Mar 09 10:13:00 IST 2023
Azure: Enterprise license for this feature is requested


Thu Mar 09 10:13:00 IST 2023
Azure: Enterprise license for this feature is requested


Thu Mar 09 10:13:00 IST 2023
Azure: Enterprise license for this feature is requested


Thu Mar 09 10:13:00 IST 2023
Azure: Enterprise license for this feature is requested


Thu Mar 09 10:13:00 IST 2023
Azure: Enterprise license for this feature is requested


Thu Mar 09 10:13:00 IST 2023
Azure: Enterprise license for this feature is requested


Thu Mar 09 10:13:00 IST 2023
Azure: Enterprise license for this feature is requested


Thu Mar 09 10:13:01 IST 2023
Azure: Enterprise license for this feature is requested


Thu Mar 09 10:13:01 IST 2023
Azure: Enterprise license for this feature is requested


Thu Mar 09 10:13:01 IST 2023
Azure: Enterprise license for this feature is requested


Thu Mar 09 10:13:01 IST 2023
Azure: Enterprise license for this feature is requested


Thu Mar 09 10:13:01 IST 2023
Azure: Enterprise license for this feature is requested


Thu Mar 09 10:13:01 IST 2023
Azure: Enterprise license for this feature is requested


Thu Mar 09 10:13:01 IST 2023
Azure: Enterprise license for this feature is requested


Thu Mar 09 10:13:01 IST 2023
Azure: Enterprise license for this feature is requested


Thu Mar 09 10:13:01 IST 2023
Azure: Enterprise license for this feature is requested


Thu Mar 09 10:13:01 IST 2023
Azure: Enterprise license for this feature is requested


Thu Mar 09 10:13:01 IST 2023
Azure: Enterprise license for this feature is requested


Thu Mar 09 10:13:01 IST 2023
Azure: Enterprise license for this feature is requested


Thu Mar 09 10:13:01 IST 2023
Azure: Enterprise license for this feature is requested


Thu Mar 09 10:13:01 IST 2023
Azure: Enterprise license for this feature is requested


Thu Mar 09 10:13:01 IST 2023
Azure: Enterprise license for this feature is requested


Thu Mar 09 10:13:01 IST 2023
Azure: Enterprise license for this feature is requested


Thu Mar 09 10:13:01 IST 2023
Azure: Enterprise license for this feature is requested


Thu Mar 09 10:13:01 IST 2023
Azure: Enterprise license for this feature is requested


Thu Mar 09 10:13:01 IST 2023
Azure: Enterprise license for this feature is requested


Thu Mar 09 10:13:01 IST 2023
Azure: Enterprise license for this feature is requested


Thu Mar 09 10:13:01 IST 2023
Azure: Enterprise license for this feature is requested


Thu Mar 09 10:13:01 IST 2023
Azure: Enterprise license for this feature is requested


Thu Mar 09 10:13:01 IST 2023
Azure: Enterprise license for this feature is requested


Thu Mar 09 10:13:01 IST 2023
Azure: Enterprise license for this feature is requested


Thu Mar 09 10:13:01 IST 2023
Azure: Enterprise license for this feature is requested


Thu Mar 09 10:13:01 IST 2023
Azure: Enterprise license for this feature is requested


Thu Mar 09 10:13:01 IST 2023
Azure: Enterprise license for this feature is requested


Thu Mar 09 10:13:01 IST 2023
Azure: Enterprise license for this feature is requested


Thu Mar 09 10:13:01 IST 2023
Azure: Enterprise license for this feature is requested


Thu Mar 09 10:13:01 IST 2023
Azure: Enterprise license for this feature is requested


Thu Mar 09 10:13:01 IST 2023
Azure: Enterprise license for this feature is requested


Thu Mar 09 10:13:02 IST 2023
Azure: Enterprise license for this feature is requested


Thu Mar 09 10:13:02 IST 2023
Azure: Enterprise license for this feature is requested


Thu Mar 09 10:13:02 IST 2023
Azure: Enterprise license for this feature is requested


Thu Mar 09 10:13:02 IST 2023
Azure: Enterprise license for this feature is requested


Thu Mar 09 10:13:02 IST 2023
Azure: Enterprise license for this feature is requested


Thu Mar 09 10:13:02 IST 2023
Azure: Enterprise license for this feature is requested


Thu Mar 09 10:13:02 IST 2023
Azure: Enterprise license for this feature is requested


Thu Mar 09 10:13:02 IST 2023
Azure: Enterprise license for this feature is requested


Thu Mar 09 10:13:02 IST 2023
Azure: Enterprise license for this feature is requested


Thu Mar 09 10:13:02 IST 2023
Azure: Enterprise license for this feature is requested


Thu Mar 09 10:13:02 IST 2023
Azure: Enterprise license for this feature is requested


Thu Mar 09 10:13:02 IST 2023
Azure: Enterprise license for this feature is requested


Thu Mar 09 10:13:02 IST 2023
Azure: Enterprise license for this feature is requested


Thu Mar 09 10:13:02 IST 2023
Azure: Enterprise license for this feature is requested


Thu Mar 09 10:13:02 IST 2023
Azure: Enterprise license for this feature is requested


Thu Mar 09 10:13:02 IST 2023
Azure: Enterprise license for this feature is requested


Thu Mar 09 10:13:02 IST 2023
Azure: Enterprise license for this feature is requested


Thu Mar 09 10:13:02 IST 2023
Azure: Enterprise license for this feature is requested


Thu Mar 09 10:13:02 IST 2023
Azure: Enterprise license for this feature is requested


Thu Mar 09 10:13:02 IST 2023
Azure: Enterprise license for this feature is requested


Thu Mar 09 10:13:02 IST 2023
Azure: Enterprise license for this feature is requested


Thu Mar 09 10:13:02 IST 2023
Azure: Enterprise license for this feature is requested


Thu Mar 09 10:13:02 IST 2023
Azure: Enterprise license for this feature is requested


Thu Mar 09 10:13:02 IST 2023
Azure: Enterprise license for this feature is requested


Thu Mar 09 10:25:24 IST 2023
Azure: Enterprise license for this feature is requested


Thu Mar 09 10:54:33 IST 2023
Azure: Enterprise license for this feature is requested


Thu Mar 09 11:28:42 IST 2023
Azure: Enterprise license for this feature is requested


Thu Mar 09 11:54:33 IST 2023
Azure: Enterprise license for this feature is requested


Thu Mar 09 12:24:33 IST 2023
Azure: Enterprise license for this feature is requested

All launchers terminated

Thu Mar 09 12:36:11 IST 2023
Azure: Enterprise license for this feature is requested

Warning: NLS missing message: BTN_UPLOAD in: com.kms.katalon.composer.integration.analytics.constants.composerIntegrationAnalyticsMessages
Latest plugins responses: []
Katalon version: 8.5.5
Plugin info URL: https://store.katalon.com/api/products/ks?appVersion=8.5.5&appType=KSE&licenseType=FREE

Thu Mar 09 12:40:06 IST 2023
Azure: Enterprise license for this feature is requested


Thu Mar 09 12:41:43 IST 2023
Azure: Enterprise license for this feature is requested


Thu Mar 09 12:41:44 IST 2023
Azure: Enterprise license for this feature is requested

CodeSelectRequestor: Could not proceed due to null declaring type for org.codehaus.groovy.ast.expr.ConstantExpression@75d284b1[Application/App/Activity/android.widget.TextView - Custom Dialog]
CodeSelectRequestor: Could not proceed due to null declaring type for org.codehaus.groovy.ast.expr.ConstantExpression@6b63838e[Application/android.widget.TextView - App]
All launchers terminated
Start clean up session
End check license task
End clean up session
Start release license task
License released
End release license task
