Not a valid list position.
Could not find element with Id 'katalon.composer.objectrepository.handledmenuitem.spyweb'
Could not find element with Id 'com.kms.katalon.composer.integration.analytics.handledtoolitem.katalonTestOps'
Could not find element with Id 'com.kms.katalon.composer.mobile.dynamicmenucontribution.ios'
Could not find element with Id 'com.kms.katalon.composer.mobile.dynamicmenucontribution.ios'
Warning: NLS unused message: Key in: com.kms.katalon.composer.project.constants.composerProjectMessages
Warning: NLS unused message: Key in: com.kms.katalon.composer.testcase.constants.composerTestcaseMessages
Warning: NLS missing message: BTN_ADDTESTSUITE in: com.kms.katalon.composer.testcase.constants.composerTestcaseMessages
Warning: NLS unused message: DIA_LBL_SELECT_TEST_DATA in: com.kms.katalon.composer.testsuite.constants.composerTestsuiteMessages
Warning: NLS unused message: HAND_WARN_TS_REQUIRES_PLUGIN_DYNAMIC_EXECUTION_TO_OPEN in: com.kms.katalon.composer.testsuite.constants.composerTestsuiteMessages
Warning: NLS unused message: DIA_INFO_KSE_COMBINE_MULTI_DATASOURCE in: com.kms.katalon.composer.testsuite.constants.composerTestsuiteMessages
Warning: NLS missing message: DIA_SHELL_DATA_ITERATION in: com.kms.katalon.composer.testsuite.constants.composerTestsuiteMessages
Warning: NLS missing message: DIA_LBL_TO_ROW in: com.kms.katalon.composer.testsuite.constants.composerTestsuiteMessages
Warning: NLS missing message: DIA_MSG_START_ROW_BIGGER_THAN_END_ROW in: com.kms.katalon.composer.testsuite.constants.composerTestsuiteMessages
Warning: NLS missing message: EDI_TITLE_TEST_CASE_BROWSER in: com.kms.katalon.composer.testsuite.constants.composerTestsuiteMessages
Warning: NLS missing message: DIA_MSG_CHOOSE_DATA_COLUMN in: com.kms.katalon.composer.testsuite.constants.composerTestsuiteMessages
Warning: NLS missing message: DIA_TABLE_EMPTY_COLUMN in: com.kms.katalon.composer.testsuite.constants.composerTestsuiteMessages
Warning: NLS missing message: DIA_WARN_MSG_EMPTY_COLUMN_NAME in: com.kms.katalon.composer.testsuite.constants.composerTestsuiteMessages
Warning: NLS missing message: PA_LBL_TOOLTIP_RETRY_IMMEDIATELY in: com.kms.katalon.composer.testsuite.constants.composerTestsuiteMessages
Warning: NLS unused message: Key in: com.kms.katalon.composer.objectrepository.constant.composerObjectRepositoryMessages
WebView Server has been started on port 57517
Warning: NLS missing message: PA_URL_SUPPORT_PORTAL in: com.kms.katalon.constants.messages
Warning: NLS missing message: URL_KATALON_SURVEY in: com.kms.katalon.constants.messages
Warning: NLS missing message: OFFLINE_ACTIVATION in: com.kms.katalon.constants.messages
Warning: NLS missing message: ENTERPRISE_TRIAL_LICENSE in: com.kms.katalon.constants.messages
Warning: NLS missing message: ActivationDialogV2_LBL_ENTERPRISE_LICENSE in: com.kms.katalon.constants.messages
Warning: NLS missing message: DIALOG_TITLE_FIRST_TIME_USE_SURVEY in: com.kms.katalon.constants.messages
Warning: NLS missing message: BTN_YES_CONTINUE_USE in: com.kms.katalon.constants.messages
Warning: NLS missing message: BTN_NO_QUIT_USING in: com.kms.katalon.constants.messages
Warning: NLS missing message: BTN_SEND in: com.kms.katalon.constants.messages
Warning: NLS missing message: MSG_QUESTION_WILL_CONTINUE_TO_USE in: com.kms.katalon.constants.messages
Warning: NLS missing message: MSG_QUIT_USING_KATALON_REASON in: com.kms.katalon.constants.messages
Warning: NLS missing message: MSG_QUIT_USING_KATALON_REASON_PLACEHOLDER in: com.kms.katalon.constants.messages
Start checking and mark activated for GUI mode
Start getting machine ID on Windows
Start appending additional signatures
hardwareSerialNumber 
osDependentUsername hp
End appending additional signatures 62532fe0-f0e6-4bc7-8c3c-88d703e001eb__hp
End getting machine ID on Windows 3e88d5dd9cc3224adb59187d5ff6c5de
End checking and mark activated for GUI mode
Your current licensed session is valid until: March 21, 2023 18:51
Start check license task

Mon Mar 20 18:51:27 IST 2023
Azure: Enterprise license for this feature is requested

Warning: NLS unused message: DIA_LBL_LIST_OF_COL_NAMES in: com.kms.katalon.composer.components.impl.constants.composerComponentsImplMessages
Warning: NLS unused message: DIA_LBL_SELECT_A_COL in: com.kms.katalon.composer.components.impl.constants.composerComponentsImplMessages
Warning: NLS unused message: LBL_DEFAULT_LOCATOR_SELECTION_AREA in: com.katalon.plugin.smart_xpath.constant.SmartXpathMessages
Latest plugins responses: []
Katalon version: 8.5.5
Plugin info URL: https://store.katalon.com/api/products/ks?appVersion=8.5.5&appType=KSE&licenseType=FREE

Mon Mar 20 18:51:35 IST 2023
Azure: Enterprise license for this feature is requested


Mon Mar 20 18:51:37 IST 2023
Azure: Enterprise license for this feature is requested

All launchers terminated

Mon Mar 20 18:52:26 IST 2023
Azure: Enterprise license for this feature is requested

Latest plugins responses: []
Katalon version: 8.5.5
Plugin info URL: https://store.katalon.com/api/products/ks?appVersion=8.5.5&appType=KSE&licenseType=FREE

Mon Mar 20 18:52:35 IST 2023
Azure: Enterprise license for this feature is requested


Mon Mar 20 18:52:53 IST 2023
Azure: Enterprise license for this feature is requested


Mon Mar 20 18:52:55 IST 2023
Azure: Enterprise license for this feature is requested


Mon Mar 20 18:53:01 IST 2023
Azure: Enterprise license for this feature is requested

CodeSelectRequestor: Could not proceed due to null declaring type for org.codehaus.groovy.ast.expr.ConstantExpression@3daeff1f[666666]

Mon Mar 20 18:53:22 IST 2023
Azure: Enterprise license for this feature is requested

Warning: NLS unused message: DIA_TITLE_INSTALL_INSTRUCTIONS in: com.kms.katalon.composer.mobile.constants.composerMobileMessages

Mon Mar 20 18:54:52 IST 2023
Azure: Enterprise license for this feature is requested


Mon Mar 20 18:54:53 IST 2023
Azure: Enterprise license for this feature is requested


Mon Mar 20 18:54:55 IST 2023
Azure: Enterprise license for this feature is requested


Mon Mar 20 18:55:06 IST 2023
Azure: Enterprise license for this feature is requested

Launcher status after execution process completed: Running

Mon Mar 20 18:56:25 IST 2023
Azure: Enterprise license for this feature is requested

Launcher status after execution process completed: Running
CodeSelectRequestor: Could not proceed due to null declaring type for org.codehaus.groovy.ast.expr.ConstantExpression@286a7f04[Object Repository/LogincaseOR/android.widget.TStoreRadio]
Launcher status after execution process completed: Running

Mon Mar 20 19:03:59 IST 2023
Azure: Enterprise license for this feature is requested

CodeSelectRequestor: Could not proceed due to null declaring type for org.codehaus.groovy.ast.expr.ConstantExpression@5b2ba8e0[C:/Core/app-queueBusterAPP.apk]

Mon Mar 20 19:04:13 IST 2023
Azure: Enterprise license for this feature is requested

CodeSelectRequestor: Could not proceed due to null declaring type for org.codehaus.groovy.ast.expr.ConstantExpression@702d95d6[Object Repository/LogincaseOR/android.widget.PassInput]
Launcher status after execution process completed: Running

Mon Mar 20 19:06:41 IST 2023
Azure: Enterprise license for this feature is requested


Mon Mar 20 19:06:41 IST 2023
Azure: Enterprise license for this feature is requested

CodeSelectRequestor: Could not proceed due to null declaring type for org.codehaus.groovy.ast.expr.ConstantExpression@2d4e8f4f[Object Repository/LogincaseOR/android.widget.EditTextUSER]
Launcher status after execution process completed: Running

Mon Mar 20 19:11:12 IST 2023
Azure: Enterprise license for this feature is requested


Mon Mar 20 19:11:12 IST 2023
Azure: Enterprise license for this feature is requested

Launcher status after execution process completed: Running

Mon Mar 20 19:13:10 IST 2023
java.lang.NumberFormatException: null
	at java.lang.Integer.parseInt(Integer.java:542)
	at java.lang.Integer.parseInt(Integer.java:615)
	at com.kms.katalon.application.utils.EntityTrackingHelper$1.run(EntityTrackingHelper.java:23)
	at java.util.concurrent.Executors$RunnableAdapter.call(Executors.java:511)
	at java.util.concurrent.FutureTask.run(FutureTask.java:266)
	at java.util.concurrent.ThreadPoolExecutor.runWorker(ThreadPoolExecutor.java:1149)
	at java.util.concurrent.ThreadPoolExecutor$Worker.run(ThreadPoolExecutor.java:624)
	at java.lang.Thread.run(Thread.java:748)



Mon Mar 20 19:13:12 IST 2023
Azure: Enterprise license for this feature is requested


Mon Mar 20 19:13:13 IST 2023
Azure: Enterprise license for this feature is requested


Mon Mar 20 19:13:13 IST 2023
Azure: Enterprise license for this feature is requested


Mon Mar 20 19:21:21 IST 2023
Azure: Enterprise license for this feature is requested


Tue Mar 21 10:27:57 IST 2023
Azure: Enterprise license for this feature is requested


Tue Mar 21 10:27:57 IST 2023
Azure: Enterprise license for this feature is requested


Tue Mar 21 10:27:57 IST 2023
Azure: Enterprise license for this feature is requested


Tue Mar 21 10:27:57 IST 2023
Azure: Enterprise license for this feature is requested


Tue Mar 21 10:27:57 IST 2023
Azure: Enterprise license for this feature is requested


Tue Mar 21 10:27:57 IST 2023
Azure: Enterprise license for this feature is requested


Tue Mar 21 10:27:57 IST 2023
Azure: Enterprise license for this feature is requested


Tue Mar 21 10:27:57 IST 2023
Azure: Enterprise license for this feature is requested


Tue Mar 21 10:27:57 IST 2023
Azure: Enterprise license for this feature is requested


Tue Mar 21 10:27:57 IST 2023
Azure: Enterprise license for this feature is requested


Tue Mar 21 10:27:57 IST 2023
Azure: Enterprise license for this feature is requested


Tue Mar 21 10:27:57 IST 2023
Azure: Enterprise license for this feature is requested


Tue Mar 21 10:27:57 IST 2023
Azure: Enterprise license for this feature is requested


Tue Mar 21 10:27:57 IST 2023
Azure: Enterprise license for this feature is requested


Tue Mar 21 10:27:57 IST 2023
Azure: Enterprise license for this feature is requested


Tue Mar 21 10:27:57 IST 2023
Azure: Enterprise license for this feature is requested


Tue Mar 21 10:27:57 IST 2023
Azure: Enterprise license for this feature is requested


Tue Mar 21 10:27:57 IST 2023
Azure: Enterprise license for this feature is requested


Tue Mar 21 10:27:57 IST 2023
Azure: Enterprise license for this feature is requested


Tue Mar 21 10:27:57 IST 2023
Azure: Enterprise license for this feature is requested


Tue Mar 21 10:27:57 IST 2023
Azure: Enterprise license for this feature is requested


Tue Mar 21 10:27:57 IST 2023
Azure: Enterprise license for this feature is requested


Tue Mar 21 10:27:57 IST 2023
Azure: Enterprise license for this feature is requested


Tue Mar 21 10:27:57 IST 2023
Azure: Enterprise license for this feature is requested


Tue Mar 21 10:27:57 IST 2023
Azure: Enterprise license for this feature is requested


Tue Mar 21 10:27:57 IST 2023
Azure: Enterprise license for this feature is requested


Tue Mar 21 10:27:57 IST 2023
Azure: Enterprise license for this feature is requested


Tue Mar 21 10:27:57 IST 2023
Azure: Enterprise license for this feature is requested


Tue Mar 21 10:27:57 IST 2023
Azure: Enterprise license for this feature is requested


Tue Mar 21 10:27:57 IST 2023
Azure: Enterprise license for this feature is requested


Tue Mar 21 11:06:09 IST 2023
Azure: Enterprise license for this feature is requested


Tue Mar 21 11:21:23 IST 2023
Azure: Enterprise license for this feature is requested

CodeSelectRequestor: Could not proceed due to null declaring type for org.codehaus.groovy.ast.expr.ConstantExpression@4bbc53e3[Object Repository/LogincaseOR/InitialLogin]

Tue Mar 21 11:36:30 IST 2023
Azure: Enterprise license for this feature is requested


Tue Mar 21 11:36:30 IST 2023
Azure: Enterprise license for this feature is requested


Tue Mar 21 11:36:30 IST 2023
Azure: Enterprise license for this feature is requested


Tue Mar 21 11:36:32 IST 2023
Azure: Enterprise license for this feature is requested


Tue Mar 21 11:36:32 IST 2023
Azure: Enterprise license for this feature is requested


Tue Mar 21 11:36:32 IST 2023
Azure: Enterprise license for this feature is requested

CodeSelectRequestor: Could not proceed due to null declaring type for org.codehaus.groovy.ast.expr.ConstantExpression@734c761c[Object Repository/LogincaseOR/android.widget.TextView - Continue]
Launcher status after execution process completed: Running

Tue Mar 21 11:51:23 IST 2023
Azure: Enterprise license for this feature is requested


Tue Mar 21 12:21:23 IST 2023
Azure: Enterprise license for this feature is requested


Tue Mar 21 12:51:23 IST 2023
Azure: Enterprise license for this feature is requested


Tue Mar 21 13:21:23 IST 2023
Azure: Enterprise license for this feature is requested

All launchers terminated

Tue Mar 21 13:47:58 IST 2023
Azure: Enterprise license for this feature is requested

Latest plugins responses: []
Katalon version: 8.5.5
Plugin info URL: https://store.katalon.com/api/products/ks?appVersion=8.5.5&appType=KSE&licenseType=FREE

Tue Mar 21 13:48:06 IST 2023
Azure: Enterprise license for this feature is requested


Tue Mar 21 13:48:19 IST 2023
Azure: Enterprise license for this feature is requested

Launcher status after execution process completed: Terminated
CodeSelectRequestor: Could not proceed due to null declaring type for org.codehaus.groovy.ast.expr.ConstantExpression@71bc0f[Object Repository/CommonObjects/Link_Products]

Tue Mar 21 13:51:23 IST 2023
Azure: Enterprise license for this feature is requested


Tue Mar 21 13:52:47 IST 2023
Azure: Enterprise license for this feature is requested


Tue Mar 21 13:52:47 IST 2023
Azure: Enterprise license for this feature is requested


Tue Mar 21 13:52:48 IST 2023
Azure: Enterprise license for this feature is requested

Warning: NLS unused message: PREF_WARN_KSE_SQL_SERVER in: com.kms.katalon.composer.testdata.constants.composerTestdataMessages
Warning: NLS unused message: PREF_WARN_KSE_ORACLE_SQL in: com.kms.katalon.composer.testdata.constants.composerTestdataMessages

Tue Mar 21 13:54:16 IST 2023
Azure: Enterprise license for this feature is requested

CodeSelectRequestor: Could not proceed due to null declaring type for org.codehaus.groovy.ast.expr.ConstantExpression@7c22f05e[https://queuebuster.co/]
CodeSelectRequestor: Could not proceed due to null declaring type for org.codehaus.groovy.ast.expr.ConstantExpression@7c22f05e[https://queuebuster.co/]
CodeSelectRequestor: Could not proceed due to null declaring type for org.codehaus.groovy.ast.expr.ConstantExpression@7c22f05e[https://queuebuster.co/]
CodeSelectRequestor: Could not proceed due to null declaring type for org.codehaus.groovy.ast.expr.ConstantExpression@7c22f05e[https://queuebuster.co/]
Warning: NLS unused message: PREF_LBL_ACTIVE_BROWSER_PORT_DO_NOT_SHOW_WARNING_DIALOG in: com.kms.katalon.objectspy.constants.objectspyMessages
CodeSelectRequestor: Could not proceed due to null declaring type for org.codehaus.groovy.ast.expr.ConstantExpression@7c22f05e[https://queuebuster.co/]
Mar 21, 2023 1:55:34 PM org.openqa.selenium.remote.DesiredCapabilities chrome
INFO: Using `new ChromeOptions()` is preferred to `DesiredCapabilities.chrome()`
Mar 21, 2023 1:55:36 PM org.openqa.selenium.remote.ProtocolHandshake createSession
INFO: Detected dialect: W3C
CodeSelectRequestor: Could not proceed due to null declaring type for org.codehaus.groovy.ast.expr.ConstantExpression@7c22f05e[https://queuebuster.co/]
CodeSelectRequestor: Could not proceed due to null declaring type for org.codehaus.groovy.ast.expr.ConstantExpression@4a6b7e2f[https://queuebuster.co/]
CodeSelectRequestor: Could not proceed due to null declaring type for org.codehaus.groovy.ast.expr.ConstantExpression@354b292c[zl]
CodeSelectRequestor: Could not proceed due to null declaring type for org.codehaus.groovy.ast.expr.ConstantExpression@354b292c[zl]
CodeSelectRequestor: Could not proceed due to null declaring type for org.codehaus.groovy.ast.expr.ConstantExpression@ace30cd[Object Repository/CommonObjects/button_Login]
CodeSelectRequestor: Could not proceed due to null declaring type for org.codehaus.groovy.ast.expr.ConstantExpression@354b292c[zl]
CodeSelectRequestor: Could not proceed due to null declaring type for org.codehaus.groovy.ast.expr.ConstantExpression@2b1a155d[Object Repository/CommonObjects/Username]

Tue Mar 21 15:06:01 IST 2023
Azure: Enterprise license for this feature is requested


Tue Mar 21 15:06:01 IST 2023
Azure: Enterprise license for this feature is requested

CodeSelectRequestor: Could not proceed due to null declaring type for org.codehaus.groovy.ast.expr.ConstantExpression@2285034a[Object Repository/CommonObjects/Password]
CodeSelectRequestor: Could not proceed due to null declaring type for org.codehaus.groovy.ast.expr.ConstantExpression@4555e9b6[Object Repository/CommonObjects/button_Login]
CodeSelectRequestor: Could not proceed due to null declaring type for org.codehaus.groovy.ast.expr.ConstantExpression@6479ed66[Object Repository/SC001_TC001OR/CreateProductPage/Create_Product_Button]
CodeSelectRequestor: Could not proceed due to null declaring type for org.codehaus.groovy.ast.expr.ConstantExpression@51e7e2db[Object Repository/CommonObjects/Link_Products]
CodeSelectRequestor: Could not proceed due to null declaring type for org.codehaus.groovy.ast.expr.ConstantExpression@e896d7b[   ]
CodeSelectRequestor: Could not proceed due to null declaring type for org.codehaus.groovy.ast.expr.ConstantExpression@1879a80e[  findTestObject(]
CodeSelectRequestor: Could not proceed due to null declaring type for org.codehaus.groovy.ast.expr.ConstantExpression@76c84139[  findTestObject(]
CodeSelectRequestor: Could not proceed due to null declaring type for org.codehaus.groovy.ast.expr.ArgumentListExpression@18dd77a1[]
CodeSelectRequestor: Could not proceed due to null declaring type for org.codehaus.groovy.ast.expr.PropertyExpression@1eb0df21[object: org.codehaus.groovy.ast.expr.ClassExpression@222f706d[type: com.kms.katalon.core.webui.keyword.WebUiBuiltInKeywords] property: org.codehaus.groovy.ast.expr.ConstantExpression@64f75bdd[WebUI]]
CodeSelectRequestor: Could not proceed due to null declaring type for org.codehaus.groovy.ast.expr.PropertyExpression@52c6828[object: org.codehaus.groovy.ast.expr.ClassExpression@6fde74a5[type: com.kms.katalon.core.webui.keyword.WebUiBuiltInKeywords] property: org.codehaus.groovy.ast.expr.ConstantExpression@7df5e3ab[WebUI]]

Tue Mar 21 15:21:23 IST 2023
Azure: Enterprise license for this feature is requested


Tue Mar 21 15:51:24 IST 2023
Azure: Enterprise license for this feature is requested

CodeSelectRequestor: Could not proceed due to null declaring type for org.codehaus.groovy.ast.expr.ConstantExpression@628d1253[Object Repository/CommonObjects/Link_Products]
CodeSelectRequestor: Could not proceed due to null declaring type for org.codehaus.groovy.ast.expr.ConstantExpression@fb85d95[  findTestObject(]
CodeSelectRequestor: Could not proceed due to null declaring type for org.codehaus.groovy.ast.expr.ConstantExpression@65c05c86[  findTestObject(]
CodeSelectRequestor: Could not proceed due to null declaring type for org.codehaus.groovy.ast.expr.ArgumentListExpression@2a22a1c5[]
Launcher status after execution process completed: Running
CodeSelectRequestor: Could not proceed due to null declaring type for org.codehaus.groovy.ast.expr.ConstantExpression@60aa5d84[Object Repository/SC001_TC001V2OR/div_Catalog]
CodeSelectRequestor: Could not proceed due to null declaring type for org.codehaus.groovy.ast.expr.ConstantExpression@4c9f10cf[TC-QBDashboard/LoginCase_Common]
CodeSelectRequestor: Could not proceed due to null declaring type for org.codehaus.groovy.ast.expr.ConstantExpression@5ed9f63[zl]
CodeSelectRequestor: Could not proceed due to null declaring type for org.codehaus.groovy.ast.expr.ConstantExpression@5ed9f63[zl]
CodeSelectRequestor: Could not proceed due to null declaring type for org.codehaus.groovy.ast.expr.ConstantExpression@6bd2730[]
CodeSelectRequestor: Could not proceed due to null declaring type for org.codehaus.groovy.ast.expr.ConstantExpression@77ee3eb7[ ]
CodeSelectRequestor: Could not proceed due to null declaring type for org.codehaus.groovy.ast.expr.ConstantExpression@77ee3eb7[ ]
CodeSelectRequestor: Could not proceed due to null declaring type for org.codehaus.groovy.ast.expr.ConstantExpression@454f2efb[ https://queuebuster.co/]
CodeSelectRequestor: Could not proceed due to null declaring type for org.codehaus.groovy.ast.expr.ConstantExpression@454f2efb[ https://queuebuster.co/]
CodeSelectRequestor: Could not proceed due to null declaring type for org.codehaus.groovy.ast.expr.ConstantExpression@5987167b[https://queuebuster.co/]

Tue Mar 21 16:14:52 IST 2023
Azure: Enterprise license for this feature is requested


Tue Mar 21 16:14:52 IST 2023
Azure: Enterprise license for this feature is requested


Tue Mar 21 16:14:52 IST 2023
Azure: Enterprise license for this feature is requested

Launcher status after execution process completed: Running

Tue Mar 21 16:23:43 IST 2023
Azure: Enterprise license for this feature is requested


Tue Mar 21 16:51:23 IST 2023
Azure: Enterprise license for this feature is requested

CodeSelectRequestor: Could not proceed due to null declaring type for org.codehaus.groovy.ast.expr.ConstantExpression@36705bf4[https://queuebuster.co/manage/setup/products.php]
CodeSelectRequestor: Could not proceed due to null declaring type for org.codehaus.groovy.ast.expr.ConstantExpression@79d857c2[]
CodeSelectRequestor: Could not proceed due to null declaring type for org.codehaus.groovy.ast.expr.ConstantExpression@2d48d95a[https://manage.queuebuster.co/master/items]
CodeSelectRequestor: Could not proceed due to null declaring type for org.codehaus.groovy.ast.expr.ConstantExpression@26b5608a[https://manage.queuebuster.co/master/items]
Launcher status after execution process completed: Running
CodeSelectRequestor: Could not proceed due to null declaring type for org.codehaus.groovy.ast.expr.ConstantExpression@270c4348[    ]
CodeSelectRequestor: Could not proceed due to null declaring type for org.codehaus.groovy.ast.expr.ConstantExpression@270c4348[    ]
CodeSelectRequestor: Could not proceed due to null declaring type for org.codehaus.groovy.ast.expr.ConstantExpression@270c4348[    ]
Mar 21, 2023 4:56:44 PM org.openqa.selenium.remote.DesiredCapabilities chrome
INFO: Using `new ChromeOptions()` is preferred to `DesiredCapabilities.chrome()`
Mar 21, 2023 4:56:45 PM org.openqa.selenium.remote.ProtocolHandshake createSession
INFO: Detected dialect: W3C
CodeSelectRequestor: Could not proceed due to null declaring type for org.codehaus.groovy.ast.expr.ConstantExpression@270c4348[    ]
CodeSelectRequestor: Could not proceed due to null declaring type for org.codehaus.groovy.ast.expr.ConstantExpression@270c4348[    ]
CodeSelectRequestor: Could not proceed due to null declaring type for org.codehaus.groovy.ast.expr.ConstantExpression@7f53e77a[    ]
Mar 21, 2023 5:00:29 PM org.openqa.selenium.remote.DesiredCapabilities chrome
INFO: Using `new ChromeOptions()` is preferred to `DesiredCapabilities.chrome()`
Mar 21, 2023 5:00:30 PM org.openqa.selenium.remote.ProtocolHandshake createSession
INFO: Detected dialect: W3C
CodeSelectRequestor: Could not proceed due to null declaring type for org.codehaus.groovy.ast.expr.ConstantExpression@7f53e77a[    ]
CodeSelectRequestor: Could not proceed due to null declaring type for org.codehaus.groovy.ast.expr.ConstantExpression@7f53e77a[    ]
CodeSelectRequestor: Could not proceed due to null declaring type for org.codehaus.groovy.ast.expr.ConstantExpression@7f53e77a[    ]

Tue Mar 21 17:05:08 IST 2023
Azure: Enterprise license for this feature is requested


Tue Mar 21 17:05:08 IST 2023
Azure: Enterprise license for this feature is requested


Tue Mar 21 17:05:08 IST 2023
Azure: Enterprise license for this feature is requested


Tue Mar 21 17:05:08 IST 2023
Azure: Enterprise license for this feature is requested

CodeSelectRequestor: Could not proceed due to null declaring type for org.codehaus.groovy.ast.expr.ConstantExpression@5dbe5ef5[https://manage.queuebuster.co/master/items]
CodeSelectRequestor: Could not proceed due to null declaring type for org.codehaus.groovy.ast.expr.ConstantExpression@706bcc12[    ]
CodeSelectRequestor: Could not proceed due to null declaring type for org.codehaus.groovy.ast.expr.ConstantExpression@706bcc12[    ]
CodeSelectRequestor: Could not proceed due to null declaring type for org.codehaus.groovy.ast.expr.ConstantExpression@f4755cb[   findTestObject('Object Repository/SC001_TC001V2OR/button_Create Product') ]
CodeSelectRequestor: Could not proceed due to null declaring type for org.codehaus.groovy.ast.expr.ConstantExpression@f4755cb[   findTestObject('Object Repository/SC001_TC001V2OR/button_Create Product') ]
CodeSelectRequestor: Could not proceed due to null declaring type for org.codehaus.groovy.ast.expr.ConstantExpression@3c5a6036[ findTestObject(]
CodeSelectRequestor: Could not proceed due to null declaring type for org.codehaus.groovy.ast.expr.ConstantExpression@4d1ae87b[ findTestObject(]
CodeSelectRequestor: Could not proceed due to null declaring type for org.codehaus.groovy.ast.expr.ConstantExpression@1724239f[ findTestObject(]
CodeSelectRequestor: Could not proceed due to null declaring type for org.codehaus.groovy.ast.expr.ConstantExpression@1724239f[ findTestObject(]
CodeSelectRequestor: Could not proceed due to null declaring type for org.codehaus.groovy.ast.expr.ConstantExpression@26373bbc[  findTestObject(]
CodeSelectRequestor: Could not proceed due to null declaring type for org.codehaus.groovy.ast.expr.ConstantExpression@26373bbc[  findTestObject(]
CodeSelectRequestor: Could not proceed due to null declaring type for org.codehaus.groovy.ast.expr.ArgumentListExpression@2009fc11[org.codehaus.groovy.ast.expr.StaticMethodCallExpression@3c2c954a[com.kms.katalon.core.testobject.ObjectRepository#findTestObject arguments: org.codehaus.groovy.ast.expr.ArgumentListExpression@48b1ca8c[org.codehaus.groovy.ast.expr.ConstantExpression@7759ccaf[Object Repository/SC001_TC001V2OR/CostPrice]]]]
CodeSelectRequestor: Could not proceed due to null declaring type for org.codehaus.groovy.ast.expr.ConstantExpression@56c62d50[]
CodeSelectRequestor: Could not proceed due to null declaring type for org.codehaus.groovy.ast.expr.ConstantExpression@4af48e13[50]

Tue Mar 21 17:11:02 IST 2023
Azure: Enterprise license for this feature is requested


Tue Mar 21 17:11:02 IST 2023
Azure: Enterprise license for this feature is requested


Tue Mar 21 17:11:02 IST 2023
Azure: Enterprise license for this feature is requested


Tue Mar 21 17:11:02 IST 2023
Azure: Enterprise license for this feature is requested

Mar 21, 2023 5:11:49 PM org.openqa.selenium.remote.DesiredCapabilities chrome
INFO: Using `new ChromeOptions()` is preferred to `DesiredCapabilities.chrome()`
Mar 21, 2023 5:11:50 PM org.openqa.selenium.remote.ProtocolHandshake createSession
INFO: Detected dialect: W3C
CodeSelectRequestor: Could not proceed due to null declaring type for org.codehaus.groovy.ast.expr.ConstantExpression@60c5f58[100]
CodeSelectRequestor: Could not proceed due to null declaring type for org.codehaus.groovy.ast.expr.ConstantExpression@7a6eb33b[ findTestObject(]
CodeSelectRequestor: Could not proceed due to null declaring type for org.codehaus.groovy.ast.expr.ArgumentListExpression@46577f2a[org.codehaus.groovy.ast.expr.StaticMethodCallExpression@48909990[com.kms.katalon.core.testobject.ObjectRepository#findTestObject arguments: org.codehaus.groovy.ast.expr.ArgumentListExpression@4caf145a[org.codehaus.groovy.ast.expr.ConstantExpression@9ad93ab[Object Repository/SC001_TC001V2OR/Productbutton_Save]]], org.codehaus.groovy.ast.expr.ConstantExpression@747e139b[0]]
CodeSelectRequestor: Could not proceed due to null declaring type for org.codehaus.groovy.ast.expr.ConstantExpression@237092c9[ findTestObject(]
CodeSelectRequestor: Could not proceed due to null declaring type for org.codehaus.groovy.ast.expr.ConstantExpression@237092c9[ findTestObject(]
CodeSelectRequestor: Could not proceed due to null declaring type for org.codehaus.groovy.ast.expr.ConstantExpression@65485cc7[ findTestObject(]
CodeSelectRequestor: Could not proceed due to null declaring type for org.codehaus.groovy.ast.expr.ConstantExpression@7fd0e047[ findTestObject(]
CodeSelectRequestor: Could not proceed due to null declaring type for org.codehaus.groovy.ast.expr.ArgumentListExpression@36922d76[]
Launcher status after execution process completed: Running

Tue Mar 21 17:21:23 IST 2023
Azure: Enterprise license for this feature is requested

Launcher status after execution process completed: Running
Mar 21, 2023 5:47:33 PM org.openqa.selenium.remote.DesiredCapabilities chrome
INFO: Using `new ChromeOptions()` is preferred to `DesiredCapabilities.chrome()`
Mar 21, 2023 5:47:34 PM org.openqa.selenium.remote.ProtocolHandshake createSession
INFO: Detected dialect: W3C
CodeSelectRequestor: Could not proceed due to null declaring type for org.codehaus.groovy.ast.expr.ConstantExpression@1d673507[Object Repository/SC001_TC001V2OR/ProductDescription]
CodeSelectRequestor: Could not proceed due to null declaring type for org.codehaus.groovy.ast.expr.ConstantExpression@d007c4[  findTestObject('Object Repository/SC001_TC001V2OR/input_productName') ]
Exception in thread "Thread-851" java.util.ConcurrentModificationException
	at java.util.ArrayList$Itr.checkForComodification(ArrayList.java:911)
	at java.util.ArrayList$Itr.next(ArrayList.java:861)
	at com.kms.katalon.execution.session.ExecutionSessionSocketServer$ExecutionSessionWatcher.run(ExecutionSessionSocketServer.java:157)
	at java.lang.Thread.run(Thread.java:748)

Tue Mar 21 18:04:12 IST 2023
Azure: Enterprise license for this feature is requested

CodeSelectRequestor: Could not proceed due to null declaring type for org.codehaus.groovy.ast.expr.ConstantExpression@433e8fa9[Object Repository/SC001_TC001V2OR/ProductPrice]
CodeSelectRequestor: Could not proceed due to null declaring type for org.codehaus.groovy.ast.expr.ConstantExpression@f015aae[Object Repository/SC001_TC001V2OR/ProductPrice]
CodeSelectRequestor: Could not proceed due to null declaring type for org.codehaus.groovy.ast.expr.ConstantExpression@19451412[Object Repository/SC001_TC001V2OR/ProductPrice]
CodeSelectRequestor: Could not proceed due to null declaring type for org.codehaus.groovy.ast.expr.ConstantExpression@6bf606f9[Object Repository/SC001_TC001V2OR/Productbutton_Save]
CodeSelectRequestor: Could not proceed due to null declaring type for org.codehaus.groovy.ast.expr.ConstantExpression@3e9bf83[ findTestObject(]
CodeSelectRequestor: Could not proceed due to null declaring type for org.codehaus.groovy.ast.expr.ConstantExpression@68e6f533[ findTestObject(]
CodeSelectRequestor: Could not proceed due to null declaring type for org.codehaus.groovy.ast.expr.ConstantExpression@5d52f283[testpro009]
CodeSelectRequestor: Could not proceed due to null declaring type for org.codehaus.groovy.ast.expr.ConstantExpression@79fefe15[Object Repository/SC001_TC001V2OR/Productbutton_Save]
CodeSelectRequestor: Could not proceed due to null declaring type for org.codehaus.groovy.ast.expr.ConstantExpression@66d26670[Object Repository/SC001_TC001V2OR/Productbutton_Save]
CodeSelectRequestor: Could not proceed due to null declaring type for org.codehaus.groovy.ast.expr.ConstantExpression@3d18790a[Object Repository/SC001_TC001V2OR/Productbutton_Save]
Launcher status after execution process completed: Running

Tue Mar 21 18:38:08 IST 2023
Azure: Enterprise license for this feature is requested


Tue Mar 21 18:38:08 IST 2023
Azure: Enterprise license for this feature is requested


Tue Mar 21 18:38:08 IST 2023
Azure: Enterprise license for this feature is requested


Tue Mar 21 18:38:08 IST 2023
Azure: Enterprise license for this feature is requested

CodeSelectRequestor: Could not proceed due to null declaring type for org.codehaus.groovy.ast.expr.ConstantExpression@10ca9fab[testpro009]

Tue Mar 21 18:39:06 IST 2023
Azure: Enterprise license for this feature is requested

Launcher status after execution process completed: Running
CodeSelectRequestor: Could not proceed due to null declaring type for org.codehaus.groovy.ast.expr.ConstantExpression@a0d2d42[Object Repository/SC001_TC001V2OR/input_productName]

Tue Mar 21 18:40:39 IST 2023
Azure: Enterprise license for this feature is requested


Tue Mar 21 18:40:39 IST 2023
Azure: Enterprise license for this feature is requested


Tue Mar 21 18:40:39 IST 2023
Azure: Enterprise license for this feature is requested


Tue Mar 21 18:40:39 IST 2023
Azure: Enterprise license for this feature is requested

CodeSelectRequestor: Could not proceed due to null declaring type for org.codehaus.groovy.ast.expr.ConstantExpression@9cf289[Object Repository/SC001_TC001V2OR/input_productName]
Launcher status after execution process completed: Running

Tue Mar 21 18:42:35 IST 2023
Azure: Enterprise license for this feature is requested


Tue Mar 21 18:42:35 IST 2023
Azure: Enterprise license for this feature is requested


Tue Mar 21 18:42:35 IST 2023
Azure: Enterprise license for this feature is requested


Tue Mar 21 18:42:35 IST 2023
Azure: Enterprise license for this feature is requested

Launcher status after execution process completed: Running

Tue Mar 21 18:44:56 IST 2023
Azure: Enterprise license for this feature is requested


Tue Mar 21 18:44:56 IST 2023
Azure: Enterprise license for this feature is requested


Tue Mar 21 18:44:56 IST 2023
Azure: Enterprise license for this feature is requested


Tue Mar 21 18:44:56 IST 2023
Azure: Enterprise license for this feature is requested

Exception in thread "Thread-984" java.util.ConcurrentModificationException
	at java.util.ArrayList$Itr.checkForComodification(ArrayList.java:911)
	at java.util.ArrayList$Itr.next(ArrayList.java:861)
	at com.kms.katalon.execution.session.ExecutionSessionSocketServer$ExecutionSessionWatcher.run(ExecutionSessionSocketServer.java:157)
	at java.lang.Thread.run(Thread.java:748)
Launcher status after execution process completed: Running
CodeSelectRequestor: Could not proceed due to null declaring type for org.codehaus.groovy.ast.expr.ConstantExpression@4052c035[Object Repository/SC001_TC001V2OR/ProductModule]

Tue Mar 21 18:51:23 IST 2023
Azure: Enterprise license for this feature is requested

Mar 21, 2023 6:53:44 PM org.openqa.selenium.remote.DesiredCapabilities chrome
INFO: Using `new ChromeOptions()` is preferred to `DesiredCapabilities.chrome()`
Mar 21, 2023 6:53:45 PM org.openqa.selenium.remote.ProtocolHandshake createSession
INFO: Detected dialect: W3C
CodeSelectRequestor: Could not proceed due to null declaring type for org.codehaus.groovy.ast.expr.ConstantExpression@471af86e[null]
CodeSelectRequestor: Could not proceed due to null declaring type for org.codehaus.groovy.ast.expr.ConstantExpression@471af86e[null]
CodeSelectRequestor: Could not proceed due to null declaring type for org.codehaus.groovy.ast.expr.ConstantExpression@58ea814f[   ]
CodeSelectRequestor: Could not proceed due to null declaring type for org.codehaus.groovy.ast.expr.ConstantExpression@58ea814f[   ]
CodeSelectRequestor: Could not proceed due to null declaring type for org.codehaus.groovy.ast.expr.ConstantExpression@44ff59b1[  findTestObject(]
CodeSelectRequestor: Could not proceed due to null declaring type for org.codehaus.groovy.ast.expr.ConstantExpression@44ff59b1[  findTestObject(]
CodeSelectRequestor: Could not proceed due to null declaring type for org.codehaus.groovy.ast.expr.ConstantExpression@db7df4e[Object Repository/SC001_TC001V2OR/button_Create Product]
CodeSelectRequestor: Could not proceed due to null declaring type for org.codehaus.groovy.ast.expr.ConstantExpression@db7df4e[Object Repository/SC001_TC001V2OR/button_Create Product]
CodeSelectRequestor: Could not proceed due to null declaring type for org.codehaus.groovy.ast.expr.ConstantExpression@646a847[Object Repository/SC001_TC001V2OR/button_Create Product]

Tue Mar 21 18:57:48 IST 2023
Azure: Enterprise license for this feature is requested


Tue Mar 21 18:57:48 IST 2023
Azure: Enterprise license for this feature is requested


Tue Mar 21 18:57:48 IST 2023
Azure: Enterprise license for this feature is requested


Tue Mar 21 18:57:48 IST 2023
Azure: Enterprise license for this feature is requested

Launcher status after execution process completed: Running
CodeSelectRequestor: Could not proceed due to null declaring type for org.codehaus.groovy.ast.expr.ConstantExpression@76fcca65[ findTestObject(]
CodeSelectRequestor: Could not proceed due to null declaring type for org.codehaus.groovy.ast.expr.ArgumentListExpression@302edba6[org.codehaus.groovy.ast.expr.StaticMethodCallExpression@13d75937[com.kms.katalon.core.testobject.ObjectRepository#findTestObject arguments: org.codehaus.groovy.ast.expr.ArgumentListExpression@2406d173[org.codehaus.groovy.ast.expr.ConstantExpression@57539859[Object Repository/SC001_TC001V2OR/ProductDescription]]]]
CodeSelectRequestor: Could not proceed due to null declaring type for org.codehaus.groovy.ast.expr.ConstantExpression@16057407[]
CodeSelectRequestor: Could not proceed due to null declaring type for org.codehaus.groovy.ast.expr.ConstantExpression@749ea424[Test]
CodeSelectRequestor: Could not proceed due to null declaring type for org.codehaus.groovy.ast.expr.ConstantExpression@5fd5accb[TestDescription]

Wed Mar 22 10:15:10 IST 2023
Azure: Enterprise license for this feature is requested


Wed Mar 22 10:15:10 IST 2023
Azure: Enterprise license for this feature is requested


Wed Mar 22 10:15:10 IST 2023
Azure: Enterprise license for this feature is requested


Wed Mar 22 10:15:10 IST 2023
Azure: Enterprise license for this feature is requested


Wed Mar 22 10:15:10 IST 2023
Azure: Enterprise license for this feature is requested


Wed Mar 22 10:15:10 IST 2023
Azure: Enterprise license for this feature is requested


Wed Mar 22 10:15:10 IST 2023
Azure: Enterprise license for this feature is requested


Wed Mar 22 10:15:10 IST 2023
Azure: Enterprise license for this feature is requested


Wed Mar 22 10:15:11 IST 2023
Azure: Enterprise license for this feature is requested


Wed Mar 22 10:15:11 IST 2023
Azure: Enterprise license for this feature is requested


Wed Mar 22 10:15:11 IST 2023
Azure: Enterprise license for this feature is requested


Wed Mar 22 10:15:11 IST 2023
Azure: Enterprise license for this feature is requested


Wed Mar 22 10:15:11 IST 2023
Azure: Enterprise license for this feature is requested


Wed Mar 22 10:15:11 IST 2023
Azure: Enterprise license for this feature is requested


Wed Mar 22 10:15:11 IST 2023
Azure: Enterprise license for this feature is requested


Wed Mar 22 10:15:11 IST 2023
Azure: Enterprise license for this feature is requested


Wed Mar 22 10:15:11 IST 2023
Azure: Enterprise license for this feature is requested


Wed Mar 22 10:15:11 IST 2023
Azure: Enterprise license for this feature is requested


Wed Mar 22 10:15:11 IST 2023
Azure: Enterprise license for this feature is requested


Wed Mar 22 10:15:11 IST 2023
Azure: Enterprise license for this feature is requested


Wed Mar 22 10:15:11 IST 2023
Azure: Enterprise license for this feature is requested


Wed Mar 22 10:15:11 IST 2023
Azure: Enterprise license for this feature is requested


Wed Mar 22 10:15:11 IST 2023
Azure: Enterprise license for this feature is requested


Wed Mar 22 10:15:11 IST 2023
Azure: Enterprise license for this feature is requested


Wed Mar 22 10:15:11 IST 2023
Azure: Enterprise license for this feature is requested


Wed Mar 22 10:15:11 IST 2023
Azure: Enterprise license for this feature is requested


Wed Mar 22 10:15:11 IST 2023
Azure: Enterprise license for this feature is requested


Wed Mar 22 10:15:11 IST 2023
Azure: Enterprise license for this feature is requested


Wed Mar 22 10:15:11 IST 2023
Azure: Enterprise license for this feature is requested


Wed Mar 22 10:15:11 IST 2023
Azure: Enterprise license for this feature is requested


Wed Mar 22 10:21:25 IST 2023
Azure: Enterprise license for this feature is requested


Wed Mar 22 12:20:33 IST 2023
Azure: Enterprise license for this feature is requested


Wed Mar 22 12:20:33 IST 2023
Azure: Enterprise license for this feature is requested


Wed Mar 22 12:20:33 IST 2023
Azure: Enterprise license for this feature is requested


Wed Mar 22 12:21:25 IST 2023
Azure: Enterprise license for this feature is requested


Wed Mar 22 12:52:25 IST 2023
Azure: Enterprise license for this feature is requested


Wed Mar 22 13:21:25 IST 2023
Azure: Enterprise license for this feature is requested

CodeSelectRequestor: Could not proceed due to null declaring type for org.codehaus.groovy.ast.expr.ConstantExpression@713c7baf[TestDescription]
CodeSelectRequestor: Could not proceed due to null declaring type for org.codehaus.groovy.ast.expr.ConstantExpression@713c7baf[TestDescription]

Wed Mar 22 13:51:26 IST 2023
Azure: Enterprise license for this feature is requested

CodeSelectRequestor: Could not proceed due to null declaring type for org.codehaus.groovy.ast.expr.ConstantExpression@713c7baf[TestDescription]
CodeSelectRequestor: Could not proceed due to null declaring type for org.codehaus.groovy.ast.expr.ConstantExpression@713c7baf[TestDescription]
CodeSelectRequestor: Could not proceed due to null declaring type for org.codehaus.groovy.ast.expr.ConstantExpression@713c7baf[TestDescription]

Wed Mar 22 15:03:58 IST 2023
Azure: Enterprise license for this feature is requested


Wed Mar 22 15:03:58 IST 2023
Azure: Enterprise license for this feature is requested


Wed Mar 22 15:03:58 IST 2023
Azure: Enterprise license for this feature is requested


Wed Mar 22 15:03:58 IST 2023
Azure: Enterprise license for this feature is requested

Launcher status after execution process completed: Terminated
CodeSelectRequestor: Could not proceed due to null declaring type for org.codehaus.groovy.ast.expr.ConstantExpression@5b688226[Object Repository/SC001_TC001OR/CreateProductPage/Create_Product_Button]
CodeSelectRequestor: Could not proceed due to null declaring type for org.codehaus.groovy.ast.expr.ConstantExpression@4068447c[Object Repository/CommonObjects/Link_Master Data]
CodeSelectRequestor: Could not proceed due to null declaring type for org.codehaus.groovy.ast.expr.ConstantExpression@35a2e3f9[https://manage.queuebuster.co/master/items]
Launcher status after execution process completed: Running

Wed Mar 22 15:09:10 IST 2023
Azure: Enterprise license for this feature is requested


Wed Mar 22 15:09:10 IST 2023
Azure: Enterprise license for this feature is requested


Wed Mar 22 15:11:53 IST 2023
Azure: Enterprise license for this feature is requested


Wed Mar 22 15:11:53 IST 2023
Azure: Enterprise license for this feature is requested


Wed Mar 22 15:11:53 IST 2023
Azure: Enterprise license for this feature is requested


Wed Mar 22 15:11:53 IST 2023
Azure: Enterprise license for this feature is requested

Launcher status after execution process completed: Terminated
Mar 22, 2023 3:13:25 PM org.openqa.selenium.remote.DesiredCapabilities chrome
INFO: Using `new ChromeOptions()` is preferred to `DesiredCapabilities.chrome()`
Mar 22, 2023 3:13:26 PM org.openqa.selenium.remote.ProtocolHandshake createSession
INFO: Detected dialect: W3C
CodeSelectRequestor: Could not proceed due to null declaring type for org.codehaus.groovy.ast.expr.ConstantExpression@7a3f0ffd[https://manage.queuebuster.co/master/items]
CodeSelectRequestor: Could not proceed due to null declaring type for org.codehaus.groovy.ast.expr.ConstantExpression@1b258d2c[  findTestObject(]
CodeSelectRequestor: Could not proceed due to null declaring type for org.codehaus.groovy.ast.expr.ConstantExpression@2fd32ae1[  findTestObject(]

Wed Mar 22 15:16:44 IST 2023
Azure: Enterprise license for this feature is requested


Wed Mar 22 15:16:44 IST 2023
Azure: Enterprise license for this feature is requested


Wed Mar 22 15:16:44 IST 2023
Azure: Enterprise license for this feature is requested


Wed Mar 22 15:16:44 IST 2023
Azure: Enterprise license for this feature is requested

CodeSelectRequestor: Could not proceed due to null declaring type for org.codehaus.groovy.ast.expr.ConstantExpression@3f454e3c[Test Description]
CodeSelectRequestor: Could not proceed due to null declaring type for org.codehaus.groovy.ast.expr.ConstantExpression@3f454e3c[Test Description]
Launcher status after execution process completed: Running

Wed Mar 22 15:21:25 IST 2023
Azure: Enterprise license for this feature is requested

CodeSelectRequestor: Could not proceed due to null declaring type for org.codehaus.groovy.ast.expr.ConstantExpression@479ce2cc[Test Description]
CodeSelectRequestor: Could not proceed due to null declaring type for org.codehaus.groovy.ast.expr.ConstantExpression@6290d468[  ]
CodeSelectRequestor: Could not proceed due to null declaring type for org.codehaus.groovy.ast.expr.ConstantExpression@6290d468[  ]
CodeSelectRequestor: Could not proceed due to null declaring type for org.codehaus.groovy.ast.expr.ConstantExpression@6290d468[  ]
CodeSelectRequestor: Could not proceed due to null declaring type for org.codehaus.groovy.ast.expr.ConstantExpression@6290d468[  ]
CodeSelectRequestor: Could not proceed due to null declaring type for org.codehaus.groovy.ast.expr.ConstantExpression@618c5ff1[Object Repository/SC001_TC001V2OR/Catalog]
CodeSelectRequestor: Could not proceed due to null declaring type for org.codehaus.groovy.ast.expr.ConstantExpression@6c8e2547[Object Repository/SC001_TC001V2OR/ProductModule]
CodeSelectRequestor: Could not proceed due to null declaring type for org.codehaus.groovy.ast.expr.ConstantExpression@6290d468[  ]
CodeSelectRequestor: Could not proceed due to null declaring type for org.codehaus.groovy.ast.expr.ConstantExpression@5aa79f8e[Object Repository/SC001_TC001V2OR/Catalog  ]
CodeSelectRequestor: Could not proceed due to null declaring type for org.codehaus.groovy.ast.expr.ConstantExpression@5aa79f8e[Object Repository/SC001_TC001V2OR/Catalog  ]
CodeSelectRequestor: Could not proceed due to null declaring type for org.codehaus.groovy.ast.expr.ConstantExpression@5aa79f8e[Object Repository/SC001_TC001V2OR/Catalog  ]
CodeSelectRequestor: Could not proceed due to null declaring type for org.codehaus.groovy.ast.expr.ConstantExpression@73d4a8a1[Object Repository/SC001_TC001V2OR/Catalog]
Launcher status after execution process completed: Terminated

Wed Mar 22 15:39:19 IST 2023
Azure: Enterprise license for this feature is requested


Wed Mar 22 15:39:19 IST 2023
Azure: Enterprise license for this feature is requested


Wed Mar 22 15:39:19 IST 2023
Azure: Enterprise license for this feature is requested


Wed Mar 22 15:39:19 IST 2023
Azure: Enterprise license for this feature is requested


Wed Mar 22 15:39:22 IST 2023
Azure: Enterprise license for this feature is requested


Wed Mar 22 15:39:22 IST 2023
Azure: Enterprise license for this feature is requested


Wed Mar 22 15:39:22 IST 2023
Azure: Enterprise license for this feature is requested


Wed Mar 22 15:39:22 IST 2023
Azure: Enterprise license for this feature is requested

Launcher status after execution process completed: Running
Mar 22, 2023 3:41:36 PM org.openqa.selenium.remote.DesiredCapabilities chrome
INFO: Using `new ChromeOptions()` is preferred to `DesiredCapabilities.chrome()`
Mar 22, 2023 3:41:37 PM org.openqa.selenium.remote.ProtocolHandshake createSession
INFO: Detected dialect: W3C
CodeSelectRequestor: Could not proceed due to null declaring type for org.codehaus.groovy.ast.expr.ArgumentListExpression@4d0bca3f[org.codehaus.groovy.ast.expr.StaticMethodCallExpression@1458f2b3[com.kms.katalon.core.testobject.ObjectRepository#findTestObject arguments: org.codehaus.groovy.ast.expr.ArgumentListExpression@5c55efe7[org.codehaus.groovy.ast.expr.ConstantExpression@3c2553ad[Object Repository/SC001_TC001V2OR/input_M.R.P_mrp]]]]
CodeSelectRequestor: Could not proceed due to null declaring type for org.codehaus.groovy.ast.expr.ConstantExpression@55219b6[]
CodeSelectRequestor: Could not proceed due to null declaring type for org.codehaus.groovy.ast.expr.ConstantExpression@1ed28a5c[200]
CodeSelectRequestor: Could not proceed due to null declaring type for org.codehaus.groovy.ast.expr.ConstantExpression@75fb295e[Object Repository/SC001_TC001V2OR/Productbutton_Save]
CodeSelectRequestor: Could not proceed due to null declaring type for org.codehaus.groovy.ast.expr.ConstantExpression@5e801b93[  ]
CodeSelectRequestor: Could not proceed due to null declaring type for org.codehaus.groovy.ast.expr.ConstantExpression@5e801b93[  ]
CodeSelectRequestor: Could not proceed due to null declaring type for org.codehaus.groovy.ast.expr.ConstantExpression@5e801b93[  ]
CodeSelectRequestor: Could not proceed due to null declaring type for org.codehaus.groovy.ast.expr.ConstantExpression@51abb56a[ findTestObject(]
CodeSelectRequestor: Could not proceed due to null declaring type for org.codehaus.groovy.ast.expr.ConstantExpression@276262bf[ findTestObjec(]

Wed Mar 22 15:51:25 IST 2023
Azure: Enterprise license for this feature is requested

CodeSelectRequestor: Could not proceed due to null declaring type for org.codehaus.groovy.ast.expr.PropertyExpression@269bccad[object: org.codehaus.groovy.ast.expr.ClassExpression@233b8ad3[type: com.kms.katalon.core.webui.keyword.WebUiBuiltInKeywords] property: org.codehaus.groovy.ast.expr.ConstantExpression@46212df[WebUI]]
CodeSelectRequestor: Could not proceed due to null declaring type for org.codehaus.groovy.ast.expr.ConstantExpression@26d9d011[   ]
CodeSelectRequestor: Could not proceed due to null declaring type for org.codehaus.groovy.ast.expr.ConstantExpression@26d9d011[   ]
CodeSelectRequestor: Could not proceed due to null declaring type for org.codehaus.groovy.ast.expr.ConstantExpression@26d9d011[   ]
CodeSelectRequestor: Could not proceed due to null declaring type for org.codehaus.groovy.ast.expr.ConstantExpression@7226f59[ findTestObject(]
CodeSelectRequestor: Could not proceed due to null declaring type for org.codehaus.groovy.ast.expr.ConstantExpression@78683c92[ findTestObject(]
CodeSelectRequestor: Could not proceed due to null declaring type for org.codehaus.groovy.ast.expr.ArgumentListExpression@2d0fa644[org.codehaus.groovy.ast.expr.StaticMethodCallExpression@120da5e6[com.kms.katalon.core.testobject.ObjectRepository#findTestObject arguments: org.codehaus.groovy.ast.expr.ArgumentListExpression@55f55a07[org.codehaus.groovy.ast.expr.ConstantExpression@2a3d2529[Object Repository/SC001_TC001V2OR/input_Cost Price]]]]
CodeSelectRequestor: Could not proceed due to null declaring type for org.codehaus.groovy.ast.expr.ConstantExpression@2e1448e[]
CodeSelectRequestor: Could not proceed due to null declaring type for org.codehaus.groovy.ast.expr.ConstantExpression@42ff23e0[300]
CodeSelectRequestor: Could not proceed due to null declaring type for org.codehaus.groovy.ast.expr.ArgumentListExpression@c9c30e6[]
CodeSelectRequestor: Could not proceed due to null declaring type for org.codehaus.groovy.ast.expr.ArgumentListExpression@74f4bc[]
CodeSelectRequestor: Could not proceed due to null declaring type for org.codehaus.groovy.ast.expr.ConstantExpression@228b5cb0[Object Repository/SC001_TC001V2OR/Radio_ManageInventory]

Wed Mar 22 16:35:28 IST 2023
Azure: Enterprise license for this feature is requested


Wed Mar 22 16:39:39 IST 2023
Azure: Enterprise license for this feature is requested


Wed Mar 22 16:39:39 IST 2023
Azure: Enterprise license for this feature is requested


Wed Mar 22 16:39:40 IST 2023
Azure: Enterprise license for this feature is requested


Wed Mar 22 16:39:40 IST 2023
Azure: Enterprise license for this feature is requested

Launcher status after execution process completed: Running
Exception in thread "Thread-1173" java.util.ConcurrentModificationException
	at java.util.ArrayList$Itr.checkForComodification(ArrayList.java:911)
	at java.util.ArrayList$Itr.next(ArrayList.java:861)
	at com.kms.katalon.execution.session.ExecutionSessionSocketServer$ExecutionSessionWatcher.run(ExecutionSessionSocketServer.java:157)
	at java.lang.Thread.run(Thread.java:748)

Wed Mar 22 17:48:25 IST 2023
Azure: Enterprise license for this feature is requested


Wed Mar 22 17:48:25 IST 2023
Azure: Enterprise license for this feature is requested


Wed Mar 22 17:51:25 IST 2023
Azure: Enterprise license for this feature is requested


Wed Mar 22 18:21:26 IST 2023
Azure: Enterprise license for this feature is requested

CodeSelectRequestor: Could not proceed due to null declaring type for org.codehaus.groovy.ast.expr.ArgumentListExpression@5068fcea[]
CodeSelectRequestor: Could not proceed due to null declaring type for org.codehaus.groovy.ast.expr.ConstantExpression@aabaebd[Object Repository/SC001_TC001V2OR/Productbutton_Save]
CodeSelectRequestor: Could not proceed due to null declaring type for org.codehaus.groovy.ast.expr.ConstantExpression@35831c3[Object Repository/SC001_TC001V2OR/Productbutton_Save]
CodeSelectRequestor: Could not proceed due to null declaring type for org.codehaus.groovy.ast.expr.ConstantExpression@38a0ca8c[Object Repository/SC001_TC001V2OR/Productbutton_Save   ]
Launcher status after execution process completed: Running
CodeSelectRequestor: Could not proceed due to null declaring type for org.codehaus.groovy.ast.expr.ConstantExpression@26ff2b6a[Object Repository/SC001_TC001V2OR/Productbutton_Save]
CodeSelectRequestor: Could not proceed due to null declaring type for org.codehaus.groovy.ast.expr.ConstantExpression@11964d84[   ]
CodeSelectRequestor: Could not proceed due to null declaring type for org.codehaus.groovy.ast.expr.ConstantExpression@47f53779[Object Repository/SC001_TC001V2OR/Productbutton_Save  ]

Wed Mar 22 18:39:51 IST 2023
Azure: Enterprise license for this feature is requested


Wed Mar 22 18:39:51 IST 2023
Azure: Enterprise license for this feature is requested


Wed Mar 22 18:39:51 IST 2023
Azure: Enterprise license for this feature is requested


Wed Mar 22 18:39:51 IST 2023
Azure: Enterprise license for this feature is requested

CodeSelectRequestor: Could not proceed due to null declaring type for org.codehaus.groovy.ast.expr.ConstantExpression@5162337a[Object Repository/SC001_TC001V2OR/Radio_ManageInventory]
CodeSelectRequestor: Could not proceed due to null declaring type for org.codehaus.groovy.ast.expr.ConstantExpression@302e153[Object Repository/SC001_TC001V2OR/Productbutton_Save]
Launcher status after execution process completed: Running
Exception in thread "Thread-1620" java.util.ConcurrentModificationException
	at java.util.ArrayList$Itr.checkForComodification(ArrayList.java:911)
	at java.util.ArrayList$Itr.next(ArrayList.java:861)
	at com.kms.katalon.execution.session.ExecutionSessionSocketServer$ExecutionSessionWatcher.run(ExecutionSessionSocketServer.java:157)
	at java.lang.Thread.run(Thread.java:748)
CodeSelectRequestor: Could not proceed due to null declaring type for org.codehaus.groovy.ast.expr.ConstantExpression@33904bab[https://manage.queuebuster.co/master/items]
CodeSelectRequestor: Could not proceed due to null declaring type for org.codehaus.groovy.ast.expr.ConstantExpression@33904bab[https://manage.queuebuster.co/master/items]
CodeSelectRequestor: Could not proceed due to null declaring type for org.codehaus.groovy.ast.expr.ConstantExpression@33904bab[https://manage.queuebuster.co/master/items]
CodeSelectRequestor: Could not proceed due to null declaring type for org.codehaus.groovy.ast.expr.ConstantExpression@33904bab[https://manage.queuebuster.co/master/items]
CodeSelectRequestor: Could not proceed due to null declaring type for org.codehaus.groovy.ast.expr.ConstantExpression@33904bab[https://manage.queuebuster.co/master/items]
CodeSelectRequestor: Could not proceed due to null declaring type for org.codehaus.groovy.ast.expr.ConstantExpression@33904bab[https://manage.queuebuster.co/master/items]
CodeSelectRequestor: Could not proceed due to null declaring type for org.codehaus.groovy.ast.expr.ConstantExpression@33904bab[https://manage.queuebuster.co/master/items]
Launcher status after execution process completed: Running
CodeSelectRequestor: Could not proceed due to null declaring type for org.codehaus.groovy.ast.expr.ConstantExpression@71826ee8[Object Repository/SC001_TC001V2OR/Productbutton_Save]
Launcher status after execution process completed: Terminated
CodeSelectRequestor: Could not proceed due to null declaring type for org.codehaus.groovy.ast.expr.ConstantExpression@6cdb0252[Object Repository/SC001_TC001V2OR/Productbutton_Save]

Wed Mar 22 18:55:59 IST 2023
Azure: Enterprise license for this feature is requested

Launcher status after execution process completed: Running
CodeSelectRequestor: Could not proceed due to null declaring type for org.codehaus.groovy.ast.expr.ConstantExpression@5839fdf[Object Repository/SC001_TC001V2OR/Productbutton_Save]
Exception in thread "Thread-1672" java.util.ConcurrentModificationException
	at java.util.ArrayList$Itr.checkForComodification(ArrayList.java:911)
	at java.util.ArrayList$Itr.next(ArrayList.java:861)
	at com.kms.katalon.execution.session.ExecutionSessionSocketServer$ExecutionSessionWatcher.run(ExecutionSessionSocketServer.java:157)
	at java.lang.Thread.run(Thread.java:748)

Thu Mar 23 10:18:54 IST 2023
Azure: Enterprise license for this feature is requested


Thu Mar 23 10:18:54 IST 2023
Azure: Enterprise license for this feature is requested


Thu Mar 23 10:18:54 IST 2023
Azure: Enterprise license for this feature is requested


Thu Mar 23 10:18:54 IST 2023
Azure: Enterprise license for this feature is requested


Thu Mar 23 10:18:54 IST 2023
Azure: Enterprise license for this feature is requested


Thu Mar 23 10:18:54 IST 2023
Azure: Enterprise license for this feature is requested


Thu Mar 23 10:18:54 IST 2023
Azure: Enterprise license for this feature is requested


Thu Mar 23 10:18:54 IST 2023
Azure: Enterprise license for this feature is requested


Thu Mar 23 10:18:54 IST 2023
Azure: Enterprise license for this feature is requested


Thu Mar 23 10:18:54 IST 2023
Azure: Enterprise license for this feature is requested


Thu Mar 23 10:18:54 IST 2023
Azure: Enterprise license for this feature is requested


Thu Mar 23 10:18:54 IST 2023
Azure: Enterprise license for this feature is requested


Thu Mar 23 10:18:54 IST 2023
Azure: Enterprise license for this feature is requested


Thu Mar 23 10:18:54 IST 2023
Azure: Enterprise license for this feature is requested


Thu Mar 23 10:18:54 IST 2023
Azure: Enterprise license for this feature is requested


Thu Mar 23 10:18:54 IST 2023
Azure: Enterprise license for this feature is requested


Thu Mar 23 10:18:54 IST 2023
Azure: Enterprise license for this feature is requested


Thu Mar 23 10:18:54 IST 2023
Azure: Enterprise license for this feature is requested


Thu Mar 23 10:18:55 IST 2023
Azure: Enterprise license for this feature is requested


Thu Mar 23 10:18:55 IST 2023
Azure: Enterprise license for this feature is requested


Thu Mar 23 10:18:55 IST 2023
Azure: Enterprise license for this feature is requested


Thu Mar 23 10:18:55 IST 2023
Azure: Enterprise license for this feature is requested


Thu Mar 23 10:18:55 IST 2023
Azure: Enterprise license for this feature is requested


Thu Mar 23 10:18:55 IST 2023
Azure: Enterprise license for this feature is requested


Thu Mar 23 10:18:55 IST 2023
Azure: Enterprise license for this feature is requested


Thu Mar 23 10:18:55 IST 2023
Azure: Enterprise license for this feature is requested


Thu Mar 23 10:18:55 IST 2023
Azure: Enterprise license for this feature is requested


Thu Mar 23 10:18:55 IST 2023
Azure: Enterprise license for this feature is requested


Thu Mar 23 10:18:55 IST 2023
Azure: Enterprise license for this feature is requested


Thu Mar 23 10:18:55 IST 2023
Azure: Enterprise license for this feature is requested


Thu Mar 23 10:21:27 IST 2023
Azure: Enterprise license for this feature is requested

Mar 23, 2023 11:16:05 AM org.openqa.selenium.remote.DesiredCapabilities chrome
INFO: Using `new ChromeOptions()` is preferred to `DesiredCapabilities.chrome()`
Mar 23, 2023 11:16:07 AM org.openqa.selenium.remote.ProtocolHandshake createSession
INFO: Detected dialect: W3C

Thu Mar 23 11:17:37 IST 2023
Azure: Enterprise license for this feature is requested

CodeSelectRequestor: Could not proceed due to null declaring type for org.codehaus.groovy.ast.expr.ConstantExpression@3a92ae60[Object Repository/CommonObjects/Link_Master Data]
CodeSelectRequestor: Could not proceed due to null declaring type for org.codehaus.groovy.ast.expr.ConstantExpression@1dba71ca[  ]
CodeSelectRequestor: Could not proceed due to null declaring type for org.codehaus.groovy.ast.expr.ConstantExpression@1dba71ca[  ]
CodeSelectRequestor: Could not proceed due to null declaring type for org.codehaus.groovy.ast.expr.ConstantExpression@1dba71ca[  ]
CodeSelectRequestor: Could not proceed due to null declaring type for org.codehaus.groovy.ast.expr.ConstantExpression@1dba71ca[  ]
CodeSelectRequestor: Could not proceed due to null declaring type for org.codehaus.groovy.ast.expr.ConstantExpression@21d8de8e[   ]
CodeSelectRequestor: Could not proceed due to null declaring type for org.codehaus.groovy.ast.expr.ConstantExpression@21d8de8e[   ]

Thu Mar 23 11:21:27 IST 2023
Azure: Enterprise license for this feature is requested

CodeSelectRequestor: Could not proceed due to null declaring type for org.codehaus.groovy.ast.expr.ConstantExpression@21d8de8e[   ]

Thu Mar 23 11:59:15 IST 2023
Azure: Enterprise license for this feature is requested

CodeSelectRequestor: Could not proceed due to null declaring type for org.codehaus.groovy.ast.expr.ConstantExpression@21d8de8e[   ]

Thu Mar 23 12:24:53 IST 2023
Azure: Enterprise license for this feature is requested


Thu Mar 23 12:51:27 IST 2023
Azure: Enterprise license for this feature is requested


Thu Mar 23 13:32:43 IST 2023
Azure: Enterprise license for this feature is requested


Thu Mar 23 13:51:27 IST 2023
Azure: Enterprise license for this feature is requested

CodeSelectRequestor: Could not proceed due to null declaring type for org.codehaus.groovy.ast.expr.ConstantExpression@21d8de8e[   ]
CodeSelectRequestor: Could not proceed due to null declaring type for org.codehaus.groovy.ast.expr.ConstantExpression@21d8de8e[   ]
CodeSelectRequestor: Could not proceed due to null declaring type for org.codehaus.groovy.ast.expr.ConstantExpression@21d8de8e[   ]

Thu Mar 23 15:09:30 IST 2023
Azure: Enterprise license for this feature is requested


Thu Mar 23 15:09:31 IST 2023
Azure: Enterprise license for this feature is requested


Thu Mar 23 15:21:27 IST 2023
Azure: Enterprise license for this feature is requested


Thu Mar 23 15:51:27 IST 2023
Azure: Enterprise license for this feature is requested

CodeSelectRequestor: Could not proceed due to null declaring type for org.codehaus.groovy.ast.expr.ConstantExpression@21d8de8e[   ]
CodeSelectRequestor: Could not proceed due to null declaring type for org.codehaus.groovy.ast.expr.ConstantExpression@7d2ebf93[   ]
CodeSelectRequestor: Could not proceed due to null declaring type for org.codehaus.groovy.ast.expr.ConstantExpression@7d2ebf93[   ]
CodeSelectRequestor: Could not proceed due to null declaring type for org.codehaus.groovy.ast.expr.ConstantExpression@7d2ebf93[   ]
CodeSelectRequestor: Could not proceed due to null declaring type for org.codehaus.groovy.ast.expr.ConstantExpression@7d2ebf93[   ]
CodeSelectRequestor: Could not proceed due to null declaring type for org.codehaus.groovy.ast.expr.ConstantExpression@7d2ebf93[   ]
CodeSelectRequestor: Could not proceed due to null declaring type for org.codehaus.groovy.ast.expr.ConstantExpression@7d2ebf93[   ]
CodeSelectRequestor: Could not proceed due to null declaring type for org.codehaus.groovy.ast.expr.ConstantExpression@500db76a[ findTestObject(]
CodeSelectRequestor: Could not proceed due to null declaring type for org.codehaus.groovy.ast.expr.ConstantExpression@500db76a[ findTestObject(]
CodeSelectRequestor: Could not proceed due to null declaring type for org.codehaus.groovy.ast.expr.ConstantExpression@500db76a[ findTestObject(]
CodeSelectRequestor: Could not proceed due to null declaring type for org.codehaus.groovy.ast.expr.ConstantExpression@500db76a[ findTestObject(]
CodeSelectRequestor: Could not proceed due to null declaring type for org.codehaus.groovy.ast.expr.ArgumentListExpression@464845bc[org.codehaus.groovy.ast.expr.StaticMethodCallExpression@6fd9bd7a[com.kms.katalon.core.testobject.ObjectRepository#findTestObject arguments: org.codehaus.groovy.ast.expr.ArgumentListExpression@73d1ec20[org.codehaus.groovy.ast.expr.ConstantExpression@27456f12[Object Repository/SC001_TC001V2OR/button_Save]]], org.codehaus.groovy.ast.expr.ConstantExpression@23a4abe3[10]]
CodeSelectRequestor: Could not proceed due to null declaring type for org.codehaus.groovy.ast.expr.ConstantExpression@14bc04cd[null]
CodeSelectRequestor: Could not proceed due to null declaring type for org.codehaus.groovy.ast.expr.ConstantExpression@14bc04cd[null]
CodeSelectRequestor: Could not proceed due to null declaring type for org.codehaus.groovy.ast.expr.ConstantExpression@1672d864[  ]
CodeSelectRequestor: Could not proceed due to null declaring type for org.codehaus.groovy.ast.expr.ConstantExpression@1672d864[  ]
CodeSelectRequestor: Could not proceed due to null declaring type for org.codehaus.groovy.ast.expr.ConstantExpression@1672d864[  ]
CodeSelectRequestor: Could not proceed due to null declaring type for org.codehaus.groovy.ast.expr.ConstantExpression@1672d864[  ]
CodeSelectRequestor: Could not proceed due to null declaring type for org.codehaus.groovy.ast.expr.ConstantExpression@5033a4be[ findTestObject(]
CodeSelectRequestor: Could not proceed due to null declaring type for org.codehaus.groovy.ast.expr.ConstantExpression@3f2e0be3[ findTestObject(]
CodeSelectRequestor: Could not proceed due to null declaring type for org.codehaus.groovy.ast.expr.ConstantExpression@3f2e0be3[ findTestObject(]
CodeSelectRequestor: Could not proceed due to null declaring type for org.codehaus.groovy.ast.expr.ConstantExpression@3f2e0be3[ findTestObject(]
CodeSelectRequestor: Could not proceed due to null declaring type for org.codehaus.groovy.ast.expr.ConstantExpression@43d007cc[null]
CodeSelectRequestor: Could not proceed due to null declaring type for org.codehaus.groovy.ast.expr.ConstantExpression@43d007cc[null]
CodeSelectRequestor: Could not proceed due to null declaring type for org.codehaus.groovy.ast.expr.ConstantExpression@302c9048[  ]
CodeSelectRequestor: Could not proceed due to null declaring type for org.codehaus.groovy.ast.expr.ConstantExpression@302c9048[  ]
CodeSelectRequestor: Could not proceed due to null declaring type for org.codehaus.groovy.ast.expr.ConstantExpression@302c9048[  ]
CodeSelectRequestor: Could not proceed due to null declaring type for org.codehaus.groovy.ast.expr.ConstantExpression@302c9048[  ]
CodeSelectRequestor: Could not proceed due to null declaring type for org.codehaus.groovy.ast.expr.ConstantExpression@6fdee495[  ]
CodeSelectRequestor: Could not proceed due to null declaring type for org.codehaus.groovy.ast.expr.ConstantExpression@6fdee495[  ]
CodeSelectRequestor: Could not proceed due to null declaring type for org.codehaus.groovy.ast.expr.ConstantExpression@5b1a54b4[  findTestObject(]
CodeSelectRequestor: Could not proceed due to null declaring type for org.codehaus.groovy.ast.expr.ConstantExpression@3edd7df2[Object Repository/SC001_TC001V2OR/button_Save]
CodeSelectRequestor: Could not proceed due to null declaring type for org.codehaus.groovy.ast.expr.ConstantExpression@3edd7df2[Object Repository/SC001_TC001V2OR/button_Save]
CodeSelectRequestor: Could not proceed due to null declaring type for org.codehaus.groovy.ast.expr.ConstantExpression@5a1e6436[null]
CodeSelectRequestor: Could not proceed due to null declaring type for org.codehaus.groovy.ast.expr.ConstantExpression@5a1e6436[null]
CodeSelectRequestor: Could not proceed due to null declaring type for org.codehaus.groovy.ast.expr.ConstantExpression@32d3dd22[  ]
CodeSelectRequestor: Could not proceed due to null declaring type for org.codehaus.groovy.ast.expr.ConstantExpression@32d3dd22[  ]
CodeSelectRequestor: Could not proceed due to null declaring type for org.codehaus.groovy.ast.expr.ConstantExpression@32d3dd22[  ]
CodeSelectRequestor: Could not proceed due to null declaring type for org.codehaus.groovy.ast.expr.ConstantExpression@32d3dd22[  ]
CodeSelectRequestor: Could not proceed due to null declaring type for org.codehaus.groovy.ast.expr.ConstantExpression@4c2dda84[  ]
CodeSelectRequestor: Could not proceed due to null declaring type for org.codehaus.groovy.ast.expr.ConstantExpression@4c2dda84[  ]
CodeSelectRequestor: Could not proceed due to null declaring type for org.codehaus.groovy.ast.expr.ConstantExpression@59f9208c[ findTestObject(]
CodeSelectRequestor: Could not proceed due to null declaring type for org.codehaus.groovy.ast.expr.ConstantExpression@59f9208c[ findTestObject(]
CodeSelectRequestor: Could not proceed due to null declaring type for org.codehaus.groovy.ast.expr.ConstantExpression@59f9208c[ findTestObject(]
CodeSelectRequestor: Could not proceed due to null declaring type for org.codehaus.groovy.ast.expr.ConstantExpression@59f9208c[ findTestObject(]
CodeSelectRequestor: Could not proceed due to null declaring type for org.codehaus.groovy.ast.expr.ConstantExpression@57503bee[ findTestObject(]
CodeSelectRequestor: Could not proceed due to null declaring type for org.codehaus.groovy.ast.expr.ConstantExpression@40c7c3ec[ findTestObject(]

Thu Mar 23 16:21:27 IST 2023
Azure: Enterprise license for this feature is requested

CodeSelectRequestor: Could not proceed due to null declaring type for org.codehaus.groovy.ast.expr.ConstantExpression@548e8f2[Object Repository/SC001_TC001V2OR/Radio_ManageInventory]

Thu Mar 23 16:51:27 IST 2023
Azure: Enterprise license for this feature is requested


Thu Mar 23 17:21:27 IST 2023
Azure: Enterprise license for this feature is requested


Thu Mar 23 17:57:32 IST 2023
Azure: Enterprise license for this feature is requested

CodeSelectRequestor: Could not proceed due to null declaring type for org.codehaus.groovy.ast.expr.ConstantExpression@38fe58dd[ findTestObject(]
CodeSelectRequestor: Could not proceed due to null declaring type for org.codehaus.groovy.ast.expr.ConstantExpression@38fe58dd[ findTestObject(]
CodeSelectRequestor: Could not proceed due to null declaring type for org.codehaus.groovy.ast.expr.ConstantExpression@12171f50[Object Repository/SC001_TC001V2OR/input_productName]
Launcher status after execution process completed: Running

Thu Mar 23 18:40:25 IST 2023
Azure: Enterprise license for this feature is requested

CodeSelectRequestor: Could not proceed due to null declaring type for org.codehaus.groovy.ast.expr.ArgumentListExpression@47e800fc[]
CodeSelectRequestor: Could not proceed due to null declaring type for org.codehaus.groovy.ast.expr.ArgumentListExpression@47e800fc[]
Launcher status after execution process completed: Running

Thu Mar 23 18:46:00 IST 2023
Azure: Enterprise license for this feature is requested


Thu Mar 23 18:46:00 IST 2023
Azure: Enterprise license for this feature is requested


Thu Mar 23 18:46:00 IST 2023
Azure: Enterprise license for this feature is requested


Thu Mar 23 18:46:00 IST 2023
Azure: Enterprise license for this feature is requested


Thu Mar 23 18:46:00 IST 2023
Azure: Enterprise license for this feature is requested


Thu Mar 23 18:46:03 IST 2023
Azure: Enterprise license for this feature is requested


Thu Mar 23 18:46:03 IST 2023
Azure: Enterprise license for this feature is requested


Thu Mar 23 18:46:03 IST 2023
Azure: Enterprise license for this feature is requested


Thu Mar 23 18:46:03 IST 2023
Azure: Enterprise license for this feature is requested


Thu Mar 23 18:46:03 IST 2023
Azure: Enterprise license for this feature is requested


Thu Mar 23 18:46:56 IST 2023
Azure: Enterprise license for this feature is requested


Thu Mar 23 18:46:56 IST 2023
Azure: Enterprise license for this feature is requested


Thu Mar 23 18:46:56 IST 2023
Azure: Enterprise license for this feature is requested


Thu Mar 23 18:46:56 IST 2023
Azure: Enterprise license for this feature is requested

All launchers terminated

Thu Mar 23 18:47:06 IST 2023
Azure: Enterprise license for this feature is requested

Latest plugins responses: []
Katalon version: 8.5.5
Plugin info URL: https://store.katalon.com/api/products/ks?appVersion=8.5.5&appType=KSE&licenseType=FREE

Thu Mar 23 18:52:24 IST 2023
Azure: Enterprise license for this feature is requested


Thu Mar 23 18:52:24 IST 2023
Azure: Enterprise license for this feature is requested

All launchers terminated
Start clean up session
End check license task
End clean up session
Start release license task
License released
End release license task
