
Mon Mar 20 18:45:06 IST 2023
java.lang.NoClassDefFoundError: org/eclipse/core/resources/ResourcesPlugin
	at org.eclipse.emf.ecore.plugin.EcorePlugin.getWorkspaceRoot(EcorePlugin.java:1149)
	at org.eclipse.emf.ecore.resource.impl.PlatformResourceURIHandlerImpl.getWorkspaceRoot(PlatformResourceURIHandlerImpl.java:488)
	at org.eclipse.emf.ecore.resource.impl.PlatformResourceURIHandlerImpl.<clinit>(PlatformResourceURIHandlerImpl.java:456)
	at org.eclipse.emf.ecore.resource.URIHandler.<clinit>(URIHandler.java:51)
	at org.eclipse.emf.ecore.resource.impl.ExtensibleURIConverterImpl.<init>(ExtensibleURIConverterImpl.java:138)
	at org.eclipse.emf.ecore.resource.impl.ResourceSetImpl.getURIConverter(ResourceSetImpl.java:499)
	at org.eclipse.emf.ecore.resource.impl.ResourceSetImpl.getResource(ResourceSetImpl.java:369)
	at org.eclipse.e4.ui.internal.workbench.ResourceHandler.getResource(ResourceHandler.java:287)
	at org.eclipse.e4.ui.internal.workbench.ResourceHandler.loadResource(ResourceHandler.java:263)
	at org.eclipse.e4.ui.internal.workbench.ResourceHandler.loadMostRecentModel(ResourceHandler.java:181)
	at org.eclipse.e4.ui.internal.workbench.swt.E4Application.loadApplicationModel(E4Application.java:384)
	at org.eclipse.e4.ui.internal.workbench.swt.E4Application.createE4Workbench(E4Application.java:260)
	at org.eclipse.ui.internal.Workbench.lambda$3(Workbench.java:579)
	at org.eclipse.core.databinding.observable.Realm.runWithDefault(Realm.java:338)
	at org.eclipse.ui.internal.Workbench.createAndRunWorkbench(Workbench.java:557)
	at org.eclipse.ui.PlatformUI.createAndRunWorkbench(PlatformUI.java:154)
	at com.kms.katalon.core.application.WorkbenchApplicationStarter.start(WorkbenchApplicationStarter.java:23)
	at com.kms.katalon.application.Application.runGUI(Application.java:191)
	at com.kms.katalon.application.Application.start(Application.java:102)
	at org.eclipse.equinox.internal.app.EclipseAppHandle.run(EclipseAppHandle.java:203)
	at org.eclipse.core.runtime.internal.adaptor.EclipseAppLauncher.runApplication(EclipseAppLauncher.java:137)
	at org.eclipse.core.runtime.internal.adaptor.EclipseAppLauncher.start(EclipseAppLauncher.java:107)
	at org.eclipse.core.runtime.adaptor.EclipseStarter.run(EclipseStarter.java:401)
	at org.eclipse.core.runtime.adaptor.EclipseStarter.run(EclipseStarter.java:255)
	at sun.reflect.NativeMethodAccessorImpl.invoke0(Native Method)
	at sun.reflect.NativeMethodAccessorImpl.invoke(NativeMethodAccessorImpl.java:62)
	at sun.reflect.DelegatingMethodAccessorImpl.invoke(DelegatingMethodAccessorImpl.java:43)
	at java.lang.reflect.Method.invoke(Method.java:498)
	at org.eclipse.equinox.launcher.Main.invokeFramework(Main.java:657)
	at org.eclipse.equinox.launcher.Main.basicRun(Main.java:594)
	at org.eclipse.equinox.launcher.Main.run(Main.java:1447)
Caused by: java.lang.ClassNotFoundException: An error occurred while automatically activating bundle org.eclipse.core.resources (223).
	at org.eclipse.osgi.internal.hooks.EclipseLazyStarter.postFindLocalClass(EclipseLazyStarter.java:126)
	at org.eclipse.osgi.internal.loader.classpath.ClasspathManager.findLocalClass(ClasspathManager.java:571)
	at org.eclipse.osgi.internal.loader.ModuleClassLoader.findLocalClass(ModuleClassLoader.java:346)
	at org.eclipse.osgi.internal.loader.BundleLoader.findLocalClass(BundleLoader.java:398)
	at org.eclipse.osgi.internal.loader.sources.SingleSourcePackage.loadClass(SingleSourcePackage.java:41)
	at org.eclipse.osgi.internal.loader.BundleLoader.findClass(BundleLoader.java:473)
	at org.eclipse.osgi.internal.loader.ModuleClassLoader.loadClass(ModuleClassLoader.java:171)
	at java.lang.ClassLoader.loadClass(ClassLoader.java:352)
	at java.lang.Class.getDeclaredMethods0(Native Method)
	at java.lang.Class.privateGetDeclaredMethods(Class.java:2701)
	at java.lang.Class.getDeclaredMethods(Class.java:1975)
	at org.eclipse.e4.core.internal.di.InjectorImpl.getDeclaredMethods(InjectorImpl.java:836)
	at org.eclipse.e4.core.internal.di.InjectorImpl.processMethods(InjectorImpl.java:726)
	at org.eclipse.e4.core.internal.di.InjectorImpl.processClass(InjectorImpl.java:672)
	at org.eclipse.e4.core.internal.di.InjectorImpl.processClassHierarchy(InjectorImpl.java:652)
	at org.eclipse.e4.core.internal.di.InjectorImpl.internalInject(InjectorImpl.java:116)
	at org.eclipse.e4.core.internal.di.InjectorImpl.internalMake(InjectorImpl.java:405)
	at org.eclipse.e4.core.internal.di.InjectorImpl.make(InjectorImpl.java:332)
	at org.eclipse.e4.core.contexts.ContextInjectionFactory.make(ContextInjectionFactory.java:202)
	at org.eclipse.e4.ui.internal.workbench.ReflectionContributionFactory.createFromBundle(ReflectionContributionFactory.java:91)
	at org.eclipse.e4.ui.internal.workbench.ReflectionContributionFactory.doCreate(ReflectionContributionFactory.java:60)
	at org.eclipse.e4.ui.internal.workbench.ReflectionContributionFactory.create(ReflectionContributionFactory.java:42)
	at org.eclipse.e4.ui.internal.workbench.swt.E4Application.lambda$0(E4Application.java:243)
	at java.util.Optional.ifPresent(Optional.java:159)
	at org.eclipse.e4.ui.internal.workbench.swt.E4Application.createE4Workbench(E4Application.java:242)
	... 19 more
Caused by: org.osgi.framework.BundleException: Exception in org.eclipse.core.resources.ResourcesPlugin.start() of bundle org.eclipse.core.resources.
	at org.eclipse.osgi.internal.framework.BundleContextImpl.startActivator(BundleContextImpl.java:864)
	at org.eclipse.osgi.internal.framework.BundleContextImpl.start(BundleContextImpl.java:792)
	at org.eclipse.osgi.internal.framework.EquinoxBundle.startWorker0(EquinoxBundle.java:1015)
	at org.eclipse.osgi.internal.framework.EquinoxBundle$EquinoxModule.startWorker(EquinoxBundle.java:365)
	at org.eclipse.osgi.container.Module.doStart(Module.java:605)
	at org.eclipse.osgi.container.Module.start(Module.java:468)
	at org.eclipse.osgi.framework.util.SecureAction.start(SecureAction.java:493)
	at org.eclipse.osgi.internal.hooks.EclipseLazyStarter.postFindLocalClass(EclipseLazyStarter.java:117)
	... 43 more
Caused by: org.eclipse.core.internal.dtree.ObjectNotFoundException: Tree element '/C%%Users%HP%Katalon Studio%testapksampleproject%testapksampleproject.prj/bin/lib/CustomKeywords.class' not found.
	at org.eclipse.core.internal.dtree.AbstractDataTree.handleNotFound(AbstractDataTree.java:260)
	at org.eclipse.core.internal.dtree.DeltaDataTree.getData(DeltaDataTree.java:599)
	at org.eclipse.core.internal.dtree.DataDeltaNode.asBackwardDelta(DataDeltaNode.java:54)
	at org.eclipse.core.internal.dtree.NoDataDeltaNode.asBackwardDelta(NoDataDeltaNode.java:63)
	at org.eclipse.core.internal.dtree.NoDataDeltaNode.asBackwardDelta(NoDataDeltaNode.java:63)
	at org.eclipse.core.internal.dtree.NoDataDeltaNode.asBackwardDelta(NoDataDeltaNode.java:63)
	at org.eclipse.core.internal.dtree.DataDeltaNode.asBackwardDelta(DataDeltaNode.java:51)
	at org.eclipse.core.internal.dtree.DeltaDataTree.asBackwardDelta(DeltaDataTree.java:91)
	at org.eclipse.core.internal.dtree.DeltaDataTree.reroot(DeltaDataTree.java:835)
	at org.eclipse.core.internal.dtree.DeltaDataTree.reroot(DeltaDataTree.java:834)
	at org.eclipse.core.internal.dtree.DeltaDataTree.reroot(DeltaDataTree.java:834)
	at org.eclipse.core.internal.dtree.DeltaDataTree.reroot(DeltaDataTree.java:834)
	at org.eclipse.core.internal.dtree.DeltaDataTree.reroot(DeltaDataTree.java:811)
	at org.eclipse.core.internal.watson.ElementTree.immutable(ElementTree.java:522)
	at org.eclipse.core.internal.resources.SaveManager.restore(SaveManager.java:731)
	at org.eclipse.core.internal.resources.SaveManager.startup(SaveManager.java:1555)
	at org.eclipse.core.internal.resources.Workspace.startup(Workspace.java:2452)
	at org.eclipse.core.internal.resources.Workspace.open(Workspace.java:2210)
	at org.eclipse.core.resources.ResourcesPlugin.start(ResourcesPlugin.java:489)
	at org.eclipse.osgi.internal.framework.BundleContextImpl$3.run(BundleContextImpl.java:843)
	at org.eclipse.osgi.internal.framework.BundleContextImpl$3.run(BundleContextImpl.java:1)
	at java.security.AccessController.doPrivileged(Native Method)
	at org.eclipse.osgi.internal.framework.BundleContextImpl.startActivator(BundleContextImpl.java:835)
	... 50 more


