Not a valid list position.
Could not find element with Id 'katalon.composer.objectrepository.handledmenuitem.spyweb'
Could not find element with Id 'com.kms.katalon.composer.integration.analytics.handledtoolitem.katalonTestOps'
Could not find element with Id 'com.kms.katalon.composer.mobile.dynamicmenucontribution.ios'
Could not find element with Id 'com.kms.katalon.composer.mobile.dynamicmenucontribution.ios'
Warning: NLS unused message: Key in: com.kms.katalon.composer.project.constants.composerProjectMessages
Warning: NLS unused message: Key in: com.kms.katalon.composer.testcase.constants.composerTestcaseMessages
Warning: NLS missing message: BTN_ADDTESTSUITE in: com.kms.katalon.composer.testcase.constants.composerTestcaseMessages
Warning: NLS unused message: DIA_LBL_SELECT_TEST_DATA in: com.kms.katalon.composer.testsuite.constants.composerTestsuiteMessages
Warning: NLS unused message: HAND_WARN_TS_REQUIRES_PLUGIN_DYNAMIC_EXECUTION_TO_OPEN in: com.kms.katalon.composer.testsuite.constants.composerTestsuiteMessages
Warning: NLS unused message: DIA_INFO_KSE_COMBINE_MULTI_DATASOURCE in: com.kms.katalon.composer.testsuite.constants.composerTestsuiteMessages
Warning: NLS missing message: DIA_SHELL_DATA_ITERATION in: com.kms.katalon.composer.testsuite.constants.composerTestsuiteMessages
Warning: NLS missing message: DIA_LBL_TO_ROW in: com.kms.katalon.composer.testsuite.constants.composerTestsuiteMessages
Warning: NLS missing message: DIA_MSG_START_ROW_BIGGER_THAN_END_ROW in: com.kms.katalon.composer.testsuite.constants.composerTestsuiteMessages
Warning: NLS missing message: EDI_TITLE_TEST_CASE_BROWSER in: com.kms.katalon.composer.testsuite.constants.composerTestsuiteMessages
Warning: NLS missing message: DIA_MSG_CHOOSE_DATA_COLUMN in: com.kms.katalon.composer.testsuite.constants.composerTestsuiteMessages
Warning: NLS missing message: DIA_TABLE_EMPTY_COLUMN in: com.kms.katalon.composer.testsuite.constants.composerTestsuiteMessages
Warning: NLS missing message: DIA_WARN_MSG_EMPTY_COLUMN_NAME in: com.kms.katalon.composer.testsuite.constants.composerTestsuiteMessages
Warning: NLS missing message: PA_LBL_TOOLTIP_RETRY_IMMEDIATELY in: com.kms.katalon.composer.testsuite.constants.composerTestsuiteMessages
Warning: NLS unused message: Key in: com.kms.katalon.composer.objectrepository.constant.composerObjectRepositoryMessages
WebView Server has been started on port 58247
Warning: NLS missing message: PA_URL_SUPPORT_PORTAL in: com.kms.katalon.constants.messages
Warning: NLS missing message: URL_KATALON_SURVEY in: com.kms.katalon.constants.messages
Warning: NLS missing message: OFFLINE_ACTIVATION in: com.kms.katalon.constants.messages
Warning: NLS missing message: ENTERPRISE_TRIAL_LICENSE in: com.kms.katalon.constants.messages
Warning: NLS missing message: ActivationDialogV2_LBL_ENTERPRISE_LICENSE in: com.kms.katalon.constants.messages
Warning: NLS missing message: DIALOG_TITLE_FIRST_TIME_USE_SURVEY in: com.kms.katalon.constants.messages
Warning: NLS missing message: BTN_YES_CONTINUE_USE in: com.kms.katalon.constants.messages
Warning: NLS missing message: BTN_NO_QUIT_USING in: com.kms.katalon.constants.messages
Warning: NLS missing message: BTN_SEND in: com.kms.katalon.constants.messages
Warning: NLS missing message: MSG_QUESTION_WILL_CONTINUE_TO_USE in: com.kms.katalon.constants.messages
Warning: NLS missing message: MSG_QUIT_USING_KATALON_REASON in: com.kms.katalon.constants.messages
Warning: NLS missing message: MSG_QUIT_USING_KATALON_REASON_PLACEHOLDER in: com.kms.katalon.constants.messages
Start checking and mark activated for GUI mode
End checking and mark activated for GUI mode
Your current licensed session is valid until: null
Start getting machine ID on Windows
Start appending additional signatures
hardwareSerialNumber 
osDependentUsername hp
End appending additional signatures 62532fe0-f0e6-4bc7-8c3c-88d703e001eb__hp
End getting machine ID on Windows 3e88d5dd9cc3224adb59187d5ff6c5de
Activating credentials...
Katalon TestOps: Unexpected response, URL: https://admin.katalon.com/oauth/token, Status: 400, Response: {"error":"invalid_grant","error_description":"Authentication failed."}

Mon Mar 20 12:34:15 IST 2023
com.kms.katalon.integration.analytics.exceptions.AnalyticsApiExeception: {"error":"invalid_grant","error_description":"Authentication failed."}
	at com.kms.katalon.integration.analytics.providers.AnalyticsApiProvider.executeRequest(AnalyticsApiProvider.java:704)
	at com.kms.katalon.integration.analytics.providers.AnalyticsApiProvider.executeRequest(AnalyticsApiProvider.java:716)
	at com.kms.katalon.integration.analytics.providers.AnalyticsApiProvider.requestToken(AnalyticsApiProvider.java:156)
	at com.kms.katalon.integration.analytics.providers.TestOpsFeatureActivatorImpl.connect(TestOpsFeatureActivatorImpl.java:45)
	at com.kms.katalon.application.utils.ActivationInfoCollector.getLicenseFromTestOps(ActivationInfoCollector.java:588)
	at com.kms.katalon.application.utils.ActivationInfoCollector.activate(ActivationInfoCollector.java:453)
	at com.kms.katalon.application.utils.ActivationInfoCollector.activate(ActivationInfoCollector.java:406)
	at com.kms.katalon.activation.dialog.ActivationDialogV2$9.lambda$0(ActivationDialogV2.java:302)
	at java.util.concurrent.Executors$RunnableAdapter.call(Executors.java:511)
	at java.util.concurrent.FutureTask.run(FutureTask.java:266)
	at java.util.concurrent.ThreadPoolExecutor.runWorker(ThreadPoolExecutor.java:1149)
	at java.util.concurrent.ThreadPoolExecutor$Worker.run(ThreadPoolExecutor.java:624)
	at java.lang.Thread.run(Thread.java:748)



Mon Mar 20 12:34:15 IST 2023
Activation collection is failed
com.kms.katalon.integration.analytics.exceptions.AnalyticsApiExeception: {"error":"invalid_grant","error_description":"Authentication failed."}
	at com.kms.katalon.integration.analytics.providers.AnalyticsApiProvider.executeRequest(AnalyticsApiProvider.java:704)
	at com.kms.katalon.integration.analytics.providers.AnalyticsApiProvider.executeRequest(AnalyticsApiProvider.java:716)
	at com.kms.katalon.integration.analytics.providers.AnalyticsApiProvider.requestToken(AnalyticsApiProvider.java:156)
	at com.kms.katalon.integration.analytics.providers.TestOpsFeatureActivatorImpl.connect(TestOpsFeatureActivatorImpl.java:45)
	at com.kms.katalon.application.utils.ActivationInfoCollector.getLicenseFromTestOps(ActivationInfoCollector.java:588)
	at com.kms.katalon.application.utils.ActivationInfoCollector.activate(ActivationInfoCollector.java:453)
	at com.kms.katalon.application.utils.ActivationInfoCollector.activate(ActivationInfoCollector.java:406)
	at com.kms.katalon.activation.dialog.ActivationDialogV2$9.lambda$0(ActivationDialogV2.java:302)
	at java.util.concurrent.Executors$RunnableAdapter.call(Executors.java:511)
	at java.util.concurrent.FutureTask.run(FutureTask.java:266)
	at java.util.concurrent.ThreadPoolExecutor.runWorker(ThreadPoolExecutor.java:1149)
	at java.util.concurrent.ThreadPoolExecutor$Worker.run(ThreadPoolExecutor.java:624)
	at java.lang.Thread.run(Thread.java:748)


Failed to activate user credentials. Error message: Authentication failed.
Activating credentials...
Fetching organizations...
Retrievinng token using credentials...
Fetching organizations using token...
3 organization(s) fetched
Start check license task
Warning: NLS unused message: LBL_DEFAULT_LOCATOR_SELECTION_AREA in: com.katalon.plugin.smart_xpath.constant.SmartXpathMessages

Mon Mar 20 12:35:13 IST 2023
Azure: Enterprise license for this feature is requested

Warning: NLS unused message: DIA_LBL_LIST_OF_COL_NAMES in: com.kms.katalon.composer.components.impl.constants.composerComponentsImplMessages
Warning: NLS unused message: DIA_LBL_SELECT_A_COL in: com.kms.katalon.composer.components.impl.constants.composerComponentsImplMessages
Latest plugins responses: []
Katalon version: 8.5.5
Plugin info URL: https://store.katalon.com/api/products/ks?appVersion=8.5.5&appType=KSE&licenseType=FREE

Mon Mar 20 12:35:28 IST 2023
Azure: Enterprise license for this feature is requested

All launchers terminated

Mon Mar 20 12:36:59 IST 2023
Azure: Enterprise license for this feature is requested

Latest plugins responses: []
Katalon version: 8.5.5
Plugin info URL: https://store.katalon.com/api/products/ks?appVersion=8.5.5&appType=KSE&licenseType=FREE

Mon Mar 20 12:37:17 IST 2023
Azure: Enterprise license for this feature is requested

All launchers terminated

Mon Mar 20 12:37:35 IST 2023
Azure: Enterprise license for this feature is requested

Latest plugins responses: []
Katalon version: 8.5.5
Plugin info URL: https://store.katalon.com/api/products/ks?appVersion=8.5.5&appType=KSE&licenseType=FREE

Mon Mar 20 12:37:43 IST 2023
Azure: Enterprise license for this feature is requested

Warning: NLS missing message: ConsoleMain_MSG_DEVOPS_LICENSE_COMPATIBILITY in: com.kms.katalon.execution.constants.executionMessages
Warning: NLS missing message: ConsoleMain_MSG_NON_DEVOPS_LICENSE_COMPATIBLITY in: com.kms.katalon.execution.constants.executionMessages
All launchers terminated

Mon Mar 20 12:40:01 IST 2023
Azure: Enterprise license for this feature is requested

Latest plugins responses: []
Katalon version: 8.5.5
Plugin info URL: https://store.katalon.com/api/products/ks?appVersion=8.5.5&appType=KSE&licenseType=FREE
All launchers terminated

Mon Mar 20 12:40:21 IST 2023
Azure: Enterprise license for this feature is requested

Latest plugins responses: []
Katalon version: 8.5.5
Plugin info URL: https://store.katalon.com/api/products/ks?appVersion=8.5.5&appType=KSE&licenseType=FREE
All launchers terminated

Mon Mar 20 12:40:51 IST 2023
Azure: Enterprise license for this feature is requested

Latest plugins responses: []
Katalon version: 8.5.5
Plugin info URL: https://store.katalon.com/api/products/ks?appVersion=8.5.5&appType=KSE&licenseType=FREE

Mon Mar 20 12:41:02 IST 2023
Azure: Enterprise license for this feature is requested


Mon Mar 20 12:41:27 IST 2023
Azure: Enterprise license for this feature is requested


Mon Mar 20 12:41:29 IST 2023
Azure: Enterprise license for this feature is requested


Mon Mar 20 12:45:18 IST 2023
Azure: Enterprise license for this feature is requested

CodeSelectRequestor: Could not proceed due to null declaring type for org.codehaus.groovy.ast.expr.ConstantExpression@66fa336f[Object Repository/LogincaseOR/Login]
Mar 20, 2023 12:48:26 PM io.appium.java_client.remote.AppiumCommandExecutor$1 lambda$0
INFO: Detected dialect: W3C
Mar 20, 2023 12:53:15 PM io.appium.java_client.remote.AppiumCommandExecutor$1 lambda$0
INFO: Detected dialect: W3C

Mon Mar 20 12:55:12 IST 2023
Azure: Enterprise license for this feature is requested

Mar 20, 2023 1:00:38 PM io.appium.java_client.remote.AppiumCommandExecutor$1 lambda$0
INFO: Detected dialect: W3C
Mar 20, 2023 1:02:34 PM io.appium.java_client.remote.AppiumCommandExecutor$1 lambda$0
INFO: Detected dialect: W3C

Mon Mar 20 13:03:54 IST 2023
Azure: Enterprise license for this feature is requested

Mar 20, 2023 1:06:32 PM io.appium.java_client.remote.AppiumCommandExecutor$1 lambda$0
INFO: Detected dialect: W3C
Mar 20, 2023 1:10:14 PM io.appium.java_client.remote.AppiumCommandExecutor$1 lambda$0
INFO: Detected dialect: W3C
