Not a valid list position.
Could not find element with Id 'katalon.composer.objectrepository.handledmenuitem.spyweb'
Could not find element with Id 'com.kms.katalon.composer.integration.analytics.handledtoolitem.katalonTestOps'
Could not find element with Id 'com.kms.katalon.composer.mobile.dynamicmenucontribution.ios'
Could not find element with Id 'com.kms.katalon.composer.mobile.dynamicmenucontribution.ios'
Warning: NLS unused message: Key in: com.kms.katalon.composer.project.constants.composerProjectMessages
Warning: NLS unused message: Key in: com.kms.katalon.composer.testcase.constants.composerTestcaseMessages
Warning: NLS missing message: BTN_ADDTESTSUITE in: com.kms.katalon.composer.testcase.constants.composerTestcaseMessages
Warning: NLS unused message: DIA_LBL_SELECT_TEST_DATA in: com.kms.katalon.composer.testsuite.constants.composerTestsuiteMessages
Warning: NLS unused message: HAND_WARN_TS_REQUIRES_PLUGIN_DYNAMIC_EXECUTION_TO_OPEN in: com.kms.katalon.composer.testsuite.constants.composerTestsuiteMessages
Warning: NLS unused message: DIA_INFO_KSE_COMBINE_MULTI_DATASOURCE in: com.kms.katalon.composer.testsuite.constants.composerTestsuiteMessages
Warning: NLS missing message: DIA_SHELL_DATA_ITERATION in: com.kms.katalon.composer.testsuite.constants.composerTestsuiteMessages
Warning: NLS missing message: DIA_LBL_TO_ROW in: com.kms.katalon.composer.testsuite.constants.composerTestsuiteMessages
Warning: NLS missing message: DIA_MSG_START_ROW_BIGGER_THAN_END_ROW in: com.kms.katalon.composer.testsuite.constants.composerTestsuiteMessages
Warning: NLS missing message: EDI_TITLE_TEST_CASE_BROWSER in: com.kms.katalon.composer.testsuite.constants.composerTestsuiteMessages
Warning: NLS missing message: DIA_MSG_CHOOSE_DATA_COLUMN in: com.kms.katalon.composer.testsuite.constants.composerTestsuiteMessages
Warning: NLS missing message: DIA_TABLE_EMPTY_COLUMN in: com.kms.katalon.composer.testsuite.constants.composerTestsuiteMessages
Warning: NLS missing message: DIA_WARN_MSG_EMPTY_COLUMN_NAME in: com.kms.katalon.composer.testsuite.constants.composerTestsuiteMessages
Warning: NLS missing message: PA_LBL_TOOLTIP_RETRY_IMMEDIATELY in: com.kms.katalon.composer.testsuite.constants.composerTestsuiteMessages
Warning: NLS unused message: Key in: com.kms.katalon.composer.objectrepository.constant.composerObjectRepositoryMessages
WebView Server has been started on port 63461
Warning: NLS missing message: PA_URL_SUPPORT_PORTAL in: com.kms.katalon.constants.messages
Warning: NLS missing message: URL_KATALON_SURVEY in: com.kms.katalon.constants.messages
Warning: NLS missing message: OFFLINE_ACTIVATION in: com.kms.katalon.constants.messages
Warning: NLS missing message: ENTERPRISE_TRIAL_LICENSE in: com.kms.katalon.constants.messages
Warning: NLS missing message: ActivationDialogV2_LBL_ENTERPRISE_LICENSE in: com.kms.katalon.constants.messages
Warning: NLS missing message: DIALOG_TITLE_FIRST_TIME_USE_SURVEY in: com.kms.katalon.constants.messages
Warning: NLS missing message: BTN_YES_CONTINUE_USE in: com.kms.katalon.constants.messages
Warning: NLS missing message: BTN_NO_QUIT_USING in: com.kms.katalon.constants.messages
Warning: NLS missing message: BTN_SEND in: com.kms.katalon.constants.messages
Warning: NLS missing message: MSG_QUESTION_WILL_CONTINUE_TO_USE in: com.kms.katalon.constants.messages
Warning: NLS missing message: MSG_QUIT_USING_KATALON_REASON in: com.kms.katalon.constants.messages
Warning: NLS missing message: MSG_QUIT_USING_KATALON_REASON_PLACEHOLDER in: com.kms.katalon.constants.messages
Start checking and mark activated for GUI mode
Start getting machine ID on Windows
Start appending additional signatures
hardwareSerialNumber 
osDependentUsername hp
End appending additional signatures 62532fe0-f0e6-4bc7-8c3c-88d703e001eb__hp
End getting machine ID on Windows 3e88d5dd9cc3224adb59187d5ff6c5de
Expired License.
End checking and mark activated for GUI mode
Your current licensed session is valid until: April 27, 2023 15:14
Start check license task

Wed Apr 26 15:14:08 IST 2023
Azure: Enterprise license for this feature is requested

Warning: NLS unused message: DIA_LBL_LIST_OF_COL_NAMES in: com.kms.katalon.composer.components.impl.constants.composerComponentsImplMessages
Warning: NLS unused message: DIA_LBL_SELECT_A_COL in: com.kms.katalon.composer.components.impl.constants.composerComponentsImplMessages
Warning: NLS unused message: LBL_DEFAULT_LOCATOR_SELECTION_AREA in: com.katalon.plugin.smart_xpath.constant.SmartXpathMessages
Latest plugins responses: []
Katalon version: 8.5.5
Plugin info URL: https://store.katalon.com/api/products/ks?appVersion=8.5.5&appType=KSE&licenseType=FREE

Wed Apr 26 15:14:32 IST 2023
Azure: Enterprise license for this feature is requested


Wed Apr 26 15:51:11 IST 2023
Azure: Enterprise license for this feature is requested


Wed Apr 26 17:44:59 IST 2023
Azure: Enterprise license for this feature is requested


Wed Apr 26 17:44:59 IST 2023
Azure: Enterprise license for this feature is requested


Wed Apr 26 17:44:59 IST 2023
Azure: Enterprise license for this feature is requested


Wed Apr 26 17:44:59 IST 2023
Azure: Enterprise license for this feature is requested


Wed Apr 26 18:13:58 IST 2023
Azure: Enterprise license for this feature is requested

CodeSelectRequestor: Could not proceed due to null declaring type for org.codehaus.groovy.ast.expr.ConstantExpression@77e8eedb[Object Repository/Common_LoginCaseOR/EnterUsername]
CodeSelectRequestor: Could not proceed due to null declaring type for org.codehaus.groovy.ast.expr.ConstantExpression@7654083b[Object Repository/Common_LoginCaseOR/InitialLoginButton]

Wed Apr 26 18:43:09 IST 2023
Azure: Enterprise license for this feature is requested


Wed Apr 26 18:43:25 IST 2023
Azure: Enterprise license for this feature is requested


Wed Apr 26 18:43:58 IST 2023
Azure: Enterprise license for this feature is requested


Wed Apr 26 18:45:20 IST 2023
Azure: Enterprise license for this feature is requested


Wed Apr 26 18:45:20 IST 2023
Azure: Enterprise license for this feature is requested


Wed Apr 26 18:45:22 IST 2023
Azure: Enterprise license for this feature is requested


Wed Apr 26 18:45:22 IST 2023
Azure: Enterprise license for this feature is requested

Warning: NLS unused message: DIA_TITLE_INSTALL_INSTRUCTIONS in: com.kms.katalon.composer.mobile.constants.composerMobileMessages
Launcher status after execution process completed: Running

Wed Apr 26 18:50:41 IST 2023
Azure: Enterprise license for this feature is requested

CodeSelectRequestor: Could not proceed due to null declaring type for org.codehaus.groovy.ast.expr.ConstantExpression@3eefab85[Object Repository/Common_LoginCaseOR/YesMasterLogout]

Wed Apr 26 18:55:17 IST 2023
Azure: Enterprise license for this feature is requested

Launcher status after execution process completed: Running

Wed Apr 26 18:58:07 IST 2023
Azure: Enterprise license for this feature is requested


Wed Apr 26 18:58:07 IST 2023
Azure: Enterprise license for this feature is requested


Wed Apr 26 19:10:12 IST 2023
Azure: Enterprise license for this feature is requested


Wed Apr 26 19:11:16 IST 2023
Azure: Enterprise license for this feature is requested


Wed Apr 26 19:11:18 IST 2023
Azure: Enterprise license for this feature is requested

All launchers terminated
Start clean up session
End check license task
End clean up session
Start release license task
License released
End release license task
