Not a valid list position.
Could not find element with Id 'katalon.composer.objectrepository.handledmenuitem.spyweb'
Could not find element with Id 'com.kms.katalon.composer.integration.analytics.handledtoolitem.katalonTestOps'
Could not find element with Id 'com.kms.katalon.composer.mobile.dynamicmenucontribution.ios'
Could not find element with Id 'com.kms.katalon.composer.mobile.dynamicmenucontribution.ios'
Warning: NLS unused message: Key in: com.kms.katalon.composer.project.constants.composerProjectMessages
Warning: NLS unused message: Key in: com.kms.katalon.composer.testcase.constants.composerTestcaseMessages
Warning: NLS missing message: BTN_ADDTESTSUITE in: com.kms.katalon.composer.testcase.constants.composerTestcaseMessages
Warning: NLS unused message: DIA_LBL_SELECT_TEST_DATA in: com.kms.katalon.composer.testsuite.constants.composerTestsuiteMessages
Warning: NLS unused message: HAND_WARN_TS_REQUIRES_PLUGIN_DYNAMIC_EXECUTION_TO_OPEN in: com.kms.katalon.composer.testsuite.constants.composerTestsuiteMessages
Warning: NLS unused message: DIA_INFO_KSE_COMBINE_MULTI_DATASOURCE in: com.kms.katalon.composer.testsuite.constants.composerTestsuiteMessages
Warning: NLS missing message: DIA_SHELL_DATA_ITERATION in: com.kms.katalon.composer.testsuite.constants.composerTestsuiteMessages
Warning: NLS missing message: DIA_LBL_TO_ROW in: com.kms.katalon.composer.testsuite.constants.composerTestsuiteMessages
Warning: NLS missing message: DIA_MSG_START_ROW_BIGGER_THAN_END_ROW in: com.kms.katalon.composer.testsuite.constants.composerTestsuiteMessages
Warning: NLS missing message: EDI_TITLE_TEST_CASE_BROWSER in: com.kms.katalon.composer.testsuite.constants.composerTestsuiteMessages
Warning: NLS missing message: DIA_MSG_CHOOSE_DATA_COLUMN in: com.kms.katalon.composer.testsuite.constants.composerTestsuiteMessages
Warning: NLS missing message: DIA_TABLE_EMPTY_COLUMN in: com.kms.katalon.composer.testsuite.constants.composerTestsuiteMessages
Warning: NLS missing message: DIA_WARN_MSG_EMPTY_COLUMN_NAME in: com.kms.katalon.composer.testsuite.constants.composerTestsuiteMessages
Warning: NLS missing message: PA_LBL_TOOLTIP_RETRY_IMMEDIATELY in: com.kms.katalon.composer.testsuite.constants.composerTestsuiteMessages
Warning: NLS unused message: Key in: com.kms.katalon.composer.objectrepository.constant.composerObjectRepositoryMessages
WebView Server has been started on port 50048
Warning: NLS missing message: PA_URL_SUPPORT_PORTAL in: com.kms.katalon.constants.messages
Warning: NLS missing message: URL_KATALON_SURVEY in: com.kms.katalon.constants.messages
Warning: NLS missing message: OFFLINE_ACTIVATION in: com.kms.katalon.constants.messages
Warning: NLS missing message: ENTERPRISE_TRIAL_LICENSE in: com.kms.katalon.constants.messages
Warning: NLS missing message: ActivationDialogV2_LBL_ENTERPRISE_LICENSE in: com.kms.katalon.constants.messages
Warning: NLS missing message: DIALOG_TITLE_FIRST_TIME_USE_SURVEY in: com.kms.katalon.constants.messages
Warning: NLS missing message: BTN_YES_CONTINUE_USE in: com.kms.katalon.constants.messages
Warning: NLS missing message: BTN_NO_QUIT_USING in: com.kms.katalon.constants.messages
Warning: NLS missing message: BTN_SEND in: com.kms.katalon.constants.messages
Warning: NLS missing message: MSG_QUESTION_WILL_CONTINUE_TO_USE in: com.kms.katalon.constants.messages
Warning: NLS missing message: MSG_QUIT_USING_KATALON_REASON in: com.kms.katalon.constants.messages
Warning: NLS missing message: MSG_QUIT_USING_KATALON_REASON_PLACEHOLDER in: com.kms.katalon.constants.messages
Start checking and mark activated for GUI mode
Start getting machine ID on Windows
Start appending additional signatures
hardwareSerialNumber 
osDependentUsername hp
End appending additional signatures 62532fe0-f0e6-4bc7-8c3c-88d703e001eb__hp
End getting machine ID on Windows 3e88d5dd9cc3224adb59187d5ff6c5de
End checking and mark activated for GUI mode
Your current licensed session is valid until: April 25, 2023 13:40
Start check license task

Mon Apr 24 13:40:39 IST 2023
Azure: Enterprise license for this feature is requested

Warning: NLS unused message: DIA_LBL_LIST_OF_COL_NAMES in: com.kms.katalon.composer.components.impl.constants.composerComponentsImplMessages
Warning: NLS unused message: DIA_LBL_SELECT_A_COL in: com.kms.katalon.composer.components.impl.constants.composerComponentsImplMessages
Warning: NLS unused message: LBL_DEFAULT_LOCATOR_SELECTION_AREA in: com.katalon.plugin.smart_xpath.constant.SmartXpathMessages
Latest plugins responses: []
Katalon version: 8.5.5
Plugin info URL: https://store.katalon.com/api/products/ks?appVersion=8.5.5&appType=KSE&licenseType=FREE

Mon Apr 24 13:42:46 IST 2023
Azure: Enterprise license for this feature is requested


Mon Apr 24 13:42:56 IST 2023
Azure: Enterprise license for this feature is requested


Mon Apr 24 13:43:12 IST 2023
Azure: Enterprise license for this feature is requested


Mon Apr 24 13:43:12 IST 2023
Azure: Enterprise license for this feature is requested


Mon Apr 24 13:43:28 IST 2023
Azure: Enterprise license for this feature is requested


Mon Apr 24 13:43:28 IST 2023
Azure: Enterprise license for this feature is requested


Mon Apr 24 13:43:31 IST 2023
Azure: Enterprise license for this feature is requested


Mon Apr 24 13:43:31 IST 2023
Azure: Enterprise license for this feature is requested


Mon Apr 24 13:44:27 IST 2023
Azure: Enterprise license for this feature is requested


Mon Apr 24 13:44:27 IST 2023
Azure: Enterprise license for this feature is requested


Mon Apr 24 13:44:28 IST 2023
Azure: Enterprise license for this feature is requested


Mon Apr 24 13:44:28 IST 2023
Azure: Enterprise license for this feature is requested


Mon Apr 24 13:44:42 IST 2023
Azure: Enterprise license for this feature is requested


Mon Apr 24 13:44:42 IST 2023
Azure: Enterprise license for this feature is requested

Warning: NLS unused message: PREF_LBL_ACTIVE_BROWSER_PORT_DO_NOT_SHOW_WARNING_DIALOG in: com.kms.katalon.objectspy.constants.objectspyMessages

Mon Apr 24 13:46:17 IST 2023
Azure: Enterprise license for this feature is requested


Mon Apr 24 13:46:17 IST 2023
Azure: Enterprise license for this feature is requested


Mon Apr 24 13:46:20 IST 2023
Azure: Enterprise license for this feature is requested


Mon Apr 24 13:46:20 IST 2023
Azure: Enterprise license for this feature is requested


Mon Apr 24 13:46:25 IST 2023
Azure: Enterprise license for this feature is requested


Mon Apr 24 13:46:25 IST 2023
Azure: Enterprise license for this feature is requested


Mon Apr 24 14:21:59 IST 2023
Azure: Enterprise license for this feature is requested


Mon Apr 24 14:51:25 IST 2023
Azure: Enterprise license for this feature is requested


Mon Apr 24 14:51:25 IST 2023
Azure: Enterprise license for this feature is requested


Mon Apr 24 14:52:03 IST 2023
Azure: Enterprise license for this feature is requested


Mon Apr 24 14:52:03 IST 2023
Azure: Enterprise license for this feature is requested

Apr 24, 2023 2:52:39 PM io.appium.java_client.remote.AppiumCommandExecutor$1 lambda$0
INFO: Detected dialect: W3C

Mon Apr 24 14:58:52 IST 2023
Azure: Enterprise license for this feature is requested


Mon Apr 24 14:59:04 IST 2023
Azure: Enterprise license for this feature is requested


Mon Apr 24 14:59:37 IST 2023
Azure: Enterprise license for this feature is requested

Warning: NLS missing message: ConsoleMain_MSG_DEVOPS_LICENSE_COMPATIBILITY in: com.kms.katalon.execution.constants.executionMessages
Warning: NLS missing message: ConsoleMain_MSG_NON_DEVOPS_LICENSE_COMPATIBLITY in: com.kms.katalon.execution.constants.executionMessages
Warning: NLS unused message: DIA_TITLE_INSTALL_INSTRUCTIONS in: com.kms.katalon.composer.mobile.constants.composerMobileMessages

Mon Apr 24 15:10:32 IST 2023
Azure: Enterprise license for this feature is requested

Apr 24, 2023 3:39:19 PM io.appium.java_client.remote.AppiumCommandExecutor$1 lambda$0
INFO: Detected dialect: W3C
Apr 24, 2023 3:40:36 PM io.appium.java_client.remote.AppiumCommandExecutor$1 lambda$0
INFO: Detected dialect: W3C

Mon Apr 24 15:41:59 IST 2023
Azure: Enterprise license for this feature is requested

Apr 24, 2023 3:44:02 PM io.appium.java_client.remote.AppiumCommandExecutor$1 lambda$0
INFO: Detected dialect: W3C
CodeSelectRequestor: Could not proceed due to null declaring type for org.codehaus.groovy.ast.expr.ConstantExpression@710d4c4a[ ]
CodeSelectRequestor: Could not proceed due to null declaring type for org.codehaus.groovy.ast.expr.ConstantExpression@710d4c4a[ ]
CodeSelectRequestor: Could not proceed due to null declaring type for org.codehaus.groovy.ast.expr.ConstantExpression@314968a8[C:/Core/queueBusterAPPRelease_3.21.apk ]

Mon Apr 24 15:49:58 IST 2023
Azure: Enterprise license for this feature is requested


Mon Apr 24 15:49:58 IST 2023
Azure: Enterprise license for this feature is requested

CodeSelectRequestor: Could not proceed due to null declaring type for org.codehaus.groovy.ast.expr.ConstantExpression@4382f347[ findTestObject(]
CodeSelectRequestor: Could not proceed due to null declaring type for org.codehaus.groovy.ast.expr.ConstantExpression@3c124f1d[ findTestObject(]
CodeSelectRequestor: Could not proceed due to null declaring type for org.codehaus.groovy.ast.expr.ConstantExpression@3c124f1d[ findTestObject(]

Mon Apr 24 15:51:13 IST 2023
Azure: Enterprise license for this feature is requested


Mon Apr 24 15:51:13 IST 2023
Azure: Enterprise license for this feature is requested

CodeSelectRequestor: Could not proceed due to null declaring type for org.codehaus.groovy.ast.expr.ConstantExpression@60a75a26[Object Repository/APIDemo/android.widget.EditText]
CodeSelectRequestor: Could not proceed due to null declaring type for org.codehaus.groovy.ast.expr.ConstantExpression@1854358f[Enter a message in Body Message text box]

Mon Apr 24 16:00:38 IST 2023
Azure: Enterprise license for this feature is requested


Mon Apr 24 16:00:38 IST 2023
Azure: Enterprise license for this feature is requested

CodeSelectRequestor: Could not proceed due to null declaring type for org.codehaus.groovy.ast.expr.ConstantExpression@45b33c88[C:/Core/queueBusterAPPRelease_3.21.apk ]

Mon Apr 24 16:09:48 IST 2023
Azure: Enterprise license for this feature is requested


Mon Apr 24 16:09:48 IST 2023
Azure: Enterprise license for this feature is requested


Mon Apr 24 16:09:55 IST 2023
Azure: Enterprise license for this feature is requested


Mon Apr 24 16:09:55 IST 2023
Azure: Enterprise license for this feature is requested

Launcher status after execution process completed: Running

Mon Apr 24 16:10:32 IST 2023
Azure: Enterprise license for this feature is requested

CodeSelectRequestor: Could not proceed due to null declaring type for org.codehaus.groovy.ast.expr.ConstantExpression@70f1a8ff[C:/Core/queueBusterAPPRelease_3.21.apk ]
CodeSelectRequestor: Could not proceed due to null declaring type for org.codehaus.groovy.ast.expr.ConstantExpression@55d030a7[C:/Core/queueBusterAPPRelease_3.21.apk]

Mon Apr 24 16:11:15 IST 2023
Azure: Enterprise license for this feature is requested


Mon Apr 24 16:11:15 IST 2023
Azure: Enterprise license for this feature is requested


Mon Apr 24 16:11:16 IST 2023
Azure: Enterprise license for this feature is requested


Mon Apr 24 16:11:16 IST 2023
Azure: Enterprise license for this feature is requested

Launcher status after execution process completed: Running
Launcher status after execution process completed: Running
CodeSelectRequestor: Could not proceed due to null declaring type for org.codehaus.groovy.ast.expr.ConstantExpression@2340c7ea[C:/Core/queueBusterAPPRelease_3.21.apk]
Launcher status after execution process completed: Running

Mon Apr 24 17:01:52 IST 2023
Azure: Enterprise license for this feature is requested


Mon Apr 24 17:01:52 IST 2023
Azure: Enterprise license for this feature is requested


Mon Apr 24 17:01:54 IST 2023
Azure: Enterprise license for this feature is requested


Mon Apr 24 17:01:54 IST 2023
Azure: Enterprise license for this feature is requested


Mon Apr 24 17:02:38 IST 2023
Azure: Enterprise license for this feature is requested


Mon Apr 24 17:04:19 IST 2023
Azure: Enterprise license for this feature is requested


Mon Apr 24 17:04:19 IST 2023
Azure: Enterprise license for this feature is requested


Mon Apr 24 17:04:20 IST 2023
Azure: Enterprise license for this feature is requested


Mon Apr 24 17:04:20 IST 2023
Azure: Enterprise license for this feature is requested

Launcher status after execution process completed: Running
CodeSelectRequestor: Could not proceed due to null declaring type for org.codehaus.groovy.ast.expr.ConstantExpression@4371f6f8[Object Repository/TC33OR/Login]

Mon Apr 24 17:10:32 IST 2023
Azure: Enterprise license for this feature is requested

CodeSelectRequestor: Could not proceed due to null declaring type for org.codehaus.groovy.ast.expr.ConstantExpression@4371f6f8[Object Repository/TC33OR/Login]
CodeSelectRequestor: Could not proceed due to null declaring type for org.codehaus.groovy.ast.expr.ConstantExpression@7681d1e6[Object Repository/TC33OR/Login]
CodeSelectRequestor: Could not proceed due to null declaring type for org.codehaus.groovy.ast.expr.PropertyExpression@56f14d4e[object: org.codehaus.groovy.ast.expr.VariableExpression@c372199[variable: Mobilr] property: org.codehaus.groovy.ast.expr.ConstantExpression@4b74ba39[Mobile]]
CodeSelectRequestor: Could not proceed due to null declaring type for org.codehaus.groovy.ast.expr.ConstantExpression@57237a62[Object Repository/TC33OR/Login]
CodeSelectRequestor: Could not proceed due to null declaring type for org.codehaus.groovy.ast.expr.ConstantExpression@57237a62[Object Repository/TC33OR/Login]
CodeSelectRequestor: Could not proceed due to null declaring type for org.codehaus.groovy.ast.expr.ConstantExpression@57237a62[Object Repository/TC33OR/Login]
CodeSelectRequestor: Could not proceed due to null declaring type for org.codehaus.groovy.ast.expr.ArgumentListExpression@1600ba90[]
CodeSelectRequestor: Could not proceed due to null declaring type for org.codehaus.groovy.ast.expr.ArgumentListExpression@6a6267af[]
CodeSelectRequestor: Could not proceed due to null declaring type for org.codehaus.groovy.ast.expr.ConstantExpression@5d5cad83[]
CodeSelectRequestor: Could not proceed due to null declaring type for org.codehaus.groovy.ast.expr.ConstantExpression@5ea571ad[ ]
CodeSelectRequestor: Could not proceed due to null declaring type for org.codehaus.groovy.ast.expr.ConstantExpression@c2c629e[ ]
CodeSelectRequestor: Could not proceed due to null declaring type for org.codehaus.groovy.ast.expr.ConstantExpression@c2c629e[ ]
CodeSelectRequestor: Could not proceed due to null declaring type for org.codehaus.groovy.ast.expr.ConstantExpression@54173e10[ ]
CodeSelectRequestor: Could not proceed due to null declaring type for org.codehaus.groovy.ast.expr.ConstantExpression@54173e10[ ]
CodeSelectRequestor: Could not proceed due to null declaring type for org.codehaus.groovy.ast.expr.ConstantExpression@54173e10[ ]
CodeSelectRequestor: Could not proceed due to null declaring type for org.codehaus.groovy.ast.expr.ConstantExpression@54173e10[ ]
CodeSelectRequestor: Could not proceed due to null declaring type for org.codehaus.groovy.ast.expr.ConstantExpression@572f43e[findTestObject(]
CodeSelectRequestor: Could not proceed due to null declaring type for org.codehaus.groovy.ast.expr.ConstantExpression@572f43e[findTestObject(]
CodeSelectRequestor: Could not proceed due to null declaring type for org.codehaus.groovy.ast.expr.ConstantExpression@6d6b8e11[]
CodeSelectRequestor: Could not proceed due to null declaring type for org.codehaus.groovy.ast.expr.ConstantExpression@560c963a[013606]
CodeSelectRequestor: Could not proceed due to null declaring type for org.codehaus.groovy.ast.expr.PropertyExpression@2280ff6c[object: org.codehaus.groovy.ast.expr.ClassExpression@1458641f[type: com.kms.katalon.core.mobile.keyword.MobileBuiltInKeywords] property: org.codehaus.groovy.ast.expr.ConstantExpression@54c16430[Mobile]]
CodeSelectRequestor: Could not proceed due to null declaring type for org.codehaus.groovy.ast.expr.ConstantExpression@1a083e0b[ findTestObject(]
CodeSelectRequestor: Could not proceed due to null declaring type for org.codehaus.groovy.ast.expr.ConstantExpression@61c57355[ findTestObject(]
Launcher status after execution process completed: Running
CodeSelectRequestor: Could not proceed due to null declaring type for org.codehaus.groovy.ast.expr.ConstantExpression@3f9a150a[Object Repository/TC33OR/FillUserName]
CodeSelectRequestor: Could not proceed due to null declaring type for org.codehaus.groovy.ast.expr.ArgumentListExpression@27b2b2aa[org.codehaus.groovy.ast.expr.StaticMethodCallExpression@2f08487a[com.kms.katalon.core.testobject.ObjectRepository#findTestObject arguments: org.codehaus.groovy.ast.expr.ArgumentListExpression@379525b9[org.codehaus.groovy.ast.expr.ConstantExpression@566480f3[Object Repository/TC33OR/FillUserName]]], org.codehaus.groovy.ast.expr.ConstantExpression@64715f77[8178331074]]
CodeSelectRequestor: Could not proceed due to null declaring type for org.codehaus.groovy.ast.expr.ConstantExpression@6ce3e35[]
CodeSelectRequestor: Could not proceed due to null declaring type for org.codehaus.groovy.ast.expr.ArgumentListExpression@19e4fe9a[org.codehaus.groovy.ast.expr.StaticMethodCallExpression@172313d6[com.kms.katalon.core.testobject.ObjectRepository#findTestObject arguments: org.codehaus.groovy.ast.expr.ArgumentListExpression@131c95ea[org.codehaus.groovy.ast.expr.ConstantExpression@561e19ed[Object Repository/TC33OR/FillUserName]]], org.codehaus.groovy.ast.expr.ConstantExpression@68b02d9a[], org.codehaus.groovy.ast.expr.ConstantExpression@67022ef9[8178331074]]
CodeSelectRequestor: Could not proceed due to null declaring type for org.codehaus.groovy.ast.expr.ConstantExpression@68b02d9a[]
CodeSelectRequestor: Could not proceed due to null declaring type for org.codehaus.groovy.ast.expr.ConstantExpression@68b02d9a[]
CodeSelectRequestor: Could not proceed due to null declaring type for org.codehaus.groovy.ast.expr.ConstantExpression@68b02d9a[]
CodeSelectRequestor: Could not proceed due to null declaring type for org.codehaus.groovy.ast.expr.ConstantExpression@68b02d9a[]
CodeSelectRequestor: Could not proceed due to null declaring type for org.codehaus.groovy.ast.expr.ConstantExpression@7f4f9e8a[8178331074]
CodeSelectRequestor: Could not proceed due to null declaring type for org.codehaus.groovy.ast.expr.ConstantExpression@69a70a07[8178331074]
CodeSelectRequestor: Could not proceed due to null declaring type for org.codehaus.groovy.ast.expr.ArgumentListExpression@7a8c3721[org.codehaus.groovy.ast.expr.StaticMethodCallExpression@38279b3e[com.kms.katalon.core.testobject.ObjectRepository#findTestObject arguments: org.codehaus.groovy.ast.expr.ArgumentListExpression@62925796[org.codehaus.groovy.ast.expr.ConstantExpression@57baf5f8[Object Repository/TC33OR/FillUserName]]], org.codehaus.groovy.ast.expr.ConstantExpression@4c14f511[8178331074]]
CodeSelectRequestor: Could not proceed due to null declaring type for org.codehaus.groovy.ast.expr.ArgumentListExpression@4f11eb13[org.codehaus.groovy.ast.expr.StaticMethodCallExpression@6a1cc82[com.kms.katalon.core.testobject.ObjectRepository#findTestObject arguments: org.codehaus.groovy.ast.expr.ArgumentListExpression@17dc0e70[org.codehaus.groovy.ast.expr.ConstantExpression@ffc9dab[Object Repository/TC33OR/FillUserName]]], org.codehaus.groovy.ast.expr.ConstantExpression@4f75a634[8178331074]]

Mon Apr 24 17:30:31 IST 2023
Azure: Enterprise license for this feature is requested


Mon Apr 24 17:30:31 IST 2023
Azure: Enterprise license for this feature is requested


Mon Apr 24 17:30:42 IST 2023
Azure: Enterprise license for this feature is requested


Mon Apr 24 17:30:42 IST 2023
Azure: Enterprise license for this feature is requested

CodeSelectRequestor: Could not proceed due to null declaring type for org.codehaus.groovy.ast.expr.ArgumentListExpression@5448618a[org.codehaus.groovy.ast.expr.StaticMethodCallExpression@6c92a657[com.kms.katalon.core.testobject.ObjectRepository#findTestObject arguments: org.codehaus.groovy.ast.expr.ArgumentListExpression@545f5e69[org.codehaus.groovy.ast.expr.ConstantExpression@484c354b[Object Repository/TC33OR/FillPassword]]], org.codehaus.groovy.ast.expr.ConstantExpression@5f1f49f9[013606]]
CodeSelectRequestor: Could not proceed due to null declaring type for org.codehaus.groovy.ast.expr.ConstantExpression@7ebf78c9[]
CodeSelectRequestor: Could not proceed due to null declaring type for org.codehaus.groovy.ast.expr.ArgumentListExpression@7dce8631[org.codehaus.groovy.ast.expr.StaticMethodCallExpression@24c00cf2[com.kms.katalon.core.testobject.ObjectRepository#findTestObject arguments: org.codehaus.groovy.ast.expr.ArgumentListExpression@2b617e22[org.codehaus.groovy.ast.expr.ConstantExpression@4b67cea6[Object Repository/TC33OR/FillPassword]]], org.codehaus.groovy.ast.expr.ConstantExpression@421126f5[013606]]
CodeSelectRequestor: Could not proceed due to null declaring type for org.codehaus.groovy.ast.expr.ConstantExpression@c2eb34a[]
CodeSelectRequestor: Could not proceed due to null declaring type for org.codehaus.groovy.ast.expr.ConstantExpression@2ea94601[013]
CodeSelectRequestor: Could not proceed due to null declaring type for org.codehaus.groovy.ast.expr.ConstantExpression@3591f46a[013606]
CodeSelectRequestor: Could not proceed due to null declaring type for org.codehaus.groovy.ast.expr.ArgumentListExpression@2ecfdafd[org.codehaus.groovy.ast.expr.StaticMethodCallExpression@2af05bfc[com.kms.katalon.core.testobject.ObjectRepository#findTestObject arguments: org.codehaus.groovy.ast.expr.ArgumentListExpression@6ff2d0c6[org.codehaus.groovy.ast.expr.ConstantExpression@e9f01e4[Object Repository/TC33OR/FillPassword]]], org.codehaus.groovy.ast.expr.ConstantExpression@3591f46a[013606], org.codehaus.groovy.ast.expr.ConstantExpression@5ed73af8[013606]]
CodeSelectRequestor: Could not proceed due to null declaring type for org.codehaus.groovy.ast.expr.ConstantExpression@5ed73af8[013606]
CodeSelectRequestor: Could not proceed due to null declaring type for org.codehaus.groovy.ast.expr.ArgumentListExpression@4c142a3[org.codehaus.groovy.ast.expr.StaticMethodCallExpression@f401bf0[com.kms.katalon.core.testobject.ObjectRepository#findTestObject arguments: org.codehaus.groovy.ast.expr.ArgumentListExpression@5352ceaa[org.codehaus.groovy.ast.expr.ConstantExpression@23767317[Object Repository/TC33OR/FillPassword]]], org.codehaus.groovy.ast.expr.ConstantExpression@2d2ce980[013606]]
Launcher status after execution process completed: Running
Launcher status after execution process completed: Running

Mon Apr 24 17:40:32 IST 2023
Azure: Enterprise license for this feature is requested

CodeSelectRequestor: Could not proceed due to null declaring type for org.codehaus.groovy.ast.expr.ConstantExpression@5500268f[Object Repository/TC33OR/FillUserName]
CodeSelectRequestor: Could not proceed due to null declaring type for org.codehaus.groovy.ast.expr.ConstantExpression@38c32756[Application/Graphics/android.widget.TextView - Xfermodes]

Mon Apr 24 17:43:43 IST 2023
Azure: Enterprise license for this feature is requested


Mon Apr 24 17:44:02 IST 2023
Azure: Enterprise license for this feature is requested


Mon Apr 24 17:44:02 IST 2023
Azure: Enterprise license for this feature is requested

Launcher status after execution process completed: Running
CodeSelectRequestor: Could not proceed due to null declaring type for org.codehaus.groovy.ast.expr.ConstantExpression@4cfb17ab[Object Repository/TC33OR/UserPassLogin]

Mon Apr 24 17:45:47 IST 2023
Azure: Enterprise license for this feature is requested


Mon Apr 24 17:45:47 IST 2023
Azure: Enterprise license for this feature is requested

Launcher status after execution process completed: Running
Apr 24, 2023 5:47:58 PM io.appium.java_client.remote.AppiumCommandExecutor$1 lambda$0
INFO: Detected dialect: W3C
Apr 24, 2023 5:50:47 PM io.appium.java_client.remote.AppiumCommandExecutor$1 lambda$0
INFO: Detected dialect: W3C
CodeSelectRequestor: Could not proceed due to null declaring type for org.codehaus.groovy.ast.expr.ConstantExpression@57f53efc[Object Repository/TC33OR/FillUserName]
CodeSelectRequestor: Could not proceed due to null declaring type for org.codehaus.groovy.ast.expr.ConstantExpression@308dab1b[Object Repository/TC33OR/FillUserName]
CodeSelectRequestor: Could not proceed due to null declaring type for org.codehaus.groovy.ast.expr.ConstantExpression@59418210[]
CodeSelectRequestor: Could not proceed due to null declaring type for org.codehaus.groovy.ast.expr.ConstantExpression@380e498f[ ]
CodeSelectRequestor: Could not proceed due to null declaring type for org.codehaus.groovy.ast.expr.ConstantExpression@380e498f[ ]
CodeSelectRequestor: Could not proceed due to null declaring type for org.codehaus.groovy.ast.expr.ConstantExpression@3625ad9c[ findTestObject(]

Mon Apr 24 17:54:08 IST 2023
Azure: Enterprise license for this feature is requested


Mon Apr 24 17:54:08 IST 2023
Azure: Enterprise license for this feature is requested

Launcher status after execution process completed: Running
CodeSelectRequestor: Could not proceed due to null declaring type for org.codehaus.groovy.ast.expr.PropertyExpression@5cf06350[object: org.codehaus.groovy.ast.expr.ClassExpression@78fd6ac5[type: com.kms.katalon.core.mobile.keyword.MobileBuiltInKeywords] property: org.codehaus.groovy.ast.expr.ConstantExpression@1c91fbd6[Mobile]]
CodeSelectRequestor: Could not proceed due to null declaring type for org.codehaus.groovy.ast.expr.PropertyExpression@5993a2d9[object: org.codehaus.groovy.ast.expr.ClassExpression@656deb08[type: com.kms.katalon.core.mobile.keyword.MobileBuiltInKeywords] property: org.codehaus.groovy.ast.expr.ConstantExpression@aaf569a[Mobile]]
CodeSelectRequestor: Could not proceed due to null declaring type for org.codehaus.groovy.ast.expr.ConstantExpression@7975bc81[Object Repository/TC33OR/UserPassLogin]
CodeSelectRequestor: Could not proceed due to null declaring type for org.codehaus.groovy.ast.expr.ConstantExpression@4180f10c[Object Repository/TC33OR/Enter Username]
CodeSelectRequestor: Could not proceed due to null declaring type for org.codehaus.groovy.ast.expr.ConstantExpression@4180f10c[Object Repository/TC33OR/Enter Username]
CodeSelectRequestor: Could not proceed due to null declaring type for org.codehaus.groovy.ast.expr.ConstantExpression@14795d7f[Object Repository/TC33OR/Enter Username]

Mon Apr 24 17:57:46 IST 2023
Azure: Enterprise license for this feature is requested


Mon Apr 24 17:57:46 IST 2023
Azure: Enterprise license for this feature is requested

Launcher status after execution process completed: Running

Mon Apr 24 18:00:15 IST 2023
Azure: Enterprise license for this feature is requested


Mon Apr 24 18:00:15 IST 2023
Azure: Enterprise license for this feature is requested


Mon Apr 24 18:00:30 IST 2023
Azure: Enterprise license for this feature is requested


Mon Apr 24 18:00:30 IST 2023
Azure: Enterprise license for this feature is requested

CodeSelectRequestor: Could not proceed due to null declaring type for org.codehaus.groovy.ast.expr.ConstantExpression@709dfe80[Object Repository/TC33OR/Enter Username]

Mon Apr 24 18:06:49 IST 2023
Azure: Enterprise license for this feature is requested


Mon Apr 24 18:06:49 IST 2023
Azure: Enterprise license for this feature is requested

Launcher status after execution process completed: Running

Mon Apr 24 18:10:32 IST 2023
Azure: Enterprise license for this feature is requested

Apr 24, 2023 6:10:45 PM io.appium.java_client.remote.AppiumCommandExecutor$1 lambda$0
INFO: Detected dialect: W3C
Apr 24, 2023 6:11:21 PM io.appium.java_client.remote.AppiumCommandExecutor$1 lambda$0
INFO: Detected dialect: W3C
CodeSelectRequestor: Could not proceed due to null declaring type for org.codehaus.groovy.ast.expr.ConstantExpression@6bf2625d[Object Repository/TC33OR/Enter Username]
CodeSelectRequestor: Could not proceed due to null declaring type for org.codehaus.groovy.ast.expr.ArgumentListExpression@500414fa[]
CodeSelectRequestor: Could not proceed due to null declaring type for org.codehaus.groovy.ast.expr.ConstantExpression@3d807d8d[  ]
CodeSelectRequestor: Could not proceed due to null declaring type for org.codehaus.groovy.ast.expr.ConstantExpression@3d807d8d[  ]
CodeSelectRequestor: Could not proceed due to null declaring type for org.codehaus.groovy.ast.expr.ConstantExpression@407a6c74[   ]
CodeSelectRequestor: Could not proceed due to null declaring type for org.codehaus.groovy.ast.expr.ConstantExpression@407a6c74[   ]
CodeSelectRequestor: Could not proceed due to null declaring type for org.codehaus.groovy.ast.expr.ConstantExpression@407a6c74[   ]
CodeSelectRequestor: Could not proceed due to null declaring type for org.codehaus.groovy.ast.expr.ConstantExpression@407a6c74[   ]
CodeSelectRequestor: Could not proceed due to null declaring type for org.codehaus.groovy.ast.expr.ConstantExpression@407a6c74[   ]
CodeSelectRequestor: Could not proceed due to null declaring type for org.codehaus.groovy.ast.expr.ConstantExpression@7336e6e3[  findTestObject(]
Launcher status after execution process completed: Running
Launcher status after execution process completed: Running
CodeSelectRequestor: Could not proceed due to null declaring type for org.codehaus.groovy.ast.expr.ConstantExpression@605a0dd4[C:/Core/queueBusterAPPRelease_3.21.apk]
CodeSelectRequestor: Could not proceed due to null declaring type for org.codehaus.groovy.ast.expr.ConstantExpression@41195bd1[    ]
CodeSelectRequestor: Could not proceed due to null declaring type for org.codehaus.groovy.ast.expr.ConstantExpression@17090af9[ findTestObject(]
CodeSelectRequestor: Could not proceed due to null declaring type for org.codehaus.groovy.ast.expr.ConstantExpression@17090af9[ findTestObject(]
CodeSelectRequestor: Could not proceed due to null declaring type for org.codehaus.groovy.ast.expr.ConstantExpression@6b954f56[]
Launcher status after execution process completed: Running
CodeSelectRequestor: Could not proceed due to null declaring type for org.codehaus.groovy.ast.expr.ConstantExpression@fb3c7b2[Object Repository/TC33OR/android.widget.TextView - Login (1)]
CodeSelectRequestor: Could not proceed due to null declaring type for org.codehaus.groovy.ast.expr.ConstantExpression@40738a67[Object Repository/TC33OR/UserPassLogin]
CodeSelectRequestor: Could not proceed due to null declaring type for org.codehaus.groovy.ast.expr.ConstantExpression@30d76174[Object Repository/TC33OR/android.widget.TextView - Login (1)]
CodeSelectRequestor: Could not proceed due to null declaring type for org.codehaus.groovy.ast.expr.ConstantExpression@70b3498a[Object Repository/TC33OR/UserPassLogin ]
Launcher status after execution process completed: Running
CodeSelectRequestor: Could not proceed due to null declaring type for org.codehaus.groovy.ast.expr.ConstantExpression@2fecd2bf[Object Repository/TC33OR/UserPassLogin ]
CodeSelectRequestor: Could not proceed due to null declaring type for org.codehaus.groovy.ast.expr.ConstantExpression@481d778c[ findTestObject(]
CodeSelectRequestor: Could not proceed due to null declaring type for org.codehaus.groovy.ast.expr.ConstantExpression@481d778c[ findTestObject(]

Mon Apr 24 18:35:24 IST 2023
Azure: Enterprise license for this feature is requested


Mon Apr 24 18:35:24 IST 2023
Azure: Enterprise license for this feature is requested

Launcher status after execution process completed: Running
CodeSelectRequestor: Could not proceed due to null declaring type for org.codehaus.groovy.ast.expr.ConstantExpression@2b6fbe97[Object Repository/TC33OR/android.widget.TextView - Login (1)]
CodeSelectRequestor: Could not proceed due to null declaring type for org.codehaus.groovy.ast.expr.ConstantExpression@14156c6f[     ]
CodeSelectRequestor: Could not proceed due to null declaring type for org.codehaus.groovy.ast.expr.ConstantExpression@14156c6f[     ]
CodeSelectRequestor: Could not proceed due to null declaring type for org.codehaus.groovy.ast.expr.ConstantExpression@46b85528[   findTestObject(]
CodeSelectRequestor: Could not proceed due to null declaring type for org.codehaus.groovy.ast.expr.ConstantExpression@36ffa74f[   findTestObject(]
Launcher status after execution process completed: Running
CodeSelectRequestor: Could not proceed due to null declaring type for org.codehaus.groovy.ast.expr.ConstantExpression@2e9a3460[Object Repository/TC33OR/Enter Username]
CodeSelectRequestor: Could not proceed due to null declaring type for org.codehaus.groovy.ast.expr.ConstantExpression@2e9a3460[Object Repository/TC33OR/Enter Username]
CodeSelectRequestor: Could not proceed due to null declaring type for org.codehaus.groovy.ast.expr.ConstantExpression@16b71587[ ]
CodeSelectRequestor: Could not proceed due to null declaring type for org.codehaus.groovy.ast.expr.ConstantExpression@16b71587[ ]
CodeSelectRequestor: Could not proceed due to null declaring type for org.codehaus.groovy.ast.expr.ConstantExpression@4e85e9b2[ ]
CodeSelectRequestor: Could not proceed due to null declaring type for org.codehaus.groovy.ast.expr.ConstantExpression@35d2a85d[ findTestObjec(]
CodeSelectRequestor: Could not proceed due to null declaring type for org.codehaus.groovy.ast.expr.ConstantExpression@3df6fe76[234567]

Mon Apr 24 18:40:32 IST 2023
Azure: Enterprise license for this feature is requested

Launcher status after execution process completed: Running
CodeSelectRequestor: Could not proceed due to null declaring type for org.codehaus.groovy.ast.expr.ConstantExpression@62abc89d[234567]
Launcher status after execution process completed: Running

Mon Apr 24 18:43:45 IST 2023
Azure: Enterprise license for this feature is requested


Mon Apr 24 18:43:45 IST 2023
Azure: Enterprise license for this feature is requested

Launcher status after execution process completed: Running
CodeSelectRequestor: Could not proceed due to null declaring type for org.codehaus.groovy.ast.expr.ArgumentListExpression@16d901fa[org.codehaus.groovy.ast.expr.StaticMethodCallExpression@712c9dfc[com.kms.katalon.core.testobject.ObjectRepository#findTestObject arguments: org.codehaus.groovy.ast.expr.ArgumentListExpression@19ade0b6[org.codehaus.groovy.ast.expr.ConstantExpression@39889de6[Object Repository/TC33OR/FillUserName]]], org.codehaus.groovy.ast.expr.ConstantExpression@67009dfc[234567]]

Mon Apr 24 18:45:34 IST 2023
Azure: Enterprise license for this feature is requested


Mon Apr 24 18:45:34 IST 2023
Azure: Enterprise license for this feature is requested

Launcher status after execution process completed: Running
Apr 24, 2023 6:53:18 PM io.appium.java_client.remote.AppiumCommandExecutor$1 lambda$0
INFO: Detected dialect: W3C
Apr 24, 2023 6:53:39 PM io.appium.java_client.remote.AppiumCommandExecutor$1 lambda$0
INFO: Detected dialect: W3C
CodeSelectRequestor: Could not proceed due to null declaring type for org.codehaus.groovy.ast.expr.ConstantExpression@289b2b73[Object Repository/TC33OR/FillUserName]
CodeSelectRequestor: Could not proceed due to null declaring type for org.codehaus.groovy.ast.expr.ConstantExpression@289b2b73[Object Repository/TC33OR/FillUserName]
CodeSelectRequestor: Could not proceed due to null declaring type for org.codehaus.groovy.ast.expr.ConstantExpression@7e4109ab[   ]
CodeSelectRequestor: Could not proceed due to null declaring type for org.codehaus.groovy.ast.expr.ConstantExpression@7e4109ab[   ]
CodeSelectRequestor: Could not proceed due to null declaring type for org.codehaus.groovy.ast.expr.ConstantExpression@4a79a581[ findTestObject(]
CodeSelectRequestor: Could not proceed due to null declaring type for org.codehaus.groovy.ast.expr.ConstantExpression@4e4b6bcb[Object Repository/TC33OR/android.widget.EditText - Enter Username]
CodeSelectRequestor: Could not proceed due to null declaring type for org.codehaus.groovy.ast.expr.ConstantExpression@4e4b6bcb[Object Repository/TC33OR/android.widget.EditText - Enter Username]
CodeSelectRequestor: Could not proceed due to null declaring type for org.codehaus.groovy.ast.expr.ConstantExpression@4e4b6bcb[Object Repository/TC33OR/android.widget.EditText - Enter Username]
Launcher status after execution process completed: Running
Apr 24, 2023 7:09:52 PM io.appium.java_client.remote.AppiumCommandExecutor$1 lambda$0
INFO: Detected dialect: W3C

Mon Apr 24 19:10:32 IST 2023
Azure: Enterprise license for this feature is requested

Apr 24, 2023 7:12:28 PM io.appium.java_client.remote.AppiumCommandExecutor$1 lambda$0
INFO: Detected dialect: W3C

Mon Apr 24 19:13:12 IST 2023
Azure: Enterprise license for this feature is requested


Mon Apr 24 19:13:12 IST 2023
Azure: Enterprise license for this feature is requested


Mon Apr 24 19:13:18 IST 2023
Azure: Enterprise license for this feature is requested


Mon Apr 24 19:13:18 IST 2023
Azure: Enterprise license for this feature is requested

Apr 24, 2023 7:13:45 PM io.appium.java_client.remote.AppiumCommandExecutor$1 lambda$0
INFO: Detected dialect: W3C
