Not a valid list position.
Could not find element with Id 'katalon.composer.objectrepository.handledmenuitem.spyweb'
Could not find element with Id 'com.kms.katalon.composer.integration.analytics.handledtoolitem.katalonTestOps'
Could not find element with Id 'com.kms.katalon.composer.mobile.dynamicmenucontribution.ios'
Could not find element with Id 'com.kms.katalon.composer.mobile.dynamicmenucontribution.ios'
Warning: NLS unused message: Key in: com.kms.katalon.composer.project.constants.composerProjectMessages
Warning: NLS unused message: Key in: com.kms.katalon.composer.testcase.constants.composerTestcaseMessages
Warning: NLS missing message: BTN_ADDTESTSUITE in: com.kms.katalon.composer.testcase.constants.composerTestcaseMessages
Warning: NLS unused message: DIA_LBL_SELECT_TEST_DATA in: com.kms.katalon.composer.testsuite.constants.composerTestsuiteMessages
Warning: NLS unused message: HAND_WARN_TS_REQUIRES_PLUGIN_DYNAMIC_EXECUTION_TO_OPEN in: com.kms.katalon.composer.testsuite.constants.composerTestsuiteMessages
Warning: NLS unused message: DIA_INFO_KSE_COMBINE_MULTI_DATASOURCE in: com.kms.katalon.composer.testsuite.constants.composerTestsuiteMessages
Warning: NLS missing message: DIA_SHELL_DATA_ITERATION in: com.kms.katalon.composer.testsuite.constants.composerTestsuiteMessages
Warning: NLS missing message: DIA_LBL_TO_ROW in: com.kms.katalon.composer.testsuite.constants.composerTestsuiteMessages
Warning: NLS missing message: DIA_MSG_START_ROW_BIGGER_THAN_END_ROW in: com.kms.katalon.composer.testsuite.constants.composerTestsuiteMessages
Warning: NLS missing message: EDI_TITLE_TEST_CASE_BROWSER in: com.kms.katalon.composer.testsuite.constants.composerTestsuiteMessages
Warning: NLS missing message: DIA_MSG_CHOOSE_DATA_COLUMN in: com.kms.katalon.composer.testsuite.constants.composerTestsuiteMessages
Warning: NLS missing message: DIA_TABLE_EMPTY_COLUMN in: com.kms.katalon.composer.testsuite.constants.composerTestsuiteMessages
Warning: NLS missing message: DIA_WARN_MSG_EMPTY_COLUMN_NAME in: com.kms.katalon.composer.testsuite.constants.composerTestsuiteMessages
Warning: NLS missing message: PA_LBL_TOOLTIP_RETRY_IMMEDIATELY in: com.kms.katalon.composer.testsuite.constants.composerTestsuiteMessages
Warning: NLS unused message: Key in: com.kms.katalon.composer.objectrepository.constant.composerObjectRepositoryMessages
WebView Server has been started on port 50083
Warning: NLS missing message: PA_URL_SUPPORT_PORTAL in: com.kms.katalon.constants.messages
Warning: NLS missing message: URL_KATALON_SURVEY in: com.kms.katalon.constants.messages
Warning: NLS missing message: OFFLINE_ACTIVATION in: com.kms.katalon.constants.messages
Warning: NLS missing message: ENTERPRISE_TRIAL_LICENSE in: com.kms.katalon.constants.messages
Warning: NLS missing message: ActivationDialogV2_LBL_ENTERPRISE_LICENSE in: com.kms.katalon.constants.messages
Warning: NLS missing message: DIALOG_TITLE_FIRST_TIME_USE_SURVEY in: com.kms.katalon.constants.messages
Warning: NLS missing message: BTN_YES_CONTINUE_USE in: com.kms.katalon.constants.messages
Warning: NLS missing message: BTN_NO_QUIT_USING in: com.kms.katalon.constants.messages
Warning: NLS missing message: BTN_SEND in: com.kms.katalon.constants.messages
Warning: NLS missing message: MSG_QUESTION_WILL_CONTINUE_TO_USE in: com.kms.katalon.constants.messages
Warning: NLS missing message: MSG_QUIT_USING_KATALON_REASON in: com.kms.katalon.constants.messages
Warning: NLS missing message: MSG_QUIT_USING_KATALON_REASON_PLACEHOLDER in: com.kms.katalon.constants.messages
Start checking and mark activated for GUI mode
Start getting machine ID on Windows
Start appending additional signatures
hardwareSerialNumber 
osDependentUsername hp
End appending additional signatures 62532fe0-f0e6-4bc7-8c3c-88d703e001eb__hp
End getting machine ID on Windows 3e88d5dd9cc3224adb59187d5ff6c5de
End checking and mark activated for GUI mode
Your current licensed session is valid until: May 05, 2023 16:01
Start check license task
Warning: NLS unused message: LBL_DEFAULT_LOCATOR_SELECTION_AREA in: com.katalon.plugin.smart_xpath.constant.SmartXpathMessages

Thu May 04 16:01:35 IST 2023
Azure: Enterprise license for this feature is requested

Warning: NLS unused message: DIA_LBL_LIST_OF_COL_NAMES in: com.kms.katalon.composer.components.impl.constants.composerComponentsImplMessages
Warning: NLS unused message: DIA_LBL_SELECT_A_COL in: com.kms.katalon.composer.components.impl.constants.composerComponentsImplMessages
Latest plugins responses: []
Katalon version: 8.5.5
Plugin info URL: https://store.katalon.com/api/products/ks?appVersion=8.5.5&appType=KSE&licenseType=FREE

Thu May 04 16:01:53 IST 2023
Azure: Enterprise license for this feature is requested


Thu May 04 16:02:01 IST 2023
Azure: Enterprise license for this feature is requested


Thu May 04 16:02:06 IST 2023
Azure: Enterprise license for this feature is requested


Thu May 04 16:02:11 IST 2023
Azure: Enterprise license for this feature is requested


Thu May 04 16:02:14 IST 2023
Azure: Enterprise license for this feature is requested


Thu May 04 16:02:19 IST 2023
Azure: Enterprise license for this feature is requested


Thu May 04 16:02:22 IST 2023
Azure: Enterprise license for this feature is requested


Thu May 04 16:02:25 IST 2023
Azure: Enterprise license for this feature is requested

Launcher status after execution process completed: Running

Thu May 04 16:05:17 IST 2023
Azure: Enterprise license for this feature is requested


Thu May 04 16:05:17 IST 2023
Azure: Enterprise license for this feature is requested


Thu May 04 16:05:17 IST 2023
Azure: Enterprise license for this feature is requested


Thu May 04 16:05:17 IST 2023
Azure: Enterprise license for this feature is requested


Thu May 04 16:05:17 IST 2023
Azure: Enterprise license for this feature is requested


Thu May 04 16:05:17 IST 2023
Azure: Enterprise license for this feature is requested


Thu May 04 16:05:17 IST 2023
Azure: Enterprise license for this feature is requested


Thu May 04 16:05:17 IST 2023
Azure: Enterprise license for this feature is requested


Thu May 04 16:05:27 IST 2023
Azure: Enterprise license for this feature is requested


Thu May 04 16:05:27 IST 2023
Azure: Enterprise license for this feature is requested


Thu May 04 16:05:27 IST 2023
Azure: Enterprise license for this feature is requested


Thu May 04 16:05:28 IST 2023
Azure: Enterprise license for this feature is requested


Thu May 04 16:05:28 IST 2023
Azure: Enterprise license for this feature is requested


Thu May 04 16:05:28 IST 2023
Azure: Enterprise license for this feature is requested


Thu May 04 16:05:28 IST 2023
Azure: Enterprise license for this feature is requested


Thu May 04 16:05:28 IST 2023
Azure: Enterprise license for this feature is requested


Thu May 04 16:05:30 IST 2023
Azure: Enterprise license for this feature is requested


Thu May 04 16:05:30 IST 2023
Azure: Enterprise license for this feature is requested


Thu May 04 16:05:31 IST 2023
Azure: Enterprise license for this feature is requested


Thu May 04 16:05:31 IST 2023
Azure: Enterprise license for this feature is requested


Thu May 04 16:05:31 IST 2023
Azure: Enterprise license for this feature is requested


Thu May 04 16:05:31 IST 2023
Azure: Enterprise license for this feature is requested


Thu May 04 16:05:31 IST 2023
Azure: Enterprise license for this feature is requested


Thu May 04 16:05:31 IST 2023
Azure: Enterprise license for this feature is requested

Launcher status after execution process completed: Terminated

Thu May 04 16:38:09 IST 2023
Azure: Enterprise license for this feature is requested


Thu May 04 17:00:59 IST 2023
Azure: Enterprise license for this feature is requested


Thu May 04 17:30:59 IST 2023
Azure: Enterprise license for this feature is requested

CodeSelectRequestor: Could not proceed due to null declaring type for org.codehaus.groovy.ast.expr.ConstantExpression@35ff356a[TESTMEMBERSHIP007]
Launcher status after execution process completed: Terminated

Thu May 04 18:04:07 IST 2023
Azure: Enterprise license for this feature is requested

CodeSelectRequestor: Could not proceed due to null declaring type for org.codehaus.groovy.ast.expr.ConstantExpression@1570ae3b[Object Repository/SC001_TC010OR/button_SaveMembership]

Thu May 04 18:35:37 IST 2023
Azure: Enterprise license for this feature is requested

CodeSelectRequestor: Could not proceed due to null declaring type for org.codehaus.groovy.ast.expr.ConstantExpression@f879cbc[Object Repository/SC001_TC010OR/button_Piece_PLUSIcon]
CodeSelectRequestor: Could not proceed due to null declaring type for org.codehaus.groovy.ast.expr.ConstantExpression@2234c338[Object Repository/SC001_TC010OR/input_ProductDiscount]

Thu May 04 18:44:57 IST 2023
Azure: Enterprise license for this feature is requested


Thu May 04 18:44:57 IST 2023
Azure: Enterprise license for this feature is requested


Thu May 04 18:44:57 IST 2023
Azure: Enterprise license for this feature is requested


Thu May 04 18:44:57 IST 2023
Azure: Enterprise license for this feature is requested


Thu May 04 18:44:57 IST 2023
Azure: Enterprise license for this feature is requested


Thu May 04 18:44:57 IST 2023
Azure: Enterprise license for this feature is requested


Thu May 04 18:44:57 IST 2023
Azure: Enterprise license for this feature is requested


Thu May 04 18:44:57 IST 2023
Azure: Enterprise license for this feature is requested


Thu May 04 18:45:02 IST 2023
Azure: Enterprise license for this feature is requested


Thu May 04 18:45:03 IST 2023
Azure: Enterprise license for this feature is requested


Thu May 04 18:45:03 IST 2023
Azure: Enterprise license for this feature is requested


Thu May 04 18:45:03 IST 2023
Azure: Enterprise license for this feature is requested


Thu May 04 18:45:03 IST 2023
Azure: Enterprise license for this feature is requested


Thu May 04 18:45:03 IST 2023
Azure: Enterprise license for this feature is requested


Thu May 04 18:45:03 IST 2023
Azure: Enterprise license for this feature is requested


Thu May 04 18:45:03 IST 2023
Azure: Enterprise license for this feature is requested


Thu May 04 19:00:59 IST 2023
Azure: Enterprise license for this feature is requested


Fri May 05 09:05:41 IST 2023
Azure: Enterprise license for this feature is requested


Fri May 05 09:05:41 IST 2023
Azure: Enterprise license for this feature is requested


Fri May 05 09:05:41 IST 2023
Azure: Enterprise license for this feature is requested


Fri May 05 09:05:42 IST 2023
Azure: Enterprise license for this feature is requested


Fri May 05 09:05:42 IST 2023
Azure: Enterprise license for this feature is requested


Fri May 05 09:05:42 IST 2023
Azure: Enterprise license for this feature is requested


Fri May 05 09:05:42 IST 2023
Azure: Enterprise license for this feature is requested


Fri May 05 09:05:43 IST 2023
Azure: Enterprise license for this feature is requested


Fri May 05 09:05:43 IST 2023
Azure: Enterprise license for this feature is requested


Fri May 05 09:05:43 IST 2023
Azure: Enterprise license for this feature is requested


Fri May 05 09:05:43 IST 2023
Azure: Enterprise license for this feature is requested


Fri May 05 09:05:44 IST 2023
Azure: Enterprise license for this feature is requested


Fri May 05 09:05:44 IST 2023
Azure: Enterprise license for this feature is requested


Fri May 05 09:05:44 IST 2023
Azure: Enterprise license for this feature is requested


Fri May 05 09:05:44 IST 2023
Azure: Enterprise license for this feature is requested


Fri May 05 09:05:44 IST 2023
Azure: Enterprise license for this feature is requested


Fri May 05 09:05:45 IST 2023
Azure: Enterprise license for this feature is requested


Fri May 05 09:05:45 IST 2023
Azure: Enterprise license for this feature is requested


Fri May 05 09:05:45 IST 2023
Azure: Enterprise license for this feature is requested


Fri May 05 09:05:45 IST 2023
Azure: Enterprise license for this feature is requested


Fri May 05 09:05:46 IST 2023
Azure: Enterprise license for this feature is requested


Fri May 05 09:05:46 IST 2023
Azure: Enterprise license for this feature is requested


Fri May 05 09:05:46 IST 2023
Azure: Enterprise license for this feature is requested


Fri May 05 09:05:46 IST 2023
Azure: Enterprise license for this feature is requested


Fri May 05 09:05:47 IST 2023
Azure: Enterprise license for this feature is requested


Fri May 05 09:05:47 IST 2023
Azure: Enterprise license for this feature is requested


Fri May 05 09:05:47 IST 2023
Azure: Enterprise license for this feature is requested


Fri May 05 09:05:47 IST 2023
Azure: Enterprise license for this feature is requested


Fri May 05 09:48:35 IST 2023
Azure: Enterprise license for this feature is requested


Fri May 05 10:00:59 IST 2023
Azure: Enterprise license for this feature is requested


Fri May 05 10:30:59 IST 2023
Azure: Enterprise license for this feature is requested


Fri May 05 11:39:22 IST 2023
Azure: Enterprise license for this feature is requested


Fri May 05 11:39:23 IST 2023
Azure: Enterprise license for this feature is requested


Fri May 05 12:00:59 IST 2023
Azure: Enterprise license for this feature is requested


Fri May 05 12:36:51 IST 2023
Azure: Enterprise license for this feature is requested


Fri May 05 13:00:59 IST 2023
Azure: Enterprise license for this feature is requested


Fri May 05 13:30:59 IST 2023
Azure: Enterprise license for this feature is requested


Fri May 05 14:38:19 IST 2023
Azure: Enterprise license for this feature is requested


Fri May 05 14:38:20 IST 2023
Azure: Enterprise license for this feature is requested


Fri May 05 15:07:20 IST 2023
Azure: Enterprise license for this feature is requested


Fri May 05 15:30:59 IST 2023
Azure: Enterprise license for this feature is requested


Fri May 05 16:01:17 IST 2023
Azure: Enterprise license for this feature is requested

All launchers terminated
Start clean up session
End check license task
End clean up session
Start release license task
License released
End release license task
