Not a valid list position.
Could not find element with Id 'katalon.composer.objectrepository.handledmenuitem.spyweb'
Could not find element with Id 'com.kms.katalon.composer.integration.analytics.handledtoolitem.katalonTestOps'
Could not find element with Id 'com.kms.katalon.composer.mobile.dynamicmenucontribution.ios'
Could not find element with Id 'com.kms.katalon.composer.mobile.dynamicmenucontribution.ios'
Warning: NLS unused message: Key in: com.kms.katalon.composer.project.constants.composerProjectMessages
Warning: NLS unused message: Key in: com.kms.katalon.composer.testcase.constants.composerTestcaseMessages
Warning: NLS missing message: BTN_ADDTESTSUITE in: com.kms.katalon.composer.testcase.constants.composerTestcaseMessages
Warning: NLS unused message: DIA_LBL_SELECT_TEST_DATA in: com.kms.katalon.composer.testsuite.constants.composerTestsuiteMessages
Warning: NLS unused message: HAND_WARN_TS_REQUIRES_PLUGIN_DYNAMIC_EXECUTION_TO_OPEN in: com.kms.katalon.composer.testsuite.constants.composerTestsuiteMessages
Warning: NLS unused message: DIA_INFO_KSE_COMBINE_MULTI_DATASOURCE in: com.kms.katalon.composer.testsuite.constants.composerTestsuiteMessages
Warning: NLS missing message: DIA_SHELL_DATA_ITERATION in: com.kms.katalon.composer.testsuite.constants.composerTestsuiteMessages
Warning: NLS missing message: DIA_LBL_TO_ROW in: com.kms.katalon.composer.testsuite.constants.composerTestsuiteMessages
Warning: NLS missing message: DIA_MSG_START_ROW_BIGGER_THAN_END_ROW in: com.kms.katalon.composer.testsuite.constants.composerTestsuiteMessages
Warning: NLS missing message: EDI_TITLE_TEST_CASE_BROWSER in: com.kms.katalon.composer.testsuite.constants.composerTestsuiteMessages
Warning: NLS missing message: DIA_MSG_CHOOSE_DATA_COLUMN in: com.kms.katalon.composer.testsuite.constants.composerTestsuiteMessages
Warning: NLS missing message: DIA_TABLE_EMPTY_COLUMN in: com.kms.katalon.composer.testsuite.constants.composerTestsuiteMessages
Warning: NLS missing message: DIA_WARN_MSG_EMPTY_COLUMN_NAME in: com.kms.katalon.composer.testsuite.constants.composerTestsuiteMessages
Warning: NLS missing message: PA_LBL_TOOLTIP_RETRY_IMMEDIATELY in: com.kms.katalon.composer.testsuite.constants.composerTestsuiteMessages
Warning: NLS unused message: Key in: com.kms.katalon.composer.objectrepository.constant.composerObjectRepositoryMessages
WebView Server has been started on port 50477
Warning: NLS missing message: PA_URL_SUPPORT_PORTAL in: com.kms.katalon.constants.messages
Warning: NLS missing message: URL_KATALON_SURVEY in: com.kms.katalon.constants.messages
Warning: NLS missing message: OFFLINE_ACTIVATION in: com.kms.katalon.constants.messages
Warning: NLS missing message: ENTERPRISE_TRIAL_LICENSE in: com.kms.katalon.constants.messages
Warning: NLS missing message: ActivationDialogV2_LBL_ENTERPRISE_LICENSE in: com.kms.katalon.constants.messages
Warning: NLS missing message: DIALOG_TITLE_FIRST_TIME_USE_SURVEY in: com.kms.katalon.constants.messages
Warning: NLS missing message: BTN_YES_CONTINUE_USE in: com.kms.katalon.constants.messages
Warning: NLS missing message: BTN_NO_QUIT_USING in: com.kms.katalon.constants.messages
Warning: NLS missing message: BTN_SEND in: com.kms.katalon.constants.messages
Warning: NLS missing message: MSG_QUESTION_WILL_CONTINUE_TO_USE in: com.kms.katalon.constants.messages
Warning: NLS missing message: MSG_QUIT_USING_KATALON_REASON in: com.kms.katalon.constants.messages
Warning: NLS missing message: MSG_QUIT_USING_KATALON_REASON_PLACEHOLDER in: com.kms.katalon.constants.messages
Start checking and mark activated for GUI mode
Start getting machine ID on Windows
Start appending additional signatures
hardwareSerialNumber 
osDependentUsername hp
End appending additional signatures 62532fe0-f0e6-4bc7-8c3c-88d703e001eb__hp
End getting machine ID on Windows 3e88d5dd9cc3224adb59187d5ff6c5de
End checking and mark activated for GUI mode
Your current licensed session is valid until: June 10, 2023 12:17
Start check license task
Warning: NLS unused message: LBL_DEFAULT_LOCATOR_SELECTION_AREA in: com.katalon.plugin.smart_xpath.constant.SmartXpathMessages

Fri Jun 09 12:17:43 IST 2023
Azure: Enterprise license for this feature is requested

Warning: NLS unused message: DIA_LBL_LIST_OF_COL_NAMES in: com.kms.katalon.composer.components.impl.constants.composerComponentsImplMessages
Warning: NLS unused message: DIA_LBL_SELECT_A_COL in: com.kms.katalon.composer.components.impl.constants.composerComponentsImplMessages
Latest plugins responses: []
Katalon version: 8.5.5
Plugin info URL: https://store.katalon.com/api/products/ks?appVersion=8.5.5&appType=KSE&licenseType=FREE

Fri Jun 09 12:17:58 IST 2023
Azure: Enterprise license for this feature is requested


Fri Jun 09 12:18:28 IST 2023
Azure: Enterprise license for this feature is requested

CodeSelectRequestor: Could not proceed due to null declaring type for org.codehaus.groovy.ast.expr.ConstantExpression@23fdc404[Object Repository/SC001_TC001_OR/android.widget.TextView - Receive]

Fri Jun 09 12:47:35 IST 2023
Azure: Enterprise license for this feature is requested


Fri Jun 09 12:53:10 IST 2023
Azure: Enterprise license for this feature is requested


Fri Jun 09 12:53:11 IST 2023
Azure: Enterprise license for this feature is requested


Fri Jun 09 12:53:11 IST 2023
Azure: Enterprise license for this feature is requested

CodeSelectRequestor: Could not proceed due to null declaring type for org.codehaus.groovy.ast.expr.ConstantExpression@4f130fbd[Object Repository/Common_LoginCaseOR/InitialLoginButton]
CodeSelectRequestor: Could not proceed due to null declaring type for org.codehaus.groovy.ast.expr.ConstantExpression@4134ef55[C:/Core/QB3.25.apk]
CodeSelectRequestor: Could not proceed due to null declaring type for org.codehaus.groovy.ast.expr.ConstantExpression@2de2a5c6[Object Repository/Common_LoginCaseOR/LoginPostUserPass]
CodeSelectRequestor: Could not proceed due to null declaring type for org.codehaus.groovy.ast.expr.ConstantExpression@5cc3d5aa[Object Repository/SC001_TC001_OR/TextView - SearchName]
CodeSelectRequestor: Could not proceed due to null declaring type for org.codehaus.groovy.ast.expr.ConstantExpression@5cc3d5aa[Object Repository/SC001_TC001_OR/TextView - SearchName]
CodeSelectRequestor: Could not proceed due to null declaring type for org.codehaus.groovy.ast.expr.ConstantExpression@5cc3d5aa[Object Repository/SC001_TC001_OR/TextView - SearchName]
CodeSelectRequestor: Could not proceed due to null declaring type for org.codehaus.groovy.ast.expr.ConstantExpression@5cc3d5aa[Object Repository/SC001_TC001_OR/TextView - SearchName]
CodeSelectRequestor: Could not proceed due to null declaring type for org.codehaus.groovy.ast.expr.ConstantExpression@194e8736[]
CodeSelectRequestor: Could not proceed due to null declaring type for org.codehaus.groovy.ast.expr.ConstantExpression@44053673[Object Repository/Common_LoginCaseOR/EnterUsername]
CodeSelectRequestor: Could not proceed due to null declaring type for org.codehaus.groovy.ast.expr.ConstantExpression@44053673[Object Repository/Common_LoginCaseOR/EnterUsername]
CodeSelectRequestor: Could not proceed due to null declaring type for org.codehaus.groovy.ast.expr.ConstantExpression@68b779f5[Object Repository/Common_LoginCaseOR/EnterPassword]
CodeSelectRequestor: Could not proceed due to null declaring type for org.codehaus.groovy.ast.expr.ConstantExpression@194e8736[]
CodeSelectRequestor: Could not proceed due to null declaring type for org.codehaus.groovy.ast.expr.ConstantExpression@73e6ba44[Object Repository/Common_LoginCaseOR/EnterUsername]
CodeSelectRequestor: Could not proceed due to null declaring type for org.codehaus.groovy.ast.expr.ConstantExpression@73e6ba44[Object Repository/Common_LoginCaseOR/EnterUsername]
CodeSelectRequestor: Could not proceed due to null declaring type for org.codehaus.groovy.ast.expr.ConstantExpression@6d82b8c3[CUSTOMERNAME]
CodeSelectRequestor: Could not proceed due to null declaring type for org.codehaus.groovy.ast.expr.ConstantExpression@6d82b8c3[CUSTOMERNAME]
CodeSelectRequestor: Could not proceed due to null declaring type for org.codehaus.groovy.ast.expr.ConstantExpression@6d82b8c3[CUSTOMERNAME]
CodeSelectRequestor: Could not proceed due to null declaring type for org.codehaus.groovy.ast.expr.ConstantExpression@c156412[]
CodeSelectRequestor: Could not proceed due to null declaring type for org.codehaus.groovy.ast.expr.ConstantExpression@6732929f[USER]
CodeSelectRequestor: Could not proceed due to null declaring type for org.codehaus.groovy.ast.expr.ConstantExpression@3ce95276[Object Repository/Common_LoginCaseOR/EnterUsername]
CodeSelectRequestor: Could not proceed due to null declaring type for org.codehaus.groovy.ast.expr.ConstantExpression@279b4242[]
CodeSelectRequestor: Could not proceed due to null declaring type for org.codehaus.groovy.ast.expr.ConstantExpression@91a87f1[Object Repository/Common_LoginCaseOR/EnterPassword]
CodeSelectRequestor: Could not proceed due to null declaring type for org.codehaus.groovy.ast.expr.ConstantExpression@279b4242[]
CodeSelectRequestor: Could not proceed due to null declaring type for org.codehaus.groovy.ast.expr.ConstantExpression@29be43d5[Object Repository/Common_LoginCaseOR/EnterPassword]
CodeSelectRequestor: Could not proceed due to null declaring type for org.codehaus.groovy.ast.expr.ConstantExpression@267bf2de[USER]
CodeSelectRequestor: Could not proceed due to null declaring type for org.codehaus.groovy.ast.expr.ConstantExpression@22659268[]
CodeSelectRequestor: Could not proceed due to null declaring type for org.codehaus.groovy.ast.expr.ConstantExpression@4ffedfe0[PASS]
CodeSelectRequestor: Could not proceed due to null declaring type for org.codehaus.groovy.ast.expr.ArgumentListExpression@3e49a548[org.codehaus.groovy.ast.expr.ConstantExpression@419c96d7[USER]]
CodeSelectRequestor: Could not proceed due to null declaring type for org.codehaus.groovy.ast.expr.ArgumentListExpression@215b95ab[org.codehaus.groovy.ast.expr.ConstantExpression@416b49c4[USER]]
CodeSelectRequestor: Could not proceed due to null declaring type for org.codehaus.groovy.ast.expr.ConstantExpression@76251a1c[Object Repository/Common_LoginCaseOR/LoginPostUserPass]
CodeSelectRequestor: Could not proceed due to null declaring type for org.codehaus.groovy.ast.expr.ConstantExpression@313bbabf[Object Repository/Common_LoginCaseOR/EnterPassword]
Warning: NLS unused message: PREF_WARN_KSE_SQL_SERVER in: com.kms.katalon.composer.testdata.constants.composerTestdataMessages
Warning: NLS unused message: PREF_WARN_KSE_ORACLE_SQL in: com.kms.katalon.composer.testdata.constants.composerTestdataMessages

Fri Jun 09 13:03:12 IST 2023
Azure: Enterprise license for this feature is requested


Fri Jun 09 13:03:12 IST 2023
Azure: Enterprise license for this feature is requested

Warning: NLS unused message: DIA_TITLE_INSTALL_INSTRUCTIONS in: com.kms.katalon.composer.mobile.constants.composerMobileMessages
Launcher status after execution process completed: Running
CodeSelectRequestor: Could not proceed due to null declaring type for org.codehaus.groovy.ast.expr.ConstantExpression@739e3cea[Object Repository/SC001_TC001_OR/TextView - Cash]
CodeSelectRequestor: Could not proceed due to null declaring type for org.codehaus.groovy.ast.expr.ConstantExpression@2a49f7f6[Object Repository/SC001_TC001_OR/Amount-EditText-30000]

Fri Jun 09 13:12:48 IST 2023
Azure: Enterprise license for this feature is requested


Fri Jun 09 13:12:48 IST 2023
Azure: Enterprise license for this feature is requested


Fri Jun 09 13:12:52 IST 2023
Azure: Enterprise license for this feature is requested


Fri Jun 09 13:12:52 IST 2023
Azure: Enterprise license for this feature is requested


Fri Jun 09 13:13:01 IST 2023
Azure: Enterprise license for this feature is requested


Fri Jun 09 13:13:01 IST 2023
Azure: Enterprise license for this feature is requested

CodeSelectRequestor: Could not proceed due to null declaring type for org.codehaus.groovy.ast.expr.ConstantExpression@9d6d685[Object Repository/SC001_TC001_OR/TextView - Add Balance]
CodeSelectRequestor: Could not proceed due to null declaring type for org.codehaus.groovy.ast.expr.ConstantExpression@3232ddab[Object Repository/Common_LoginCaseOR/LoginPostUserPass]

Fri Jun 09 13:17:35 IST 2023
Azure: Enterprise license for this feature is requested

CodeSelectRequestor: Could not proceed due to null declaring type for org.codehaus.groovy.ast.expr.ConstantExpression@61dc17fa[Object Repository/Common_LoginCaseOR/EnterUsername]
Launcher status after execution process completed: Running
CodeSelectRequestor: Could not proceed due to null declaring type for org.codehaus.groovy.ast.expr.ConstantExpression@69054520[Object Repository/Common_LoginCaseOR/EnterPassword]
CodeSelectRequestor: Could not proceed due to null declaring type for org.codehaus.groovy.ast.expr.ConstantExpression@134ce905[Object Repository/Common_LoginCaseOR/EnterPassword]
Launcher status after execution process completed: Terminated

Fri Jun 09 13:47:35 IST 2023
Azure: Enterprise license for this feature is requested


Fri Jun 09 14:55:47 IST 2023
Azure: Enterprise license for this feature is requested


Fri Jun 09 14:55:47 IST 2023
Azure: Enterprise license for this feature is requested

CodeSelectRequestor: Could not proceed due to null declaring type for org.codehaus.groovy.ast.expr.ArgumentListExpression@51642c68[org.codehaus.groovy.ast.expr.StaticMethodCallExpression@5fa3d834[com.kms.katalon.core.testobject.ObjectRepository#findTestObject arguments: org.codehaus.groovy.ast.expr.ArgumentListExpression@5b9c4718[org.codehaus.groovy.ast.expr.ConstantExpression@1e9ed20f[Object Repository/SC001_TC001_OR/android.widget.TextView - Receive]]], org.codehaus.groovy.ast.expr.ConstantExpression@6ee9aad8[10]]

Fri Jun 09 14:59:36 IST 2023
Azure: Enterprise license for this feature is requested


Fri Jun 09 14:59:36 IST 2023
Azure: Enterprise license for this feature is requested


Fri Jun 09 14:59:36 IST 2023
Azure: Enterprise license for this feature is requested

Launcher status after execution process completed: Running
CodeSelectRequestor: Could not proceed due to null declaring type for org.codehaus.groovy.ast.expr.ConstantExpression@23b078b1[Object Repository/Common_LoginCaseOR/LoginPostUserPass]

Fri Jun 09 15:05:45 IST 2023
Azure: Enterprise license for this feature is requested


Fri Jun 09 15:05:46 IST 2023
Azure: Enterprise license for this feature is requested


Fri Jun 09 15:05:46 IST 2023
Azure: Enterprise license for this feature is requested


Fri Jun 09 15:05:46 IST 2023
Azure: Enterprise license for this feature is requested

CodeSelectRequestor: Could not proceed due to null declaring type for org.codehaus.groovy.ast.expr.ConstantExpression@4efd1a7f[Object Repository/SC001_TC001_OR/TextViewAll Customers]
CodeSelectRequestor: Could not proceed due to null declaring type for org.codehaus.groovy.ast.expr.ConstantExpression@25ab7b4c[Object Repository/SC001_TC001_OR/TextView - SearchName]
CodeSelectRequestor: Could not proceed due to null declaring type for org.codehaus.groovy.ast.expr.ConstantExpression@4ef8c280[Object Repository/Common_LoginCaseOR/EnterPassword]
CodeSelectRequestor: Could not proceed due to null declaring type for org.codehaus.groovy.ast.expr.ConstantExpression@162b5b4f[013606]

Fri Jun 09 15:08:38 IST 2023
Azure: Enterprise license for this feature is requested


Fri Jun 09 15:08:38 IST 2023
Azure: Enterprise license for this feature is requested


Fri Jun 09 15:08:38 IST 2023
Azure: Enterprise license for this feature is requested


Fri Jun 09 15:08:38 IST 2023
Azure: Enterprise license for this feature is requested

CodeSelectRequestor: Could not proceed due to null declaring type for org.codehaus.groovy.ast.expr.ConstantExpression@19515735[Test Cases/Common_LoginCase]
CodeSelectRequestor: Could not proceed due to null declaring type for org.codehaus.groovy.ast.expr.ArgumentListExpression@2b51680f[org.codehaus.groovy.ast.expr.StaticMethodCallExpression@6b012e33[com.kms.katalon.core.testcase.TestCaseFactory#findTestCase arguments: org.codehaus.groovy.ast.expr.ArgumentListExpression@b8b949c[org.codehaus.groovy.ast.expr.ConstantExpression@329559a9[Test Cases/Common_LoginCase]]], org.codehaus.groovy.ast.expr.ConstantExpression@12a45ee4[null], org.codehaus.groovy.ast.expr.PropertyExpression@70369a35[object: org.codehaus.groovy.ast.expr.ClassExpression@27cedfdb[type: com.kms.katalon.core.model.FailureHandling] property: org.codehaus.groovy.ast.expr.ConstantExpression@3f0e929a[STOP_ON_FAILURE]]]

Fri Jun 09 15:10:21 IST 2023
Azure: Enterprise license for this feature is requested


Fri Jun 09 15:10:21 IST 2023
Azure: Enterprise license for this feature is requested


Fri Jun 09 15:10:21 IST 2023
Azure: Enterprise license for this feature is requested


Fri Jun 09 15:10:23 IST 2023
Azure: Enterprise license for this feature is requested


Fri Jun 09 15:10:23 IST 2023
Azure: Enterprise license for this feature is requested


Fri Jun 09 15:10:23 IST 2023
Azure: Enterprise license for this feature is requested


Fri Jun 09 15:10:50 IST 2023
Azure: Enterprise license for this feature is requested

Launcher status after execution process completed: Terminated
Launcher status after execution process completed: Running
Launcher status after execution process completed: Running
CodeSelectRequestor: Could not proceed due to null declaring type for org.codehaus.groovy.ast.expr.ConstantExpression@4bad81a4[Object Repository/SC001_TC001_OR/TextView - Add Balance]
CodeSelectRequestor: Could not proceed due to null declaring type for org.codehaus.groovy.ast.expr.ConstantExpression@165827f0[J]

Fri Jun 09 15:17:35 IST 2023
Azure: Enterprise license for this feature is requested

Launcher status after execution process completed: Terminated
CodeSelectRequestor: Could not proceed due to null declaring type for org.codehaus.groovy.ast.expr.ConstantExpression@7a98ed0c[Object Repository/SC001_TC001_OR/TextView-8178331074]
CodeSelectRequestor: Could not proceed due to null declaring type for org.codehaus.groovy.ast.expr.ConstantExpression@4f95ae28[J]
CodeSelectRequestor: Could not proceed due to null declaring type for org.codehaus.groovy.ast.expr.PropertyExpression@47f09070[object: org.codehaus.groovy.ast.expr.ClassExpression@fbf6cbe[type: com.kms.katalon.core.mobile.keyword.MobileBuiltInKeywords] property: org.codehaus.groovy.ast.expr.ConstantExpression@4edf6b7c[Mobile]]
CodeSelectRequestor: Could not proceed due to null declaring type for org.codehaus.groovy.ast.expr.PropertyExpression@47f09070[object: org.codehaus.groovy.ast.expr.ClassExpression@fbf6cbe[type: com.kms.katalon.core.mobile.keyword.MobileBuiltInKeywords] property: org.codehaus.groovy.ast.expr.ConstantExpression@4edf6b7c[Mobile]]
CodeSelectRequestor: Could not proceed due to null declaring type for org.codehaus.groovy.ast.expr.PropertyExpression@12cd0860[object: org.codehaus.groovy.ast.expr.ClassExpression@4e059fec[type: com.kms.katalon.core.mobile.keyword.MobileBuiltInKeywords] property: org.codehaus.groovy.ast.expr.ConstantExpression@d182458[Mobile]]
CodeSelectRequestor: Could not proceed due to null declaring type for org.codehaus.groovy.ast.expr.ConstantExpression@71703d42[J]
CodeSelectRequestor: Could not proceed due to null declaring type for org.codehaus.groovy.ast.expr.ConstantExpression@71703d42[J]
CodeSelectRequestor: Could not proceed due to null declaring type for org.codehaus.groovy.ast.expr.ArgumentListExpression@27c0e183[org.codehaus.groovy.ast.expr.StaticMethodCallExpression@3f643490[com.kms.katalon.core.testobject.ObjectRepository#findTestObject arguments: org.codehaus.groovy.ast.expr.ArgumentListExpression@3fa8829f[org.codehaus.groovy.ast.expr.ConstantExpression@5c9bed4[Object Repository/SC001_TC001_OR/TextView - SearchName]]], org.codehaus.groovy.ast.expr.ConstantExpression@25a58b17[10]]
Launcher status after execution process completed: Running
CodeSelectRequestor: Could not proceed due to null declaring type for org.codehaus.groovy.ast.expr.ConstantExpression@3c50edf7[Object Repository/SC001_TC001_OR/TextView - Cash]
CodeSelectRequestor: Could not proceed due to null declaring type for org.codehaus.groovy.ast.expr.ConstantExpression@45c780[Object Repository/SC001_TC001_OR/TextView - Add Balance]
CodeSelectRequestor: Could not proceed due to null declaring type for org.codehaus.groovy.ast.expr.ConstantExpression@321b4d0d[7717747947]

Fri Jun 09 15:33:03 IST 2023
Azure: Enterprise license for this feature is requested


Fri Jun 09 15:33:03 IST 2023
Azure: Enterprise license for this feature is requested


Fri Jun 09 15:33:03 IST 2023
Azure: Enterprise license for this feature is requested


Fri Jun 09 15:33:03 IST 2023
Azure: Enterprise license for this feature is requested

Launcher status after execution process completed: Terminated
CodeSelectRequestor: Could not proceed due to null declaring type for org.codehaus.groovy.ast.expr.ConstantExpression@5cad58f1[Object Repository/SC001_TC001_OR/TextViewAll Customers]
CodeSelectRequestor: Could not proceed due to null declaring type for org.codehaus.groovy.ast.expr.ConstantExpression@5cad58f1[Object Repository/SC001_TC001_OR/TextViewAll Customers]

Fri Jun 09 15:47:35 IST 2023
Azure: Enterprise license for this feature is requested

Launcher status after execution process completed: Terminated
Launcher status after execution process completed: Terminated
CodeSelectRequestor: Could not proceed due to null declaring type for org.codehaus.groovy.ast.expr.PropertyExpression@5ff96bdd[object: org.codehaus.groovy.ast.expr.ClassExpression@3a79ceb7[type: com.kms.katalon.core.mobile.keyword.MobileBuiltInKeywords] property: org.codehaus.groovy.ast.expr.ConstantExpression@733b3e0d[Mobile]]
CodeSelectRequestor: Could not proceed due to null declaring type for org.codehaus.groovy.ast.expr.ConstantExpression@139fe988[7717747947]
CodeSelectRequestor: Could not proceed due to null declaring type for org.codehaus.groovy.ast.expr.ConstantExpression@25f0e0cd[Object Repository/SC001_TC001_OR/TextView - Add Balance]
CodeSelectRequestor: Could not proceed due to null declaring type for org.codehaus.groovy.ast.expr.ConstantExpression@307565f2[Object Repository/SC001_TC001_OR/TextView-8178331074]
CodeSelectRequestor: Could not proceed due to null declaring type for org.codehaus.groovy.ast.expr.ConstantExpression@25f0e0cd[Object Repository/SC001_TC001_OR/TextView - Add Balance]
CodeSelectRequestor: Could not proceed due to null declaring type for org.codehaus.groovy.ast.expr.ConstantExpression@25f0e0cd[Object Repository/SC001_TC001_OR/TextView - Add Balance]
Jun 09, 2023 3:59:38 PM io.appium.java_client.remote.AppiumCommandExecutor$1 lambda$0
INFO: Detected dialect: W3C
CodeSelectRequestor: Could not proceed due to null declaring type for org.codehaus.groovy.ast.expr.ConstantExpression@67813d4e[8178331074]
CodeSelectRequestor: Could not proceed due to null declaring type for org.codehaus.groovy.ast.expr.ConstantExpression@709c3587[Object Repository/SC001_TC001_OR/TextView - SearchName]
Jun 09, 2023 4:03:41 PM io.appium.java_client.remote.AppiumCommandExecutor$1 lambda$0
INFO: Detected dialect: W3C
Jun 09, 2023 4:04:36 PM io.appium.java_client.remote.AppiumCommandExecutor$1 lambda$0
INFO: Detected dialect: W3C
CodeSelectRequestor: Could not proceed due to null declaring type for org.codehaus.groovy.ast.expr.ConstantExpression@17edf235[Object Repository/SC001_TC001_OR/TextView - Add Balance]
CodeSelectRequestor: Could not proceed due to null declaring type for org.codehaus.groovy.ast.expr.ConstantExpression@6f8efbda[Object Repository/SC001_TC001_OR/TextView-8178331074]
CodeSelectRequestor: Could not proceed due to null declaring type for org.codehaus.groovy.ast.expr.PropertyExpression@783164bb[object: org.codehaus.groovy.ast.expr.ClassExpression@58b18666[type: com.kms.katalon.core.mobile.keyword.MobileBuiltInKeywords] property: org.codehaus.groovy.ast.expr.ConstantExpression@1d4ee12d[Mobile]]

Fri Jun 09 16:11:32 IST 2023
Azure: Enterprise license for this feature is requested


Fri Jun 09 16:11:32 IST 2023
Azure: Enterprise license for this feature is requested


Fri Jun 09 16:11:32 IST 2023
Azure: Enterprise license for this feature is requested


Fri Jun 09 16:11:32 IST 2023
Azure: Enterprise license for this feature is requested

Jun 09, 2023 4:12:12 PM io.appium.java_client.remote.AppiumCommandExecutor$1 lambda$0
INFO: Detected dialect: W3C
Jun 09, 2023 4:14:37 PM io.appium.java_client.remote.AppiumCommandExecutor$1 lambda$0
INFO: Detected dialect: W3C

Fri Jun 09 16:17:35 IST 2023
Azure: Enterprise license for this feature is requested

Jun 09, 2023 4:19:01 PM io.appium.java_client.remote.AppiumCommandExecutor$1 lambda$0
INFO: Detected dialect: W3C
Jun 09, 2023 4:21:45 PM io.appium.java_client.remote.AppiumCommandExecutor$1 lambda$0
INFO: Detected dialect: W3C
Jun 09, 2023 4:22:46 PM io.appium.java_client.remote.AppiumCommandExecutor$1 lambda$0
INFO: Detected dialect: W3C
Jun 09, 2023 4:23:50 PM io.appium.java_client.remote.AppiumCommandExecutor$1 lambda$0
INFO: Detected dialect: W3C
Jun 09, 2023 4:26:47 PM io.appium.java_client.remote.AppiumCommandExecutor$1 lambda$0
INFO: Detected dialect: W3C

Fri Jun 09 17:00:36 IST 2023
Azure: Enterprise license for this feature is requested


Fri Jun 09 17:17:35 IST 2023
Azure: Enterprise license for this feature is requested


Fri Jun 09 17:47:35 IST 2023
Azure: Enterprise license for this feature is requested


Fri Jun 09 18:25:32 IST 2023
Azure: Enterprise license for this feature is requested


Fri Jun 09 18:47:35 IST 2023
Azure: Enterprise license for this feature is requested


Fri Jun 09 19:17:35 IST 2023
Azure: Enterprise license for this feature is requested


Sat Jun 10 11:21:50 IST 2023
Azure: Enterprise license for this feature is requested


Sat Jun 10 11:21:50 IST 2023
Azure: Enterprise license for this feature is requested


Sat Jun 10 11:21:50 IST 2023
Azure: Enterprise license for this feature is requested


Sat Jun 10 11:21:50 IST 2023
Azure: Enterprise license for this feature is requested


Sat Jun 10 11:21:50 IST 2023
Azure: Enterprise license for this feature is requested


Sat Jun 10 11:21:51 IST 2023
Azure: Enterprise license for this feature is requested


Sat Jun 10 11:21:51 IST 2023
Azure: Enterprise license for this feature is requested


Sat Jun 10 11:21:51 IST 2023
Azure: Enterprise license for this feature is requested


Sat Jun 10 11:21:51 IST 2023
Azure: Enterprise license for this feature is requested


Sat Jun 10 11:21:51 IST 2023
Azure: Enterprise license for this feature is requested


Sat Jun 10 11:21:51 IST 2023
Azure: Enterprise license for this feature is requested


Sat Jun 10 11:21:51 IST 2023
Azure: Enterprise license for this feature is requested


Sat Jun 10 11:21:51 IST 2023
Azure: Enterprise license for this feature is requested


Sat Jun 10 11:21:51 IST 2023
Azure: Enterprise license for this feature is requested


Sat Jun 10 11:21:51 IST 2023
Azure: Enterprise license for this feature is requested


Sat Jun 10 11:21:52 IST 2023
Azure: Enterprise license for this feature is requested


Sat Jun 10 11:21:52 IST 2023
Azure: Enterprise license for this feature is requested


Sat Jun 10 11:21:52 IST 2023
Azure: Enterprise license for this feature is requested


Sat Jun 10 11:21:52 IST 2023
Azure: Enterprise license for this feature is requested


Sat Jun 10 11:21:52 IST 2023
Azure: Enterprise license for this feature is requested


Sat Jun 10 11:21:52 IST 2023
Azure: Enterprise license for this feature is requested


Sat Jun 10 11:21:52 IST 2023
Azure: Enterprise license for this feature is requested


Sat Jun 10 11:21:52 IST 2023
Azure: Enterprise license for this feature is requested


Sat Jun 10 11:21:52 IST 2023
Azure: Enterprise license for this feature is requested


Sat Jun 10 11:21:52 IST 2023
Azure: Enterprise license for this feature is requested


Sat Jun 10 11:21:53 IST 2023
Azure: Enterprise license for this feature is requested


Sat Jun 10 11:21:53 IST 2023
Azure: Enterprise license for this feature is requested


Sat Jun 10 11:21:53 IST 2023
Azure: Enterprise license for this feature is requested


Sat Jun 10 11:21:53 IST 2023
Azure: Enterprise license for this feature is requested


Sat Jun 10 11:21:53 IST 2023
Azure: Enterprise license for this feature is requested


Sat Jun 10 11:21:53 IST 2023
Azure: Enterprise license for this feature is requested


Sat Jun 10 11:21:53 IST 2023
Azure: Enterprise license for this feature is requested


Sat Jun 10 11:47:36 IST 2023
Azure: Enterprise license for this feature is requested


Sat Jun 10 12:19:58 IST 2023
Azure: Enterprise license for this feature is requested


Sat Jun 10 12:47:36 IST 2023
Azure: Enterprise license for this feature is requested


Sat Jun 10 14:15:41 IST 2023
Azure: Enterprise license for this feature is requested


Sat Jun 10 14:15:41 IST 2023
Azure: Enterprise license for this feature is requested


Sat Jun 10 14:17:36 IST 2023
Azure: Enterprise license for this feature is requested


Sat Jun 10 14:47:36 IST 2023
Azure: Enterprise license for this feature is requested


Sat Jun 10 15:31:11 IST 2023
Azure: Enterprise license for this feature is requested


Sat Jun 10 15:47:36 IST 2023
Azure: Enterprise license for this feature is requested


Sat Jun 10 16:54:29 IST 2023
Azure: Enterprise license for this feature is requested


Sat Jun 10 16:54:29 IST 2023
Azure: Enterprise license for this feature is requested


Sat Jun 10 17:17:36 IST 2023
Azure: Enterprise license for this feature is requested

Expired License.
Expired License.

Mon Jun 12 08:17:51 IST 2023
com.kms.katalon.integration.analytics.exceptions.AnalyticsApiExeception: java.net.UnknownHostException: admin.katalon.com
	at com.kms.katalon.integration.analytics.exceptions.AnalyticsApiExeception.wrap(AnalyticsApiExeception.java:23)
	at com.kms.katalon.integration.analytics.providers.AnalyticsApiProvider.requestToken(AnalyticsApiProvider.java:158)
	at com.kms.katalon.integration.analytics.providers.TestOpsFeatureActivatorImpl.connect(TestOpsFeatureActivatorImpl.java:45)
	at com.kms.katalon.application.utils.ActivationInfoCollector.getLicenseFromTestOps(ActivationInfoCollector.java:588)
	at com.kms.katalon.application.utils.ActivationInfoCollector.activate(ActivationInfoCollector.java:453)
	at com.kms.katalon.application.utils.ActivationInfoCollector.checkAndMarkActivatedForGUIMode(ActivationInfoCollector.java:148)
	at com.kms.katalon.core.application.ApplicationStaupHandler.lambda$2(ApplicationStaupHandler.java:93)
	at com.kms.katalon.application.utils.ActivationInfoCollector.lambda$1(ActivationInfoCollector.java:966)
	at java.util.concurrent.Executors$RunnableAdapter.call(Executors.java:511)
	at java.util.concurrent.FutureTask.runAndReset(FutureTask.java:308)
	at java.util.concurrent.ScheduledThreadPoolExecutor$ScheduledFutureTask.access$301(ScheduledThreadPoolExecutor.java:180)
	at java.util.concurrent.ScheduledThreadPoolExecutor$ScheduledFutureTask.run(ScheduledThreadPoolExecutor.java:294)
	at java.util.concurrent.ThreadPoolExecutor.runWorker(ThreadPoolExecutor.java:1149)
	at java.util.concurrent.ThreadPoolExecutor$Worker.run(ThreadPoolExecutor.java:624)
	at java.lang.Thread.run(Thread.java:748)
Caused by: java.net.UnknownHostException: admin.katalon.com
	at java.net.Inet6AddressImpl.lookupAllHostAddr(Native Method)
	at java.net.InetAddress$2.lookupAllHostAddr(InetAddress.java:929)
	at java.net.InetAddress.getAddressesFromNameService(InetAddress.java:1324)
	at java.net.InetAddress.getAllByName0(InetAddress.java:1277)
	at java.net.InetAddress.getAllByName(InetAddress.java:1193)
	at java.net.InetAddress.getAllByName(InetAddress.java:1127)
	at org.apache.http.impl.conn.SystemDefaultDnsResolver.resolve(SystemDefaultDnsResolver.java:45)
	at org.apache.http.impl.conn.DefaultHttpClientConnectionOperator.connect(DefaultHttpClientConnectionOperator.java:111)
	at org.apache.http.impl.conn.PoolingHttpClientConnectionManager.connect(PoolingHttpClientConnectionManager.java:353)
	at org.apache.http.impl.execchain.MainClientExec.establishRoute(MainClientExec.java:380)
	at org.apache.http.impl.execchain.MainClientExec.execute(MainClientExec.java:236)
	at org.apache.http.impl.execchain.ProtocolExec.execute(ProtocolExec.java:184)
	at org.apache.http.impl.execchain.RetryExec.execute(RetryExec.java:88)
	at org.apache.http.impl.execchain.RedirectExec.execute(RedirectExec.java:110)
	at org.apache.http.impl.client.InternalHttpClient.doExecute(InternalHttpClient.java:184)
	at org.apache.http.impl.client.CloseableHttpClient.execute(CloseableHttpClient.java:82)
	at org.apache.http.impl.client.CloseableHttpClient.execute(CloseableHttpClient.java:107)
	at org.apache.http.impl.client.CloseableHttpClient.execute(CloseableHttpClient.java:55)
	at com.kms.katalon.integration.analytics.providers.AnalyticsApiProvider.executeRequest(AnalyticsApiProvider.java:681)
	at com.kms.katalon.integration.analytics.providers.AnalyticsApiProvider.executeRequest(AnalyticsApiProvider.java:716)
	at com.kms.katalon.integration.analytics.providers.AnalyticsApiProvider.requestToken(AnalyticsApiProvider.java:156)
	... 13 more



Mon Jun 12 08:17:51 IST 2023
Activation collection is failed
com.kms.katalon.integration.analytics.exceptions.AnalyticsApiExeception: java.net.UnknownHostException: admin.katalon.com
	at com.kms.katalon.integration.analytics.exceptions.AnalyticsApiExeception.wrap(AnalyticsApiExeception.java:23)
	at com.kms.katalon.integration.analytics.providers.AnalyticsApiProvider.requestToken(AnalyticsApiProvider.java:158)
	at com.kms.katalon.integration.analytics.providers.TestOpsFeatureActivatorImpl.connect(TestOpsFeatureActivatorImpl.java:45)
	at com.kms.katalon.application.utils.ActivationInfoCollector.getLicenseFromTestOps(ActivationInfoCollector.java:588)
	at com.kms.katalon.application.utils.ActivationInfoCollector.activate(ActivationInfoCollector.java:453)
	at com.kms.katalon.application.utils.ActivationInfoCollector.checkAndMarkActivatedForGUIMode(ActivationInfoCollector.java:148)
	at com.kms.katalon.core.application.ApplicationStaupHandler.lambda$2(ApplicationStaupHandler.java:93)
	at com.kms.katalon.application.utils.ActivationInfoCollector.lambda$1(ActivationInfoCollector.java:966)
	at java.util.concurrent.Executors$RunnableAdapter.call(Executors.java:511)
	at java.util.concurrent.FutureTask.runAndReset(FutureTask.java:308)
	at java.util.concurrent.ScheduledThreadPoolExecutor$ScheduledFutureTask.access$301(ScheduledThreadPoolExecutor.java:180)
	at java.util.concurrent.ScheduledThreadPoolExecutor$ScheduledFutureTask.run(ScheduledThreadPoolExecutor.java:294)
	at java.util.concurrent.ThreadPoolExecutor.runWorker(ThreadPoolExecutor.java:1149)
	at java.util.concurrent.ThreadPoolExecutor$Worker.run(ThreadPoolExecutor.java:624)
	at java.lang.Thread.run(Thread.java:748)
Caused by: java.net.UnknownHostException: admin.katalon.com
	at java.net.Inet6AddressImpl.lookupAllHostAddr(Native Method)
	at java.net.InetAddress$2.lookupAllHostAddr(InetAddress.java:929)
	at java.net.InetAddress.getAddressesFromNameService(InetAddress.java:1324)
	at java.net.InetAddress.getAllByName0(InetAddress.java:1277)
	at java.net.InetAddress.getAllByName(InetAddress.java:1193)
	at java.net.InetAddress.getAllByName(InetAddress.java:1127)
	at org.apache.http.impl.conn.SystemDefaultDnsResolver.resolve(SystemDefaultDnsResolver.java:45)
	at org.apache.http.impl.conn.DefaultHttpClientConnectionOperator.connect(DefaultHttpClientConnectionOperator.java:111)
	at org.apache.http.impl.conn.PoolingHttpClientConnectionManager.connect(PoolingHttpClientConnectionManager.java:353)
	at org.apache.http.impl.execchain.MainClientExec.establishRoute(MainClientExec.java:380)
	at org.apache.http.impl.execchain.MainClientExec.execute(MainClientExec.java:236)
	at org.apache.http.impl.execchain.ProtocolExec.execute(ProtocolExec.java:184)
	at org.apache.http.impl.execchain.RetryExec.execute(RetryExec.java:88)
	at org.apache.http.impl.execchain.RedirectExec.execute(RedirectExec.java:110)
	at org.apache.http.impl.client.InternalHttpClient.doExecute(InternalHttpClient.java:184)
	at org.apache.http.impl.client.CloseableHttpClient.execute(CloseableHttpClient.java:82)
	at org.apache.http.impl.client.CloseableHttpClient.execute(CloseableHttpClient.java:107)
	at org.apache.http.impl.client.CloseableHttpClient.execute(CloseableHttpClient.java:55)
	at com.kms.katalon.integration.analytics.providers.AnalyticsApiProvider.executeRequest(AnalyticsApiProvider.java:681)
	at com.kms.katalon.integration.analytics.providers.AnalyticsApiProvider.executeRequest(AnalyticsApiProvider.java:716)
	at com.kms.katalon.integration.analytics.providers.AnalyticsApiProvider.requestToken(AnalyticsApiProvider.java:156)
	... 13 more



Tue Jun 13 10:24:47 IST 2023
Azure: Enterprise license for this feature is requested


Tue Jun 13 10:24:47 IST 2023
Azure: Enterprise license for this feature is requested


Tue Jun 13 10:24:47 IST 2023
Azure: Enterprise license for this feature is requested


Tue Jun 13 10:24:47 IST 2023
Azure: Enterprise license for this feature is requested


Tue Jun 13 10:24:48 IST 2023
Azure: Enterprise license for this feature is requested


Tue Jun 13 10:24:48 IST 2023
Azure: Enterprise license for this feature is requested


Tue Jun 13 10:24:48 IST 2023
Azure: Enterprise license for this feature is requested


Tue Jun 13 10:24:48 IST 2023
Azure: Enterprise license for this feature is requested


Tue Jun 13 10:24:48 IST 2023
Azure: Enterprise license for this feature is requested


Tue Jun 13 10:24:48 IST 2023
Azure: Enterprise license for this feature is requested


Tue Jun 13 10:24:48 IST 2023
Azure: Enterprise license for this feature is requested


Tue Jun 13 10:24:48 IST 2023
Azure: Enterprise license for this feature is requested


Tue Jun 13 10:24:48 IST 2023
Azure: Enterprise license for this feature is requested


Tue Jun 13 10:24:48 IST 2023
Azure: Enterprise license for this feature is requested


Tue Jun 13 10:24:48 IST 2023
Azure: Enterprise license for this feature is requested


Tue Jun 13 10:24:49 IST 2023
Azure: Enterprise license for this feature is requested


Tue Jun 13 10:24:49 IST 2023
Azure: Enterprise license for this feature is requested


Tue Jun 13 10:24:49 IST 2023
Azure: Enterprise license for this feature is requested


Tue Jun 13 10:24:49 IST 2023
Azure: Enterprise license for this feature is requested


Tue Jun 13 10:24:49 IST 2023
Azure: Enterprise license for this feature is requested


Tue Jun 13 10:24:49 IST 2023
Azure: Enterprise license for this feature is requested


Tue Jun 13 10:24:49 IST 2023
Azure: Enterprise license for this feature is requested


Tue Jun 13 10:24:49 IST 2023
Azure: Enterprise license for this feature is requested


Tue Jun 13 10:24:49 IST 2023
Azure: Enterprise license for this feature is requested


Tue Jun 13 10:24:49 IST 2023
Azure: Enterprise license for this feature is requested


Tue Jun 13 10:24:50 IST 2023
Azure: Enterprise license for this feature is requested


Tue Jun 13 10:24:50 IST 2023
Azure: Enterprise license for this feature is requested


Tue Jun 13 10:24:50 IST 2023
Azure: Enterprise license for this feature is requested


Tue Jun 13 10:24:50 IST 2023
Azure: Enterprise license for this feature is requested


Tue Jun 13 10:24:50 IST 2023
Azure: Enterprise license for this feature is requested


Tue Jun 13 10:24:50 IST 2023
Azure: Enterprise license for this feature is requested


Tue Jun 13 10:24:50 IST 2023
Azure: Enterprise license for this feature is requested


Tue Jun 13 10:24:50 IST 2023
Azure: Enterprise license for this feature is requested


Tue Jun 13 10:24:50 IST 2023
Azure: Enterprise license for this feature is requested


Tue Jun 13 10:24:50 IST 2023
Azure: Enterprise license for this feature is requested


Tue Jun 13 10:24:50 IST 2023
Azure: Enterprise license for this feature is requested


Tue Jun 13 10:24:51 IST 2023
Azure: Enterprise license for this feature is requested


Tue Jun 13 10:24:51 IST 2023
Azure: Enterprise license for this feature is requested


Tue Jun 13 10:24:51 IST 2023
Azure: Enterprise license for this feature is requested


Tue Jun 13 10:24:51 IST 2023
Azure: Enterprise license for this feature is requested


Tue Jun 13 10:24:51 IST 2023
Azure: Enterprise license for this feature is requested


Tue Jun 13 10:24:51 IST 2023
Azure: Enterprise license for this feature is requested


Tue Jun 13 10:24:51 IST 2023
Azure: Enterprise license for this feature is requested


Tue Jun 13 10:24:51 IST 2023
Azure: Enterprise license for this feature is requested


Tue Jun 13 10:24:51 IST 2023
Azure: Enterprise license for this feature is requested


Tue Jun 13 10:24:51 IST 2023
Azure: Enterprise license for this feature is requested


Tue Jun 13 10:24:51 IST 2023
Azure: Enterprise license for this feature is requested


Tue Jun 13 10:24:52 IST 2023
Azure: Enterprise license for this feature is requested


Tue Jun 13 10:24:52 IST 2023
Azure: Enterprise license for this feature is requested


Tue Jun 13 10:24:52 IST 2023
Azure: Enterprise license for this feature is requested


Tue Jun 13 10:24:52 IST 2023
Azure: Enterprise license for this feature is requested


Tue Jun 13 10:24:52 IST 2023
Azure: Enterprise license for this feature is requested


Tue Jun 13 10:24:52 IST 2023
Azure: Enterprise license for this feature is requested


Tue Jun 13 10:24:52 IST 2023
Azure: Enterprise license for this feature is requested


Tue Jun 13 10:24:52 IST 2023
Azure: Enterprise license for this feature is requested


Tue Jun 13 10:24:52 IST 2023
Azure: Enterprise license for this feature is requested


Tue Jun 13 10:24:52 IST 2023
Azure: Enterprise license for this feature is requested


Tue Jun 13 10:24:53 IST 2023
Azure: Enterprise license for this feature is requested


Tue Jun 13 10:24:53 IST 2023
Azure: Enterprise license for this feature is requested


Tue Jun 13 10:24:53 IST 2023
Azure: Enterprise license for this feature is requested


Tue Jun 13 10:24:53 IST 2023
Azure: Enterprise license for this feature is requested


Tue Jun 13 10:24:53 IST 2023
Azure: Enterprise license for this feature is requested


Tue Jun 13 10:24:53 IST 2023
Azure: Enterprise license for this feature is requested


Tue Jun 13 10:24:53 IST 2023
Azure: Enterprise license for this feature is requested


Tue Jun 13 10:24:53 IST 2023
Azure: Enterprise license for this feature is requested


Tue Jun 13 10:24:53 IST 2023
Azure: Enterprise license for this feature is requested


Tue Jun 13 10:24:53 IST 2023
Azure: Enterprise license for this feature is requested


Tue Jun 13 10:24:54 IST 2023
Azure: Enterprise license for this feature is requested


Tue Jun 13 10:24:54 IST 2023
Azure: Enterprise license for this feature is requested


Tue Jun 13 10:24:54 IST 2023
Azure: Enterprise license for this feature is requested


Tue Jun 13 10:24:54 IST 2023
Azure: Enterprise license for this feature is requested


Tue Jun 13 10:24:54 IST 2023
Azure: Enterprise license for this feature is requested


Tue Jun 13 10:24:54 IST 2023
Azure: Enterprise license for this feature is requested


Tue Jun 13 10:24:54 IST 2023
Azure: Enterprise license for this feature is requested


Tue Jun 13 10:24:54 IST 2023
Azure: Enterprise license for this feature is requested


Tue Jun 13 10:24:54 IST 2023
Azure: Enterprise license for this feature is requested


Tue Jun 13 10:24:54 IST 2023
Azure: Enterprise license for this feature is requested


Tue Jun 13 10:24:55 IST 2023
Azure: Enterprise license for this feature is requested


Tue Jun 13 10:24:55 IST 2023
Azure: Enterprise license for this feature is requested


Tue Jun 13 10:24:55 IST 2023
Azure: Enterprise license for this feature is requested


Tue Jun 13 10:24:55 IST 2023
Azure: Enterprise license for this feature is requested


Tue Jun 13 10:24:55 IST 2023
Azure: Enterprise license for this feature is requested


Tue Jun 13 10:24:55 IST 2023
Azure: Enterprise license for this feature is requested


Tue Jun 13 10:24:55 IST 2023
Azure: Enterprise license for this feature is requested


Tue Jun 13 10:24:55 IST 2023
Azure: Enterprise license for this feature is requested


Tue Jun 13 10:24:55 IST 2023
Azure: Enterprise license for this feature is requested


Tue Jun 13 10:24:55 IST 2023
Azure: Enterprise license for this feature is requested


Tue Jun 13 10:24:56 IST 2023
Azure: Enterprise license for this feature is requested


Tue Jun 13 10:24:56 IST 2023
Azure: Enterprise license for this feature is requested


Tue Jun 13 10:24:56 IST 2023
Azure: Enterprise license for this feature is requested


Tue Jun 13 10:24:56 IST 2023
Azure: Enterprise license for this feature is requested


Tue Jun 13 10:24:56 IST 2023
Azure: Enterprise license for this feature is requested


Tue Jun 13 10:24:56 IST 2023
Azure: Enterprise license for this feature is requested


Tue Jun 13 10:24:56 IST 2023
Azure: Enterprise license for this feature is requested


Tue Jun 13 10:24:56 IST 2023
Azure: Enterprise license for this feature is requested


Tue Jun 13 10:24:56 IST 2023
Azure: Enterprise license for this feature is requested


Tue Jun 13 10:24:56 IST 2023
Azure: Enterprise license for this feature is requested


Tue Jun 13 10:24:56 IST 2023
Azure: Enterprise license for this feature is requested


Tue Jun 13 10:24:57 IST 2023
Azure: Enterprise license for this feature is requested


Tue Jun 13 10:24:57 IST 2023
Azure: Enterprise license for this feature is requested


Tue Jun 13 10:24:57 IST 2023
Azure: Enterprise license for this feature is requested


Tue Jun 13 10:24:57 IST 2023
Azure: Enterprise license for this feature is requested


Tue Jun 13 10:24:57 IST 2023
Azure: Enterprise license for this feature is requested


Tue Jun 13 10:24:57 IST 2023
Azure: Enterprise license for this feature is requested


Tue Jun 13 10:24:57 IST 2023
Azure: Enterprise license for this feature is requested


Tue Jun 13 10:24:57 IST 2023
Azure: Enterprise license for this feature is requested


Tue Jun 13 10:24:57 IST 2023
Azure: Enterprise license for this feature is requested


Tue Jun 13 10:24:57 IST 2023
Azure: Enterprise license for this feature is requested


Tue Jun 13 10:24:57 IST 2023
Azure: Enterprise license for this feature is requested


Tue Jun 13 10:24:58 IST 2023
Azure: Enterprise license for this feature is requested


Tue Jun 13 10:24:58 IST 2023
Azure: Enterprise license for this feature is requested


Tue Jun 13 10:24:58 IST 2023
Azure: Enterprise license for this feature is requested


Tue Jun 13 10:24:58 IST 2023
Azure: Enterprise license for this feature is requested


Tue Jun 13 10:24:58 IST 2023
Azure: Enterprise license for this feature is requested


Tue Jun 13 10:24:58 IST 2023
Azure: Enterprise license for this feature is requested


Tue Jun 13 10:24:58 IST 2023
Azure: Enterprise license for this feature is requested


Tue Jun 13 10:24:58 IST 2023
Azure: Enterprise license for this feature is requested


Tue Jun 13 10:24:58 IST 2023
Azure: Enterprise license for this feature is requested


Tue Jun 13 10:24:58 IST 2023
Azure: Enterprise license for this feature is requested


Tue Jun 13 10:24:58 IST 2023
Azure: Enterprise license for this feature is requested


Tue Jun 13 10:24:59 IST 2023
Azure: Enterprise license for this feature is requested


Tue Jun 13 10:24:59 IST 2023
Azure: Enterprise license for this feature is requested


Tue Jun 13 10:24:59 IST 2023
Azure: Enterprise license for this feature is requested


Tue Jun 13 10:24:59 IST 2023
Azure: Enterprise license for this feature is requested


Tue Jun 13 10:24:59 IST 2023
Azure: Enterprise license for this feature is requested


Tue Jun 13 10:24:59 IST 2023
Azure: Enterprise license for this feature is requested


Tue Jun 13 10:24:59 IST 2023
Azure: Enterprise license for this feature is requested


Tue Jun 13 10:24:59 IST 2023
Azure: Enterprise license for this feature is requested


Tue Jun 13 10:24:59 IST 2023
Azure: Enterprise license for this feature is requested


Tue Jun 13 10:24:59 IST 2023
Azure: Enterprise license for this feature is requested


Tue Jun 13 11:26:54 IST 2023
Azure: Enterprise license for this feature is requested


Tue Jun 13 11:26:54 IST 2023
Azure: Enterprise license for this feature is requested


Tue Jun 13 11:47:22 IST 2023
Azure: Enterprise license for this feature is requested


Tue Jun 13 12:17:22 IST 2023
Azure: Enterprise license for this feature is requested


Tue Jun 13 13:06:21 IST 2023
Azure: Enterprise license for this feature is requested


Tue Jun 13 13:17:22 IST 2023
Azure: Enterprise license for this feature is requested

Expired License.
Expired License.
All launchers terminated
Start clean up session
End check license task
End clean up session
Start release license task
License released
End release license task
Start checking and mark activated for GUI mode
End checking and mark activated for GUI mode
Your current licensed session is valid until: June 14, 2023 13:33
All launchers terminated
Start clean up session
End check license task
End clean up session
Start release license task
End release license task
