Not a valid list position.
Could not find element with Id 'katalon.composer.objectrepository.handledmenuitem.spyweb'
Could not find element with Id 'com.kms.katalon.composer.integration.analytics.handledtoolitem.katalonTestOps'
Could not find element with Id 'com.kms.katalon.composer.mobile.dynamicmenucontribution.ios'
Could not find element with Id 'com.kms.katalon.composer.mobile.dynamicmenucontribution.ios'
Warning: NLS unused message: Key in: com.kms.katalon.composer.project.constants.composerProjectMessages
Warning: NLS unused message: Key in: com.kms.katalon.composer.testcase.constants.composerTestcaseMessages
Warning: NLS missing message: BTN_ADDTESTSUITE in: com.kms.katalon.composer.testcase.constants.composerTestcaseMessages
Warning: NLS unused message: DIA_LBL_SELECT_TEST_DATA in: com.kms.katalon.composer.testsuite.constants.composerTestsuiteMessages
Warning: NLS unused message: HAND_WARN_TS_REQUIRES_PLUGIN_DYNAMIC_EXECUTION_TO_OPEN in: com.kms.katalon.composer.testsuite.constants.composerTestsuiteMessages
Warning: NLS unused message: DIA_INFO_KSE_COMBINE_MULTI_DATASOURCE in: com.kms.katalon.composer.testsuite.constants.composerTestsuiteMessages
Warning: NLS missing message: DIA_SHELL_DATA_ITERATION in: com.kms.katalon.composer.testsuite.constants.composerTestsuiteMessages
Warning: NLS missing message: DIA_LBL_TO_ROW in: com.kms.katalon.composer.testsuite.constants.composerTestsuiteMessages
Warning: NLS missing message: DIA_MSG_START_ROW_BIGGER_THAN_END_ROW in: com.kms.katalon.composer.testsuite.constants.composerTestsuiteMessages
Warning: NLS missing message: EDI_TITLE_TEST_CASE_BROWSER in: com.kms.katalon.composer.testsuite.constants.composerTestsuiteMessages
Warning: NLS missing message: DIA_MSG_CHOOSE_DATA_COLUMN in: com.kms.katalon.composer.testsuite.constants.composerTestsuiteMessages
Warning: NLS missing message: DIA_TABLE_EMPTY_COLUMN in: com.kms.katalon.composer.testsuite.constants.composerTestsuiteMessages
Warning: NLS missing message: DIA_WARN_MSG_EMPTY_COLUMN_NAME in: com.kms.katalon.composer.testsuite.constants.composerTestsuiteMessages
Warning: NLS missing message: PA_LBL_TOOLTIP_RETRY_IMMEDIATELY in: com.kms.katalon.composer.testsuite.constants.composerTestsuiteMessages
Warning: NLS unused message: Key in: com.kms.katalon.composer.objectrepository.constant.composerObjectRepositoryMessages
WebView Server has been started on port 52498
Warning: NLS missing message: PA_URL_SUPPORT_PORTAL in: com.kms.katalon.constants.messages
Warning: NLS missing message: URL_KATALON_SURVEY in: com.kms.katalon.constants.messages
Warning: NLS missing message: OFFLINE_ACTIVATION in: com.kms.katalon.constants.messages
Warning: NLS missing message: ENTERPRISE_TRIAL_LICENSE in: com.kms.katalon.constants.messages
Warning: NLS missing message: ActivationDialogV2_LBL_ENTERPRISE_LICENSE in: com.kms.katalon.constants.messages
Warning: NLS missing message: DIALOG_TITLE_FIRST_TIME_USE_SURVEY in: com.kms.katalon.constants.messages
Warning: NLS missing message: BTN_YES_CONTINUE_USE in: com.kms.katalon.constants.messages
Warning: NLS missing message: BTN_NO_QUIT_USING in: com.kms.katalon.constants.messages
Warning: NLS missing message: BTN_SEND in: com.kms.katalon.constants.messages
Warning: NLS missing message: MSG_QUESTION_WILL_CONTINUE_TO_USE in: com.kms.katalon.constants.messages
Warning: NLS missing message: MSG_QUIT_USING_KATALON_REASON in: com.kms.katalon.constants.messages
Warning: NLS missing message: MSG_QUIT_USING_KATALON_REASON_PLACEHOLDER in: com.kms.katalon.constants.messages
Start checking and mark activated for GUI mode
Start getting machine ID on Windows
Start appending additional signatures
hardwareSerialNumber 
osDependentUsername hp
End appending additional signatures 62532fe0-f0e6-4bc7-8c3c-88d703e001eb__hp
End getting machine ID on Windows 3e88d5dd9cc3224adb59187d5ff6c5de
Expired License.
End checking and mark activated for GUI mode
Your current licensed session is valid until: July 04, 2023 18:33
Start check license task

Mon Jul 03 18:33:31 IST 2023
Azure: Enterprise license for this feature is requested

Warning: NLS unused message: DIA_LBL_LIST_OF_COL_NAMES in: com.kms.katalon.composer.components.impl.constants.composerComponentsImplMessages
Warning: NLS unused message: DIA_LBL_SELECT_A_COL in: com.kms.katalon.composer.components.impl.constants.composerComponentsImplMessages
Warning: NLS unused message: LBL_DEFAULT_LOCATOR_SELECTION_AREA in: com.katalon.plugin.smart_xpath.constant.SmartXpathMessages
Latest plugins responses: []
Katalon version: 8.5.5
Plugin info URL: https://store.katalon.com/api/products/ks?appVersion=8.5.5&appType=KSE&licenseType=FREE

Mon Jul 03 18:33:50 IST 2023
Azure: Enterprise license for this feature is requested

All launchers terminated

Mon Jul 03 18:34:05 IST 2023
Azure: Enterprise license for this feature is requested

Latest plugins responses: []
Katalon version: 8.5.5
Plugin info URL: https://store.katalon.com/api/products/ks?appVersion=8.5.5&appType=KSE&licenseType=FREE

Mon Jul 03 18:34:13 IST 2023
Azure: Enterprise license for this feature is requested


Mon Jul 03 18:34:20 IST 2023
Azure: Enterprise license for this feature is requested


Mon Jul 03 18:34:34 IST 2023
Azure: Enterprise license for this feature is requested


Mon Jul 03 18:34:40 IST 2023
Azure: Enterprise license for this feature is requested


Mon Jul 03 18:34:48 IST 2023
Azure: Enterprise license for this feature is requested


Mon Jul 03 18:35:08 IST 2023
Azure: Enterprise license for this feature is requested


Mon Jul 03 18:35:23 IST 2023
Azure: Enterprise license for this feature is requested


Mon Jul 03 18:35:39 IST 2023
Azure: Enterprise license for this feature is requested


Mon Jul 03 18:35:53 IST 2023
Azure: Enterprise license for this feature is requested


Mon Jul 03 18:36:27 IST 2023
Azure: Enterprise license for this feature is requested

CodeSelectRequestor: Could not proceed due to null declaring type for org.codehaus.groovy.ast.expr.ConstantExpression@6985d37f[Object Repository/SC001_TC010V2OR/button_CreateMembership]

Mon Jul 03 18:36:41 IST 2023
Azure: Enterprise license for this feature is requested

Launcher status after execution process completed: Running
Warning: NLS unused message: PREF_LBL_ACTIVE_BROWSER_PORT_DO_NOT_SHOW_WARNING_DIALOG in: com.kms.katalon.objectspy.constants.objectspyMessages
Warning: NLS unused message: DIA_TITLE_INSTALL_INSTRUCTIONS in: com.kms.katalon.composer.mobile.constants.composerMobileMessages
Launcher status after execution process completed: Running
Launcher status after execution process completed: Running
CodeSelectRequestor: Could not proceed due to null declaring type for org.codehaus.groovy.ast.expr.ConstantExpression@2300b4f8[Object Repository/SC001_TC001V2OR/ProductModule]
CodeSelectRequestor: Could not proceed due to null declaring type for org.codehaus.groovy.ast.expr.ConstantExpression@45ca5522[Object Repository/SC001_TC004V2OR/button_CreateCategory]
Launcher status after execution process completed: Running
CodeSelectRequestor: Could not proceed due to null declaring type for org.codehaus.groovy.ast.expr.ConstantExpression@172ac100[Object Repository/CommonObjects/div_Catalog9]

Mon Jul 03 19:03:09 IST 2023
Azure: Enterprise license for this feature is requested


Tue Jul 04 10:30:31 IST 2023
Azure: Enterprise license for this feature is requested


Tue Jul 04 10:30:31 IST 2023
Azure: Enterprise license for this feature is requested


Tue Jul 04 10:30:31 IST 2023
Azure: Enterprise license for this feature is requested


Tue Jul 04 10:30:32 IST 2023
Azure: Enterprise license for this feature is requested


Tue Jul 04 10:30:32 IST 2023
Azure: Enterprise license for this feature is requested


Tue Jul 04 10:30:32 IST 2023
Azure: Enterprise license for this feature is requested


Tue Jul 04 10:30:33 IST 2023
Azure: Enterprise license for this feature is requested


Tue Jul 04 10:30:33 IST 2023
Azure: Enterprise license for this feature is requested


Tue Jul 04 10:30:33 IST 2023
Azure: Enterprise license for this feature is requested


Tue Jul 04 10:30:34 IST 2023
Azure: Enterprise license for this feature is requested


Tue Jul 04 10:30:34 IST 2023
Azure: Enterprise license for this feature is requested


Tue Jul 04 10:30:34 IST 2023
Azure: Enterprise license for this feature is requested


Tue Jul 04 10:30:35 IST 2023
Azure: Enterprise license for this feature is requested


Tue Jul 04 10:30:35 IST 2023
Azure: Enterprise license for this feature is requested


Tue Jul 04 10:30:35 IST 2023
Azure: Enterprise license for this feature is requested


Tue Jul 04 10:30:36 IST 2023
Azure: Enterprise license for this feature is requested


Tue Jul 04 10:30:36 IST 2023
Azure: Enterprise license for this feature is requested


Tue Jul 04 10:30:36 IST 2023
Azure: Enterprise license for this feature is requested


Tue Jul 04 10:30:37 IST 2023
Azure: Enterprise license for this feature is requested


Tue Jul 04 10:30:37 IST 2023
Azure: Enterprise license for this feature is requested


Tue Jul 04 10:30:37 IST 2023
Azure: Enterprise license for this feature is requested


Tue Jul 04 10:30:38 IST 2023
Azure: Enterprise license for this feature is requested


Tue Jul 04 10:30:38 IST 2023
Azure: Enterprise license for this feature is requested


Tue Jul 04 10:30:38 IST 2023
Azure: Enterprise license for this feature is requested


Tue Jul 04 10:30:39 IST 2023
Azure: Enterprise license for this feature is requested


Tue Jul 04 10:30:39 IST 2023
Azure: Enterprise license for this feature is requested


Tue Jul 04 10:30:39 IST 2023
Azure: Enterprise license for this feature is requested


Tue Jul 04 10:30:40 IST 2023
Azure: Enterprise license for this feature is requested


Tue Jul 04 10:30:40 IST 2023
Azure: Enterprise license for this feature is requested


Tue Jul 04 10:30:40 IST 2023
Azure: Enterprise license for this feature is requested


Tue Jul 04 10:33:09 IST 2023
Azure: Enterprise license for this feature is requested


Tue Jul 04 11:14:32 IST 2023
Azure: Enterprise license for this feature is requested


Tue Jul 04 11:33:09 IST 2023
Azure: Enterprise license for this feature is requested


Tue Jul 04 12:03:09 IST 2023
Azure: Enterprise license for this feature is requested


Tue Jul 04 12:33:09 IST 2023
Azure: Enterprise license for this feature is requested


Tue Jul 04 13:03:09 IST 2023
Azure: Enterprise license for this feature is requested


Tue Jul 04 13:33:09 IST 2023
Azure: Enterprise license for this feature is requested


Tue Jul 04 14:39:34 IST 2023
Azure: Enterprise license for this feature is requested


Tue Jul 04 14:39:34 IST 2023
Azure: Enterprise license for this feature is requested


Tue Jul 04 15:07:25 IST 2023
Azure: Enterprise license for this feature is requested


Tue Jul 04 15:33:09 IST 2023
Azure: Enterprise license for this feature is requested


Tue Jul 04 16:23:07 IST 2023
Azure: Enterprise license for this feature is requested

CodeSelectRequestor: Could not proceed due to null declaring type for org.codehaus.groovy.ast.expr.PropertyExpression@6139b46b[object: org.codehaus.groovy.ast.expr.ClassExpression@55e14121[type: com.kms.katalon.core.webui.keyword.WebUiBuiltInKeywords] property: org.codehaus.groovy.ast.expr.ConstantExpression@501293f3[WebUI]]

Tue Jul 04 16:33:09 IST 2023
Azure: Enterprise license for this feature is requested

CodeSelectRequestor: Could not proceed due to null declaring type for org.codehaus.groovy.ast.expr.ClosureExpression@8c4596a[]{ org.codehaus.groovy.ast.stmt.BlockStatement@110bb94c[] }
Launcher status after execution process completed: Running
CodeSelectRequestor: Could not proceed due to null declaring type for org.codehaus.groovy.ast.expr.ConstantExpression@b44b9c8[Object Repository/SC001_TC001V2OR/button_CreateProduct]
Warning: NLS unused message: PREF_WARN_KSE_SQL_SERVER in: com.kms.katalon.composer.testdata.constants.composerTestdataMessages
Warning: NLS unused message: PREF_WARN_KSE_ORACLE_SQL in: com.kms.katalon.composer.testdata.constants.composerTestdataMessages
CodeSelectRequestor: Could not proceed due to null declaring type for org.codehaus.groovy.ast.expr.ConstantExpression@477f9be0[Test Description]
All launchers terminated

Tue Jul 04 16:51:08 IST 2023
Azure: Enterprise license for this feature is requested

Latest plugins responses: []
Katalon version: 8.5.5
Plugin info URL: https://store.katalon.com/api/products/ks?appVersion=8.5.5&appType=KSE&licenseType=FREE

Tue Jul 04 16:51:19 IST 2023
Azure: Enterprise license for this feature is requested


Tue Jul 04 16:51:27 IST 2023
Azure: Enterprise license for this feature is requested

All launchers terminated

Tue Jul 04 16:52:41 IST 2023
Azure: Enterprise license for this feature is requested

Latest plugins responses: []
Katalon version: 8.5.5
Plugin info URL: https://store.katalon.com/api/products/ks?appVersion=8.5.5&appType=KSE&licenseType=FREE
All launchers terminated

Tue Jul 04 16:52:56 IST 2023
Azure: Enterprise license for this feature is requested

Latest plugins responses: []
Katalon version: 8.5.5
Plugin info URL: https://store.katalon.com/api/products/ks?appVersion=8.5.5&appType=KSE&licenseType=FREE
All launchers terminated

Tue Jul 04 16:54:59 IST 2023
Azure: Enterprise license for this feature is requested

Latest plugins responses: []
Katalon version: 8.5.5
Plugin info URL: https://store.katalon.com/api/products/ks?appVersion=8.5.5&appType=KSE&licenseType=FREE

Tue Jul 04 16:55:15 IST 2023
Azure: Enterprise license for this feature is requested


Tue Jul 04 16:55:32 IST 2023
Azure: Enterprise license for this feature is requested


Tue Jul 04 17:04:02 IST 2023
Azure: Enterprise license for this feature is requested


Tue Jul 04 17:37:03 IST 2023
Azure: Enterprise license for this feature is requested


Tue Jul 04 18:03:09 IST 2023
Azure: Enterprise license for this feature is requested


Tue Jul 04 18:33:09 IST 2023
Azure: Enterprise license for this feature is requested


Tue Jul 04 19:10:10 IST 2023
Azure: Enterprise license for this feature is requested


Wed Jul 05 10:54:40 IST 2023
Azure: Enterprise license for this feature is requested


Wed Jul 05 10:54:40 IST 2023
Azure: Enterprise license for this feature is requested


Wed Jul 05 10:54:40 IST 2023
Azure: Enterprise license for this feature is requested


Wed Jul 05 10:54:40 IST 2023
Azure: Enterprise license for this feature is requested


Wed Jul 05 10:54:40 IST 2023
Azure: Enterprise license for this feature is requested


Wed Jul 05 10:54:40 IST 2023
Azure: Enterprise license for this feature is requested


Wed Jul 05 10:54:40 IST 2023
Azure: Enterprise license for this feature is requested


Wed Jul 05 10:54:40 IST 2023
Azure: Enterprise license for this feature is requested


Wed Jul 05 10:54:40 IST 2023
Azure: Enterprise license for this feature is requested


Wed Jul 05 10:54:40 IST 2023
Azure: Enterprise license for this feature is requested


Wed Jul 05 10:54:40 IST 2023
Azure: Enterprise license for this feature is requested


Wed Jul 05 10:54:41 IST 2023
Azure: Enterprise license for this feature is requested


Wed Jul 05 10:54:41 IST 2023
Azure: Enterprise license for this feature is requested


Wed Jul 05 10:54:41 IST 2023
Azure: Enterprise license for this feature is requested


Wed Jul 05 10:54:41 IST 2023
Azure: Enterprise license for this feature is requested


Wed Jul 05 10:54:41 IST 2023
Azure: Enterprise license for this feature is requested


Wed Jul 05 10:54:41 IST 2023
Azure: Enterprise license for this feature is requested


Wed Jul 05 10:54:41 IST 2023
Azure: Enterprise license for this feature is requested


Wed Jul 05 10:54:41 IST 2023
Azure: Enterprise license for this feature is requested


Wed Jul 05 10:54:41 IST 2023
Azure: Enterprise license for this feature is requested


Wed Jul 05 10:54:41 IST 2023
Azure: Enterprise license for this feature is requested


Wed Jul 05 10:54:41 IST 2023
Azure: Enterprise license for this feature is requested


Wed Jul 05 10:54:41 IST 2023
Azure: Enterprise license for this feature is requested


Wed Jul 05 10:54:41 IST 2023
Azure: Enterprise license for this feature is requested


Wed Jul 05 10:54:41 IST 2023
Azure: Enterprise license for this feature is requested


Wed Jul 05 10:54:41 IST 2023
Azure: Enterprise license for this feature is requested


Wed Jul 05 10:54:41 IST 2023
Azure: Enterprise license for this feature is requested


Wed Jul 05 10:54:41 IST 2023
Azure: Enterprise license for this feature is requested


Wed Jul 05 10:54:41 IST 2023
Azure: Enterprise license for this feature is requested


Wed Jul 05 10:54:41 IST 2023
Azure: Enterprise license for this feature is requested


Wed Jul 05 10:54:41 IST 2023
Azure: Enterprise license for this feature is requested


Wed Jul 05 11:03:11 IST 2023
Azure: Enterprise license for this feature is requested


Wed Jul 05 11:33:13 IST 2023
Azure: Enterprise license for this feature is requested


Wed Jul 05 12:03:11 IST 2023
Azure: Enterprise license for this feature is requested


Wed Jul 05 12:33:11 IST 2023
Azure: Enterprise license for this feature is requested


Wed Jul 05 13:03:11 IST 2023
Azure: Enterprise license for this feature is requested


Wed Jul 05 13:33:11 IST 2023
Azure: Enterprise license for this feature is requested


Wed Jul 05 14:21:45 IST 2023
Azure: Enterprise license for this feature is requested


Wed Jul 05 14:33:11 IST 2023
Azure: Enterprise license for this feature is requested


Wed Jul 05 15:03:11 IST 2023
Azure: Enterprise license for this feature is requested


Wed Jul 05 15:33:11 IST 2023
Azure: Enterprise license for this feature is requested


Wed Jul 05 16:03:11 IST 2023
Azure: Enterprise license for this feature is requested


Wed Jul 05 16:38:50 IST 2023
Azure: Enterprise license for this feature is requested


Wed Jul 05 17:03:11 IST 2023
Azure: Enterprise license for this feature is requested


Wed Jul 05 18:33:32 IST 2023
Azure: Enterprise license for this feature is requested


Wed Jul 05 18:33:32 IST 2023
Azure: Enterprise license for this feature is requested


Wed Jul 05 18:33:32 IST 2023
Azure: Enterprise license for this feature is requested


Wed Jul 05 19:06:27 IST 2023
Azure: Enterprise license for this feature is requested


Thu Jul 06 10:18:45 IST 2023
Azure: Enterprise license for this feature is requested


Thu Jul 06 10:18:45 IST 2023
Azure: Enterprise license for this feature is requested


Thu Jul 06 10:18:45 IST 2023
Azure: Enterprise license for this feature is requested


Thu Jul 06 10:18:45 IST 2023
Azure: Enterprise license for this feature is requested


Thu Jul 06 10:18:45 IST 2023
Azure: Enterprise license for this feature is requested


Thu Jul 06 10:18:45 IST 2023
Azure: Enterprise license for this feature is requested


Thu Jul 06 10:18:45 IST 2023
Azure: Enterprise license for this feature is requested


Thu Jul 06 10:18:45 IST 2023
Azure: Enterprise license for this feature is requested


Thu Jul 06 10:18:45 IST 2023
Azure: Enterprise license for this feature is requested


Thu Jul 06 10:18:45 IST 2023
Azure: Enterprise license for this feature is requested


Thu Jul 06 10:18:45 IST 2023
Azure: Enterprise license for this feature is requested


Thu Jul 06 10:18:45 IST 2023
Azure: Enterprise license for this feature is requested


Thu Jul 06 10:18:45 IST 2023
Azure: Enterprise license for this feature is requested


Thu Jul 06 10:18:45 IST 2023
Azure: Enterprise license for this feature is requested


Thu Jul 06 10:18:45 IST 2023
Azure: Enterprise license for this feature is requested


Thu Jul 06 10:18:45 IST 2023
Azure: Enterprise license for this feature is requested


Thu Jul 06 10:18:45 IST 2023
Azure: Enterprise license for this feature is requested


Thu Jul 06 10:18:46 IST 2023
Azure: Enterprise license for this feature is requested


Thu Jul 06 10:18:46 IST 2023
Azure: Enterprise license for this feature is requested


Thu Jul 06 10:18:46 IST 2023
Azure: Enterprise license for this feature is requested


Thu Jul 06 10:18:46 IST 2023
Azure: Enterprise license for this feature is requested


Thu Jul 06 10:18:46 IST 2023
Azure: Enterprise license for this feature is requested


Thu Jul 06 10:18:46 IST 2023
Azure: Enterprise license for this feature is requested


Thu Jul 06 10:18:46 IST 2023
Azure: Enterprise license for this feature is requested


Thu Jul 06 10:18:46 IST 2023
Azure: Enterprise license for this feature is requested


Thu Jul 06 10:18:46 IST 2023
Azure: Enterprise license for this feature is requested


Thu Jul 06 10:18:46 IST 2023
Azure: Enterprise license for this feature is requested


Thu Jul 06 10:18:46 IST 2023
Azure: Enterprise license for this feature is requested


Thu Jul 06 10:18:46 IST 2023
Azure: Enterprise license for this feature is requested


Thu Jul 06 10:18:46 IST 2023
Azure: Enterprise license for this feature is requested


Thu Jul 06 10:33:13 IST 2023
Azure: Enterprise license for this feature is requested


Thu Jul 06 11:17:51 IST 2023
Azure: Enterprise license for this feature is requested


Thu Jul 06 11:33:13 IST 2023
Azure: Enterprise license for this feature is requested


Thu Jul 06 12:03:13 IST 2023
Azure: Enterprise license for this feature is requested


Thu Jul 06 12:40:54 IST 2023
Azure: Enterprise license for this feature is requested


Thu Jul 06 13:03:30 IST 2023
Azure: Enterprise license for this feature is requested


Thu Jul 06 13:33:13 IST 2023
Azure: Enterprise license for this feature is requested


Thu Jul 06 13:37:32 IST 2023
Azure: Enterprise license for this feature is requested

CodeSelectRequestor: Could not proceed due to null declaring type for org.codehaus.groovy.ast.expr.ConstantExpression@2003372f[Test Cases/Common_LoginCase]
Launcher status after execution process completed: Terminated
Launcher status after execution process completed: Terminated
CodeSelectRequestor: Could not proceed due to null declaring type for org.codehaus.groovy.ast.expr.ConstantExpression@55cf7dac[Object Repository/SC001_TC001_OR/TextViewAll Customers]
CodeSelectRequestor: Could not proceed due to null declaring type for org.codehaus.groovy.ast.expr.ConstantExpression@3d006774[Object Repository/SC001_TC001_OR/TextView - SearchName]
Launcher status after execution process completed: Running

Thu Jul 06 14:46:25 IST 2023
java.lang.NumberFormatException: null
	at java.lang.Integer.parseInt(Integer.java:542)
	at java.lang.Integer.parseInt(Integer.java:615)
	at com.kms.katalon.application.utils.EntityTrackingHelper$1.run(EntityTrackingHelper.java:23)
	at java.util.concurrent.Executors$RunnableAdapter.call(Executors.java:511)
	at java.util.concurrent.FutureTask.run(FutureTask.java:266)
	at java.util.concurrent.ThreadPoolExecutor.runWorker(ThreadPoolExecutor.java:1149)
	at java.util.concurrent.ThreadPoolExecutor$Worker.run(ThreadPoolExecutor.java:624)
	at java.lang.Thread.run(Thread.java:748)



Thu Jul 06 14:46:27 IST 2023
Azure: Enterprise license for this feature is requested


Thu Jul 06 14:46:27 IST 2023
Azure: Enterprise license for this feature is requested


Thu Jul 06 14:46:27 IST 2023
Azure: Enterprise license for this feature is requested

CodeSelectRequestor: Could not proceed due to null declaring type for org.codehaus.groovy.ast.expr.ConstantExpression@13dc0cfd[Object Repository/SC001_TC001_OR/TextViewCust2]
CodeSelectRequestor: Could not proceed due to null declaring type for org.codehaus.groovy.ast.expr.ConstantExpression@383af1f5[Object Repository/SC001_TC001_OR/TextView - SearchName]

Thu Jul 06 14:47:35 IST 2023
Azure: Enterprise license for this feature is requested


Thu Jul 06 14:47:55 IST 2023
Azure: Enterprise license for this feature is requested


Thu Jul 06 14:48:10 IST 2023
Azure: Enterprise license for this feature is requested


Thu Jul 06 14:50:16 IST 2023
Azure: Enterprise license for this feature is requested


Thu Jul 06 14:50:16 IST 2023
Azure: Enterprise license for this feature is requested


Thu Jul 06 15:03:37 IST 2023
Azure: Enterprise license for this feature is requested

Launcher status after execution process completed: Running

Thu Jul 06 15:33:13 IST 2023
Azure: Enterprise license for this feature is requested


Thu Jul 06 16:03:13 IST 2023
Azure: Enterprise license for this feature is requested


Thu Jul 06 16:34:24 IST 2023
Azure: Enterprise license for this feature is requested


Thu Jul 06 17:06:22 IST 2023
Azure: Enterprise license for this feature is requested


Thu Jul 06 17:35:02 IST 2023
Azure: Enterprise license for this feature is requested


Thu Jul 06 18:23:07 IST 2023
Azure: Enterprise license for this feature is requested


Thu Jul 06 18:33:13 IST 2023
Azure: Enterprise license for this feature is requested


Fri Jul 07 10:00:14 IST 2023
Azure: Enterprise license for this feature is requested


Fri Jul 07 10:00:14 IST 2023
Azure: Enterprise license for this feature is requested


Fri Jul 07 10:00:14 IST 2023
Azure: Enterprise license for this feature is requested


Fri Jul 07 10:00:14 IST 2023
Azure: Enterprise license for this feature is requested


Fri Jul 07 10:00:14 IST 2023
Azure: Enterprise license for this feature is requested


Fri Jul 07 10:00:14 IST 2023
Azure: Enterprise license for this feature is requested


Fri Jul 07 10:00:14 IST 2023
Azure: Enterprise license for this feature is requested


Fri Jul 07 10:00:14 IST 2023
Azure: Enterprise license for this feature is requested


Fri Jul 07 10:00:14 IST 2023
Azure: Enterprise license for this feature is requested


Fri Jul 07 10:00:14 IST 2023
Azure: Enterprise license for this feature is requested


Fri Jul 07 10:00:14 IST 2023
Azure: Enterprise license for this feature is requested


Fri Jul 07 10:00:15 IST 2023
Azure: Enterprise license for this feature is requested


Fri Jul 07 10:00:15 IST 2023
Azure: Enterprise license for this feature is requested


Fri Jul 07 10:00:15 IST 2023
Azure: Enterprise license for this feature is requested


Fri Jul 07 10:00:15 IST 2023
Azure: Enterprise license for this feature is requested


Fri Jul 07 10:00:15 IST 2023
Azure: Enterprise license for this feature is requested


Fri Jul 07 10:00:15 IST 2023
Azure: Enterprise license for this feature is requested


Fri Jul 07 10:00:15 IST 2023
Azure: Enterprise license for this feature is requested


Fri Jul 07 10:00:15 IST 2023
Azure: Enterprise license for this feature is requested


Fri Jul 07 10:00:15 IST 2023
Azure: Enterprise license for this feature is requested


Fri Jul 07 10:00:16 IST 2023
Azure: Enterprise license for this feature is requested


Fri Jul 07 10:00:16 IST 2023
Azure: Enterprise license for this feature is requested


Fri Jul 07 10:00:16 IST 2023
Azure: Enterprise license for this feature is requested


Fri Jul 07 10:00:16 IST 2023
Azure: Enterprise license for this feature is requested


Fri Jul 07 10:00:16 IST 2023
Azure: Enterprise license for this feature is requested


Fri Jul 07 10:00:16 IST 2023
Azure: Enterprise license for this feature is requested


Fri Jul 07 10:00:16 IST 2023
Azure: Enterprise license for this feature is requested


Fri Jul 07 10:00:16 IST 2023
Azure: Enterprise license for this feature is requested


Fri Jul 07 10:00:16 IST 2023
Azure: Enterprise license for this feature is requested


Fri Jul 07 10:00:16 IST 2023
Azure: Enterprise license for this feature is requested


Fri Jul 07 10:03:15 IST 2023
Azure: Enterprise license for this feature is requested


Fri Jul 07 10:36:41 IST 2023
Azure: Enterprise license for this feature is requested


Fri Jul 07 11:09:13 IST 2023
Azure: Enterprise license for this feature is requested


Fri Jul 07 11:33:15 IST 2023
Azure: Enterprise license for this feature is requested


Fri Jul 07 12:04:56 IST 2023
Azure: Enterprise license for this feature is requested


Fri Jul 07 12:33:15 IST 2023
Azure: Enterprise license for this feature is requested


Fri Jul 07 13:04:14 IST 2023
Azure: Enterprise license for this feature is requested

All launchers terminated

Fri Jul 07 13:20:35 IST 2023
Azure: Enterprise license for this feature is requested

Latest plugins responses: []
Katalon version: 8.5.5
Plugin info URL: https://store.katalon.com/api/products/ks?appVersion=8.5.5&appType=KSE&licenseType=FREE

Fri Jul 07 13:20:48 IST 2023
Azure: Enterprise license for this feature is requested


Fri Jul 07 13:21:59 IST 2023
Azure: Enterprise license for this feature is requested


Fri Jul 07 13:22:10 IST 2023
Azure: Enterprise license for this feature is requested

All launchers terminated

Fri Jul 07 13:23:41 IST 2023
Azure: Enterprise license for this feature is requested

Latest plugins responses: []
Katalon version: 8.5.5
Plugin info URL: https://store.katalon.com/api/products/ks?appVersion=8.5.5&appType=KSE&licenseType=FREE
All launchers terminated

Fri Jul 07 13:23:59 IST 2023
Azure: Enterprise license for this feature is requested

Latest plugins responses: []
Katalon version: 8.5.5
Plugin info URL: https://store.katalon.com/api/products/ks?appVersion=8.5.5&appType=KSE&licenseType=FREE

Fri Jul 07 13:24:07 IST 2023
Azure: Enterprise license for this feature is requested


Fri Jul 07 13:24:20 IST 2023
Azure: Enterprise license for this feature is requested


Fri Jul 07 13:24:42 IST 2023
Azure: Enterprise license for this feature is requested


Fri Jul 07 13:25:03 IST 2023
Azure: Enterprise license for this feature is requested

CodeSelectRequestor: Could not proceed due to null declaring type for org.codehaus.groovy.ast.expr.ConstantExpression@7d39cdd[Object Repository/Common_LoginCaseOR/InitialLoginButton]

Fri Jul 07 13:33:15 IST 2023
Azure: Enterprise license for this feature is requested


Fri Jul 07 14:03:15 IST 2023
Azure: Enterprise license for this feature is requested


Fri Jul 07 16:02:21 IST 2023
Azure: Enterprise license for this feature is requested


Fri Jul 07 16:02:21 IST 2023
Azure: Enterprise license for this feature is requested


Fri Jul 07 16:02:21 IST 2023
Azure: Enterprise license for this feature is requested


Fri Jul 07 16:03:15 IST 2023
Azure: Enterprise license for this feature is requested


Fri Jul 07 16:33:15 IST 2023
Azure: Enterprise license for this feature is requested


Fri Jul 07 17:03:15 IST 2023
Azure: Enterprise license for this feature is requested


Fri Jul 07 17:33:15 IST 2023
Azure: Enterprise license for this feature is requested


Fri Jul 07 18:03:15 IST 2023
Azure: Enterprise license for this feature is requested


Fri Jul 07 18:50:20 IST 2023
Azure: Enterprise license for this feature is requested

Expired License.
Expired License.

Mon Jul 10 10:15:36 IST 2023
com.kms.katalon.integration.analytics.exceptions.AnalyticsApiExeception: java.net.UnknownHostException: admin.katalon.com
	at com.kms.katalon.integration.analytics.exceptions.AnalyticsApiExeception.wrap(AnalyticsApiExeception.java:23)
	at com.kms.katalon.integration.analytics.providers.AnalyticsApiProvider.requestToken(AnalyticsApiProvider.java:158)
	at com.kms.katalon.integration.analytics.providers.TestOpsFeatureActivatorImpl.connect(TestOpsFeatureActivatorImpl.java:45)
	at com.kms.katalon.application.utils.ActivationInfoCollector.getLicenseFromTestOps(ActivationInfoCollector.java:588)
	at com.kms.katalon.application.utils.ActivationInfoCollector.activate(ActivationInfoCollector.java:453)
	at com.kms.katalon.application.utils.ActivationInfoCollector.checkAndMarkActivatedForGUIMode(ActivationInfoCollector.java:148)
	at com.kms.katalon.core.application.ApplicationStaupHandler.lambda$2(ApplicationStaupHandler.java:93)
	at com.kms.katalon.application.utils.ActivationInfoCollector.lambda$1(ActivationInfoCollector.java:966)
	at java.util.concurrent.Executors$RunnableAdapter.call(Executors.java:511)
	at java.util.concurrent.FutureTask.runAndReset(FutureTask.java:308)
	at java.util.concurrent.ScheduledThreadPoolExecutor$ScheduledFutureTask.access$301(ScheduledThreadPoolExecutor.java:180)
	at java.util.concurrent.ScheduledThreadPoolExecutor$ScheduledFutureTask.run(ScheduledThreadPoolExecutor.java:294)
	at java.util.concurrent.ThreadPoolExecutor.runWorker(ThreadPoolExecutor.java:1149)
	at java.util.concurrent.ThreadPoolExecutor$Worker.run(ThreadPoolExecutor.java:624)
	at java.lang.Thread.run(Thread.java:748)
Caused by: java.net.UnknownHostException: admin.katalon.com
	at java.net.Inet6AddressImpl.lookupAllHostAddr(Native Method)
	at java.net.InetAddress$2.lookupAllHostAddr(InetAddress.java:929)
	at java.net.InetAddress.getAddressesFromNameService(InetAddress.java:1324)
	at java.net.InetAddress.getAllByName0(InetAddress.java:1277)
	at java.net.InetAddress.getAllByName(InetAddress.java:1193)
	at java.net.InetAddress.getAllByName(InetAddress.java:1127)
	at org.apache.http.impl.conn.SystemDefaultDnsResolver.resolve(SystemDefaultDnsResolver.java:45)
	at org.apache.http.impl.conn.DefaultHttpClientConnectionOperator.connect(DefaultHttpClientConnectionOperator.java:111)
	at org.apache.http.impl.conn.PoolingHttpClientConnectionManager.connect(PoolingHttpClientConnectionManager.java:353)
	at org.apache.http.impl.execchain.MainClientExec.establishRoute(MainClientExec.java:380)
	at org.apache.http.impl.execchain.MainClientExec.execute(MainClientExec.java:236)
	at org.apache.http.impl.execchain.ProtocolExec.execute(ProtocolExec.java:184)
	at org.apache.http.impl.execchain.RetryExec.execute(RetryExec.java:88)
	at org.apache.http.impl.execchain.RedirectExec.execute(RedirectExec.java:110)
	at org.apache.http.impl.client.InternalHttpClient.doExecute(InternalHttpClient.java:184)
	at org.apache.http.impl.client.CloseableHttpClient.execute(CloseableHttpClient.java:82)
	at org.apache.http.impl.client.CloseableHttpClient.execute(CloseableHttpClient.java:107)
	at org.apache.http.impl.client.CloseableHttpClient.execute(CloseableHttpClient.java:55)
	at com.kms.katalon.integration.analytics.providers.AnalyticsApiProvider.executeRequest(AnalyticsApiProvider.java:681)
	at com.kms.katalon.integration.analytics.providers.AnalyticsApiProvider.executeRequest(AnalyticsApiProvider.java:716)
	at com.kms.katalon.integration.analytics.providers.AnalyticsApiProvider.requestToken(AnalyticsApiProvider.java:156)
	... 13 more



Mon Jul 10 10:15:36 IST 2023
Activation collection is failed
com.kms.katalon.integration.analytics.exceptions.AnalyticsApiExeception: java.net.UnknownHostException: admin.katalon.com
	at com.kms.katalon.integration.analytics.exceptions.AnalyticsApiExeception.wrap(AnalyticsApiExeception.java:23)
	at com.kms.katalon.integration.analytics.providers.AnalyticsApiProvider.requestToken(AnalyticsApiProvider.java:158)
	at com.kms.katalon.integration.analytics.providers.TestOpsFeatureActivatorImpl.connect(TestOpsFeatureActivatorImpl.java:45)
	at com.kms.katalon.application.utils.ActivationInfoCollector.getLicenseFromTestOps(ActivationInfoCollector.java:588)
	at com.kms.katalon.application.utils.ActivationInfoCollector.activate(ActivationInfoCollector.java:453)
	at com.kms.katalon.application.utils.ActivationInfoCollector.checkAndMarkActivatedForGUIMode(ActivationInfoCollector.java:148)
	at com.kms.katalon.core.application.ApplicationStaupHandler.lambda$2(ApplicationStaupHandler.java:93)
	at com.kms.katalon.application.utils.ActivationInfoCollector.lambda$1(ActivationInfoCollector.java:966)
	at java.util.concurrent.Executors$RunnableAdapter.call(Executors.java:511)
	at java.util.concurrent.FutureTask.runAndReset(FutureTask.java:308)
	at java.util.concurrent.ScheduledThreadPoolExecutor$ScheduledFutureTask.access$301(ScheduledThreadPoolExecutor.java:180)
	at java.util.concurrent.ScheduledThreadPoolExecutor$ScheduledFutureTask.run(ScheduledThreadPoolExecutor.java:294)
	at java.util.concurrent.ThreadPoolExecutor.runWorker(ThreadPoolExecutor.java:1149)
	at java.util.concurrent.ThreadPoolExecutor$Worker.run(ThreadPoolExecutor.java:624)
	at java.lang.Thread.run(Thread.java:748)
Caused by: java.net.UnknownHostException: admin.katalon.com
	at java.net.Inet6AddressImpl.lookupAllHostAddr(Native Method)
	at java.net.InetAddress$2.lookupAllHostAddr(InetAddress.java:929)
	at java.net.InetAddress.getAddressesFromNameService(InetAddress.java:1324)
	at java.net.InetAddress.getAllByName0(InetAddress.java:1277)
	at java.net.InetAddress.getAllByName(InetAddress.java:1193)
	at java.net.InetAddress.getAllByName(InetAddress.java:1127)
	at org.apache.http.impl.conn.SystemDefaultDnsResolver.resolve(SystemDefaultDnsResolver.java:45)
	at org.apache.http.impl.conn.DefaultHttpClientConnectionOperator.connect(DefaultHttpClientConnectionOperator.java:111)
	at org.apache.http.impl.conn.PoolingHttpClientConnectionManager.connect(PoolingHttpClientConnectionManager.java:353)
	at org.apache.http.impl.execchain.MainClientExec.establishRoute(MainClientExec.java:380)
	at org.apache.http.impl.execchain.MainClientExec.execute(MainClientExec.java:236)
	at org.apache.http.impl.execchain.ProtocolExec.execute(ProtocolExec.java:184)
	at org.apache.http.impl.execchain.RetryExec.execute(RetryExec.java:88)
	at org.apache.http.impl.execchain.RedirectExec.execute(RedirectExec.java:110)
	at org.apache.http.impl.client.InternalHttpClient.doExecute(InternalHttpClient.java:184)
	at org.apache.http.impl.client.CloseableHttpClient.execute(CloseableHttpClient.java:82)
	at org.apache.http.impl.client.CloseableHttpClient.execute(CloseableHttpClient.java:107)
	at org.apache.http.impl.client.CloseableHttpClient.execute(CloseableHttpClient.java:55)
	at com.kms.katalon.integration.analytics.providers.AnalyticsApiProvider.executeRequest(AnalyticsApiProvider.java:681)
	at com.kms.katalon.integration.analytics.providers.AnalyticsApiProvider.executeRequest(AnalyticsApiProvider.java:716)
	at com.kms.katalon.integration.analytics.providers.AnalyticsApiProvider.requestToken(AnalyticsApiProvider.java:156)
	... 13 more



Mon Jul 10 10:16:31 IST 2023
Azure: Enterprise license for this feature is requested


Mon Jul 10 10:16:31 IST 2023
Azure: Enterprise license for this feature is requested


Mon Jul 10 10:16:31 IST 2023
Azure: Enterprise license for this feature is requested


Mon Jul 10 10:16:31 IST 2023
Azure: Enterprise license for this feature is requested


Mon Jul 10 10:16:31 IST 2023
Azure: Enterprise license for this feature is requested


Mon Jul 10 10:16:31 IST 2023
Azure: Enterprise license for this feature is requested


Mon Jul 10 10:16:31 IST 2023
Azure: Enterprise license for this feature is requested


Mon Jul 10 10:16:31 IST 2023
Azure: Enterprise license for this feature is requested


Mon Jul 10 10:16:31 IST 2023
Azure: Enterprise license for this feature is requested


Mon Jul 10 10:16:31 IST 2023
Azure: Enterprise license for this feature is requested


Mon Jul 10 10:16:32 IST 2023
Azure: Enterprise license for this feature is requested


Mon Jul 10 10:16:32 IST 2023
Azure: Enterprise license for this feature is requested


Mon Jul 10 10:16:32 IST 2023
Azure: Enterprise license for this feature is requested


Mon Jul 10 10:16:32 IST 2023
Azure: Enterprise license for this feature is requested


Mon Jul 10 10:16:32 IST 2023
Azure: Enterprise license for this feature is requested


Mon Jul 10 10:16:32 IST 2023
Azure: Enterprise license for this feature is requested


Mon Jul 10 10:16:32 IST 2023
Azure: Enterprise license for this feature is requested


Mon Jul 10 10:16:32 IST 2023
Azure: Enterprise license for this feature is requested


Mon Jul 10 10:16:32 IST 2023
Azure: Enterprise license for this feature is requested


Mon Jul 10 10:16:32 IST 2023
Azure: Enterprise license for this feature is requested


Mon Jul 10 10:16:32 IST 2023
Azure: Enterprise license for this feature is requested


Mon Jul 10 10:16:32 IST 2023
Azure: Enterprise license for this feature is requested


Mon Jul 10 10:16:32 IST 2023
Azure: Enterprise license for this feature is requested


Mon Jul 10 10:16:32 IST 2023
Azure: Enterprise license for this feature is requested


Mon Jul 10 10:16:32 IST 2023
Azure: Enterprise license for this feature is requested


Mon Jul 10 10:16:32 IST 2023
Azure: Enterprise license for this feature is requested


Mon Jul 10 10:16:32 IST 2023
Azure: Enterprise license for this feature is requested


Mon Jul 10 10:16:32 IST 2023
Azure: Enterprise license for this feature is requested


Mon Jul 10 10:16:32 IST 2023
Azure: Enterprise license for this feature is requested


Mon Jul 10 10:16:32 IST 2023
Azure: Enterprise license for this feature is requested


Mon Jul 10 10:16:32 IST 2023
Azure: Enterprise license for this feature is requested


Mon Jul 10 10:16:32 IST 2023
Azure: Enterprise license for this feature is requested


Mon Jul 10 10:16:32 IST 2023
Azure: Enterprise license for this feature is requested


Mon Jul 10 10:16:32 IST 2023
Azure: Enterprise license for this feature is requested


Mon Jul 10 10:16:32 IST 2023
Azure: Enterprise license for this feature is requested


Mon Jul 10 10:16:32 IST 2023
Azure: Enterprise license for this feature is requested


Mon Jul 10 10:16:32 IST 2023
Azure: Enterprise license for this feature is requested


Mon Jul 10 10:16:32 IST 2023
Azure: Enterprise license for this feature is requested


Mon Jul 10 10:16:33 IST 2023
Azure: Enterprise license for this feature is requested


Mon Jul 10 10:16:33 IST 2023
Azure: Enterprise license for this feature is requested


Mon Jul 10 10:16:33 IST 2023
Azure: Enterprise license for this feature is requested


Mon Jul 10 10:16:33 IST 2023
Azure: Enterprise license for this feature is requested


Mon Jul 10 10:16:33 IST 2023
Azure: Enterprise license for this feature is requested


Mon Jul 10 10:16:33 IST 2023
Azure: Enterprise license for this feature is requested


Mon Jul 10 10:16:33 IST 2023
Azure: Enterprise license for this feature is requested


Mon Jul 10 10:16:33 IST 2023
Azure: Enterprise license for this feature is requested


Mon Jul 10 10:16:33 IST 2023
Azure: Enterprise license for this feature is requested


Mon Jul 10 10:16:33 IST 2023
Azure: Enterprise license for this feature is requested


Mon Jul 10 10:16:33 IST 2023
Azure: Enterprise license for this feature is requested


Mon Jul 10 10:16:33 IST 2023
Azure: Enterprise license for this feature is requested


Mon Jul 10 10:16:33 IST 2023
Azure: Enterprise license for this feature is requested


Mon Jul 10 10:16:33 IST 2023
Azure: Enterprise license for this feature is requested


Mon Jul 10 10:16:33 IST 2023
Azure: Enterprise license for this feature is requested


Mon Jul 10 10:16:33 IST 2023
Azure: Enterprise license for this feature is requested


Mon Jul 10 10:16:33 IST 2023
Azure: Enterprise license for this feature is requested


Mon Jul 10 10:16:33 IST 2023
Azure: Enterprise license for this feature is requested


Mon Jul 10 10:16:33 IST 2023
Azure: Enterprise license for this feature is requested


Mon Jul 10 10:16:33 IST 2023
Azure: Enterprise license for this feature is requested


Mon Jul 10 10:16:33 IST 2023
Azure: Enterprise license for this feature is requested


Mon Jul 10 10:16:33 IST 2023
Azure: Enterprise license for this feature is requested


Mon Jul 10 10:16:33 IST 2023
Azure: Enterprise license for this feature is requested


Mon Jul 10 10:16:33 IST 2023
Azure: Enterprise license for this feature is requested


Mon Jul 10 10:16:33 IST 2023
Azure: Enterprise license for this feature is requested


Mon Jul 10 10:16:33 IST 2023
Azure: Enterprise license for this feature is requested


Mon Jul 10 10:16:33 IST 2023
Azure: Enterprise license for this feature is requested


Mon Jul 10 10:16:33 IST 2023
Azure: Enterprise license for this feature is requested


Mon Jul 10 10:16:33 IST 2023
Azure: Enterprise license for this feature is requested


Mon Jul 10 10:16:33 IST 2023
Azure: Enterprise license for this feature is requested


Mon Jul 10 10:16:33 IST 2023
Azure: Enterprise license for this feature is requested


Mon Jul 10 10:16:33 IST 2023
Azure: Enterprise license for this feature is requested


Mon Jul 10 10:16:33 IST 2023
Azure: Enterprise license for this feature is requested


Mon Jul 10 10:16:34 IST 2023
Azure: Enterprise license for this feature is requested


Mon Jul 10 10:16:34 IST 2023
Azure: Enterprise license for this feature is requested


Mon Jul 10 10:16:34 IST 2023
Azure: Enterprise license for this feature is requested


Mon Jul 10 10:16:34 IST 2023
Azure: Enterprise license for this feature is requested


Mon Jul 10 10:16:34 IST 2023
Azure: Enterprise license for this feature is requested


Mon Jul 10 10:16:34 IST 2023
Azure: Enterprise license for this feature is requested


Mon Jul 10 10:16:34 IST 2023
Azure: Enterprise license for this feature is requested


Mon Jul 10 10:16:34 IST 2023
Azure: Enterprise license for this feature is requested


Mon Jul 10 10:16:34 IST 2023
Azure: Enterprise license for this feature is requested


Mon Jul 10 10:16:34 IST 2023
Azure: Enterprise license for this feature is requested


Mon Jul 10 10:16:34 IST 2023
Azure: Enterprise license for this feature is requested


Mon Jul 10 10:16:34 IST 2023
Azure: Enterprise license for this feature is requested


Mon Jul 10 10:16:34 IST 2023
Azure: Enterprise license for this feature is requested


Mon Jul 10 10:16:34 IST 2023
Azure: Enterprise license for this feature is requested


Mon Jul 10 10:16:34 IST 2023
Azure: Enterprise license for this feature is requested


Mon Jul 10 10:16:34 IST 2023
Azure: Enterprise license for this feature is requested


Mon Jul 10 10:16:34 IST 2023
Azure: Enterprise license for this feature is requested


Mon Jul 10 10:16:34 IST 2023
Azure: Enterprise license for this feature is requested


Mon Jul 10 10:16:34 IST 2023
Azure: Enterprise license for this feature is requested


Mon Jul 10 10:16:34 IST 2023
Azure: Enterprise license for this feature is requested


Mon Jul 10 10:16:34 IST 2023
Azure: Enterprise license for this feature is requested


Mon Jul 10 10:16:34 IST 2023
Azure: Enterprise license for this feature is requested


Mon Jul 10 10:16:34 IST 2023
Azure: Enterprise license for this feature is requested


Mon Jul 10 10:16:34 IST 2023
Azure: Enterprise license for this feature is requested


Mon Jul 10 10:16:34 IST 2023
Azure: Enterprise license for this feature is requested


Mon Jul 10 10:16:34 IST 2023
Azure: Enterprise license for this feature is requested


Mon Jul 10 10:16:34 IST 2023
Azure: Enterprise license for this feature is requested


Mon Jul 10 10:16:34 IST 2023
Azure: Enterprise license for this feature is requested


Mon Jul 10 10:16:34 IST 2023
Azure: Enterprise license for this feature is requested


Mon Jul 10 10:16:34 IST 2023
Azure: Enterprise license for this feature is requested


Mon Jul 10 10:16:34 IST 2023
Azure: Enterprise license for this feature is requested


Mon Jul 10 10:16:34 IST 2023
Azure: Enterprise license for this feature is requested


Mon Jul 10 10:16:34 IST 2023
Azure: Enterprise license for this feature is requested


Mon Jul 10 10:16:35 IST 2023
Azure: Enterprise license for this feature is requested


Mon Jul 10 10:16:35 IST 2023
Azure: Enterprise license for this feature is requested


Mon Jul 10 10:16:35 IST 2023
Azure: Enterprise license for this feature is requested


Mon Jul 10 10:16:35 IST 2023
Azure: Enterprise license for this feature is requested


Mon Jul 10 10:16:35 IST 2023
Azure: Enterprise license for this feature is requested


Mon Jul 10 10:16:35 IST 2023
Azure: Enterprise license for this feature is requested


Mon Jul 10 10:16:35 IST 2023
Azure: Enterprise license for this feature is requested


Mon Jul 10 10:16:35 IST 2023
Azure: Enterprise license for this feature is requested


Mon Jul 10 10:16:35 IST 2023
Azure: Enterprise license for this feature is requested


Mon Jul 10 10:16:35 IST 2023
Azure: Enterprise license for this feature is requested


Mon Jul 10 10:16:35 IST 2023
Azure: Enterprise license for this feature is requested


Mon Jul 10 10:16:35 IST 2023
Azure: Enterprise license for this feature is requested


Mon Jul 10 10:16:35 IST 2023
Azure: Enterprise license for this feature is requested


Mon Jul 10 10:16:33 IST 2023
Azure: Enterprise license for this feature is requested


Mon Jul 10 10:16:33 IST 2023
Azure: Enterprise license for this feature is requested


Mon Jul 10 10:16:33 IST 2023
Azure: Enterprise license for this feature is requested


Mon Jul 10 10:16:33 IST 2023
Azure: Enterprise license for this feature is requested


Mon Jul 10 10:16:34 IST 2023
Azure: Enterprise license for this feature is requested


Mon Jul 10 10:16:34 IST 2023
Azure: Enterprise license for this feature is requested


Mon Jul 10 10:16:34 IST 2023
Azure: Enterprise license for this feature is requested


Mon Jul 10 10:16:34 IST 2023
Azure: Enterprise license for this feature is requested


Mon Jul 10 10:16:34 IST 2023
Azure: Enterprise license for this feature is requested


Mon Jul 10 10:16:34 IST 2023
Azure: Enterprise license for this feature is requested


Mon Jul 10 10:33:06 IST 2023
Azure: Enterprise license for this feature is requested

Expired License.
Expired License.
All launchers terminated
Start clean up session
End check license task
End clean up session
Start release license task
License released
End release license task
Start checking and mark activated for GUI mode
End checking and mark activated for GUI mode
Your current licensed session is valid until: July 11, 2023 11:06
All launchers terminated
Start clean up session
End check license task
End clean up session
Start release license task
End release license task
